Build started 8/10/2018 18:20:13.
     1>Project "X:\SMC\source\DM\DM_LF\DM_LF_Frame\DM_LF_Frame.vcxproj" on node 4 (Build target(s)).
     1>Building with tools version "15.0".
       Target "EnableIntermediateOutputPathMismatchWarning" skipped, due to false condition; ('$(RestoreProjectStyle)' == 'PackageReference') was evaluated as ('' == 'PackageReference').
     1>Target "_CheckForInvalidConfigurationAndPlatform" in file "C:\Program Files (x86)\Microsoft Visual Studio\2017\Professional\MSBuild\15.0\Bin\Microsoft.Common.CurrentVersion.targets" from project "X:\SMC\source\DM\DM_LF\DM_LF_Frame\DM_LF_Frame.vcxproj" (target "SetTelemetryEnvironmentVariables" depends on it):
       Task "Error" skipped, due to false condition; ( '$(_InvalidConfigurationError)' == 'true' ) was evaluated as ( '' == 'true' ).
       Task "Warning" skipped, due to false condition; ( '$(_InvalidConfigurationWarning)' == 'true' ) was evaluated as ( '' == 'true' ).
       Task "Message"
         Configuration=Debug
       Done executing task "Message".
       Task "Message"
         Platform=x64
       Done executing task "Message".
       Task "Error" skipped, due to false condition; ('$(OutDir)' != '' and !HasTrailingSlash('$(OutDir)')) was evaluated as ('X:\SMC\source\XPACT_SMC_BUILD\x64\Debug\' != '' and !HasTrailingSlash('X:\SMC\source\XPACT_SMC_BUILD\x64\Debug\')).
       Task "Error" skipped, due to false condition; ('$(BaseIntermediateOutputPath)' != '' and !HasTrailingSlash('$(BaseIntermediateOutputPath)')) was evaluated as ('obj\' != '' and !HasTrailingSlash('obj\')).
       Task "Error" skipped, due to false condition; ('$(IntermediateOutputPath)' != '' and !HasTrailingSlash('$(IntermediateOutputPath)')) was evaluated as ('x64\Debug\' != '' and !HasTrailingSlash('x64\Debug\')).
       Task "Error" skipped, due to false condition; ( '$(_InitialMSBuildProjectExtensionsPath)' != '' And '$(MSBuildProjectExtensionsPath)' != '$(_InitialMSBuildProjectExtensionsPath)' ) was evaluated as ( 'X:\SMC\source\DM\DM_LF\DM_LF_Frame\obj\' != '' And 'X:\SMC\source\DM\DM_LF\DM_LF_Frame\obj\' != 'X:\SMC\source\DM\DM_LF\DM_LF_Frame\obj\' ).
       Task "Warning" skipped, due to false condition; ( '$(EnableBaseIntermediateOutputPathMismatchWarning)' == 'true' And '$(_InitialBaseIntermediateOutputPath)' != '$(BaseIntermediateOutputPath)' And '$(BaseIntermediateOutputPath)' != '$(MSBuildProjectExtensionsPath)' ) was evaluated as ( '' == 'true' And 'obj\' != 'obj\' And 'obj\' != 'X:\SMC\source\DM\DM_LF\DM_LF_Frame\obj\' ).
     1>Done building target "_CheckForInvalidConfigurationAndPlatform" in project "DM_LF_Frame.vcxproj".
       Target "_CheckForInvalidConfigurationAndPlatform" skipped. Previously built successfully.
     1>Target "SetTelemetryEnvironmentVariables" in file "C:\Program Files (x86)\Microsoft Visual Studio\2017\Professional\Common7\IDE\VC\VCTargets\Microsoft.Cpp.DesignTime.targets" from project "X:\SMC\source\DM\DM_LF\DM_LF_Frame\DM_LF_Frame.vcxproj" (target "Build" depends on it):
       Using "SetEnv" task from assembly "C:\Program Files (x86)\Microsoft Visual Studio\2017\Professional\Common7\IDE\VC\VCTargets\Microsoft.Build.CppTasks.Common.dll".
       Task "SetEnv"
         VSTEL_SolutionSessionID={9A5FB50D-7423-4F1D-AF48-24E610182833}
       Done executing task "SetEnv".
       Task "SetEnv"
         VSTEL_CurrentSolutionBuildID=456006226
       Done executing task "SetEnv".
       Task "SetEnv"
         VSTEL_ProjectID={C3FD73B5-5A51-4879-A823-3BBCF26DB07E}
       Done executing task "SetEnv".
     1>Done building target "SetTelemetryEnvironmentVariables" in project "DM_LF_Frame.vcxproj".
     1>Target "_PrepareForBuild" in file "C:\Program Files (x86)\Microsoft Visual Studio\2017\Professional\Common7\IDE\VC\VCTargets\Microsoft.BuildSteps.Targets" from project "X:\SMC\source\DM\DM_LF\DM_LF_Frame\DM_LF_Frame.vcxproj" (target "Build" depends on it):
       Task "CreateItem" skipped, due to false condition; ('%(CustomBuild.IncludeFileToTool)'!='') was evaluated as (''!='').
     1>Done building target "_PrepareForBuild" in project "DM_LF_Frame.vcxproj".
     1>Target "_PrepareForReferenceResolution" in file "C:\Program Files (x86)\Microsoft Visual Studio\2017\Professional\Common7\IDE\VC\VCTargets\Microsoft.CppBuild.targets" from project "X:\SMC\source\DM\DM_LF\DM_LF_Frame\DM_LF_Frame.vcxproj" (target "ResolveReferences" depends on it):
       Task "Message" skipped, due to false condition; ('$(_REFERENCE_DEBUG)'=='true') was evaluated as (''=='true').
     1>Done building target "_PrepareForReferenceResolution" in project "DM_LF_Frame.vcxproj".
       Target "ComputeCrtSDKReference" skipped, due to false condition; ('@(ClCompile)'!='' and '$(WindowsAppContainer)'=='true' and '$(UseCrtSDKReference)' != 'false') was evaluated as ('CDM_LFAnalysisEventHandler.cpp;CDM_LFDBManager.cpp;CDM_LFDBManagerTask.cpp;CDM_LFEventHandler.cpp;CDM_LFEventLogHandler.cpp;CDM_LFEventLogHandlerAnalysis.cpp;CDM_LFEventLogHandlerMaterial.cpp;CDM_LFEventLogHandlerModelResults.cpp;CDM_LFEventLogHandlerModesAndAvailabilities.cpp;CDM_LFEventLogHandlerPurpose.cpp;CDM_LFEventLogHandlerSignalsAndMeasurements.cpp;CDM_LFEventLogHandlerTreatmentManagement.cpp;CDM_LFMaterialEventHandler.cpp;CDM_LFModelResultEventHandler.cpp;CDM_LFModesAndAvailabilitiesEventHandler.cpp;CDM_LFPhaseChangeController.cpp;CDM_LFPlantManager.cpp;CDM_LFProductManager.cpp;CDM_LFPurposeEventHandler.cpp;CDM_LFSignalsAndMeasurementsEventHandler.cpp;CDM_LFTask.cpp;CDM_LFTreatmentManagementEventHandler.cpp'!='' and 'false'=='true' and '' != 'false').
     1>Target "BeforeResolveReferences" in file "C:\Program Files (x86)\Microsoft Visual Studio\2017\Professional\MSBuild\15.0\Bin\Microsoft.Common.CurrentVersion.targets" from project "X:\SMC\source\DM\DM_LF\DM_LF_Frame\DM_LF_Frame.vcxproj" (target "ResolveReferences" depends on it):
     1>Done building target "BeforeResolveReferences" in project "DM_LF_Frame.vcxproj".
     1>Target "AssignProjectConfiguration" in file "C:\Program Files (x86)\Microsoft Visual Studio\2017\Professional\MSBuild\15.0\Bin\Microsoft.Common.CurrentVersion.targets" from project "X:\SMC\source\DM\DM_LF\DM_LF_Frame\DM_LF_Frame.vcxproj" (target "ResolveReferences" depends on it):
       Task "AssignProjectConfiguration"
         Project reference "..\..\DM_General\DM_General.vcxproj" has been assigned the "Debug|x64" configuration.
       Done executing task "AssignProjectConfiguration".
     1>Done building target "AssignProjectConfiguration" in project "DM_LF_Frame.vcxproj".
       Target "AssignProjectConfiguration" skipped. Previously built successfully.
     1>Target "_SplitProjectReferencesByFileExistence" in file "C:\Program Files (x86)\Microsoft Visual Studio\2017\Professional\MSBuild\15.0\Bin\Microsoft.Common.CurrentVersion.targets" from project "X:\SMC\source\DM\DM_LF\DM_LF_Frame\DM_LF_Frame.vcxproj" (target "PrepareProjectReferences" depends on it):
       Task "ResolveNonMSBuildProjectOutput"
         Resolving project reference "..\..\DM_General\DM_General.vcxproj".
         Project reference "..\..\DM_General\DM_General.vcxproj" has not been resolved.
       Done executing task "ResolveNonMSBuildProjectOutput".
     1>Done building target "_SplitProjectReferencesByFileExistence" in project "DM_LF_Frame.vcxproj".
     1>Target "_GetProjectReferenceTargetFrameworkProperties" in file "C:\Program Files (x86)\Microsoft Visual Studio\2017\Professional\MSBuild\15.0\Bin\Microsoft.Common.CurrentVersion.targets" from project "X:\SMC\source\DM\DM_LF\DM_LF_Frame\DM_LF_Frame.vcxproj" (target "PrepareProjectReferences" depends on it):
       Task "MSBuild" skipped, due to false condition; ('%(_MSBuildProjectReferenceExistent.SkipGetTargetFrameworkProperties)' != 'true') was evaluated as ('true' != 'true').
       Task "GetReferenceNearestTargetFrameworkTask" skipped, due to false condition; ('@(_ProjectReferenceTargetFrameworkPossibilities->Count())' != '0' and '$(ReferringTargetFrameworkForProjectReferences)' != '') was evaluated as ('0' != '0' and '.NETFramework,Version=v4.0' != '').
     1>Done building target "_GetProjectReferenceTargetFrameworkProperties" in project "DM_LF_Frame.vcxproj".
     1>Target "PrepareProjectReferences" in file "C:\Program Files (x86)\Microsoft Visual Studio\2017\Professional\MSBuild\15.0\Bin\Microsoft.Common.CurrentVersion.targets" from project "X:\SMC\source\DM\DM_LF\DM_LF_Frame\DM_LF_Frame.vcxproj" (target "ResolveProjectReferences" depends on it):
     1>Done building target "PrepareProjectReferences" in project "DM_LF_Frame.vcxproj".
     1>Target "_RemoveNameMetadataFromProjectReferenceItems" in file "C:\Program Files (x86)\Microsoft Visual Studio\2017\Professional\Common7\IDE\VC\VCTargets\Microsoft.CppBuild.targets" from project "X:\SMC\source\DM\DM_LF\DM_LF_Frame\DM_LF_Frame.vcxproj" (target "ResolveProjectReferences" depends on it):
     1>Done building target "_RemoveNameMetadataFromProjectReferenceItems" in project "DM_LF_Frame.vcxproj".
     1>Target "ResolveProjectReferences" in file "C:\Program Files (x86)\Microsoft Visual Studio\2017\Professional\MSBuild\15.0\Bin\Microsoft.Common.CurrentVersion.targets" from project "X:\SMC\source\DM\DM_LF\DM_LF_Frame\DM_LF_Frame.vcxproj" (target "ResolveReferences" depends on it):
       Task "MSBuild"
         Global Properties:
           Configuration=Debug
           Platform=x64
     1>Project "X:\SMC\source\DM\DM_LF\DM_LF_Frame\DM_LF_Frame.vcxproj" (1) is building "X:\SMC\source\DM\DM_General\DM_General.vcxproj" (2) on node 5 (GetTargetPath target(s)).
     2>Building with tools version "15.0".
       Target "_PrepareForReferenceResolution" skipped. Previously built successfully.
       Target "GetResolvedWinMD" skipped. Previously built successfully.
     2>Target "GetTargetPath" in file "C:\Program Files (x86)\Microsoft Visual Studio\2017\Professional\Common7\IDE\VC\VCTargets\Microsoft.CppBuild.targets" from project "X:\SMC\source\DM\DM_General\DM_General.vcxproj" (entry point):
     2>Done building target "GetTargetPath" in project "DM_General.vcxproj".
     2>Done Building Project "X:\SMC\source\DM\DM_General\DM_General.vcxproj" (GetTargetPath target(s)) -- FAILED.
     1>Done executing task "MSBuild".
       Task "MSBuild" skipped, due to false condition; ('%(_MSBuildProjectReferenceExistent.BuildReference)' == 'true' and '@(ProjectReferenceWithConfiguration)' != '' and ('$(BuildingInsideVisualStudio)' == 'true' or '$(BuildProjectReferences)' != 'true') and '$(VisualStudioVersion)' == '10.0' and '@(_MSBuildProjectReferenceExistent)' != '') was evaluated as ('true' == 'true' and '..\..\DM_General\DM_General.vcxproj' != '' and ('true' == 'true' or 'true' != 'true') and '15.0' == '10.0' and '..\..\DM_General\DM_General.vcxproj' != '').
       Task "MSBuild" skipped, due to false condition; ('%(_MSBuildProjectReferenceExistent.BuildReference)' == 'true' and '@(ProjectReferenceWithConfiguration)' != '' and '$(BuildingInsideVisualStudio)' != 'true' and '$(BuildProjectReferences)' == 'true' and '@(_MSBuildProjectReferenceExistent)' != '') was evaluated as ('true' == 'true' and '..\..\DM_General\DM_General.vcxproj' != '' and 'true' != 'true' and 'true' == 'true' and '..\..\DM_General\DM_General.vcxproj' != '').
       Task "MSBuild"
         Global Properties:
           Configuration=Debug
           Platform=x64
     1>Project "X:\SMC\source\DM\DM_LF\DM_LF_Frame\DM_LF_Frame.vcxproj" (1) is building "X:\SMC\source\DM\DM_General\DM_General.vcxproj" (2:2) on node 5 (GetNativeManifest target(s)).
   2:2>Building with tools version "15.0".
   2:2>Target "GetNativeManifest" in file "C:\Program Files (x86)\Microsoft Visual Studio\2017\Professional\Common7\IDE\VC\VCTargets\Microsoft.CppCommon.targets" from project "X:\SMC\source\DM\DM_General\DM_General.vcxproj" (entry point):
   2:2>Done building target "GetNativeManifest" in project "DM_General.vcxproj".
   2:2>Done Building Project "X:\SMC\source\DM\DM_General\DM_General.vcxproj" (GetNativeManifest target(s)) -- FAILED.
     1>Done executing task "MSBuild".
       Task "Warning" skipped, due to false condition; ('@(ProjectReferenceWithConfiguration)' != '' and '@(_MSBuildProjectReferenceNonexistent)' != '') was evaluated as ('..\..\DM_General\DM_General.vcxproj' != '' and '' != '').
     1>Done building target "ResolveProjectReferences" in project "DM_LF_Frame.vcxproj".
       Target "FindInvalidProjectReferences" skipped, due to false condition; ('$(FindInvalidProjectReferences)' == 'true') was evaluated as ('' == 'true').
       Target "ResolveNativeReferences" skipped, due to false condition; ('@(NativeReference)'!='') was evaluated as (''!='').
       Target "_PrepareForReferenceResolution" skipped. Previously built successfully.
       Target "ResolveProjectReferences" skipped. Previously built successfully.
       Target "FindInvalidProjectReferences" skipped, due to false condition; ('$(FindInvalidProjectReferences)' == 'true') was evaluated as ('' == 'true').
     1>Target "GetFrameworkPaths" in file "C:\Program Files (x86)\Microsoft Visual Studio\2017\Professional\MSBuild\15.0\Bin\Microsoft.NETFramework.CurrentVersion.targets" from project "X:\SMC\source\DM\DM_LF\DM_LF_Frame\DM_LF_Frame.vcxproj" (target "ResolveAssemblyReferences" depends on it):
     1>Done building target "GetFrameworkPaths" in project "DM_LF_Frame.vcxproj".
       Target "_PrepareForReferenceResolution" skipped. Previously built successfully.
       Target "GetWinFXPath" skipped, due to false condition; (('@(Page)' != '' or '@(ApplicationDefinition)' != '' or '@(Resource)' != '') and ('$(GetWinFXNativePath)' != '' or '$(GetWinFXWoWPath)' != '' )) was evaluated as (('' != '' or '' != '' or '' != '') and ('' != '' or '' != '' )).
       Target "GetFrameworkPaths" skipped. Previously built successfully.
     1>Target "GetReferenceAssemblyPaths" in file "C:\Program Files (x86)\Microsoft Visual Studio\2017\Professional\MSBuild\15.0\Bin\Microsoft.Common.CurrentVersion.targets" from project "X:\SMC\source\DM\DM_LF\DM_LF_Frame\DM_LF_Frame.vcxproj" (target "ResolveAssemblyReferences" depends on it):
       Task "GetReferenceAssemblyPaths" skipped, due to false condition; ('$(TargetFrameworkMoniker)' != '' and ('$(_TargetFrameworkDirectories)' == '' or '$(_FullFrameworkReferenceAssemblyPaths)' == '')) was evaluated as ('' != '' and ('C:\Program Files (x86)\Reference Assemblies\Microsoft\Framework\.NETFramework\v4.0' == '' or 'C:\Program Files (x86)\Reference Assemblies\Microsoft\Framework\.NETFramework\v4.0' == '')).
     1>Done building target "GetReferenceAssemblyPaths" in project "DM_LF_Frame.vcxproj".
     1>Target "SetBuildDefaultEnvironmentVariables" in file "C:\Program Files (x86)\Microsoft Visual Studio\2017\Professional\Common7\IDE\VC\VCTargets\Microsoft.Cpp.Current.targets" from project "X:\SMC\source\DM\DM_LF\DM_LF_Frame\DM_LF_Frame.vcxproj" (target "PrepareForBuild" depends on it):
       Task "SetEnv"
         PATH=C:\Program Files (x86)\Microsoft Visual Studio\2017\Professional\VC\Tools\MSVC\14.15.26726\bin\HostX86\x64;C:\Program Files (x86)\Microsoft Visual Studio\2017\Professional\VC\Tools\MSVC\14.15.26726\bin\HostX86\x86;C:\Program Files (x86)\Windows Kits\10\bin\10.0.17134.0\x86;;C:\Program Files (x86)\Microsoft SDKs\Windows\v10.0A\bin\NETFX 4.6.1 Tools;C:\Program Files (x86)\Microsoft Visual Studio\2017\Professional\Common7\tools;C:\Program Files (x86)\Microsoft Visual Studio\2017\Professional\Common7\ide;C:\Program Files (x86)\HTML Help Workshop;;C:\Program Files (x86)\Microsoft Visual Studio\2017\Professional\MSBuild\15.0\Bin;C:\WINDOWS\Microsoft.NET\Framework\v4.0.30319\;;D:\Oracle\product\12.1.0\client_1\bin;C:\Program Files\Microsoft MPI\Bin\;C:\ProgramData\Oracle\Java\javapath;C:\WINDOWS\system32;C:\WINDOWS;C:\WINDOWS\System32\Wbem;C:\WINDOWS\System32\WindowsPowerShell\v1.0\;C:\Program Files (x86)\Common Files\SEAL Systems\Lib\;C:\WINDOWS\System32\WindowsPowerShell\v1.0\;C:\WINDOWS\CCM;C:\WINDOWS\CCM;C:\WINDOWS\System32\WindowsPowerShell\v1.0\;C:\Program Files (x86)\Microsoft SQL Server\100\Tools\Binn\;C:\Program Files\Microsoft SQL Server\100\Tools\Binn\;C:\Program Files\Microsoft SQL Server\100\DTS\Binn\;C:\Program Files\Microsoft SQL Server Migration Assistant for Oracle\bin\;C:\Program Files\dotnet\;C:\Program Files\Microsoft SQL Server\130\Tools\Bin\;C:\Program Files\Java\jdk1.8.0_151\bin;C:\Program Files (x86)\Microsoft SQL Server\Client SDK\ODBC\130\Tools\Binn\;C:\Program Files (x86)\Microsoft SQL Server\140\Tools\Binn\;C:\Program Files (x86)\Microsoft SQL Server\140\DTS\Binn\;C:\Program Files (x86)\Microsoft SQL Server\140\Tools\Binn\ManagementStudio\;c:\Program Files\Microsoft SQL Server\110\Tools\Binn\;c:\Program Files (x86)\Microsoft SQL Server\110\Tools\Binn\;c:\Program Files\Microsoft SQL Server\110\DTS\Binn\;c:\Program Files (x86)\Microsoft SQL Server\110\Tools\Binn\ManagementStudio\;c:\Program Files (x86)\Microsoft Visual Studio 10.0\Common7\IDE\PrivateAssemblies\;c:\Program Files (x86)\Microsoft SQL Server\110\DTS\Binn\;C:\Program Files (x86)\WinMerge;C:\Program Files (x86)\Microsoft SQL Server\120\DTS\Binn\;C:\Program Files (x86)\Microsoft SQL Server\130\DTS\Binn\;C:\Program Files (x86)\GitExtensions\;X:\SMC\packages\CBS\bin;X:\SMC\packages\omniORB\bin\x64;C:\Program Files (x86)\Enterprise Vault\EVClient\;C:\Program Files (x86)\GtkSharp\2.12\bin;C:\Program Files (x86)\Microsoft SQL Server\90\Tools\binn\;C:\Program Files (x86)\IncrediBuild;C:\Users\ffra\AppData\Local\Programs\Git\cmd;C:\oraclexe\app\oracle\product\11.2.0\server\bin;D:\Oracle\product\11.2.0\client_1\BIN;C:\Program Files (x86)\Google\Chrome\Application;C:\Program Files\Microsoft VS Code\bin;
       Done executing task "SetEnv".
       Task "SetEnv"
         LIB=C:\Program Files (x86)\Microsoft Visual Studio\2017\Professional\VC\Tools\MSVC\14.15.26726\lib\x64;;C:\Program Files (x86)\Microsoft Visual Studio\2017\Professional\VC\Tools\MSVC\14.15.26726\atlmfc\lib\x64;;C:\Program Files (x86)\Microsoft Visual Studio\2017\Professional\VC\Auxiliary\VS\lib\x64;;C:\Program Files (x86)\Windows Kits\10\lib\10.0.17134.0\ucrt\x64;;;C:\Program Files (x86)\Microsoft Visual Studio\2017\Professional\VC\Auxiliary\VS\UnitTest\lib;C:\Program Files (x86)\Windows Kits\10\lib\10.0.17134.0\um\x64;C:\Program Files (x86)\Windows Kits\NETFXSDK\4.6.1\lib\um\x64;;C:\Program Files (x86)\Windows Kits\NETFXSDK\4.6.1\Lib\um\x64
       Done executing task "SetEnv".
       Task "SetEnv"
         LIBPATH=C:\Program Files (x86)\Microsoft Visual Studio\2017\Professional\VC\Tools\MSVC\14.15.26726\atlmfc\lib\x64;;C:\Program Files (x86)\Microsoft Visual Studio\2017\Professional\VC\Tools\MSVC\14.15.26726\lib\x64;
       Done executing task "SetEnv".
       Task "SetEnv"
         INCLUDE=C:\Program Files (x86)\Microsoft Visual Studio\2017\Professional\VC\Tools\MSVC\14.15.26726\include;;C:\Program Files (x86)\Microsoft Visual Studio\2017\Professional\VC\Tools\MSVC\14.15.26726\atlmfc\include;;C:\Program Files (x86)\Microsoft Visual Studio\2017\Professional\VC\Auxiliary\VS\include;;C:\Program Files (x86)\Windows Kits\10\Include\10.0.17134.0\ucrt;;;C:\Program Files (x86)\Microsoft Visual Studio\2017\Professional\VC\Auxiliary\VS\UnitTest\include;C:\Program Files (x86)\Windows Kits\10\Include\10.0.17134.0\um;C:\Program Files (x86)\Windows Kits\10\Include\10.0.17134.0\shared;C:\Program Files (x86)\Windows Kits\10\Include\10.0.17134.0\winrt;C:\Program Files (x86)\Windows Kits\10\Include\10.0.17134.0\cppwinrt;C:\Program Files (x86)\Windows Kits\NETFXSDK\4.6.1\Include\um;C:\Program Files (x86)\Windows Kits\NETFXSDK\4.6.1\Include\um;
       Done executing task "SetEnv".
     1>Done building target "SetBuildDefaultEnvironmentVariables" in project "DM_LF_Frame.vcxproj".
       Target "SetUserMacroEnvironmentVariables" skipped, due to false condition; ('@(BuildMacro)' != '' and '$(DesignTimeBuild)' != 'true') was evaluated as ('' != '' and '' != 'true').
       Target "_PrepareForReferenceResolution" skipped. Previously built successfully.
     1>Target "GetResolvedWinMD" in file "C:\Program Files (x86)\Microsoft Visual Studio\2017\Professional\Common7\IDE\VC\VCTargets\Microsoft.CppBuild.targets" from project "X:\SMC\source\DM\DM_LF\DM_LF_Frame\DM_LF_Frame.vcxproj" (target "PrepareForBuild" depends on it):
     1>Done building target "GetResolvedWinMD" in project "DM_LF_Frame.vcxproj".
     1>Target "PlatformPrepareForBuild" in file "C:\Program Files (x86)\Microsoft Visual Studio\2017\Professional\Common7\IDE\VC\VCTargets\Microsoft.Cpp.Platform.targets" from project "X:\SMC\source\DM\DM_LF\DM_LF_Frame\DM_LF_Frame.vcxproj" (target "PrepareForBuild" depends on it):
       Task "VCMessage" skipped, due to false condition; ('$(_Error64bitToolsNotInstalled)' == 'true') was evaluated as ('' == 'true').
       Task "VCMessage" skipped, due to false condition; ('$(DesignTimeBuild)'!='true' and '$(_ToolsetFound)' != 'true' and '$(PlatformToolset)' == '') was evaluated as (''!='true' and 'true' != 'true' and 'v141' == '').
       Task "VCMessage" skipped, due to false condition; ('$(DesignTimeBuild)'!='true' and '$(_ToolsetFound)' != 'true' and '$(PlatformToolset)' == 'v110') was evaluated as (''!='true' and 'true' != 'true' and 'v141' == 'v110').
       Task "VCMessage" skipped, due to false condition; ('$(DesignTimeBuild)'!='true' and '$(_ToolsetFound)' != 'true' and '$(PlatformToolset)' == 'v100') was evaluated as (''!='true' and 'true' != 'true' and 'v141' == 'v100').
       Task "VCMessage" skipped, due to false condition; ('$(DesignTimeBuild)'!='true' and '$(_ToolsetFound)' != 'true' and '$(PlatformToolset)' == 'v90') was evaluated as (''!='true' and 'true' != 'true' and 'v141' == 'v90').
       Task "VCMessage" skipped, due to false condition; ('$(DesignTimeBuild)'!='true' and '$(_ToolsetFound)' != 'true' and '$(PlatformToolset)' != 'v90' and '$(PlatformToolset)' != 'v100' and '$(PlatformToolset)' != 'v110') was evaluated as (''!='true' and 'true' != 'true' and 'v141' != 'v90' and 'v141' != 'v100' and 'v141' != 'v110').
     1>Done building target "PlatformPrepareForBuild" in project "DM_LF_Frame.vcxproj".
     1>Target "_CheckWindowsSDKInstalled" in file "C:\Program Files (x86)\Microsoft Visual Studio\2017\Professional\Common7\IDE\VC\VCTargets\Microsoft.Cpp.WindowsSDK.targets" from project "X:\SMC\source\DM\DM_LF\DM_LF_Frame\DM_LF_Frame.vcxproj" (target "PrepareForBuild" depends on it):
       Task "VCMessage" skipped, due to false condition; ('$(WindowsSDKInstalled)' != 'true') was evaluated as ('true' != 'true').
       Task "VCMessage" skipped, due to false condition; ('$(PlatformShortName)' == 'ARM' and '$(WindowsAppContainer)' != 'true' and '$(WindowsSDKDesktopARMSupport)' != 'true') was evaluated as ('x64' == 'ARM' and 'false' != 'true' and '' != 'true').
       Task "VCMessage" skipped, due to false condition; ('$(PlatformShortName)' == 'ARM64' and '$(WindowsAppContainer)' != 'true' and '$(WindowsSDKDesktopARM64Support)' != 'true') was evaluated as ('x64' == 'ARM64' and 'false' != 'true' and '' != 'true').
       Task "VCMessage" skipped, due to false condition; ('$(WindowsAppContainer)' != 'true' and '$(WindowsSDK_Desktop_Support)' != true) was evaluated as ('false' != 'true' and 'true' != true).
     1>Done building target "_CheckWindowsSDKInstalled" in project "DM_LF_Frame.vcxproj".
       Target "GetFrameworkPaths" skipped. Previously built successfully.
       Target "GetReferenceAssemblyPaths" skipped. Previously built successfully.
       Target "AssignLinkMetadata" skipped, due to false condition; ( '$(SynthesizeLinkMetadata)' == 'true' ) was evaluated as ( '' == 'true' ).
     1>Target "SetCABuildNativeEnvironmentVariables" in file "C:\Program Files (x86)\Microsoft Visual Studio\2017\Professional\MSBuild\Microsoft\VisualStudio\v15.0\CodeAnalysis\Microsoft.CodeAnalysis.targets" from project "X:\SMC\source\DM\DM_LF\DM_LF_Frame\DM_LF_Frame.vcxproj" (target "PrepareForBuild" depends on it):
       Task "SetEnv"
         CAExcludePath=C:\Program Files (x86)\Microsoft Visual Studio\2017\Professional\VC\Tools\MSVC\14.15.26726\atlmfc\include;C:\Program Files (x86)\Microsoft Visual Studio\2017\Professional\VC\Tools\MSVC\14.15.26726\include;C:\Program Files (x86)\Windows Kits\10\Include\10.0.17134.0\ucrt;;C:\Program Files (x86)\Windows Kits\10\Include\10.0.17134.0\um;C:\Program Files (x86)\Windows Kits\10\Include\10.0.17134.0\shared;C:\Program Files (x86)\Windows Kits\10\Include\10.0.17134.0\winrt;C:\Program Files (x86)\Windows Kits\10\Include\10.0.17134.0\cppwinrt;C:\Program Files (x86)\Windows Kits\NETFXSDK\4.6.1\Include\um;C:\Program Files (x86)\Windows Kits\NETFXSDK\4.6.1\Include\um;
       Done executing task "SetEnv".
     1>Done building target "SetCABuildNativeEnvironmentVariables" in project "DM_LF_Frame.vcxproj".
     1>Target "PrepareForBuild" in file "C:\Program Files (x86)\Microsoft Visual Studio\2017\Professional\Common7\IDE\VC\VCTargets\Microsoft.CppBuild.targets" from project "X:\SMC\source\DM\DM_LF\DM_LF_Frame\DM_LF_Frame.vcxproj" (target "ResolveAssemblyReferences" depends on it):
       Task "VCMessage" skipped, due to false condition; ('$(DesignTimeBuild)' != 'true' and '$(ConfigurationPlatformExists)' != 'true') was evaluated as ('' != 'true' and 'true' != 'true').
       Task "MakeDir"
       Done executing task "MakeDir".
       Task "VCMessage" skipped, due to false condition; ('$(DesignTimeBuild)'!='true' and '$(WindowsAppContainer)'=='true' and '$(ConfigurationType)'!='Application' and '$(ConfigurationType)'!='DynamicLibrary' and '$(ConfigurationType)'!='StaticLibrary') was evaluated as (''!='true' and 'false'=='true' and 'StaticLibrary'!='Application' and 'StaticLibrary'!='DynamicLibrary' and 'StaticLibrary'!='StaticLibrary').
       Task "VCMessage" skipped, due to false condition; ('$(DesignTimeBuild)'!='true' and '$(VCToolsInstallDir)'=='' and '$(UseEnv)' != 'true' and ('$(TargetFrameworkVersion)'=='v3.5' or '$(TargetFrameworkVersion)'=='v3.0' or '$(TargetFrameworkVersion)'=='v2.0' )) was evaluated as (''!='true' and 'C:\Program Files (x86)\Microsoft Visual Studio\2017\Professional\VC\Tools\MSVC\14.15.26726\'=='' and '' != 'true' and ('v4.0'=='v3.5' or 'v4.0'=='v3.0' or 'v4.0'=='v2.0' )).
       Task "VCMessage" skipped, due to false condition; ('$(DesignTimeBuild)'!='true' and '$(VCToolsInstallDir)'=='' and '$(UseEnv)' != 'true' and '$(PlatformToolset)'=='v90') was evaluated as (''!='true' and 'C:\Program Files (x86)\Microsoft Visual Studio\2017\Professional\VC\Tools\MSVC\14.15.26726\'=='' and '' != 'true' and 'v141'=='v90').
       Task "VCMessage" skipped, due to false condition; ('$(DesignTimeBuild)'!='true' and '$(VCToolsInstallDir)'=='' and '$(UseEnv)' != 'true') was evaluated as (''!='true' and 'C:\Program Files (x86)\Microsoft Visual Studio\2017\Professional\VC\Tools\MSVC\14.15.26726\'=='' and '' != 'true').
       Task "VCMessage" skipped, due to false condition; ('$(DesignTimeBuild)'!='true' and '$(WindowsSDKDir)'=='' and '$(UseEnv)' != 'true') was evaluated as (''!='true' and 'C:\Program Files (x86)\Windows Kits\10\'=='' and '' != 'true').
       Task "VCMessage" skipped, due to false condition; ('$(DesignTimeBuild)'!='true' and '$(IntDirTrailingSlashWarning)'=='true') was evaluated as (''!='true' and ''=='true').
       Task "VCMessage" skipped, due to false condition; ('$(DesignTimeBuild)'!='true' and '$(OutDirTrailingSlashWarning)'=='true') was evaluated as (''!='true' and ''=='true').
       Task "VCMessage" skipped, due to false condition; ('%(CompatibilityIssues.Identity)' != '' and '$(DesignTimeBuild)'!='true') was evaluated as ('' != '' and ''!='true').
       Task "VCMessage" skipped, due to false condition; ('$(IgnoreWarnIntDirSharingDetected)' != 'true' and '$(IntDirSharingDetected)' == 'true') was evaluated as ('' != 'true' and '' == 'true').
       Task "VCMessage" skipped, due to false condition; ('$(DesignTimeBuild)'!='true' and '$(IgnoreWarnIntDirInTempDetected)' != 'true' and ('$(_IntDirFullpath.StartsWith($(Tmp), true, null))' == 'true' or '$(_IntDirFullpath.StartsWith($(Temp), true, null))' == 'true' or '$(_OutDirFullpath.StartsWith($(Tmp), true, null))' == 'true' or '$(_OutDirFullpath.StartsWith($(Temp), true, null))' == 'true')) was evaluated as (''!='true' and '' != 'true' and ('False' == 'true' or 'False' == 'true' or 'False' == 'true' or 'False' == 'true')).
       Task "VCMessage" skipped, due to false condition; ('$(DesignTimeBuild)' != 'true' and '$(SpectreMitigation)' != '' and '$(SpectreMitigation)' != 'false' and (('$(_VC_Target_Library_Platform)' == 'OneCore' and !Exists('$(VC_LibraryPath_VC_x86_OneCore)')) or ('$(_VC_Target_Library_Platform)' == 'Desktop' and !Exists('$(VC_LibraryPath_VC_x86_Desktop)')))) was evaluated as ('' != 'true' and 'false' != '' and 'false' != 'false' and (('Desktop' == 'OneCore' and !Exists('C:\Program Files (x86)\Microsoft Visual Studio\2017\Professional\VC\Tools\MSVC\14.15.26726\lib\onecore\x86')) or ('Desktop' == 'Desktop' and !Exists('C:\Program Files (x86)\Microsoft Visual Studio\2017\Professional\VC\Tools\MSVC\14.15.26726\lib\x86')))).
       Task "MakeDir"
         Creating directory "x64\Debug\DM_LF_Frame.tlog\".
       Done executing task "MakeDir".
     1>Done building target "PrepareForBuild" in project "DM_LF_Frame.vcxproj".
       Target "_PrepareForReferenceResolution" skipped. Previously built successfully.
       Target "ComputeCrtSDKReference" skipped, due to false condition; ('@(ClCompile)'!='' and '$(WindowsAppContainer)'=='true' and '$(UseCrtSDKReference)' != 'false') was evaluated as ('CDM_LFAnalysisEventHandler.cpp;CDM_LFDBManager.cpp;CDM_LFDBManagerTask.cpp;CDM_LFEventHandler.cpp;CDM_LFEventLogHandler.cpp;CDM_LFEventLogHandlerAnalysis.cpp;CDM_LFEventLogHandlerMaterial.cpp;CDM_LFEventLogHandlerModelResults.cpp;CDM_LFEventLogHandlerModesAndAvailabilities.cpp;CDM_LFEventLogHandlerPurpose.cpp;CDM_LFEventLogHandlerSignalsAndMeasurements.cpp;CDM_LFEventLogHandlerTreatmentManagement.cpp;CDM_LFMaterialEventHandler.cpp;CDM_LFModelResultEventHandler.cpp;CDM_LFModesAndAvailabilitiesEventHandler.cpp;CDM_LFPhaseChangeController.cpp;CDM_LFPlantManager.cpp;CDM_LFProductManager.cpp;CDM_LFPurposeEventHandler.cpp;CDM_LFSignalsAndMeasurementsEventHandler.cpp;CDM_LFTask.cpp;CDM_LFTreatmentManagementEventHandler.cpp'!='' and 'false'=='true' and '' != 'false').
       Target "GetInstalledSDKLocations" skipped, due to false condition; ('@(SDKReference)' != '') was evaluated as ('' != '').
     1>Target "ResolveSDKReferences" in file "C:\Program Files (x86)\Microsoft Visual Studio\2017\Professional\MSBuild\15.0\Bin\Microsoft.Common.CurrentVersion.targets" from project "X:\SMC\source\DM\DM_LF\DM_LF_Frame\DM_LF_Frame.vcxproj" (target "ResolveAssemblyReferences" depends on it):
       Task "ResolveSDKReference" skipped, due to false condition; ('@(SDKReference)'!='') was evaluated as (''!='').
     1>Done building target "ResolveSDKReferences" in project "DM_LF_Frame.vcxproj".
       Target "ResolveSDKReferences" skipped. Previously built successfully.
     1>Target "ExpandSDKReferences" in file "C:\Program Files (x86)\Microsoft Visual Studio\2017\Professional\MSBuild\15.0\Bin\Microsoft.Common.CurrentVersion.targets" from project "X:\SMC\source\DM\DM_LF\DM_LF_Frame\DM_LF_Frame.vcxproj" (target "ResolveAssemblyReferences" depends on it):
       Task "GetSDKReferenceFiles" skipped, due to false condition; ('@(ResolvedSDKReference)'!='') was evaluated as (''!='').
     1>Done building target "ExpandSDKReferences" in project "DM_LF_Frame.vcxproj".
       Target "ResolveNuGetPackageAssets" skipped, due to false condition; ('$(ResolveNuGetPackages)' == 'true' and exists('$(ProjectLockFile)')) was evaluated as ('true' == 'true' and exists('obj\project.assets.json')).
       Target "ImplicitlyExpandNETStandardFacades" skipped, due to false condition; ('$(ImplicitlyExpandNETStandardFacades)' == 'true') was evaluated as ('' == 'true').
       Target "GetReferenceAssemblyPaths" skipped. Previously built successfully.
       Target "ImplicitlyExpandNETStandardFacades" skipped, due to false condition; ('$(ImplicitlyExpandNETStandardFacades)' == 'true') was evaluated as ('' == 'true').
     1>Target "_HandlePackageFileConflicts" in file "C:\Program Files (x86)\Microsoft Visual Studio\2017\Professional\MSBuild\Microsoft\Microsoft.NET.Build.Extensions\Microsoft.NET.Build.Extensions.ConflictResolution.targets" from project "X:\SMC\source\DM\DM_LF\DM_LF_Frame\DM_LF_Frame.vcxproj" (target "ResolveAssemblyReferences" depends on it):
       Using "ResolvePackageFileConflicts" task from assembly "C:\Program Files (x86)\Microsoft Visual Studio\2017\Professional\MSBuild\Microsoft\Microsoft.NET.Build.Extensions\\tools\net46\Microsoft.NET.Build.Extensions.Tasks.dll".
       Task "ResolvePackageFileConflicts"
       Done executing task "ResolvePackageFileConflicts".
     1>Done building target "_HandlePackageFileConflicts" in project "DM_LF_Frame.vcxproj".
     1>Target "ResolveAssemblyReferences" in file "C:\Program Files (x86)\Microsoft Visual Studio\2017\Professional\MSBuild\15.0\Bin\Microsoft.Common.CurrentVersion.targets" from project "X:\SMC\source\DM\DM_LF\DM_LF_Frame\DM_LF_Frame.vcxproj" (target "ResolveReferences" depends on it):
       Task "ResolveAssemblyReference" skipped, due to false condition; ('@(Reference)'!='' or '@(_ResolvedProjectReferencePaths)'!='' or '@(_ExplicitReference)' != '') was evaluated as (''!='' or ''!='' or '' != '').
     1>Done building target "ResolveAssemblyReferences" in project "DM_LF_Frame.vcxproj".
       Target "GenerateBindingRedirects" skipped, due to false condition; ('$(AutoGenerateBindingRedirects)' == 'true' and '$(GenerateBindingRedirectsOutputType)' == 'true') was evaluated as ('' == 'true' and '' == 'true').
       Target "_RemoveZipFileSuggestedRedirect" skipped, due to false condition; ('$(_TargetFrameworkVersionWithoutV)' >= '4.7.1' And '$(AllowZipFileRedirect)' != 'true') was evaluated as ('4.0' >= '4.7.1' And '' != 'true').
       Target "GenerateBindingRedirectsUpdateAppConfig" skipped, due to false condition; ('$(AutoGenerateBindingRedirects)' == 'true' and '$(GenerateBindingRedirectsOutputType)' == 'true' and Exists('$(_GenerateBindingRedirectsIntermediateAppConfig)')) was evaluated as ('' == 'true' and '' == 'true' and Exists('x64\Debug\DM_LF_Frame_d.lib.config')).
       Target "ResolveComReferences" skipped, due to false condition; ('@(COMReference)'!='' or '@(COMFileReference)'!='') was evaluated as (''!='' or ''!='').
     1>Target "AfterResolveReferences" in file "C:\Program Files (x86)\Microsoft Visual Studio\2017\Professional\MSBuild\15.0\Bin\Microsoft.Common.CurrentVersion.targets" from project "X:\SMC\source\DM\DM_LF\DM_LF_Frame\DM_LF_Frame.vcxproj" (target "ResolveReferences" depends on it):
     1>Done building target "AfterResolveReferences" in project "DM_LF_Frame.vcxproj".
       Target "ImplicitlyExpandDesignTimeFacades" skipped, due to false condition; ('$(ImplicitlyExpandDesignTimeFacades)' == 'true') was evaluated as ('' == 'true').
       Target "ResolveTestReferences" skipped, due to false condition; ('@(Shadow)'!='') was evaluated as (''!='').
     1>Target "ResolveReferences" in file "C:\Program Files (x86)\Microsoft Visual Studio\2017\Professional\MSBuild\15.0\Bin\Microsoft.Common.CurrentVersion.targets" from project "X:\SMC\source\DM\DM_LF\DM_LF_Frame\DM_LF_Frame.vcxproj" (target "Build" depends on it):
     1>Done building target "ResolveReferences" in project "DM_LF_Frame.vcxproj".
       Target "PrepareForBuild" skipped. Previously built successfully.
       Target "PrepareForBuild" skipped. Previously built successfully.
     1>Target "InitializeBuildStatus" in file "C:\Program Files (x86)\Microsoft Visual Studio\2017\Professional\Common7\IDE\VC\VCTargets\Microsoft.CppBuild.targets" from project "X:\SMC\source\DM\DM_LF\DM_LF_Frame\DM_LF_Frame.vcxproj" (target "Build" depends on it):
       Task "ReadLinesFromFile"
       Done executing task "ReadLinesFromFile".
       Task "WriteLinesToFile"
       Done executing task "WriteLinesToFile".
       Task "Touch"
         Creating "x64\Debug\DM_LF_Frame.tlog\unsuccessfulbuild" because "AlwaysCreate" was specified.
       Done executing task "Touch".
     1>Done building target "InitializeBuildStatus" in project "DM_LF_Frame.vcxproj".
       Target "PrepareProjectReferences" skipped. Previously built successfully.
     1>Target "BuildGenerateSourcesTraverse" in file "C:\Program Files (x86)\Microsoft Visual Studio\2017\Professional\MSBuild\15.0\Bin\Microsoft.Common.CurrentVersion.targets" from project "X:\SMC\source\DM\DM_LF\DM_LF_Frame\DM_LF_Frame.vcxproj" (target "BuildGenerateSources" depends on it):
       Task "MSBuild" skipped, due to false condition; ('$(BuildPassReferences)' == 'true' and '@(ProjectReferenceWithConfiguration)' != '' and '@(_MSBuildProjectReferenceExistent)' != '' and '%(_MSBuildProjectReferenceExistent.BuildReference)' == 'true') was evaluated as ('' == 'true' and '..\..\DM_General\DM_General.vcxproj' != '' and '..\..\DM_General\DM_General.vcxproj' != '' and 'true' == 'true').
     1>Done building target "BuildGenerateSourcesTraverse" in project "DM_LF_Frame.vcxproj".
       Target "PrepareForBuild" skipped. Previously built successfully.
       Target "ResolveReferences" skipped. Previously built successfully.
     1>Target "BeforeBuildGenerateSources" in file "C:\Program Files (x86)\Microsoft Visual Studio\2017\Professional\Common7\IDE\VC\VCTargets\Microsoft.BuildSteps.Targets" from project "X:\SMC\source\DM\DM_LF\DM_LF_Frame\DM_LF_Frame.vcxproj" (target "_BuildGenerateSourcesAction" depends on it):
     1>Done building target "BeforeBuildGenerateSources" in project "DM_LF_Frame.vcxproj".
     1>Target "PreBuildEvent" in file "C:\Program Files (x86)\Microsoft Visual Studio\2017\Professional\Common7\IDE\VC\VCTargets\Microsoft.CppCommon.targets" from project "X:\SMC\source\DM\DM_LF\DM_LF_Frame\DM_LF_Frame.vcxproj" (target "_BuildGenerateSourcesAction" depends on it):
       Task "Message" skipped, due to false condition; ('%(PreBuildEvent.Message)' != '' and '%(PreBuildEvent.Command)' != '') was evaluated as ('' != '' and '' != '').
       Task "Exec" skipped, due to false condition; ('%(PreBuildEvent.Command)' != '') was evaluated as ('' != '').
     1>Done building target "PreBuildEvent" in project "DM_LF_Frame.vcxproj".
       Target "CustomBuild" skipped, due to false condition; ('@(CustomBuild)' != '') was evaluated as ('' != '').
       Target "FxExport" skipped, due to false condition; ('@(FxCompile)' != '') was evaluated as ('' != '').
       Target "FxCompile" skipped, due to false condition; ('@(FxCompile)' != '') was evaluated as ('' != '').
       Target "_CreateCopyFileItems" skipped, due to false condition; ('@(CopyFileToFolders)' != '') was evaluated as ('' != '').
       Target "PrepareForBuild" skipped. Previously built successfully.
       Target "InitializeBuildStatus" skipped. Previously built successfully.
       Target "SetBuildDefaultEnvironmentVariables" skipped. Previously built successfully.
       Target "SetUserMacroEnvironmentVariables" skipped, due to false condition; ('@(BuildMacro)' != '' and '$(DesignTimeBuild)' != 'true') was evaluated as ('' != '' and '' != 'true').
     1>Target "_SelectedFiles" in file "C:\Program Files (x86)\Microsoft Visual Studio\2017\Professional\Common7\IDE\VC\VCTargets\Microsoft.CppBuild.targets" from project "X:\SMC\source\DM\DM_LF\DM_LF_Frame\DM_LF_Frame.vcxproj" (target "CopyFileToFolders" depends on it):
     1>Done building target "_SelectedFiles" in project "DM_LF_Frame.vcxproj".
     1>Target "CopyFileToFolders" in file "C:\Program Files (x86)\Microsoft Visual Studio\2017\Professional\Common7\IDE\VC\VCTargets\Microsoft.CppCommon.targets" from project "X:\SMC\source\DM\DM_LF\DM_LF_Frame\DM_LF_Frame.vcxproj" (target "_BuildGenerateSourcesAction" depends on it):
       Using "GetOutOfDateItems" task from assembly "C:\Program Files (x86)\Microsoft Visual Studio\2017\Professional\Common7\IDE\VC\VCTargets\Microsoft.Build.CppTasks.Common.dll".
       Task "GetOutOfDateItems"
       Done executing task "GetOutOfDateItems".
       Task "Copy" skipped, due to false condition; ('@(_OutOfDateCopyFile)' != '') was evaluated as ('' != '').
     1>Done building target "CopyFileToFolders" in project "DM_LF_Frame.vcxproj".
       Target "Xsd" skipped, due to false condition; ('@(Xsd)' != '') was evaluated as ('' != '').
     1>Target "_Xsd" in file "C:\Program Files (x86)\Microsoft Visual Studio\2017\Professional\Common7\IDE\VC\VCTargets\Microsoft.CppBuild.targets" from project "X:\SMC\source\DM\DM_LF\DM_LF_Frame\DM_LF_Frame.vcxproj" (target "_BuildGenerateSourcesAction" depends on it):
     1>Done building target "_Xsd" in project "DM_LF_Frame.vcxproj".
     1>Target "MakeDirsForMidl" in file "C:\Program Files (x86)\Microsoft Visual Studio\2017\Professional\Common7\IDE\VC\VCTargets\Microsoft.CppBuild.targets" from project "X:\SMC\source\DM\DM_LF\DM_LF_Frame\DM_LF_Frame.vcxproj" (target "_Midl" depends on it):
       Task "Makedir"
       Done executing task "Makedir".
     1>Done building target "MakeDirsForMidl" in project "DM_LF_Frame.vcxproj".
       Target "Midl" skipped, due to false condition; ('@(Midl)' != '') was evaluated as ('' != '').
       Target "CustomBuild" skipped, due to false condition; ('@(CustomBuild)' != '') was evaluated as ('' != '').
       Target "FxExport" skipped, due to false condition; ('@(FxCompile)' != '') was evaluated as ('' != '').
       Target "FxCompile" skipped, due to false condition; ('@(FxCompile)' != '') was evaluated as ('' != '').
     1>Target "ComputeMIDLGeneratedCompileInputs" in file "C:\Program Files (x86)\Microsoft Visual Studio\2017\Professional\Common7\IDE\VC\VCTargets\Microsoft.CppBuild.targets" from project "X:\SMC\source\DM\DM_LF\DM_LF_Frame\DM_LF_Frame.vcxproj" (target "_Midl" depends on it):
     1>Done building target "ComputeMIDLGeneratedCompileInputs" in project "DM_LF_Frame.vcxproj".
     1>Target "AfterMidl" in file "C:\Program Files (x86)\Microsoft Visual Studio\2017\Professional\Common7\IDE\VC\VCTargets\Microsoft.CppBuild.targets" from project "X:\SMC\source\DM\DM_LF\DM_LF_Frame\DM_LF_Frame.vcxproj" (target "_Midl" depends on it):
     1>Done building target "AfterMidl" in project "DM_LF_Frame.vcxproj".
     1>Target "_Midl" in file "C:\Program Files (x86)\Microsoft Visual Studio\2017\Professional\Common7\IDE\VC\VCTargets\Microsoft.CppBuild.targets" from project "X:\SMC\source\DM\DM_LF\DM_LF_Frame\DM_LF_Frame.vcxproj" (target "_BuildGenerateSourcesAction" depends on it):
     1>Done building target "_Midl" in project "DM_LF_Frame.vcxproj".
     1>Target "AfterBuildGenerateSources" in file "C:\Program Files (x86)\Microsoft Visual Studio\2017\Professional\Common7\IDE\VC\VCTargets\Microsoft.BuildSteps.Targets" from project "X:\SMC\source\DM\DM_LF\DM_LF_Frame\DM_LF_Frame.vcxproj" (target "_BuildGenerateSourcesAction" depends on it):
     1>Done building target "AfterBuildGenerateSources" in project "DM_LF_Frame.vcxproj".
     1>Target "AfterBuildGenerateSourcesEvent" in file "C:\Program Files (x86)\Microsoft Visual Studio\2017\Professional\Common7\IDE\VC\VCTargets\Microsoft.CppBuild.targets" from project "X:\SMC\source\DM\DM_LF\DM_LF_Frame\DM_LF_Frame.vcxproj" (target "_BuildGenerateSourcesAction" depends on it):
     1>Done building target "AfterBuildGenerateSourcesEvent" in project "DM_LF_Frame.vcxproj".
     1>Target "_BuildGenerateSourcesAction" in file "C:\Program Files (x86)\Microsoft Visual Studio\2017\Professional\Common7\IDE\VC\VCTargets\Microsoft.CppBuild.targets" from project "X:\SMC\source\DM\DM_LF\DM_LF_Frame\DM_LF_Frame.vcxproj" (target "BuildGenerateSources" depends on it):
     1>Done building target "_BuildGenerateSourcesAction" in project "DM_LF_Frame.vcxproj".
     1>Target "BuildGenerateSources" in file "C:\Program Files (x86)\Microsoft Visual Studio\2017\Professional\MSBuild\15.0\Bin\Microsoft.Common.CurrentVersion.targets" from project "X:\SMC\source\DM\DM_LF\DM_LF_Frame\DM_LF_Frame.vcxproj" (target "Build" depends on it):
     1>Done building target "BuildGenerateSources" in project "DM_LF_Frame.vcxproj".
       Target "PrepareProjectReferences" skipped. Previously built successfully.
     1>Target "BuildCompileTraverse" in file "C:\Program Files (x86)\Microsoft Visual Studio\2017\Professional\MSBuild\15.0\Bin\Microsoft.Common.CurrentVersion.targets" from project "X:\SMC\source\DM\DM_LF\DM_LF_Frame\DM_LF_Frame.vcxproj" (target "BuildCompile" depends on it):
       Task "MSBuild" skipped, due to false condition; ('$(BuildPassReferences)' == 'true' and '@(ProjectReferenceWithConfiguration)' != '' and '@(_MSBuildProjectReferenceExistent)' != ''  and '%(_MSBuildProjectReferenceExistent.BuildReference)' == 'true') was evaluated as ('' == 'true' and '..\..\DM_General\DM_General.vcxproj' != '' and '..\..\DM_General\DM_General.vcxproj' != ''  and 'true' == 'true').
     1>Done building target "BuildCompileTraverse" in project "DM_LF_Frame.vcxproj".
       Target "PrepareForBuild" skipped. Previously built successfully.
       Target "ResolveReferences" skipped. Previously built successfully.
     1>Target "BeforeClCompile" in file "C:\Program Files (x86)\Microsoft Visual Studio\2017\Professional\Common7\IDE\VC\VCTargets\Microsoft.CppBuild.targets" from project "X:\SMC\source\DM\DM_LF\DM_LF_Frame\DM_LF_Frame.vcxproj" (target "_ClCompile" depends on it):
     1>Done building target "BeforeClCompile" in project "DM_LF_Frame.vcxproj".
       Target "ComputeMIDLGeneratedCompileInputs" skipped. Previously built successfully.
     1>Target "ComputeCLInputPDBName" in file "C:\Program Files (x86)\Microsoft Visual Studio\2017\Professional\Common7\IDE\VC\VCTargets\Microsoft.CppBuild.targets" from project "X:\SMC\source\DM\DM_LF\DM_LF_Frame\DM_LF_Frame.vcxproj" (target "_ClCompile" depends on it):
     1>Done building target "ComputeCLInputPDBName" in project "DM_LF_Frame.vcxproj".
       Target "ResolveReferences" skipped. Previously built successfully.
     1>Target "ComputeReferenceCLInput" in file "C:\Program Files (x86)\Microsoft Visual Studio\2017\Professional\Common7\IDE\VC\VCTargets\Microsoft.CppBuild.targets" from project "X:\SMC\source\DM\DM_LF\DM_LF_Frame\DM_LF_Frame.vcxproj" (target "_ClCompile" depends on it):
       Task "WriteLinesToFile" skipped, due to false condition; (('@(_ReferenceCopyLocalPaths)'!='') and '$(DesignTimeBuild)' != 'true') was evaluated as ((''!='') and '' != 'true').
       Task "Message" skipped, due to false condition; ('$(_REFERENCE_DEBUG)'=='true') was evaluated as (''=='true').
     1>Done building target "ComputeReferenceCLInput" in project "DM_LF_Frame.vcxproj".
     1>Target "WarnCompileDuplicatedFilename" in file "C:\Program Files (x86)\Microsoft Visual Studio\2017\Professional\Common7\IDE\VC\VCTargets\Microsoft.CppBuild.targets" from project "X:\SMC\source\DM\DM_LF\DM_LF_Frame\DM_LF_Frame.vcxproj" (target "_ClCompile" depends on it):
       Task "VCMessage" skipped, due to false condition; ('%(ClCompile.ExcludedFromBuild)' != 'true' and '%(Filename)%(Extension)' != '@(ClCompile->'%(Filename)%(Extension)')' and '%(ObjectFileName)' == '@(ClCompile->Metadata(ObjectFileName)->Distinct())') was evaluated as ('' != 'true' and 'CDM_LFAnalysisEventHandler.cpp' != 'CDM_LFAnalysisEventHandler.cpp' and 'x64\Debug\' == 'x64\Debug\').
       Task "VCMessage" skipped, due to false condition; ('%(ClCompile.ExcludedFromBuild)' != 'true' and '%(Filename)%(Extension)' != '@(ClCompile->'%(Filename)%(Extension)')' and '%(ObjectFileName)' == '@(ClCompile->Metadata(ObjectFileName)->Distinct())') was evaluated as ('' != 'true' and 'CDM_LFDBManager.cpp' != 'CDM_LFDBManager.cpp' and 'x64\Debug\' == 'x64\Debug\').
       Task "VCMessage" skipped, due to false condition; ('%(ClCompile.ExcludedFromBuild)' != 'true' and '%(Filename)%(Extension)' != '@(ClCompile->'%(Filename)%(Extension)')' and '%(ObjectFileName)' == '@(ClCompile->Metadata(ObjectFileName)->Distinct())') was evaluated as ('' != 'true' and 'CDM_LFDBManagerTask.cpp' != 'CDM_LFDBManagerTask.cpp' and 'x64\Debug\' == 'x64\Debug\').
       Task "VCMessage" skipped, due to false condition; ('%(ClCompile.ExcludedFromBuild)' != 'true' and '%(Filename)%(Extension)' != '@(ClCompile->'%(Filename)%(Extension)')' and '%(ObjectFileName)' == '@(ClCompile->Metadata(ObjectFileName)->Distinct())') was evaluated as ('' != 'true' and 'CDM_LFEventHandler.cpp' != 'CDM_LFEventHandler.cpp' and 'x64\Debug\' == 'x64\Debug\').
       Task "VCMessage" skipped, due to false condition; ('%(ClCompile.ExcludedFromBuild)' != 'true' and '%(Filename)%(Extension)' != '@(ClCompile->'%(Filename)%(Extension)')' and '%(ObjectFileName)' == '@(ClCompile->Metadata(ObjectFileName)->Distinct())') was evaluated as ('' != 'true' and 'CDM_LFEventLogHandler.cpp' != 'CDM_LFEventLogHandler.cpp' and 'x64\Debug\' == 'x64\Debug\').
       Task "VCMessage" skipped, due to false condition; ('%(ClCompile.ExcludedFromBuild)' != 'true' and '%(Filename)%(Extension)' != '@(ClCompile->'%(Filename)%(Extension)')' and '%(ObjectFileName)' == '@(ClCompile->Metadata(ObjectFileName)->Distinct())') was evaluated as ('' != 'true' and 'CDM_LFEventLogHandlerAnalysis.cpp' != 'CDM_LFEventLogHandlerAnalysis.cpp' and 'x64\Debug\' == 'x64\Debug\').
       Task "VCMessage" skipped, due to false condition; ('%(ClCompile.ExcludedFromBuild)' != 'true' and '%(Filename)%(Extension)' != '@(ClCompile->'%(Filename)%(Extension)')' and '%(ObjectFileName)' == '@(ClCompile->Metadata(ObjectFileName)->Distinct())') was evaluated as ('' != 'true' and 'CDM_LFEventLogHandlerMaterial.cpp' != 'CDM_LFEventLogHandlerMaterial.cpp' and 'x64\Debug\' == 'x64\Debug\').
       Task "VCMessage" skipped, due to false condition; ('%(ClCompile.ExcludedFromBuild)' != 'true' and '%(Filename)%(Extension)' != '@(ClCompile->'%(Filename)%(Extension)')' and '%(ObjectFileName)' == '@(ClCompile->Metadata(ObjectFileName)->Distinct())') was evaluated as ('' != 'true' and 'CDM_LFEventLogHandlerModelResults.cpp' != 'CDM_LFEventLogHandlerModelResults.cpp' and 'x64\Debug\' == 'x64\Debug\').
       Task "VCMessage" skipped, due to false condition; ('%(ClCompile.ExcludedFromBuild)' != 'true' and '%(Filename)%(Extension)' != '@(ClCompile->'%(Filename)%(Extension)')' and '%(ObjectFileName)' == '@(ClCompile->Metadata(ObjectFileName)->Distinct())') was evaluated as ('' != 'true' and 'CDM_LFEventLogHandlerModesAndAvailabilities.cpp' != 'CDM_LFEventLogHandlerModesAndAvailabilities.cpp' and 'x64\Debug\' == 'x64\Debug\').
       Task "VCMessage" skipped, due to false condition; ('%(ClCompile.ExcludedFromBuild)' != 'true' and '%(Filename)%(Extension)' != '@(ClCompile->'%(Filename)%(Extension)')' and '%(ObjectFileName)' == '@(ClCompile->Metadata(ObjectFileName)->Distinct())') was evaluated as ('' != 'true' and 'CDM_LFEventLogHandlerPurpose.cpp' != 'CDM_LFEventLogHandlerPurpose.cpp' and 'x64\Debug\' == 'x64\Debug\').
       Task "VCMessage" skipped, due to false condition; ('%(ClCompile.ExcludedFromBuild)' != 'true' and '%(Filename)%(Extension)' != '@(ClCompile->'%(Filename)%(Extension)')' and '%(ObjectFileName)' == '@(ClCompile->Metadata(ObjectFileName)->Distinct())') was evaluated as ('' != 'true' and 'CDM_LFEventLogHandlerSignalsAndMeasurements.cpp' != 'CDM_LFEventLogHandlerSignalsAndMeasurements.cpp' and 'x64\Debug\' == 'x64\Debug\').
       Task "VCMessage" skipped, due to false condition; ('%(ClCompile.ExcludedFromBuild)' != 'true' and '%(Filename)%(Extension)' != '@(ClCompile->'%(Filename)%(Extension)')' and '%(ObjectFileName)' == '@(ClCompile->Metadata(ObjectFileName)->Distinct())') was evaluated as ('' != 'true' and 'CDM_LFEventLogHandlerTreatmentManagement.cpp' != 'CDM_LFEventLogHandlerTreatmentManagement.cpp' and 'x64\Debug\' == 'x64\Debug\').
       Task "VCMessage" skipped, due to false condition; ('%(ClCompile.ExcludedFromBuild)' != 'true' and '%(Filename)%(Extension)' != '@(ClCompile->'%(Filename)%(Extension)')' and '%(ObjectFileName)' == '@(ClCompile->Metadata(ObjectFileName)->Distinct())') was evaluated as ('' != 'true' and 'CDM_LFMaterialEventHandler.cpp' != 'CDM_LFMaterialEventHandler.cpp' and 'x64\Debug\' == 'x64\Debug\').
       Task "VCMessage" skipped, due to false condition; ('%(ClCompile.ExcludedFromBuild)' != 'true' and '%(Filename)%(Extension)' != '@(ClCompile->'%(Filename)%(Extension)')' and '%(ObjectFileName)' == '@(ClCompile->Metadata(ObjectFileName)->Distinct())') was evaluated as ('' != 'true' and 'CDM_LFModelResultEventHandler.cpp' != 'CDM_LFModelResultEventHandler.cpp' and 'x64\Debug\' == 'x64\Debug\').
       Task "VCMessage" skipped, due to false condition; ('%(ClCompile.ExcludedFromBuild)' != 'true' and '%(Filename)%(Extension)' != '@(ClCompile->'%(Filename)%(Extension)')' and '%(ObjectFileName)' == '@(ClCompile->Metadata(ObjectFileName)->Distinct())') was evaluated as ('' != 'true' and 'CDM_LFModesAndAvailabilitiesEventHandler.cpp' != 'CDM_LFModesAndAvailabilitiesEventHandler.cpp' and 'x64\Debug\' == 'x64\Debug\').
       Task "VCMessage" skipped, due to false condition; ('%(ClCompile.ExcludedFromBuild)' != 'true' and '%(Filename)%(Extension)' != '@(ClCompile->'%(Filename)%(Extension)')' and '%(ObjectFileName)' == '@(ClCompile->Metadata(ObjectFileName)->Distinct())') was evaluated as ('' != 'true' and 'CDM_LFPhaseChangeController.cpp' != 'CDM_LFPhaseChangeController.cpp' and 'x64\Debug\' == 'x64\Debug\').
       Task "VCMessage" skipped, due to false condition; ('%(ClCompile.ExcludedFromBuild)' != 'true' and '%(Filename)%(Extension)' != '@(ClCompile->'%(Filename)%(Extension)')' and '%(ObjectFileName)' == '@(ClCompile->Metadata(ObjectFileName)->Distinct())') was evaluated as ('' != 'true' and 'CDM_LFPlantManager.cpp' != 'CDM_LFPlantManager.cpp' and 'x64\Debug\' == 'x64\Debug\').
       Task "VCMessage" skipped, due to false condition; ('%(ClCompile.ExcludedFromBuild)' != 'true' and '%(Filename)%(Extension)' != '@(ClCompile->'%(Filename)%(Extension)')' and '%(ObjectFileName)' == '@(ClCompile->Metadata(ObjectFileName)->Distinct())') was evaluated as ('' != 'true' and 'CDM_LFProductManager.cpp' != 'CDM_LFProductManager.cpp' and 'x64\Debug\' == 'x64\Debug\').
       Task "VCMessage" skipped, due to false condition; ('%(ClCompile.ExcludedFromBuild)' != 'true' and '%(Filename)%(Extension)' != '@(ClCompile->'%(Filename)%(Extension)')' and '%(ObjectFileName)' == '@(ClCompile->Metadata(ObjectFileName)->Distinct())') was evaluated as ('' != 'true' and 'CDM_LFPurposeEventHandler.cpp' != 'CDM_LFPurposeEventHandler.cpp' and 'x64\Debug\' == 'x64\Debug\').
       Task "VCMessage" skipped, due to false condition; ('%(ClCompile.ExcludedFromBuild)' != 'true' and '%(Filename)%(Extension)' != '@(ClCompile->'%(Filename)%(Extension)')' and '%(ObjectFileName)' == '@(ClCompile->Metadata(ObjectFileName)->Distinct())') was evaluated as ('' != 'true' and 'CDM_LFSignalsAndMeasurementsEventHandler.cpp' != 'CDM_LFSignalsAndMeasurementsEventHandler.cpp' and 'x64\Debug\' == 'x64\Debug\').
       Task "VCMessage" skipped, due to false condition; ('%(ClCompile.ExcludedFromBuild)' != 'true' and '%(Filename)%(Extension)' != '@(ClCompile->'%(Filename)%(Extension)')' and '%(ObjectFileName)' == '@(ClCompile->Metadata(ObjectFileName)->Distinct())') was evaluated as ('' != 'true' and 'CDM_LFTask.cpp' != 'CDM_LFTask.cpp' and 'x64\Debug\' == 'x64\Debug\').
       Task "VCMessage" skipped, due to false condition; ('%(ClCompile.ExcludedFromBuild)' != 'true' and '%(Filename)%(Extension)' != '@(ClCompile->'%(Filename)%(Extension)')' and '%(ObjectFileName)' == '@(ClCompile->Metadata(ObjectFileName)->Distinct())') was evaluated as ('' != 'true' and 'CDM_LFTreatmentManagementEventHandler.cpp' != 'CDM_LFTreatmentManagementEventHandler.cpp' and 'x64\Debug\' == 'x64\Debug\').
     1>Done building target "WarnCompileDuplicatedFilename" in project "DM_LF_Frame.vcxproj".
     1>Target "FixupCLCompileOptions" in file "C:\Program Files (x86)\Microsoft Visual Studio\2017\Professional\Common7\IDE\VC\VCTargets\Microsoft.CppCommon.targets" from project "X:\SMC\source\DM\DM_LF\DM_LF_Frame\DM_LF_Frame.vcxproj" (target "_ClCompile" depends on it):
     1>Done building target "FixupCLCompileOptions" in project "DM_LF_Frame.vcxproj".
     1>Target "MakeDirsForCl" in file "C:\Program Files (x86)\Microsoft Visual Studio\2017\Professional\Common7\IDE\VC\VCTargets\Microsoft.CppBuild.targets" from project "X:\SMC\source\DM\DM_LF\DM_LF_Frame\DM_LF_Frame.vcxproj" (target "_ClCompile" depends on it):
       Task "MakeDir"
       Done executing task "MakeDir".
     1>Done building target "MakeDirsForCl" in project "DM_LF_Frame.vcxproj".
       Target "_SelectedFiles" skipped. Previously built successfully.
       Target "ComputeMIDLGeneratedCompileInputs" skipped. Previously built successfully.
       Target "ComputeCLInputPDBName" skipped. Previously built successfully.
       Target "ComputeReferenceCLInput" skipped. Previously built successfully.
       Target "WarnCompileDuplicatedFilename" skipped. Previously built successfully.
       Target "FixupCLCompileOptions" skipped. Previously built successfully.
       Target "_SelectedFiles" skipped. Previously built successfully.
     1>Target "SelectCustomBuild" in file "C:\Program Files (x86)\Microsoft Visual Studio\2017\Professional\Common7\IDE\VC\VCTargets\Microsoft.CppBuild.targets" from project "X:\SMC\source\DM\DM_LF\DM_LF_Frame\DM_LF_Frame.vcxproj" (target "SelectClCompile" depends on it):
     1>Done building target "SelectCustomBuild" in project "DM_LF_Frame.vcxproj".
     1>Target "SelectClCompile" in file "C:\Program Files (x86)\Microsoft Visual Studio\2017\Professional\Common7\IDE\VC\VCTargets\Microsoft.CppBuild.targets" from project "X:\SMC\source\DM\DM_LF\DM_LF_Frame\DM_LF_Frame.vcxproj" (target "ClCompile" depends on it):
     1>Done building target "SelectClCompile" in project "DM_LF_Frame.vcxproj".
       Target "GenerateTargetFrameworkMonikerAttribute" skipped, due to false condition; ('$(GenerateTargetFrameworkAttribute)' == 'true') was evaluated as ('false' == 'true').
       Target "ManagedIncrementalBuildPreProcessDependencyGraph" skipped, due to false condition; ('@(ClCompile)' != '' and '$(EnableManagedIncrementalBuild)' == 'True') was evaluated as ('CDM_LFAnalysisEventHandler.cpp;CDM_LFDBManager.cpp;CDM_LFDBManagerTask.cpp;CDM_LFEventHandler.cpp;CDM_LFEventLogHandler.cpp;CDM_LFEventLogHandlerAnalysis.cpp;CDM_LFEventLogHandlerMaterial.cpp;CDM_LFEventLogHandlerModelResults.cpp;CDM_LFEventLogHandlerModesAndAvailabilities.cpp;CDM_LFEventLogHandlerPurpose.cpp;CDM_LFEventLogHandlerSignalsAndMeasurements.cpp;CDM_LFEventLogHandlerTreatmentManagement.cpp;CDM_LFMaterialEventHandler.cpp;CDM_LFModelResultEventHandler.cpp;CDM_LFModesAndAvailabilitiesEventHandler.cpp;CDM_LFPhaseChangeController.cpp;CDM_LFPlantManager.cpp;CDM_LFProductManager.cpp;CDM_LFPurposeEventHandler.cpp;CDM_LFSignalsAndMeasurementsEventHandler.cpp;CDM_LFTask.cpp;CDM_LFTreatmentManagementEventHandler.cpp' != '' and 'false' == 'True').
     1>Target "ClCompile" in file "C:\Program Files (x86)\Microsoft Visual Studio\2017\Professional\Common7\IDE\VC\VCTargets\Microsoft.CppCommon.targets" from project "X:\SMC\source\DM\DM_LF\DM_LF_Frame\DM_LF_Frame.vcxproj" (target "_ClCompile" depends on it):
       Task "Delete"
       Done executing task "Delete".
       Task "CL" skipped, due to false condition; ('%(ClCompile.PrecompiledHeader)' == 'Create' and '%(ClCompile.ExcludedFromBuild)'!='true' and '%(ClCompile.CompilerIteration)' == '') was evaluated as ('' == 'Create' and ''!='true' and '' == '').
       Using "CL" task from assembly "C:\Program Files (x86)\Microsoft Visual Studio\2017\Professional\Common7\IDE\VC\VCTargets\Microsoft.Build.CppTasks.Common.dll".
       Task "CL"
         Forcing recompile of all source files due to missing PDB "x64\Debug\DM_LF_Frame.pdb".
         Environment Variables passed to tool:
           VS_UNICODE_OUTPUT=1820
         C:\Program Files (x86)\Microsoft Visual Studio\2017\Professional\VC\Tools\MSVC\14.15.26726\bin\HostX86\x64\CL.exe /c /I..\DM_LF_Frame /I..\..\DM_General /I..\..\..\SMC_DBClasses /I..\..\..\SMC_Frame /I..\..\..\SMC_EventLogSystem /I..\..\..\Data_Provider /I..\..\..\CBS_StdFrame /IX:\SMC\packages\CBS\include\CBS_CorbaLib /IX:\SMC\packages\CBS\include\CBS_CorbaLibV2 /IX:\SMC\packages\CBS\include\CBS_DB_Classes /IX:\SMC\packages\CBS\include\FRIES_EventService /IX:\SMC\packages\CBS\include\CBS_fevsWrapper /IX:\SMC\packages\CBS\include\CBS_Lib /IX:\SMC\packages\CBS\include\CBS_Threads /IX:\SMC\packages\CBS\include\CBS_Persi\CBS_Persilib /IX:\SMC\packages\CBS\include\CBS_Exception /IX:\SMC\packages\CBS\include /IX:\SMC\packages\CBS\include\CBS_Tasks /IX:\SMC\packages\CBS\include\CBS_EventLog /IX:\SMC\packages\CBS\include\CBS_Utilities /IX:\SMC\packages\CBS\include\CBS_Utilities\CBS_Files /IX:\SMC\packages\CBS\include\Omni_base /IX:\SMC\packages\omniORB\include /IX:\SMC\packages\omniORB\include\omniorb4 /Zi /nologo /W3 /WX- /diagnostics:classic /Od /D WIN32 /D _DEBUG /D _LIB /D _OMNIORB_ /D _CRT_SECURE_NO_DEPRECATE /D SMM_TRACE /D __WIN32__ /D __x86__ /D __NT__ /D __OSVERSION__=4 /D QT_THREAD_SUPPORT /D _MBCS /Gm- /EHsc /RTC1 /MDd /GS /fp:precise /Zc:wchar_t /Zc:forScope /Zc:inline /GR /Fo"x64\Debug\\" /Fd"x64\Debug\DM_LF_Frame.pdb" /Gd /TP /FC /errorReport:prompt /D -Zm200  CDM_LFAnalysisEventHandler.cpp CDM_LFDBManager.cpp CDM_LFDBManagerTask.cpp CDM_LFEventHandler.cpp CDM_LFEventLogHandler.cpp CDM_LFEventLogHandlerAnalysis.cpp CDM_LFEventLogHandlerMaterial.cpp CDM_LFEventLogHandlerModelResults.cpp CDM_LFEventLogHandlerModesAndAvailabilities.cpp CDM_LFEventLogHandlerPurpose.cpp CDM_LFEventLogHandlerSignalsAndMeasurements.cpp CDM_LFEventLogHandlerTreatmentManagement.cpp CDM_LFMaterialEventHandler.cpp CDM_LFModelResultEventHandler.cpp CDM_LFModesAndAvailabilitiesEventHandler.cpp CDM_LFPhaseChangeController.cpp CDM_LFPlantManager.cpp CDM_LFProductManager.cpp CDM_LFPurposeEventHandler.cpp CDM_LFSignalsAndMeasurementsEventHandler.cpp CDM_LFTask.cpp CDM_LFTreatmentManagementEventHandler.cpp
         Tracking command:
         C:\Program Files (x86)\Microsoft Visual Studio\2017\Professional\MSBuild\15.0\Bin\Tracker.exe /d "C:\Program Files (x86)\MSBuild\15.0\FileTracker\FileTracker32.dll" /i X:\SMC\source\DM\DM_LF\DM_LF_Frame\x64\Debug\DM_LF_Frame.tlog /r "X:\SMC\SOURCE\DM\DM_LF\DM_LF_FRAME\CDM_LFANALYSISEVENTHANDLER.CPP|X:\SMC\SOURCE\DM\DM_LF\DM_LF_FRAME\CDM_LFDBMANAGER.CPP|X:\SMC\SOURCE\DM\DM_LF\DM_LF_FRAME\CDM_LFDBMANAGERTASK.CPP|X:\SMC\SOURCE\DM\DM_LF\DM_LF_FRAME\CDM_LFEVENTHANDLER.CPP|X:\SMC\SOURCE\DM\DM_LF\DM_LF_FRAME\CDM_LFEVENTLOGHANDLER.CPP|X:\SMC\SOURCE\DM\DM_LF\DM_LF_FRAME\CDM_LFEVENTLOGHANDLERANALYSIS.CPP|X:\SMC\SOURCE\DM\DM_LF\DM_LF_FRAME\CDM_LFEVENTLOGHANDLERMATERIAL.CPP|X:\SMC\SOURCE\DM\DM_LF\DM_LF_FRAME\CDM_LFEVENTLOGHANDLERMODELRESULTS.CPP|X:\SMC\SOURCE\DM\DM_LF\DM_LF_FRAME\CDM_LFEVENTLOGHANDLERMODESANDAVAILABILITIES.CPP|X:\SMC\SOURCE\DM\DM_LF\DM_LF_FRAME\CDM_LFEVENTLOGHANDLERPURPOSE.CPP|X:\SMC\SOURCE\DM\DM_LF\DM_LF_FRAME\CDM_LFEVENTLOGHANDLERSIGNALSANDMEASUREMENTS.CPP|X:\SMC\SOURCE\DM\DM_LF\DM_LF_FRAME\CDM_LFEVENTLOGHANDLERTREATMENTMANAGEMENT.CPP|X:\SMC\SOURCE\DM\DM_LF\DM_LF_FRAME\CDM_LFMATERIALEVENTHANDLER.CPP|X:\SMC\SOURCE\DM\DM_LF\DM_LF_FRAME\CDM_LFMODELRESULTEVENTHANDLER.CPP|X:\SMC\SOURCE\DM\DM_LF\DM_LF_FRAME\CDM_LFMODESANDAVAILABILITIESEVENTHANDLER.CPP|X:\SMC\SOURCE\DM\DM_LF\DM_LF_FRAME\CDM_LFPHASECHANGECONTROLLER.CPP|X:\SMC\SOURCE\DM\DM_LF\DM_LF_FRAME\CDM_LFPLANTMANAGER.CPP|X:\SMC\SOURCE\DM\DM_LF\DM_LF_FRAME\CDM_LFPRODUCTMANAGER.CPP|X:\SMC\SOURCE\DM\DM_LF\DM_LF_FRAME\CDM_LFPURPOSEEVENTHANDLER.CPP|X:\SMC\SOURCE\DM\DM_LF\DM_LF_FRAME\CDM_LFSIGNALSANDMEASUREMENTSEVENTHANDLER.CPP|X:\SMC\SOURCE\DM\DM_LF\DM_LF_FRAME\CDM_LFTASK.CPP|X:\SMC\SOURCE\DM\DM_LF\DM_LF_FRAME\CDM_LFTREATMENTMANAGEMENTEVENTHANDLER.CPP" /b MSBuildConsole_CancelEvent324b8df858c9434b8dcf1b7a73d215a0  /c "C:\Program Files (x86)\Microsoft Visual Studio\2017\Professional\VC\Tools\MSVC\14.15.26726\bin\HostX86\x64\CL.exe"  /c /I..\DM_LF_Frame /I..\..\DM_General /I..\..\..\SMC_DBClasses /I..\..\..\SMC_Frame /I..\..\..\SMC_EventLogSystem /I..\..\..\Data_Provider /I..\..\..\CBS_StdFrame /IX:\SMC\packages\CBS\include\CBS_CorbaLib /IX:\SMC\packages\CBS\include\CBS_CorbaLibV2 /IX:\SMC\packages\CBS\include\CBS_DB_Classes /IX:\SMC\packages\CBS\include\FRIES_EventService /IX:\SMC\packages\CBS\include\CBS_fevsWrapper /IX:\SMC\packages\CBS\include\CBS_Lib /IX:\SMC\packages\CBS\include\CBS_Threads /IX:\SMC\packages\CBS\include\CBS_Persi\CBS_Persilib /IX:\SMC\packages\CBS\include\CBS_Exception /IX:\SMC\packages\CBS\include /IX:\SMC\packages\CBS\include\CBS_Tasks /IX:\SMC\packages\CBS\include\CBS_EventLog /IX:\SMC\packages\CBS\include\CBS_Utilities /IX:\SMC\packages\CBS\include\CBS_Utilities\CBS_Files /IX:\SMC\packages\CBS\include\Omni_base /IX:\SMC\packages\omniORB\include /IX:\SMC\packages\omniORB\include\omniorb4 /Zi /nologo /W3 /WX- /diagnostics:classic /Od /D WIN32 /D _DEBUG /D _LIB /D _OMNIORB_ /D _CRT_SECURE_NO_DEPRECATE /D SMM_TRACE /D __WIN32__ /D __x86__ /D __NT__ /D __OSVERSION__=4 /D QT_THREAD_SUPPORT /D _MBCS /Gm- /EHsc /RTC1 /MDd /GS /fp:precise /Zc:wchar_t /Zc:forScope /Zc:inline /GR /Fo"x64\Debug\\" /Fd"x64\Debug\DM_LF_Frame.pdb" /Gd /TP /FC /errorReport:prompt /D -Zm200  CDM_LFAnalysisEventHandler.cpp CDM_LFDBManager.cpp CDM_LFDBManagerTask.cpp CDM_LFEventHandler.cpp CDM_LFEventLogHandler.cpp CDM_LFEventLogHandlerAnalysis.cpp CDM_LFEventLogHandlerMaterial.cpp CDM_LFEventLogHandlerModelResults.cpp CDM_LFEventLogHandlerModesAndAvailabilities.cpp CDM_LFEventLogHandlerPurpose.cpp CDM_LFEventLogHandlerSignalsAndMeasurements.cpp CDM_LFEventLogHandlerTreatmentManagement.cpp CDM_LFMaterialEventHandler.cpp CDM_LFModelResultEventHandler.cpp CDM_LFModesAndAvailabilitiesEventHandler.cpp CDM_LFPhaseChangeController.cpp CDM_LFPlantManager.cpp CDM_LFProductManager.cpp CDM_LFPurposeEventHandler.cpp CDM_LFSignalsAndMeasurementsEventHandler.cpp CDM_LFTask.cpp CDM_LFTreatmentManagementEventHandler.cpp
         CDM_LFAnalysisEventHandler.cpp
     1>x:\smc\source\dm\dm_general\idh_interface_s.hh(31): fatal error C1083: Cannot open include file: 'CBS_s.hh': No such file or directory
         CDM_LFDBManager.cpp
     1>x:\smc\source\smc_dbclasses\ismc_datadefinitions_s.hh(31): fatal error C1083: Cannot open include file: 'CBS_s.hh': No such file or directory
         CDM_LFDBManagerTask.cpp
     1>x:\smc\source\dm\dm_general\idh_interface_s.hh(31): fatal error C1083: Cannot open include file: 'CBS_s.hh': No such file or directory
         CDM_LFEventHandler.cpp
     1>x:\smc\source\dm\dm_general\idh_interface_s.hh(31): fatal error C1083: Cannot open include file: 'CBS_s.hh': No such file or directory
         CDM_LFEventLogHandler.cpp
     1>x:\smc\source\dm\dm_general\idh_interface_s.hh(31): fatal error C1083: Cannot open include file: 'CBS_s.hh': No such file or directory
         CDM_LFEventLogHandlerAnalysis.cpp
     1>x:\smc\source\dm\dm_general\idh_interface_s.hh(31): fatal error C1083: Cannot open include file: 'CBS_s.hh': No such file or directory
         CDM_LFEventLogHandlerMaterial.cpp
     1>x:\smc\source\dm\dm_general\idh_interface_s.hh(31): fatal error C1083: Cannot open include file: 'CBS_s.hh': No such file or directory
         CDM_LFEventLogHandlerModelResults.cpp
     1>x:\smc\source\dm\dm_general\idh_interface_s.hh(31): fatal error C1083: Cannot open include file: 'CBS_s.hh': No such file or directory
         CDM_LFEventLogHandlerModesAndAvailabilities.cpp
     1>x:\smc\source\dm\dm_general\idh_interface_s.hh(31): fatal error C1083: Cannot open include file: 'CBS_s.hh': No such file or directory
         CDM_LFEventLogHandlerPurpose.cpp
     1>x:\smc\source\dm\dm_general\idh_interface_s.hh(31): fatal error C1083: Cannot open include file: 'CBS_s.hh': No such file or directory
         CDM_LFEventLogHandlerSignalsAndMeasurements.cpp
     1>x:\smc\source\dm\dm_general\idh_interface_s.hh(31): fatal error C1083: Cannot open include file: 'CBS_s.hh': No such file or directory
         CDM_LFEventLogHandlerTreatmentManagement.cpp
     1>x:\smc\source\smc_dbclasses\ismc_datadefinitions_s.hh(31): fatal error C1083: Cannot open include file: 'CBS_s.hh': No such file or directory
         CDM_LFMaterialEventHandler.cpp
     1>x:\smc\source\dm\dm_general\idh_interface_s.hh(31): fatal error C1083: Cannot open include file: 'CBS_s.hh': No such file or directory
         CDM_LFModelResultEventHandler.cpp
     1>x:\smc\source\dm\dm_general\idm_interface_s.hh(31): fatal error C1083: Cannot open include file: 'CBS_s.hh': No such file or directory
         CDM_LFModesAndAvailabilitiesEventHandler.cpp
     1>x:\smc\source\dm\dm_general\idh_interface_s.hh(31): fatal error C1083: Cannot open include file: 'CBS_s.hh': No such file or directory
         CDM_LFPhaseChangeController.cpp
     1>x:\smc\source\dm\dm_general\idh_interface_s.hh(31): fatal error C1083: Cannot open include file: 'CBS_s.hh': No such file or directory
         CDM_LFPlantManager.cpp
     1>x:\smc\source\smc_dbclasses\ismc_datadefinitions_s.hh(31): fatal error C1083: Cannot open include file: 'CBS_s.hh': No such file or directory
         CDM_LFProductManager.cpp
     1>x:\smc\source\smc_dbclasses\ismc_datadefinitions_s.hh(31): fatal error C1083: Cannot open include file: 'CBS_s.hh': No such file or directory
         CDM_LFPurposeEventHandler.cpp
     1>x:\smc\source\dm\dm_general\idh_interface_s.hh(31): fatal error C1083: Cannot open include file: 'CBS_s.hh': No such file or directory
         CDM_LFSignalsAndMeasurementsEventHandler.cpp
     1>x:\smc\source\dm\dm_general\idm_interface_s.hh(31): fatal error C1083: Cannot open include file: 'CBS_s.hh': No such file or directory
         Generating Code...
         Compiling...
         CDM_LFTask.cpp
     1>x:\smc\source\cbs_stdframe\ccbs_stdcorba_task.h(9): fatal error C1083: Cannot open include file: 'cCBSServerTask.h': No such file or directory
         CDM_LFTreatmentManagementEventHandler.cpp
     1>x:\smc\source\dm\dm_general\idh_interface_s.hh(31): fatal error C1083: Cannot open include file: 'CBS_s.hh': No such file or directory
         Generating Code...
         The command exited with code 2.
       Done executing task "CL" -- FAILED.
     1>Done building target "ClCompile" in project "DM_LF_Frame.vcxproj" -- FAILED.
     1>Done Building Project "X:\SMC\source\DM\DM_LF\DM_LF_Frame\DM_LF_Frame.vcxproj" (Build target(s)) -- FAILED.

Build FAILED.

       "X:\SMC\source\DM\DM_LF\DM_LF_Frame\DM_LF_Frame.vcxproj" (Build target) (1) ->
       (ClCompile target) -> 
         x:\smc\source\dm\dm_general\idh_interface_s.hh(31): fatal error C1083: Cannot open include file: 'CBS_s.hh': No such file or directory
         x:\smc\source\smc_dbclasses\ismc_datadefinitions_s.hh(31): fatal error C1083: Cannot open include file: 'CBS_s.hh': No such file or directory
         x:\smc\source\dm\dm_general\idh_interface_s.hh(31): fatal error C1083: Cannot open include file: 'CBS_s.hh': No such file or directory
         x:\smc\source\dm\dm_general\idh_interface_s.hh(31): fatal error C1083: Cannot open include file: 'CBS_s.hh': No such file or directory
         x:\smc\source\dm\dm_general\idh_interface_s.hh(31): fatal error C1083: Cannot open include file: 'CBS_s.hh': No such file or directory
         x:\smc\source\dm\dm_general\idh_interface_s.hh(31): fatal error C1083: Cannot open include file: 'CBS_s.hh': No such file or directory
         x:\smc\source\dm\dm_general\idh_interface_s.hh(31): fatal error C1083: Cannot open include file: 'CBS_s.hh': No such file or directory
         x:\smc\source\dm\dm_general\idh_interface_s.hh(31): fatal error C1083: Cannot open include file: 'CBS_s.hh': No such file or directory
         x:\smc\source\dm\dm_general\idh_interface_s.hh(31): fatal error C1083: Cannot open include file: 'CBS_s.hh': No such file or directory
         x:\smc\source\dm\dm_general\idh_interface_s.hh(31): fatal error C1083: Cannot open include file: 'CBS_s.hh': No such file or directory
         x:\smc\source\dm\dm_general\idh_interface_s.hh(31): fatal error C1083: Cannot open include file: 'CBS_s.hh': No such file or directory
         x:\smc\source\smc_dbclasses\ismc_datadefinitions_s.hh(31): fatal error C1083: Cannot open include file: 'CBS_s.hh': No such file or directory
         x:\smc\source\dm\dm_general\idh_interface_s.hh(31): fatal error C1083: Cannot open include file: 'CBS_s.hh': No such file or directory
         x:\smc\source\dm\dm_general\idm_interface_s.hh(31): fatal error C1083: Cannot open include file: 'CBS_s.hh': No such file or directory
         x:\smc\source\dm\dm_general\idh_interface_s.hh(31): fatal error C1083: Cannot open include file: 'CBS_s.hh': No such file or directory
         x:\smc\source\dm\dm_general\idh_interface_s.hh(31): fatal error C1083: Cannot open include file: 'CBS_s.hh': No such file or directory
         x:\smc\source\smc_dbclasses\ismc_datadefinitions_s.hh(31): fatal error C1083: Cannot open include file: 'CBS_s.hh': No such file or directory
         x:\smc\source\smc_dbclasses\ismc_datadefinitions_s.hh(31): fatal error C1083: Cannot open include file: 'CBS_s.hh': No such file or directory
         x:\smc\source\dm\dm_general\idh_interface_s.hh(31): fatal error C1083: Cannot open include file: 'CBS_s.hh': No such file or directory
         x:\smc\source\dm\dm_general\idm_interface_s.hh(31): fatal error C1083: Cannot open include file: 'CBS_s.hh': No such file or directory
         x:\smc\source\cbs_stdframe\ccbs_stdcorba_task.h(9): fatal error C1083: Cannot open include file: 'cCBSServerTask.h': No such file or directory
         x:\smc\source\dm\dm_general\idh_interface_s.hh(31): fatal error C1083: Cannot open include file: 'CBS_s.hh': No such file or directory

    0 Warning(s)
    22 Error(s)

Time Elapsed 00:00:45.46
