Build started 8/10/2018 18:20:11.
     1>Project "X:\SMC\source\LF\LF_Frame\LF_Frame.vcxproj" on node 4 (Build target(s)).
     1>Building with tools version "15.0".
       Target "EnableIntermediateOutputPathMismatchWarning" skipped, due to false condition; ('$(RestoreProjectStyle)' == 'PackageReference') was evaluated as ('' == 'PackageReference').
     1>Target "_CheckForInvalidConfigurationAndPlatform" in file "C:\Program Files (x86)\Microsoft Visual Studio\2017\Professional\MSBuild\15.0\Bin\Microsoft.Common.CurrentVersion.targets" from project "X:\SMC\source\LF\LF_Frame\LF_Frame.vcxproj" (target "SetTelemetryEnvironmentVariables" depends on it):
       Task "Error" skipped, due to false condition; ( '$(_InvalidConfigurationError)' == 'true' ) was evaluated as ( '' == 'true' ).
       Task "Warning" skipped, due to false condition; ( '$(_InvalidConfigurationWarning)' == 'true' ) was evaluated as ( '' == 'true' ).
       Task "Message"
         Configuration=Debug
       Done executing task "Message".
       Task "Message"
         Platform=x64
       Done executing task "Message".
       Task "Error" skipped, due to false condition; ('$(OutDir)' != '' and !HasTrailingSlash('$(OutDir)')) was evaluated as ('X:\SMC\source\XPACT_SMC_BUILD\x64\Debug\' != '' and !HasTrailingSlash('X:\SMC\source\XPACT_SMC_BUILD\x64\Debug\')).
       Task "Error" skipped, due to false condition; ('$(BaseIntermediateOutputPath)' != '' and !HasTrailingSlash('$(BaseIntermediateOutputPath)')) was evaluated as ('obj\' != '' and !HasTrailingSlash('obj\')).
       Task "Error" skipped, due to false condition; ('$(IntermediateOutputPath)' != '' and !HasTrailingSlash('$(IntermediateOutputPath)')) was evaluated as ('x64\Debug\' != '' and !HasTrailingSlash('x64\Debug\')).
       Task "Error" skipped, due to false condition; ( '$(_InitialMSBuildProjectExtensionsPath)' != '' And '$(MSBuildProjectExtensionsPath)' != '$(_InitialMSBuildProjectExtensionsPath)' ) was evaluated as ( 'X:\SMC\source\LF\LF_Frame\obj\' != '' And 'X:\SMC\source\LF\LF_Frame\obj\' != 'X:\SMC\source\LF\LF_Frame\obj\' ).
       Task "Warning" skipped, due to false condition; ( '$(EnableBaseIntermediateOutputPathMismatchWarning)' == 'true' And '$(_InitialBaseIntermediateOutputPath)' != '$(BaseIntermediateOutputPath)' And '$(BaseIntermediateOutputPath)' != '$(MSBuildProjectExtensionsPath)' ) was evaluated as ( '' == 'true' And 'obj\' != 'obj\' And 'obj\' != 'X:\SMC\source\LF\LF_Frame\obj\' ).
     1>Done building target "_CheckForInvalidConfigurationAndPlatform" in project "LF_Frame.vcxproj".
       Target "_CheckForInvalidConfigurationAndPlatform" skipped. Previously built successfully.
     1>Target "SetTelemetryEnvironmentVariables" in file "C:\Program Files (x86)\Microsoft Visual Studio\2017\Professional\Common7\IDE\VC\VCTargets\Microsoft.Cpp.DesignTime.targets" from project "X:\SMC\source\LF\LF_Frame\LF_Frame.vcxproj" (target "Build" depends on it):
       Using "SetEnv" task from assembly "C:\Program Files (x86)\Microsoft Visual Studio\2017\Professional\Common7\IDE\VC\VCTargets\Microsoft.Build.CppTasks.Common.dll".
       Task "SetEnv"
         VSTEL_SolutionSessionID={9A5FB50D-7423-4F1D-AF48-24E610182833}
       Done executing task "SetEnv".
       Task "SetEnv"
         VSTEL_CurrentSolutionBuildID=456006226
       Done executing task "SetEnv".
       Task "SetEnv"
         VSTEL_ProjectID={D5FEFD27-3656-497B-97CA-D89278E57856}
       Done executing task "SetEnv".
     1>Done building target "SetTelemetryEnvironmentVariables" in project "LF_Frame.vcxproj".
     1>Target "_PrepareForBuild" in file "C:\Program Files (x86)\Microsoft Visual Studio\2017\Professional\Common7\IDE\VC\VCTargets\Microsoft.BuildSteps.Targets" from project "X:\SMC\source\LF\LF_Frame\LF_Frame.vcxproj" (target "Build" depends on it):
       Task "CreateItem" skipped, due to false condition; ('%(CustomBuild.IncludeFileToTool)'!='') was evaluated as (''!='').
     1>Done building target "_PrepareForBuild" in project "LF_Frame.vcxproj".
     1>Target "_PrepareForReferenceResolution" in file "C:\Program Files (x86)\Microsoft Visual Studio\2017\Professional\Common7\IDE\VC\VCTargets\Microsoft.CppBuild.targets" from project "X:\SMC\source\LF\LF_Frame\LF_Frame.vcxproj" (target "ResolveReferences" depends on it):
       Task "Message" skipped, due to false condition; ('$(_REFERENCE_DEBUG)'=='true') was evaluated as (''=='true').
     1>Done building target "_PrepareForReferenceResolution" in project "LF_Frame.vcxproj".
       Target "ComputeCrtSDKReference" skipped, due to false condition; ('@(ClCompile)'!='' and '$(WindowsAppContainer)'=='true' and '$(UseCrtSDKReference)' != 'false') was evaluated as ('CLFAnalysisEventHandler.cpp;CLFAnalysisHandlingWrapper.cpp;CLFBottomStirringWrapper.cpp;CLFCeloxMeasurementWrapper.cpp;CLFChangePhysicalMaterialAvailibilityWrapper.cpp;CLFCyclicMeasurementWrapper.cpp;CLFElectricSignalsWrapper.cpp;CLFEventHandler.cpp;CLFLiquidMaterialsHandlingWrapper.cpp;CLFManualMaterialBatchWrapper.cpp;CLFMaterialHandlingEventHandler.cpp;CLFModelResultWrapper.cpp;CLFModelStatusEventHandler.cpp;CLFModelStatusWrapper.cpp;CLFModelTask.cpp;CLFModelTestResultWrapper.cpp;CLFMODELWrapper.cpp;CLFModesAndAvailibilitiesEventHandler.cpp;CLFModesandAvailibilitiesWrapper.cpp;CLFPurposeEventHandler.cpp;CLFPurposeHandlingWrapper.cpp;CLFRoofPositionWrapper.cpp;CLFSignalsAndMeasurementEventHandler.cpp;CLFSolidMaterialsHandlingWrapper.cpp;CLFTemperaturMeasurementWrapper.cpp;CLFTreatmentManagerDataWrapper.cpp;CLFTreatmentManagerEventHandler.cpp;iDM_Interface_dynSK.cpp;iDM_Interface_s.cpp;iEventMessages_dynSK.cpp;iEventMessages_s.cpp;iModelResults_dynSK.cpp;iModelResults_s.cpp;iSMC_DataDefinitions_dynSK.cpp;iSMC_DataDefinitions_s.cpp;iSMC_DataProvider_dynSK.cpp;iSMC_DataProvider_s.cpp'!='' and 'false'=='true' and '' != 'false').
     1>Target "BeforeResolveReferences" in file "C:\Program Files (x86)\Microsoft Visual Studio\2017\Professional\MSBuild\15.0\Bin\Microsoft.Common.CurrentVersion.targets" from project "X:\SMC\source\LF\LF_Frame\LF_Frame.vcxproj" (target "ResolveReferences" depends on it):
     1>Done building target "BeforeResolveReferences" in project "LF_Frame.vcxproj".
     1>Target "AssignProjectConfiguration" in file "C:\Program Files (x86)\Microsoft Visual Studio\2017\Professional\MSBuild\15.0\Bin\Microsoft.Common.CurrentVersion.targets" from project "X:\SMC\source\LF\LF_Frame\LF_Frame.vcxproj" (target "ResolveReferences" depends on it):
       Task "AssignProjectConfiguration"
         Project reference "..\..\SMC_DBClasses\SMC_DBClasses.vcxproj" has been assigned the "Debug|x64" configuration.
         Project reference "..\..\SMC_EventLogSystem\SMC_EventLogSystem.vcxproj" has been assigned the "Debug|x64" configuration.
         Project reference "..\..\SMM_Frame\SMM_Frame.vcxproj" has been assigned the "Debug|x64" configuration.
       Done executing task "AssignProjectConfiguration".
     1>Done building target "AssignProjectConfiguration" in project "LF_Frame.vcxproj".
       Target "AssignProjectConfiguration" skipped. Previously built successfully.
     1>Target "_SplitProjectReferencesByFileExistence" in file "C:\Program Files (x86)\Microsoft Visual Studio\2017\Professional\MSBuild\15.0\Bin\Microsoft.Common.CurrentVersion.targets" from project "X:\SMC\source\LF\LF_Frame\LF_Frame.vcxproj" (target "PrepareProjectReferences" depends on it):
       Task "ResolveNonMSBuildProjectOutput"
         Resolving project reference "..\..\SMC_DBClasses\SMC_DBClasses.vcxproj".
         Project reference "..\..\SMC_DBClasses\SMC_DBClasses.vcxproj" has not been resolved.
         Resolving project reference "..\..\SMC_EventLogSystem\SMC_EventLogSystem.vcxproj".
         Project reference "..\..\SMC_EventLogSystem\SMC_EventLogSystem.vcxproj" has not been resolved.
         Resolving project reference "..\..\SMM_Frame\SMM_Frame.vcxproj".
         Project reference "..\..\SMM_Frame\SMM_Frame.vcxproj" has not been resolved.
       Done executing task "ResolveNonMSBuildProjectOutput".
     1>Done building target "_SplitProjectReferencesByFileExistence" in project "LF_Frame.vcxproj".
     1>Target "_GetProjectReferenceTargetFrameworkProperties" in file "C:\Program Files (x86)\Microsoft Visual Studio\2017\Professional\MSBuild\15.0\Bin\Microsoft.Common.CurrentVersion.targets" from project "X:\SMC\source\LF\LF_Frame\LF_Frame.vcxproj" (target "PrepareProjectReferences" depends on it):
       Task "MSBuild" skipped, due to false condition; ('%(_MSBuildProjectReferenceExistent.SkipGetTargetFrameworkProperties)' != 'true') was evaluated as ('true' != 'true').
       Task "GetReferenceNearestTargetFrameworkTask" skipped, due to false condition; ('@(_ProjectReferenceTargetFrameworkPossibilities->Count())' != '0' and '$(ReferringTargetFrameworkForProjectReferences)' != '') was evaluated as ('0' != '0' and '.NETFramework,Version=v4.0' != '').
     1>Done building target "_GetProjectReferenceTargetFrameworkProperties" in project "LF_Frame.vcxproj".
     1>Target "PrepareProjectReferences" in file "C:\Program Files (x86)\Microsoft Visual Studio\2017\Professional\MSBuild\15.0\Bin\Microsoft.Common.CurrentVersion.targets" from project "X:\SMC\source\LF\LF_Frame\LF_Frame.vcxproj" (target "ResolveProjectReferences" depends on it):
     1>Done building target "PrepareProjectReferences" in project "LF_Frame.vcxproj".
     1>Target "_RemoveNameMetadataFromProjectReferenceItems" in file "C:\Program Files (x86)\Microsoft Visual Studio\2017\Professional\Common7\IDE\VC\VCTargets\Microsoft.CppBuild.targets" from project "X:\SMC\source\LF\LF_Frame\LF_Frame.vcxproj" (target "ResolveProjectReferences" depends on it):
     1>Done building target "_RemoveNameMetadataFromProjectReferenceItems" in project "LF_Frame.vcxproj".
     1>Target "ResolveProjectReferences" in file "C:\Program Files (x86)\Microsoft Visual Studio\2017\Professional\MSBuild\15.0\Bin\Microsoft.Common.CurrentVersion.targets" from project "X:\SMC\source\LF\LF_Frame\LF_Frame.vcxproj" (target "ResolveReferences" depends on it):
       Task "MSBuild"
         Global Properties:
           Configuration=Debug
           Platform=x64
     1>Project "X:\SMC\source\LF\LF_Frame\LF_Frame.vcxproj" (1) is building "X:\SMC\source\SMC_DBClasses\SMC_DBClasses.vcxproj" (2) on node 3 (GetTargetPath target(s)).
     2>Building with tools version "15.0".
       Target "GetTargetPath" skipped. Previously built successfully.
     2>Done Building Project "X:\SMC\source\SMC_DBClasses\SMC_DBClasses.vcxproj" (GetTargetPath target(s)).
     1>Project "X:\SMC\source\LF\LF_Frame\LF_Frame.vcxproj" (1) is building "X:\SMC\source\SMM_Frame\SMM_Frame.vcxproj" (3) on node 2 (GetTargetPath target(s)).
     3>Building with tools version "15.0".
       Target "_PrepareForReferenceResolution" skipped. Previously built successfully.
       Target "GetResolvedWinMD" skipped. Previously built successfully.
     3>Target "GetTargetPath" in file "C:\Program Files (x86)\Microsoft Visual Studio\2017\Professional\Common7\IDE\VC\VCTargets\Microsoft.CppBuild.targets" from project "X:\SMC\source\SMM_Frame\SMM_Frame.vcxproj" (entry point):
     3>Done building target "GetTargetPath" in project "SMM_Frame.vcxproj".
     3>Done Building Project "X:\SMC\source\SMM_Frame\SMM_Frame.vcxproj" (GetTargetPath target(s)) -- FAILED.
     1>Done executing task "MSBuild".
       Task "MSBuild"
         Global Properties:
           Configuration=Debug
           Platform=x64
     1>Project "X:\SMC\source\LF\LF_Frame\LF_Frame.vcxproj" (1) is building "X:\SMC\source\SMC_EventLogSystem\SMC_EventLogSystem.vcxproj" (4) on node 4 (GetTargetPath target(s)).
     4>Building with tools version "15.0".
       Target "GetTargetPath" skipped. Previously built successfully.
     4>Done Building Project "X:\SMC\source\SMC_EventLogSystem\SMC_EventLogSystem.vcxproj" (GetTargetPath target(s)).
     1>Done executing task "MSBuild".
       Task "MSBuild" skipped, due to false condition; ('%(_MSBuildProjectReferenceExistent.BuildReference)' == 'true' and '@(ProjectReferenceWithConfiguration)' != '' and ('$(BuildingInsideVisualStudio)' == 'true' or '$(BuildProjectReferences)' != 'true') and '$(VisualStudioVersion)' == '10.0' and '@(_MSBuildProjectReferenceExistent)' != '') was evaluated as ('true' == 'true' and '..\..\SMC_DBClasses\SMC_DBClasses.vcxproj;..\..\SMC_EventLogSystem\SMC_EventLogSystem.vcxproj;..\..\SMM_Frame\SMM_Frame.vcxproj' != '' and ('true' == 'true' or 'true' != 'true') and '15.0' == '10.0' and '..\..\SMC_DBClasses\SMC_DBClasses.vcxproj;..\..\SMM_Frame\SMM_Frame.vcxproj' != '').
       Task "MSBuild" skipped, due to false condition; ('%(_MSBuildProjectReferenceExistent.BuildReference)' == 'true' and '@(ProjectReferenceWithConfiguration)' != '' and ('$(BuildingInsideVisualStudio)' == 'true' or '$(BuildProjectReferences)' != 'true') and '$(VisualStudioVersion)' == '10.0' and '@(_MSBuildProjectReferenceExistent)' != '') was evaluated as ('true' == 'true' and '..\..\SMC_DBClasses\SMC_DBClasses.vcxproj;..\..\SMC_EventLogSystem\SMC_EventLogSystem.vcxproj;..\..\SMM_Frame\SMM_Frame.vcxproj' != '' and ('true' == 'true' or 'true' != 'true') and '15.0' == '10.0' and '..\..\SMC_EventLogSystem\SMC_EventLogSystem.vcxproj' != '').
       Task "MSBuild" skipped, due to false condition; ('%(_MSBuildProjectReferenceExistent.BuildReference)' == 'true' and '@(ProjectReferenceWithConfiguration)' != '' and '$(BuildingInsideVisualStudio)' != 'true' and '$(BuildProjectReferences)' == 'true' and '@(_MSBuildProjectReferenceExistent)' != '') was evaluated as ('true' == 'true' and '..\..\SMC_DBClasses\SMC_DBClasses.vcxproj;..\..\SMC_EventLogSystem\SMC_EventLogSystem.vcxproj;..\..\SMM_Frame\SMM_Frame.vcxproj' != '' and 'true' != 'true' and 'true' == 'true' and '..\..\SMC_DBClasses\SMC_DBClasses.vcxproj;..\..\SMM_Frame\SMM_Frame.vcxproj' != '').
       Task "MSBuild" skipped, due to false condition; ('%(_MSBuildProjectReferenceExistent.BuildReference)' == 'true' and '@(ProjectReferenceWithConfiguration)' != '' and '$(BuildingInsideVisualStudio)' != 'true' and '$(BuildProjectReferences)' == 'true' and '@(_MSBuildProjectReferenceExistent)' != '') was evaluated as ('true' == 'true' and '..\..\SMC_DBClasses\SMC_DBClasses.vcxproj;..\..\SMC_EventLogSystem\SMC_EventLogSystem.vcxproj;..\..\SMM_Frame\SMM_Frame.vcxproj' != '' and 'true' != 'true' and 'true' == 'true' and '..\..\SMC_EventLogSystem\SMC_EventLogSystem.vcxproj' != '').
       Task "MSBuild"
         Global Properties:
           Configuration=Debug
           Platform=x64
     1>Project "X:\SMC\source\LF\LF_Frame\LF_Frame.vcxproj" (1) is building "X:\SMC\source\SMC_DBClasses\SMC_DBClasses.vcxproj" (2:2) on node 3 (GetNativeManifest target(s)).
   2:2>Building with tools version "15.0".
       Target "GetNativeManifest" skipped. Previously built successfully.
   2:2>Done Building Project "X:\SMC\source\SMC_DBClasses\SMC_DBClasses.vcxproj" (GetNativeManifest target(s)).
     1>Project "X:\SMC\source\LF\LF_Frame\LF_Frame.vcxproj" (1) is building "X:\SMC\source\SMM_Frame\SMM_Frame.vcxproj" (3:2) on node 2 (GetNativeManifest target(s)).
   3:2>Building with tools version "15.0".
   3:2>Target "GetNativeManifest" in file "C:\Program Files (x86)\Microsoft Visual Studio\2017\Professional\Common7\IDE\VC\VCTargets\Microsoft.CppCommon.targets" from project "X:\SMC\source\SMM_Frame\SMM_Frame.vcxproj" (entry point):
   3:2>Done building target "GetNativeManifest" in project "SMM_Frame.vcxproj".
   3:2>Done Building Project "X:\SMC\source\SMM_Frame\SMM_Frame.vcxproj" (GetNativeManifest target(s)) -- FAILED.
     1>Done executing task "MSBuild".
       Task "MSBuild"
         Global Properties:
           Configuration=Debug
           Platform=x64
     1>Project "X:\SMC\source\LF\LF_Frame\LF_Frame.vcxproj" (1) is building "X:\SMC\source\SMC_EventLogSystem\SMC_EventLogSystem.vcxproj" (4:2) on node 4 (GetNativeManifest target(s)).
   4:2>Building with tools version "15.0".
       Target "GetNativeManifest" skipped. Previously built successfully.
   4:2>Done Building Project "X:\SMC\source\SMC_EventLogSystem\SMC_EventLogSystem.vcxproj" (GetNativeManifest target(s)).
     1>Done executing task "MSBuild".
       Task "Warning" skipped, due to false condition; ('@(ProjectReferenceWithConfiguration)' != '' and '@(_MSBuildProjectReferenceNonexistent)' != '') was evaluated as ('..\..\SMC_DBClasses\SMC_DBClasses.vcxproj;..\..\SMC_EventLogSystem\SMC_EventLogSystem.vcxproj;..\..\SMM_Frame\SMM_Frame.vcxproj' != '' and '' != '').
     1>Done building target "ResolveProjectReferences" in project "LF_Frame.vcxproj".
       Target "FindInvalidProjectReferences" skipped, due to false condition; ('$(FindInvalidProjectReferences)' == 'true') was evaluated as ('' == 'true').
       Target "ResolveNativeReferences" skipped, due to false condition; ('@(NativeReference)'!='') was evaluated as (''!='').
       Target "_PrepareForReferenceResolution" skipped. Previously built successfully.
       Target "ResolveProjectReferences" skipped. Previously built successfully.
       Target "FindInvalidProjectReferences" skipped, due to false condition; ('$(FindInvalidProjectReferences)' == 'true') was evaluated as ('' == 'true').
     1>Target "GetFrameworkPaths" in file "C:\Program Files (x86)\Microsoft Visual Studio\2017\Professional\MSBuild\15.0\Bin\Microsoft.NETFramework.CurrentVersion.targets" from project "X:\SMC\source\LF\LF_Frame\LF_Frame.vcxproj" (target "ResolveAssemblyReferences" depends on it):
     1>Done building target "GetFrameworkPaths" in project "LF_Frame.vcxproj".
       Target "_PrepareForReferenceResolution" skipped. Previously built successfully.
       Target "GetWinFXPath" skipped, due to false condition; (('@(Page)' != '' or '@(ApplicationDefinition)' != '' or '@(Resource)' != '') and ('$(GetWinFXNativePath)' != '' or '$(GetWinFXWoWPath)' != '' )) was evaluated as (('' != '' or '' != '' or '' != '') and ('' != '' or '' != '' )).
       Target "GetFrameworkPaths" skipped. Previously built successfully.
     1>Target "GetReferenceAssemblyPaths" in file "C:\Program Files (x86)\Microsoft Visual Studio\2017\Professional\MSBuild\15.0\Bin\Microsoft.Common.CurrentVersion.targets" from project "X:\SMC\source\LF\LF_Frame\LF_Frame.vcxproj" (target "ResolveAssemblyReferences" depends on it):
       Task "GetReferenceAssemblyPaths" skipped, due to false condition; ('$(TargetFrameworkMoniker)' != '' and ('$(_TargetFrameworkDirectories)' == '' or '$(_FullFrameworkReferenceAssemblyPaths)' == '')) was evaluated as ('' != '' and ('C:\Program Files (x86)\Reference Assemblies\Microsoft\Framework\.NETFramework\v4.0' == '' or 'C:\Program Files (x86)\Reference Assemblies\Microsoft\Framework\.NETFramework\v4.0' == '')).
     1>Done building target "GetReferenceAssemblyPaths" in project "LF_Frame.vcxproj".
     1>Target "SetBuildDefaultEnvironmentVariables" in file "C:\Program Files (x86)\Microsoft Visual Studio\2017\Professional\Common7\IDE\VC\VCTargets\Microsoft.Cpp.Current.targets" from project "X:\SMC\source\LF\LF_Frame\LF_Frame.vcxproj" (target "PrepareForBuild" depends on it):
       Task "SetEnv"
         PATH=C:\Program Files (x86)\Microsoft Visual Studio\2017\Professional\VC\Tools\MSVC\14.15.26726\bin\HostX86\x64;C:\Program Files (x86)\Microsoft Visual Studio\2017\Professional\VC\Tools\MSVC\14.15.26726\bin\HostX86\x86;C:\Program Files (x86)\Windows Kits\10\bin\10.0.17134.0\x86;;C:\Program Files (x86)\Microsoft SDKs\Windows\v10.0A\bin\NETFX 4.6.1 Tools;C:\Program Files (x86)\Microsoft Visual Studio\2017\Professional\Common7\tools;C:\Program Files (x86)\Microsoft Visual Studio\2017\Professional\Common7\ide;C:\Program Files (x86)\HTML Help Workshop;;C:\Program Files (x86)\Microsoft Visual Studio\2017\Professional\MSBuild\15.0\Bin;C:\WINDOWS\Microsoft.NET\Framework\v4.0.30319\;;D:\Oracle\product\12.1.0\client_1\bin;C:\Program Files\Microsoft MPI\Bin\;C:\ProgramData\Oracle\Java\javapath;C:\WINDOWS\system32;C:\WINDOWS;C:\WINDOWS\System32\Wbem;C:\WINDOWS\System32\WindowsPowerShell\v1.0\;C:\Program Files (x86)\Common Files\SEAL Systems\Lib\;C:\WINDOWS\System32\WindowsPowerShell\v1.0\;C:\WINDOWS\CCM;C:\WINDOWS\CCM;C:\WINDOWS\System32\WindowsPowerShell\v1.0\;C:\Program Files (x86)\Microsoft SQL Server\100\Tools\Binn\;C:\Program Files\Microsoft SQL Server\100\Tools\Binn\;C:\Program Files\Microsoft SQL Server\100\DTS\Binn\;C:\Program Files\Microsoft SQL Server Migration Assistant for Oracle\bin\;C:\Program Files\dotnet\;C:\Program Files\Microsoft SQL Server\130\Tools\Bin\;C:\Program Files\Java\jdk1.8.0_151\bin;C:\Program Files (x86)\Microsoft SQL Server\Client SDK\ODBC\130\Tools\Binn\;C:\Program Files (x86)\Microsoft SQL Server\140\Tools\Binn\;C:\Program Files (x86)\Microsoft SQL Server\140\DTS\Binn\;C:\Program Files (x86)\Microsoft SQL Server\140\Tools\Binn\ManagementStudio\;c:\Program Files\Microsoft SQL Server\110\Tools\Binn\;c:\Program Files (x86)\Microsoft SQL Server\110\Tools\Binn\;c:\Program Files\Microsoft SQL Server\110\DTS\Binn\;c:\Program Files (x86)\Microsoft SQL Server\110\Tools\Binn\ManagementStudio\;c:\Program Files (x86)\Microsoft Visual Studio 10.0\Common7\IDE\PrivateAssemblies\;c:\Program Files (x86)\Microsoft SQL Server\110\DTS\Binn\;C:\Program Files (x86)\WinMerge;C:\Program Files (x86)\Microsoft SQL Server\120\DTS\Binn\;C:\Program Files (x86)\Microsoft SQL Server\130\DTS\Binn\;C:\Program Files (x86)\GitExtensions\;X:\SMC\packages\CBS\bin;X:\SMC\packages\omniORB\bin\x64;C:\Program Files (x86)\Enterprise Vault\EVClient\;C:\Program Files (x86)\GtkSharp\2.12\bin;C:\Program Files (x86)\Microsoft SQL Server\90\Tools\binn\;C:\Program Files (x86)\IncrediBuild;C:\Users\ffra\AppData\Local\Programs\Git\cmd;C:\oraclexe\app\oracle\product\11.2.0\server\bin;D:\Oracle\product\11.2.0\client_1\BIN;C:\Program Files (x86)\Google\Chrome\Application;C:\Program Files\Microsoft VS Code\bin;
       Done executing task "SetEnv".
       Task "SetEnv"
         LIB=C:\Program Files (x86)\Microsoft Visual Studio\2017\Professional\VC\Tools\MSVC\14.15.26726\lib\x64;;C:\Program Files (x86)\Microsoft Visual Studio\2017\Professional\VC\Tools\MSVC\14.15.26726\atlmfc\lib\x64;;C:\Program Files (x86)\Microsoft Visual Studio\2017\Professional\VC\Auxiliary\VS\lib\x64;;C:\Program Files (x86)\Windows Kits\10\lib\10.0.17134.0\ucrt\x64;;;C:\Program Files (x86)\Microsoft Visual Studio\2017\Professional\VC\Auxiliary\VS\UnitTest\lib;C:\Program Files (x86)\Windows Kits\10\lib\10.0.17134.0\um\x64;C:\Program Files (x86)\Windows Kits\NETFXSDK\4.6.1\lib\um\x64;;C:\Program Files (x86)\Windows Kits\NETFXSDK\4.6.1\Lib\um\x64
       Done executing task "SetEnv".
       Task "SetEnv"
         LIBPATH=C:\Program Files (x86)\Microsoft Visual Studio\2017\Professional\VC\Tools\MSVC\14.15.26726\atlmfc\lib\x64;;C:\Program Files (x86)\Microsoft Visual Studio\2017\Professional\VC\Tools\MSVC\14.15.26726\lib\x64;
       Done executing task "SetEnv".
       Task "SetEnv"
         INCLUDE=C:\Program Files (x86)\Microsoft Visual Studio\2017\Professional\VC\Tools\MSVC\14.15.26726\include;;C:\Program Files (x86)\Microsoft Visual Studio\2017\Professional\VC\Tools\MSVC\14.15.26726\atlmfc\include;;C:\Program Files (x86)\Microsoft Visual Studio\2017\Professional\VC\Auxiliary\VS\include;;C:\Program Files (x86)\Windows Kits\10\Include\10.0.17134.0\ucrt;;;C:\Program Files (x86)\Microsoft Visual Studio\2017\Professional\VC\Auxiliary\VS\UnitTest\include;C:\Program Files (x86)\Windows Kits\10\Include\10.0.17134.0\um;C:\Program Files (x86)\Windows Kits\10\Include\10.0.17134.0\shared;C:\Program Files (x86)\Windows Kits\10\Include\10.0.17134.0\winrt;C:\Program Files (x86)\Windows Kits\10\Include\10.0.17134.0\cppwinrt;C:\Program Files (x86)\Windows Kits\NETFXSDK\4.6.1\Include\um;C:\Program Files (x86)\Windows Kits\NETFXSDK\4.6.1\Include\um;
       Done executing task "SetEnv".
     1>Done building target "SetBuildDefaultEnvironmentVariables" in project "LF_Frame.vcxproj".
       Target "SetUserMacroEnvironmentVariables" skipped, due to false condition; ('@(BuildMacro)' != '' and '$(DesignTimeBuild)' != 'true') was evaluated as ('' != '' and '' != 'true').
       Target "_PrepareForReferenceResolution" skipped. Previously built successfully.
     1>Target "GetResolvedWinMD" in file "C:\Program Files (x86)\Microsoft Visual Studio\2017\Professional\Common7\IDE\VC\VCTargets\Microsoft.CppBuild.targets" from project "X:\SMC\source\LF\LF_Frame\LF_Frame.vcxproj" (target "PrepareForBuild" depends on it):
     1>Done building target "GetResolvedWinMD" in project "LF_Frame.vcxproj".
     1>Target "PlatformPrepareForBuild" in file "C:\Program Files (x86)\Microsoft Visual Studio\2017\Professional\Common7\IDE\VC\VCTargets\Microsoft.Cpp.Platform.targets" from project "X:\SMC\source\LF\LF_Frame\LF_Frame.vcxproj" (target "PrepareForBuild" depends on it):
       Task "VCMessage" skipped, due to false condition; ('$(_Error64bitToolsNotInstalled)' == 'true') was evaluated as ('' == 'true').
       Task "VCMessage" skipped, due to false condition; ('$(DesignTimeBuild)'!='true' and '$(_ToolsetFound)' != 'true' and '$(PlatformToolset)' == '') was evaluated as (''!='true' and 'true' != 'true' and 'v141' == '').
       Task "VCMessage" skipped, due to false condition; ('$(DesignTimeBuild)'!='true' and '$(_ToolsetFound)' != 'true' and '$(PlatformToolset)' == 'v110') was evaluated as (''!='true' and 'true' != 'true' and 'v141' == 'v110').
       Task "VCMessage" skipped, due to false condition; ('$(DesignTimeBuild)'!='true' and '$(_ToolsetFound)' != 'true' and '$(PlatformToolset)' == 'v100') was evaluated as (''!='true' and 'true' != 'true' and 'v141' == 'v100').
       Task "VCMessage" skipped, due to false condition; ('$(DesignTimeBuild)'!='true' and '$(_ToolsetFound)' != 'true' and '$(PlatformToolset)' == 'v90') was evaluated as (''!='true' and 'true' != 'true' and 'v141' == 'v90').
       Task "VCMessage" skipped, due to false condition; ('$(DesignTimeBuild)'!='true' and '$(_ToolsetFound)' != 'true' and '$(PlatformToolset)' != 'v90' and '$(PlatformToolset)' != 'v100' and '$(PlatformToolset)' != 'v110') was evaluated as (''!='true' and 'true' != 'true' and 'v141' != 'v90' and 'v141' != 'v100' and 'v141' != 'v110').
     1>Done building target "PlatformPrepareForBuild" in project "LF_Frame.vcxproj".
     1>Target "_CheckWindowsSDKInstalled" in file "C:\Program Files (x86)\Microsoft Visual Studio\2017\Professional\Common7\IDE\VC\VCTargets\Microsoft.Cpp.WindowsSDK.targets" from project "X:\SMC\source\LF\LF_Frame\LF_Frame.vcxproj" (target "PrepareForBuild" depends on it):
       Task "VCMessage" skipped, due to false condition; ('$(WindowsSDKInstalled)' != 'true') was evaluated as ('true' != 'true').
       Task "VCMessage" skipped, due to false condition; ('$(PlatformShortName)' == 'ARM' and '$(WindowsAppContainer)' != 'true' and '$(WindowsSDKDesktopARMSupport)' != 'true') was evaluated as ('x64' == 'ARM' and 'false' != 'true' and '' != 'true').
       Task "VCMessage" skipped, due to false condition; ('$(PlatformShortName)' == 'ARM64' and '$(WindowsAppContainer)' != 'true' and '$(WindowsSDKDesktopARM64Support)' != 'true') was evaluated as ('x64' == 'ARM64' and 'false' != 'true' and '' != 'true').
       Task "VCMessage" skipped, due to false condition; ('$(WindowsAppContainer)' != 'true' and '$(WindowsSDK_Desktop_Support)' != true) was evaluated as ('false' != 'true' and 'true' != true).
     1>Done building target "_CheckWindowsSDKInstalled" in project "LF_Frame.vcxproj".
       Target "GetFrameworkPaths" skipped. Previously built successfully.
       Target "GetReferenceAssemblyPaths" skipped. Previously built successfully.
       Target "AssignLinkMetadata" skipped, due to false condition; ( '$(SynthesizeLinkMetadata)' == 'true' ) was evaluated as ( '' == 'true' ).
     1>Target "SetCABuildNativeEnvironmentVariables" in file "C:\Program Files (x86)\Microsoft Visual Studio\2017\Professional\MSBuild\Microsoft\VisualStudio\v15.0\CodeAnalysis\Microsoft.CodeAnalysis.targets" from project "X:\SMC\source\LF\LF_Frame\LF_Frame.vcxproj" (target "PrepareForBuild" depends on it):
       Task "SetEnv"
         CAExcludePath=C:\Program Files (x86)\Microsoft Visual Studio\2017\Professional\VC\Tools\MSVC\14.15.26726\atlmfc\include;C:\Program Files (x86)\Microsoft Visual Studio\2017\Professional\VC\Tools\MSVC\14.15.26726\include;C:\Program Files (x86)\Windows Kits\10\Include\10.0.17134.0\ucrt;;C:\Program Files (x86)\Windows Kits\10\Include\10.0.17134.0\um;C:\Program Files (x86)\Windows Kits\10\Include\10.0.17134.0\shared;C:\Program Files (x86)\Windows Kits\10\Include\10.0.17134.0\winrt;C:\Program Files (x86)\Windows Kits\10\Include\10.0.17134.0\cppwinrt;C:\Program Files (x86)\Windows Kits\NETFXSDK\4.6.1\Include\um;C:\Program Files (x86)\Windows Kits\NETFXSDK\4.6.1\Include\um;
       Done executing task "SetEnv".
     1>Done building target "SetCABuildNativeEnvironmentVariables" in project "LF_Frame.vcxproj".
     1>Target "PrepareForBuild" in file "C:\Program Files (x86)\Microsoft Visual Studio\2017\Professional\Common7\IDE\VC\VCTargets\Microsoft.CppBuild.targets" from project "X:\SMC\source\LF\LF_Frame\LF_Frame.vcxproj" (target "ResolveAssemblyReferences" depends on it):
       Task "VCMessage" skipped, due to false condition; ('$(DesignTimeBuild)' != 'true' and '$(ConfigurationPlatformExists)' != 'true') was evaluated as ('' != 'true' and 'true' != 'true').
       Task "MakeDir"
       Done executing task "MakeDir".
       Task "VCMessage" skipped, due to false condition; ('$(DesignTimeBuild)'!='true' and '$(WindowsAppContainer)'=='true' and '$(ConfigurationType)'!='Application' and '$(ConfigurationType)'!='DynamicLibrary' and '$(ConfigurationType)'!='StaticLibrary') was evaluated as (''!='true' and 'false'=='true' and 'StaticLibrary'!='Application' and 'StaticLibrary'!='DynamicLibrary' and 'StaticLibrary'!='StaticLibrary').
       Task "VCMessage" skipped, due to false condition; ('$(DesignTimeBuild)'!='true' and '$(VCToolsInstallDir)'=='' and '$(UseEnv)' != 'true' and ('$(TargetFrameworkVersion)'=='v3.5' or '$(TargetFrameworkVersion)'=='v3.0' or '$(TargetFrameworkVersion)'=='v2.0' )) was evaluated as (''!='true' and 'C:\Program Files (x86)\Microsoft Visual Studio\2017\Professional\VC\Tools\MSVC\14.15.26726\'=='' and '' != 'true' and ('v4.0'=='v3.5' or 'v4.0'=='v3.0' or 'v4.0'=='v2.0' )).
       Task "VCMessage" skipped, due to false condition; ('$(DesignTimeBuild)'!='true' and '$(VCToolsInstallDir)'=='' and '$(UseEnv)' != 'true' and '$(PlatformToolset)'=='v90') was evaluated as (''!='true' and 'C:\Program Files (x86)\Microsoft Visual Studio\2017\Professional\VC\Tools\MSVC\14.15.26726\'=='' and '' != 'true' and 'v141'=='v90').
       Task "VCMessage" skipped, due to false condition; ('$(DesignTimeBuild)'!='true' and '$(VCToolsInstallDir)'=='' and '$(UseEnv)' != 'true') was evaluated as (''!='true' and 'C:\Program Files (x86)\Microsoft Visual Studio\2017\Professional\VC\Tools\MSVC\14.15.26726\'=='' and '' != 'true').
       Task "VCMessage" skipped, due to false condition; ('$(DesignTimeBuild)'!='true' and '$(WindowsSDKDir)'=='' and '$(UseEnv)' != 'true') was evaluated as (''!='true' and 'C:\Program Files (x86)\Windows Kits\10\'=='' and '' != 'true').
       Task "VCMessage" skipped, due to false condition; ('$(DesignTimeBuild)'!='true' and '$(IntDirTrailingSlashWarning)'=='true') was evaluated as (''!='true' and ''=='true').
       Task "VCMessage" skipped, due to false condition; ('$(DesignTimeBuild)'!='true' and '$(OutDirTrailingSlashWarning)'=='true') was evaluated as (''!='true' and ''=='true').
       Task "VCMessage" skipped, due to false condition; ('%(CompatibilityIssues.Identity)' != '' and '$(DesignTimeBuild)'!='true') was evaluated as ('' != '' and ''!='true').
       Task "VCMessage" skipped, due to false condition; ('$(IgnoreWarnIntDirSharingDetected)' != 'true' and '$(IntDirSharingDetected)' == 'true') was evaluated as ('' != 'true' and '' == 'true').
       Task "VCMessage" skipped, due to false condition; ('$(DesignTimeBuild)'!='true' and '$(IgnoreWarnIntDirInTempDetected)' != 'true' and ('$(_IntDirFullpath.StartsWith($(Tmp), true, null))' == 'true' or '$(_IntDirFullpath.StartsWith($(Temp), true, null))' == 'true' or '$(_OutDirFullpath.StartsWith($(Tmp), true, null))' == 'true' or '$(_OutDirFullpath.StartsWith($(Temp), true, null))' == 'true')) was evaluated as (''!='true' and '' != 'true' and ('False' == 'true' or 'False' == 'true' or 'False' == 'true' or 'False' == 'true')).
       Task "VCMessage" skipped, due to false condition; ('$(DesignTimeBuild)' != 'true' and '$(SpectreMitigation)' != '' and '$(SpectreMitigation)' != 'false' and (('$(_VC_Target_Library_Platform)' == 'OneCore' and !Exists('$(VC_LibraryPath_VC_x86_OneCore)')) or ('$(_VC_Target_Library_Platform)' == 'Desktop' and !Exists('$(VC_LibraryPath_VC_x86_Desktop)')))) was evaluated as ('' != 'true' and 'false' != '' and 'false' != 'false' and (('Desktop' == 'OneCore' and !Exists('C:\Program Files (x86)\Microsoft Visual Studio\2017\Professional\VC\Tools\MSVC\14.15.26726\lib\onecore\x86')) or ('Desktop' == 'Desktop' and !Exists('C:\Program Files (x86)\Microsoft Visual Studio\2017\Professional\VC\Tools\MSVC\14.15.26726\lib\x86')))).
       Task "MakeDir"
         Creating directory "x64\Debug\LF_Frame.tlog\".
       Done executing task "MakeDir".
     1>Done building target "PrepareForBuild" in project "LF_Frame.vcxproj".
       Target "_PrepareForReferenceResolution" skipped. Previously built successfully.
       Target "ComputeCrtSDKReference" skipped, due to false condition; ('@(ClCompile)'!='' and '$(WindowsAppContainer)'=='true' and '$(UseCrtSDKReference)' != 'false') was evaluated as ('CLFAnalysisEventHandler.cpp;CLFAnalysisHandlingWrapper.cpp;CLFBottomStirringWrapper.cpp;CLFCeloxMeasurementWrapper.cpp;CLFChangePhysicalMaterialAvailibilityWrapper.cpp;CLFCyclicMeasurementWrapper.cpp;CLFElectricSignalsWrapper.cpp;CLFEventHandler.cpp;CLFLiquidMaterialsHandlingWrapper.cpp;CLFManualMaterialBatchWrapper.cpp;CLFMaterialHandlingEventHandler.cpp;CLFModelResultWrapper.cpp;CLFModelStatusEventHandler.cpp;CLFModelStatusWrapper.cpp;CLFModelTask.cpp;CLFModelTestResultWrapper.cpp;CLFMODELWrapper.cpp;CLFModesAndAvailibilitiesEventHandler.cpp;CLFModesandAvailibilitiesWrapper.cpp;CLFPurposeEventHandler.cpp;CLFPurposeHandlingWrapper.cpp;CLFRoofPositionWrapper.cpp;CLFSignalsAndMeasurementEventHandler.cpp;CLFSolidMaterialsHandlingWrapper.cpp;CLFTemperaturMeasurementWrapper.cpp;CLFTreatmentManagerDataWrapper.cpp;CLFTreatmentManagerEventHandler.cpp;iDM_Interface_dynSK.cpp;iDM_Interface_s.cpp;iEventMessages_dynSK.cpp;iEventMessages_s.cpp;iModelResults_dynSK.cpp;iModelResults_s.cpp;iSMC_DataDefinitions_dynSK.cpp;iSMC_DataDefinitions_s.cpp;iSMC_DataProvider_dynSK.cpp;iSMC_DataProvider_s.cpp'!='' and 'false'=='true' and '' != 'false').
       Target "GetInstalledSDKLocations" skipped, due to false condition; ('@(SDKReference)' != '') was evaluated as ('' != '').
     1>Target "ResolveSDKReferences" in file "C:\Program Files (x86)\Microsoft Visual Studio\2017\Professional\MSBuild\15.0\Bin\Microsoft.Common.CurrentVersion.targets" from project "X:\SMC\source\LF\LF_Frame\LF_Frame.vcxproj" (target "ResolveAssemblyReferences" depends on it):
       Task "ResolveSDKReference" skipped, due to false condition; ('@(SDKReference)'!='') was evaluated as (''!='').
     1>Done building target "ResolveSDKReferences" in project "LF_Frame.vcxproj".
       Target "ResolveSDKReferences" skipped. Previously built successfully.
     1>Target "ExpandSDKReferences" in file "C:\Program Files (x86)\Microsoft Visual Studio\2017\Professional\MSBuild\15.0\Bin\Microsoft.Common.CurrentVersion.targets" from project "X:\SMC\source\LF\LF_Frame\LF_Frame.vcxproj" (target "ResolveAssemblyReferences" depends on it):
       Task "GetSDKReferenceFiles" skipped, due to false condition; ('@(ResolvedSDKReference)'!='') was evaluated as (''!='').
     1>Done building target "ExpandSDKReferences" in project "LF_Frame.vcxproj".
       Target "ResolveNuGetPackageAssets" skipped, due to false condition; ('$(ResolveNuGetPackages)' == 'true' and exists('$(ProjectLockFile)')) was evaluated as ('true' == 'true' and exists('obj\project.assets.json')).
       Target "ImplicitlyExpandNETStandardFacades" skipped, due to false condition; ('$(ImplicitlyExpandNETStandardFacades)' == 'true') was evaluated as ('' == 'true').
       Target "GetReferenceAssemblyPaths" skipped. Previously built successfully.
       Target "ImplicitlyExpandNETStandardFacades" skipped, due to false condition; ('$(ImplicitlyExpandNETStandardFacades)' == 'true') was evaluated as ('' == 'true').
     1>Target "_HandlePackageFileConflicts" in file "C:\Program Files (x86)\Microsoft Visual Studio\2017\Professional\MSBuild\Microsoft\Microsoft.NET.Build.Extensions\Microsoft.NET.Build.Extensions.ConflictResolution.targets" from project "X:\SMC\source\LF\LF_Frame\LF_Frame.vcxproj" (target "ResolveAssemblyReferences" depends on it):
       Using "ResolvePackageFileConflicts" task from assembly "C:\Program Files (x86)\Microsoft Visual Studio\2017\Professional\MSBuild\Microsoft\Microsoft.NET.Build.Extensions\\tools\net46\Microsoft.NET.Build.Extensions.Tasks.dll".
       Task "ResolvePackageFileConflicts"
       Done executing task "ResolvePackageFileConflicts".
     1>Done building target "_HandlePackageFileConflicts" in project "LF_Frame.vcxproj".
     1>Target "ResolveAssemblyReferences" in file "C:\Program Files (x86)\Microsoft Visual Studio\2017\Professional\MSBuild\15.0\Bin\Microsoft.Common.CurrentVersion.targets" from project "X:\SMC\source\LF\LF_Frame\LF_Frame.vcxproj" (target "ResolveReferences" depends on it):
       Task "ResolveAssemblyReference" skipped, due to false condition; ('@(Reference)'!='' or '@(_ResolvedProjectReferencePaths)'!='' or '@(_ExplicitReference)' != '') was evaluated as (''!='' or ''!='' or '' != '').
     1>Done building target "ResolveAssemblyReferences" in project "LF_Frame.vcxproj".
       Target "GenerateBindingRedirects" skipped, due to false condition; ('$(AutoGenerateBindingRedirects)' == 'true' and '$(GenerateBindingRedirectsOutputType)' == 'true') was evaluated as ('' == 'true' and '' == 'true').
       Target "_RemoveZipFileSuggestedRedirect" skipped, due to false condition; ('$(_TargetFrameworkVersionWithoutV)' >= '4.7.1' And '$(AllowZipFileRedirect)' != 'true') was evaluated as ('4.0' >= '4.7.1' And '' != 'true').
       Target "GenerateBindingRedirectsUpdateAppConfig" skipped, due to false condition; ('$(AutoGenerateBindingRedirects)' == 'true' and '$(GenerateBindingRedirectsOutputType)' == 'true' and Exists('$(_GenerateBindingRedirectsIntermediateAppConfig)')) was evaluated as ('' == 'true' and '' == 'true' and Exists('x64\Debug\LF_Frame_d.lib.config')).
       Target "ResolveComReferences" skipped, due to false condition; ('@(COMReference)'!='' or '@(COMFileReference)'!='') was evaluated as (''!='' or ''!='').
     1>Target "AfterResolveReferences" in file "C:\Program Files (x86)\Microsoft Visual Studio\2017\Professional\MSBuild\15.0\Bin\Microsoft.Common.CurrentVersion.targets" from project "X:\SMC\source\LF\LF_Frame\LF_Frame.vcxproj" (target "ResolveReferences" depends on it):
     1>Done building target "AfterResolveReferences" in project "LF_Frame.vcxproj".
       Target "ImplicitlyExpandDesignTimeFacades" skipped, due to false condition; ('$(ImplicitlyExpandDesignTimeFacades)' == 'true') was evaluated as ('' == 'true').
       Target "ResolveTestReferences" skipped, due to false condition; ('@(Shadow)'!='') was evaluated as (''!='').
     1>Target "ResolveReferences" in file "C:\Program Files (x86)\Microsoft Visual Studio\2017\Professional\MSBuild\15.0\Bin\Microsoft.Common.CurrentVersion.targets" from project "X:\SMC\source\LF\LF_Frame\LF_Frame.vcxproj" (target "Build" depends on it):
     1>Done building target "ResolveReferences" in project "LF_Frame.vcxproj".
       Target "PrepareForBuild" skipped. Previously built successfully.
       Target "PrepareForBuild" skipped. Previously built successfully.
     1>Target "InitializeBuildStatus" in file "C:\Program Files (x86)\Microsoft Visual Studio\2017\Professional\Common7\IDE\VC\VCTargets\Microsoft.CppBuild.targets" from project "X:\SMC\source\LF\LF_Frame\LF_Frame.vcxproj" (target "Build" depends on it):
       Task "ReadLinesFromFile"
       Done executing task "ReadLinesFromFile".
       Task "WriteLinesToFile"
       Done executing task "WriteLinesToFile".
       Task "Touch"
         Creating "x64\Debug\LF_Frame.tlog\unsuccessfulbuild" because "AlwaysCreate" was specified.
       Done executing task "Touch".
     1>Done building target "InitializeBuildStatus" in project "LF_Frame.vcxproj".
       Target "PrepareProjectReferences" skipped. Previously built successfully.
     1>Target "BuildGenerateSourcesTraverse" in file "C:\Program Files (x86)\Microsoft Visual Studio\2017\Professional\MSBuild\15.0\Bin\Microsoft.Common.CurrentVersion.targets" from project "X:\SMC\source\LF\LF_Frame\LF_Frame.vcxproj" (target "BuildGenerateSources" depends on it):
       Task "MSBuild" skipped, due to false condition; ('$(BuildPassReferences)' == 'true' and '@(ProjectReferenceWithConfiguration)' != '' and '@(_MSBuildProjectReferenceExistent)' != '' and '%(_MSBuildProjectReferenceExistent.BuildReference)' == 'true') was evaluated as ('' == 'true' and '..\..\SMC_DBClasses\SMC_DBClasses.vcxproj;..\..\SMC_EventLogSystem\SMC_EventLogSystem.vcxproj;..\..\SMM_Frame\SMM_Frame.vcxproj' != '' and '..\..\SMC_DBClasses\SMC_DBClasses.vcxproj;..\..\SMC_EventLogSystem\SMC_EventLogSystem.vcxproj;..\..\SMM_Frame\SMM_Frame.vcxproj' != '' and 'true' == 'true').
     1>Done building target "BuildGenerateSourcesTraverse" in project "LF_Frame.vcxproj".
       Target "PrepareForBuild" skipped. Previously built successfully.
       Target "ResolveReferences" skipped. Previously built successfully.
     1>Target "BeforeBuildGenerateSources" in file "C:\Program Files (x86)\Microsoft Visual Studio\2017\Professional\Common7\IDE\VC\VCTargets\Microsoft.BuildSteps.Targets" from project "X:\SMC\source\LF\LF_Frame\LF_Frame.vcxproj" (target "_BuildGenerateSourcesAction" depends on it):
     1>Done building target "BeforeBuildGenerateSources" in project "LF_Frame.vcxproj".
     1>Target "PreBuildEvent" in file "C:\Program Files (x86)\Microsoft Visual Studio\2017\Professional\Common7\IDE\VC\VCTargets\Microsoft.CppCommon.targets" from project "X:\SMC\source\LF\LF_Frame\LF_Frame.vcxproj" (target "_BuildGenerateSourcesAction" depends on it):
       Task "Message" skipped, due to false condition; ('%(PreBuildEvent.Message)' != '' and '%(PreBuildEvent.Command)' != '') was evaluated as ('' != '' and '' != '').
       Task "Exec" skipped, due to false condition; ('%(PreBuildEvent.Command)' != '') was evaluated as ('' != '').
     1>Done building target "PreBuildEvent" in project "LF_Frame.vcxproj".
       Target "PrepareForBuild" skipped. Previously built successfully.
       Target "InitializeBuildStatus" skipped. Previously built successfully.
       Target "SetBuildDefaultEnvironmentVariables" skipped. Previously built successfully.
       Target "SetUserMacroEnvironmentVariables" skipped, due to false condition; ('@(BuildMacro)' != '' and '$(DesignTimeBuild)' != 'true') was evaluated as ('' != '' and '' != 'true').
     1>Target "_SelectedFiles" in file "C:\Program Files (x86)\Microsoft Visual Studio\2017\Professional\Common7\IDE\VC\VCTargets\Microsoft.CppBuild.targets" from project "X:\SMC\source\LF\LF_Frame\LF_Frame.vcxproj" (target "SelectCustomBuild" depends on it):
     1>Done building target "_SelectedFiles" in project "LF_Frame.vcxproj".
     1>Target "SelectCustomBuild" in file "C:\Program Files (x86)\Microsoft Visual Studio\2017\Professional\Common7\IDE\VC\VCTargets\Microsoft.CppBuild.targets" from project "X:\SMC\source\LF\LF_Frame\LF_Frame.vcxproj" (target "CustomBuild" depends on it):
     1>Done building target "SelectCustomBuild" in project "LF_Frame.vcxproj".
     1>Target "ComputeCustomBuildOutput" in file "C:\Program Files (x86)\Microsoft Visual Studio\2017\Professional\Common7\IDE\VC\VCTargets\Microsoft.CppBuild.targets" from project "X:\SMC\source\LF\LF_Frame\LF_Frame.vcxproj" (target "CustomBuild" depends on it):
       Task "CreateItem" skipped, due to false condition; ('%(CustomBuildOutputs.OutputItemType)'!='') was evaluated as (''!='').
       Task "MakeDir"
       Done executing task "MakeDir".
     1>Done building target "ComputeCustomBuildOutput" in project "LF_Frame.vcxproj".
     1>Target "CustomBuild" in file "C:\Program Files (x86)\Microsoft Visual Studio\2017\Professional\Common7\IDE\VC\VCTargets\Microsoft.CppCommon.targets" from project "X:\SMC\source\LF\LF_Frame\LF_Frame.vcxproj" (target "_BuildGenerateSourcesAction" depends on it):
       Using "GetOutOfDateItems" task from assembly "C:\Program Files (x86)\Microsoft Visual Studio\2017\Professional\Common7\IDE\VC\VCTargets\Microsoft.Build.CppTasks.Common.dll".
       Task "GetOutOfDateItems"
       Done executing task "GetOutOfDateItems".
       Task "ParallelCustomBuild" skipped, due to false condition; ('@(_ParallelCustomBuild)' != '') was evaluated as ('' != '').
       Using "CustomBuild" task from assembly "C:\Program Files (x86)\Microsoft Visual Studio\2017\Professional\Common7\IDE\VC\VCTargets\Microsoft.Build.CppTasks.Common.dll".
       Task "CustomBuild"
         All source files are not up-to-date: missing command TLog "X:\SMC\source\LF\LF_Frame\x64\Debug\LF_Frame.tlog\custombuild.command.1.tlog".
         X:\SMC\packages\omniORB\bin\x86_win32\omniidl -IX:\SMC\packages\CBS\include -IX:\SMC\source -bcxx -k -K -Wba -Wbs=_s.cpp -Wbd=_dynSK.cpp -Wbh=_s.hh X:\SMC\source\DM\DM_Interface\iDM_Interface.idl
         X:\SMC\packages\omniORB\bin\x86_win32\omniidl -IX:\SMC\packages\CBS\include -IX:\SMC\source -bcxx -k -K -Wba -Wbs=_s.cpp -Wbd=_dynSK.cpp -Wbh=_s.hh X:\SMC\source\SMC_Frame\iEventMessages.idl
         X:\SMC\packages\omniORB\bin\x86_win32\omniidl -IX:\SMC\packages\CBS\include -IX:\SMC\source -bcxx -k -K -Wba -Wbs=_s.cpp -Wbd=_dynSK.cpp -Wbh=_s.hh X:\SMC\source\SMC_Frame\iModelResults.idl
         X:\SMC\packages\omniORB\bin\x86_win32\omniidl -IX:\SMC\packages\CBS\include -IX:\SMC\source -bcxx -k -K -Wba -Wbs=_s.cpp -Wbd=_dynSK.cpp -Wbh=_s.hh X:\SMC\source\SMC_Frame\iSMC_DataDefinitions.idl
         X:\SMC\packages\omniORB\bin\x86_win32\omniidl -IX:\SMC\packages\CBS\include -IX:\SMC\source -bcxx -k -K -Wba -Wbs=_s.cpp -Wbd=_dynSK.cpp -Wbh=_s.hh X:\SMC\source\SMC_Frame\iSMC_DataProvider.idl
         Performing Custom Build Tools on X:\SMC\source\DM\DM_Interface\iDM_Interface.idl 
         The system cannot find the path specified.
         The system cannot find the path specified.
         The system cannot find the path specified.
         The system cannot find the path specified.
         The system cannot find the path specified.
         Performing Custom Build Tools on X:\SMC\source\SMC_Frame\iEventMessages.idl 
         Performing Custom Build Tools on X:\SMC\source\SMC_Frame\iModelResults.idl 
         Performing Custom Build Tools on X:\SMC\source\SMC_Frame\iSMC_DataDefinitions.idl 
         Performing Custom Build Tools on X:\SMC\source\SMC_Frame\iSMC_DataProvider.idl 
     1>C:\Program Files (x86)\Microsoft Visual Studio\2017\Professional\Common7\IDE\VC\VCTargets\Microsoft.CppCommon.targets(209,5): error MSB6006: "cmd.exe" exited with code 3.
       Done executing task "CustomBuild" -- FAILED.
     1>Done building target "CustomBuild" in project "LF_Frame.vcxproj" -- FAILED.
     1>Done Building Project "X:\SMC\source\LF\LF_Frame\LF_Frame.vcxproj" (Build target(s)) -- FAILED.

Build FAILED.

       "X:\SMC\source\LF\LF_Frame\LF_Frame.vcxproj" (Build target) (1) ->
       (CustomBuild target) -> 
         C:\Program Files (x86)\Microsoft Visual Studio\2017\Professional\Common7\IDE\VC\VCTargets\Microsoft.CppCommon.targets(209,5): error MSB6006: "cmd.exe" exited with code 3.

    0 Warning(s)
    1 Error(s)

Time Elapsed 00:00:02.43
