..\Comani\bin\Debug\Meltshop.ilk
..\Comani\bin\Debug\Meltshop.pdb
D:\JSW-SMS-3\SMC\source\Tools\ComaniV2\Comani\bin\Debug\LibTelcom.dll
D:\JSW-SMS-3\SMC\source\Tools\ComaniV2\Comani\bin\Debug\LibTelcom.pdb
D:\JSW-SMS-3\SMC\SOURCE\TOOLS\COMANIV2\COMANI\BIN\DEBUG\MELTSHOP.DLL
D:\JSW-SMS-3\SMC\SOURCE\TOOLS\COMANIV2\COMANI\BIN\DEBUG\MELTSHOP.ILK
D:\JSW-SMS-3\SMC\SOURCE\TOOLS\COMANIV2\COMANI\BIN\DEBUG\MELTSHOP.PDB
D:\JSW-SMS-3\SMC\source\Tools\ComaniV2\Meltshop\..\Comani\bin\Debug\Meltshop.dll
D:\JSW-SMS-3\SMC\SOURCE\TOOLS\COMANIV2\MELTSHOP\BASINTRF_S.H
D:\JSW-SMS-3\SMC\SOURCE\TOOLS\COMANIV2\MELTSHOP\DEBUG\.NETFRAMEWORK,VERSION=V4.0.ASSEMBLYATTRIBUTES.OBJ
D:\JSW-SMS-3\SMC\SOURCE\TOOLS\COMANIV2\MELTSHOP\DEBUG\APP.RES
D:\JSW-SMS-3\SMC\SOURCE\TOOLS\COMANIV2\MELTSHOP\DEBUG\ASSEMBLYINFO.OBJ
D:\JSW-SMS-3\SMC\SOURCE\TOOLS\COMANIV2\MELTSHOP\DEBUG\BASINTRF_DYNSK.OBJ
D:\JSW-SMS-3\SMC\SOURCE\TOOLS\COMANIV2\MELTSHOP\DEBUG\BASINTRF_S.OBJ
D:\JSW-SMS-3\SMC\source\Tools\ComaniV2\Meltshop\Debug\cl.command.1.tlog
D:\JSW-SMS-3\SMC\source\Tools\ComaniV2\Meltshop\Debug\CL.read.1.tlog
D:\JSW-SMS-3\SMC\source\Tools\ComaniV2\Meltshop\Debug\CL.write.1.tlog
D:\JSW-SMS-3\SMC\source\Tools\ComaniV2\Meltshop\Debug\custombuild.command.1.tlog
D:\JSW-SMS-3\SMC\source\Tools\ComaniV2\Meltshop\Debug\custombuild.read.1.tlog
D:\JSW-SMS-3\SMC\source\Tools\ComaniV2\Meltshop\Debug\custombuild.write.1.tlog
D:\JSW-SMS-3\SMC\SOURCE\TOOLS\COMANIV2\MELTSHOP\DEBUG\DLGCONFIGURESOURCE.OBJ
D:\JSW-SMS-3\SMC\SOURCE\TOOLS\COMANIV2\MELTSHOP\DEBUG\DLGSELECTCONNECTION.OBJ
D:\JSW-SMS-3\SMC\source\Tools\ComaniV2\Meltshop\Debug\GenerateResource.read.1.tlog
D:\JSW-SMS-3\SMC\source\Tools\ComaniV2\Meltshop\Debug\GenerateResource.write.1.tlog
D:\JSW-SMS-3\SMC\SOURCE\TOOLS\COMANIV2\MELTSHOP\DEBUG\IBASCONNECTION.OBJ
D:\JSW-SMS-3\SMC\source\Tools\ComaniV2\Meltshop\Debug\link.7796.read.1.tlog
D:\JSW-SMS-3\SMC\source\Tools\ComaniV2\Meltshop\Debug\link.7796.write.1.tlog
D:\JSW-SMS-3\SMC\source\Tools\ComaniV2\Meltshop\Debug\link.7796-cvtres.read.1.tlog
D:\JSW-SMS-3\SMC\source\Tools\ComaniV2\Meltshop\Debug\link.7796-cvtres.write.1.tlog
D:\JSW-SMS-3\SMC\source\Tools\ComaniV2\Meltshop\Debug\link.command.1.tlog
D:\JSW-SMS-3\SMC\source\Tools\ComaniV2\Meltshop\Debug\link.read.1.tlog
D:\JSW-SMS-3\SMC\source\Tools\ComaniV2\Meltshop\Debug\link.write.1.tlog
D:\JSW-SMS-3\SMC\SOURCE\TOOLS\COMANIV2\MELTSHOP\DEBUG\MELTSHOP.DLGCONFIGURESOURCE.RESOURCES
D:\JSW-SMS-3\SMC\SOURCE\TOOLS\COMANIV2\MELTSHOP\DEBUG\MELTSHOP.DLGSELECTCONNECTION.RESOURCES
D:\JSW-SMS-3\SMC\SOURCE\TOOLS\COMANIV2\MELTSHOP\DEBUG\MELTSHOP.DLL.INTERMEDIATE.MANIFEST
D:\JSW-SMS-3\SMC\SOURCE\TOOLS\COMANIV2\MELTSHOP\DEBUG\MELTSHOP.OBJ
D:\JSW-SMS-3\SMC\source\Tools\ComaniV2\Meltshop\Debug\Meltshop.write.1.tlog
D:\JSW-SMS-3\SMC\SOURCE\TOOLS\COMANIV2\MELTSHOP\DEBUG\MELTSHOPTELEGRAM.OBJ
D:\JSW-SMS-3\SMC\source\Tools\ComaniV2\Meltshop\Debug\mt.command.1.tlog
D:\JSW-SMS-3\SMC\source\Tools\ComaniV2\Meltshop\Debug\mt.read.1.tlog
D:\JSW-SMS-3\SMC\source\Tools\ComaniV2\Meltshop\Debug\mt.write.1.tlog
D:\JSW-SMS-3\SMC\source\Tools\ComaniV2\Meltshop\Debug\rc.command.1.tlog
D:\JSW-SMS-3\SMC\source\Tools\ComaniV2\Meltshop\Debug\rc.read.1.tlog
D:\JSW-SMS-3\SMC\source\Tools\ComaniV2\Meltshop\Debug\rc.write.1.tlog
D:\JSW-SMS-3\SMC\source\Tools\ComaniV2\Meltshop\Debug\ResolveAssemblyReference.cache
D:\JSW-SMS-3\SMC\SOURCE\TOOLS\COMANIV2\MELTSHOP\DEBUG\VC100.PDB
