Build started 8/10/2018 18:15:48.
     1>Project "X:\SMC\source\SMC_DBClasses\SMC_DBClasses.vcxproj" on node 3 (Build target(s)).
     1>Building with tools version "15.0".
       Target "EnableIntermediateOutputPathMismatchWarning" skipped, due to false condition; ('$(RestoreProjectStyle)' == 'PackageReference') was evaluated as ('' == 'PackageReference').
     1>Target "_CheckForInvalidConfigurationAndPlatform" in file "C:\Program Files (x86)\Microsoft Visual Studio\2017\Professional\MSBuild\15.0\Bin\Microsoft.Common.CurrentVersion.targets" from project "X:\SMC\source\SMC_DBClasses\SMC_DBClasses.vcxproj" (target "SetTelemetryEnvironmentVariables" depends on it):
       Task "Error" skipped, due to false condition; ( '$(_InvalidConfigurationError)' == 'true' ) was evaluated as ( '' == 'true' ).
       Task "Warning" skipped, due to false condition; ( '$(_InvalidConfigurationWarning)' == 'true' ) was evaluated as ( '' == 'true' ).
       Task "Message"
         Configuration=Debug
       Done executing task "Message".
       Task "Message"
         Platform=x64
       Done executing task "Message".
       Task "Error" skipped, due to false condition; ('$(OutDir)' != '' and !HasTrailingSlash('$(OutDir)')) was evaluated as ('V:\SMC\Debug\bin\HMI\' != '' and !HasTrailingSlash('V:\SMC\Debug\bin\HMI\')).
       Task "Error" skipped, due to false condition; ('$(BaseIntermediateOutputPath)' != '' and !HasTrailingSlash('$(BaseIntermediateOutputPath)')) was evaluated as ('obj\' != '' and !HasTrailingSlash('obj\')).
       Task "Error" skipped, due to false condition; ('$(IntermediateOutputPath)' != '' and !HasTrailingSlash('$(IntermediateOutputPath)')) was evaluated as ('x64\Debug\' != '' and !HasTrailingSlash('x64\Debug\')).
       Task "Error" skipped, due to false condition; ( '$(_InitialMSBuildProjectExtensionsPath)' != '' And '$(MSBuildProjectExtensionsPath)' != '$(_InitialMSBuildProjectExtensionsPath)' ) was evaluated as ( 'X:\SMC\source\SMC_DBClasses\obj\' != '' And 'X:\SMC\source\SMC_DBClasses\obj\' != 'X:\SMC\source\SMC_DBClasses\obj\' ).
       Task "Warning" skipped, due to false condition; ( '$(EnableBaseIntermediateOutputPathMismatchWarning)' == 'true' And '$(_InitialBaseIntermediateOutputPath)' != '$(BaseIntermediateOutputPath)' And '$(BaseIntermediateOutputPath)' != '$(MSBuildProjectExtensionsPath)' ) was evaluated as ( '' == 'true' And 'obj\' != 'obj\' And 'obj\' != 'X:\SMC\source\SMC_DBClasses\obj\' ).
     1>Done building target "_CheckForInvalidConfigurationAndPlatform" in project "SMC_DBClasses.vcxproj".
       Target "_CheckForInvalidConfigurationAndPlatform" skipped. Previously built successfully.
     1>Target "SetTelemetryEnvironmentVariables" in file "C:\Program Files (x86)\Microsoft Visual Studio\2017\Professional\Common7\IDE\VC\VCTargets\Microsoft.Cpp.DesignTime.targets" from project "X:\SMC\source\SMC_DBClasses\SMC_DBClasses.vcxproj" (target "Build" depends on it):
       Using "SetEnv" task from assembly "C:\Program Files (x86)\Microsoft Visual Studio\2017\Professional\Common7\IDE\VC\VCTargets\Microsoft.Build.CppTasks.Common.dll".
       Task "SetEnv"
         VSTEL_SolutionSessionID={9A5FB50D-7423-4F1D-AF48-24E610182833}
       Done executing task "SetEnv".
       Task "SetEnv"
         VSTEL_CurrentSolutionBuildID=456006226
       Done executing task "SetEnv".
       Task "SetEnv"
         VSTEL_ProjectID={72925ED1-44FA-3AE5-AD4A-FF5C37F10886}
       Done executing task "SetEnv".
     1>Done building target "SetTelemetryEnvironmentVariables" in project "SMC_DBClasses.vcxproj".
     1>Target "_PrepareForBuild" in file "C:\Program Files (x86)\Microsoft Visual Studio\2017\Professional\Common7\IDE\VC\VCTargets\Microsoft.BuildSteps.Targets" from project "X:\SMC\source\SMC_DBClasses\SMC_DBClasses.vcxproj" (target "Build" depends on it):
       Task "CreateItem" skipped, due to false condition; ('%(CustomBuild.IncludeFileToTool)'!='') was evaluated as (''!='').
     1>Done building target "_PrepareForBuild" in project "SMC_DBClasses.vcxproj".
     1>Target "_PrepareForReferenceResolution" in file "C:\Program Files (x86)\Microsoft Visual Studio\2017\Professional\Common7\IDE\VC\VCTargets\Microsoft.CppBuild.targets" from project "X:\SMC\source\SMC_DBClasses\SMC_DBClasses.vcxproj" (target "ResolveReferences" depends on it):
       Task "Message" skipped, due to false condition; ('$(_REFERENCE_DEBUG)'=='true') was evaluated as (''=='true').
     1>Done building target "_PrepareForReferenceResolution" in project "SMC_DBClasses.vcxproj".
       Target "ComputeCrtSDKReference" skipped, due to false condition; ('@(ClCompile)'!='' and '$(WindowsAppContainer)'=='true' and '$(UseCrtSDKReference)' != 'false') was evaluated as ('CChem_Elem_Container.cpp;CEquipmentData.cpp;CGCH_CALC_MODE.cpp;CGCH_EVENT_LOG.cpp;CGCH_TREAT_TYPE.cpp;CGC_ACTION_DEF.cpp;CGC_ACTION_STATUS_COL.cpp;CGC_ACTIVATION_CHILD_OBJECTS.cpp;CGC_ACTIVATION_PRNT_OBJECTS.cpp;CGC_ACTIVATION_TYPES.cpp;CGC_BARS.cpp;CGC_CHARGE_DEST.cpp;CGC_Charge_Dest_Container.cpp;CGC_COMBI_RECIPE_ENTRY.cpp;CGC_COMP_STATUS.cpp;CGC_COOLWATER.cpp;CGC_CounterContainer.cpp;CGC_CREW_CAT.cpp;CGC_DELAY_GROUP.cpp;CGC_ELEC_SYSTEM.cpp;CGC_EQUIP_CAT.cpp;CGC_EQUIP_COUNTER.cpp;CGC_EQUIP_PROPERTIES.cpp;CGC_GRADE_ANL.cpp;CGC_GRAPH_DOTSTYLE.cpp;CGC_GRAPH_GROUPS.cpp;CGC_GRAPH_GROUPS_SPEC.cpp;CGC_GRAPH_LINESTYLE.cpp;CGC_HEAT_STATUS.cpp;CGC_HEAT_STAT_OBJECT_ACTIVATION.cpp;CGC_LADLE_DEF.cpp;CGC_Ladle_Def_Container.cpp;CGC_LADLE_PARTS.cpp;CGC_LADLE_POS.cpp;CGC_Ladle_Pos_Container.cpp;CGC_LADLE_STATUS.cpp;CGC_LADLE_TYPE.cpp;CGC_MEASUREMENT_NAME.cpp;CGC_MEASUREMENT_TYPE.cpp;CGC_MEMBER_CAT.cpp;CGC_PARAM_GROUP.cpp;CGC_PARAM_TYPE.cpp;CGC_PHASE.cpp;CGC_PHASE_RES_PLANT.cpp;CGC_PhaseContainer.cpp;CGC_PLANT.cpp;CGC_Plant_Container.cpp;CGC_PLANT_DEF.cpp;CGC_PLANT_ORDER.cpp;CGC_PLANTGROUP.cpp;CGC_Plantgroup_Container.cpp;CGC_PLANTGROUP_DESC.cpp;CGC_PLANTSTATUS.cpp;CGC_PP_ORDER_SINGLE_AIMS.cpp;CGC_PRACPHASE_DEF.cpp;CGC_PRODPRAC_DEF.cpp;CGC_PURPOSE_TYPE.cpp;CGC_REBLOWCOOL_REASON.cpp;CGC_RECIPE_L1.cpp;CGC_Recipe_L1Container.cpp;CGC_RECIPE_SOURCE.cpp;CGC_RECIPE_STATUS.cpp;CGC_RESTRI_DEF.cpp;CGC_SAMPLELOC.cpp;CGC_SAMPLEMODE.cpp;CGC_SCRAP_CONTAINER.cpp;CGC_SCRAP_CONTAINER_LOC.cpp;CGC_SCRAP_CONTAINER_STATUS.cpp;CGC_SCRAP_CONTAINER_TYPE.cpp;CGC_SOURCE.cpp;CGC_SourceContainer.cpp;CGC_STATUS.cpp;CGC_THERM_STAT.cpp;CGC_TORPEDOCAR_DEF.cpp;CGC_TORPEDOCAR_LOC.cpp;CGC_TRANSFERCAR_DEF.cpp;CGCC_TRANSLATE_VALUE.cpp;CGD_EQUIP_STRUCT.cpp;CGD_EQUIP_TYPE.cpp;CGC_SHIFT_CAT.cpp;CGD_SHIFT_PATTERN.cpp;CGTH_PP_BASE_VAL.cpp;CGTH_PP_BASE_VAL_STEP.cpp;CGTH_PP_BLOWING.cpp;CGTH_PP_INJECTION.cpp;CGTH_PP_TEMP_CORR.cpp;CGT_DELAY_CODE.cpp;CGT_ENG_UNIT.cpp;CGT_EQUIV.cpp;CGT_EQUIV_ENTRY.cpp;CGT_GRADE.cpp;CGT_GRADE_ANL.cpp;CGT_GRADE_EQUIV.cpp;CGT_GRADE_PRODPRAC.cpp;CGT_GRADE_SAMPLE_FLAG.cpp;CGT_GRADE_SINGLE_AIMS.cpp;CGT_MAT.cpp;CGT_MAT_CHEM.cpp;CGT_MAT_EFF.cpp;CGT_MAT_FEED.cpp;CGT_MAT_PURP.cpp;CGT_MAT_PURP_Container.cpp;CGT_PARAM.cpp;CGT_PARAM_MATRIX.cpp;CGT_PP_PARAM.cpp;CGT_PURP.cpp;CGT_RESTRI.cpp;CGT_RESTRI_ENTRY.cpp;CGT_TREATMODE.cpp;CGT_TREATMODE_ENTRY.cpp;CHDE_ACTUAL_RES.cpp;CHDE_ACTUAL_RES_ANL.cpp;CHDH_ACTION.cpp;CHDH_ACT_EVENT_RES.cpp;CHDH_CYCL_MEAS_DATA.cpp;CHDH_EQUIP_COUNTER.cpp;CHDH_GRADE.cpp;CHDH_GRADE_ANL.cpp;CHDH_HM_DATA.cpp;CHDH_HM_DATA_PHASE.cpp;CHDH_HM_DATA_PRODPRAC.cpp;CHDH_HM_PHASE_RES.cpp;CHDH_HM_RES.cpp;CHDH_PARAM.cpp;CHDH_PARAM_MATRIX.cpp;CHDH_PP_BASE_VAL.cpp;CHDH_PP_BASE_VAL_STEP.cpp;CHDH_PP_BLOWING.cpp;CHDH_PP_INJECTION.cpp;CHDH_PP_TEMP_CORR.cpp;CHDL_ACTUAL_RES_ANL.cpp;CHDL_PHASE_STIRRING_RES.cpp;CHD_ACTION.cpp;CHD_COMP_DATA.cpp;CHD_COOLWATER.cpp;CHD_DELAYS.cpp;CHD_ELEC_SYSTEM.cpp;CHD_EQUIP_COUNTER.cpp;CHD_GRADE.cpp;CHD_GRADE_ANL.cpp;CHD_GRADE_EQUIV.cpp;CHD_GRADE_SINGLE_AIMS.cpp;CHD_HEAT_DATA.cpp;CHD_HEAT_DATA_CUST.cpp;CHD_HEAT_DATA_LIQADD.cpp;CHD_HEAT_DATA_MAT_FEED.cpp;CHD_HEAT_DATA_PRODPRAC.cpp;CHD_HEAT_DATA_STIRR.cpp;CHD_LADLE.cpp;CHD_LADLE_LIFE_DATA.cpp;CHD_MAT_FEED.cpp;CHD_MAT_FEED_CYCL_MEAS_DATA.cpp;CHD_MAT_FEED_RES.cpp;CHD_PARAM.cpp;CHD_PARAM_MATRIX.cpp;CHD_PHASE_RES.cpp;CHD_PHASE_RES_ANL.cpp;CHD_PHASE_RES_PLANT.cpp;CHD_RECIPE.cpp;CHD_RECIPE_ENTRY.cpp;CHD_RESTRI.cpp;CHD_RESTRI_ENTRY.cpp;CHD_SAMPLE.cpp;CHD_SAMPLE_ENTRY.cpp;CHD_SAMPLE_REF.cpp;CHD_TAPCH_DATA.cpp;CHD_TREATMODE.cpp;CHD_TREATMODE_ENTRY.cpp;CHD_WASTEGAS_CYCL_MEAS_DATA.cpp;CHeatDataConverter.cpp;CHeatStatusContainer.cpp;CHMI_PROFILES.cpp;CPCA_COMP.cpp;CPDE_ACTUAL_RES_ANL.cpp;CPDH_ACTION.cpp;CPDH_ACT_EVENT_RES.cpp;CPDH_CYCL_MEAS_DATA.cpp;CPDH_HM_DATA.cpp;CPDH_HM_DATA_PHASE.cpp;CPDH_HM_DATA_PRODPRAC.cpp;CPDH_HM_PHASE_RES.cpp;CPDH_HM_RES.cpp;CPDH_LANCE_DATA.cpp;CPDL_PHASE_STIRRING_RES.cpp;CPD_ACTION.cpp;CPD_COMP_DATA.cpp;CPD_COOLWATER.cpp;CPD_DELAYS.cpp;CPD_ELEC_SYSTEM.cpp;CPD_ELEC_TAPCH.cpp;CPD_EQUIP_COUNTER.cpp;CPD_EQUIP_MOUNT.cpp;CPD_EQUIP_PROPERTY_DETAILS.cpp;CPD_HEAT_DATA.cpp;CPD_HEAT_DATA_CUST.cpp;CPD_HEAT_DATA_LIQADD.cpp;CPD_HEAT_DATA_MAT_FEED.cpp;CPD_HEAT_DATA_PRODPRAC.cpp;CPD_HEAT_DATA_STIRR.cpp;CPD_HEAT_PLANT_REF.cpp;CPD_HEAT_REF.cpp;CPD_HEAT_YIELDS.cpp;CPD_HM_REF.cpp;CPD_HOT_METAL.cpp;CPD_HOT_METAL_ORDER.cpp;CPD_HOTHEEL.cpp;CPD_LADLE.cpp;CPD_LADLE_LIFE_DATA.cpp;CPD_LADLE_ROUTES.cpp;CPD_MAT_AVAIL.cpp;CPD_MAT_FEED_CYCL_MEAS_DATA.cpp;CPD_MAT_FEED_RES.cpp;CPD_PHASE_RES.cpp;CPD_PHASE_RES_ANL.cpp;CPD_PHASE_RES_PLANT.cpp;CPD_PLANTSTATUS.cpp;CPD_PLANTSTATUS_PLANT.cpp;CPD_PRETREATDATA.cpp;CPD_RECIPE.cpp;CPD_RECIPE_ENTRY.cpp;CPD_SAMPLE.cpp;CPD_SAMPLE_ENTRY.cpp;CPD_SAMPLE_REF.cpp;CPD_SCRAP_CONTAINER.cpp;CPD_SCRAP_CONTAINER_ENTRY.cpp;CPD_SCRAP_CONTAINER_ORDER.cpp;CPD_SCRAP_CONTAINER_ORDER_ENTRY.cpp;CPD_TAPCH_DATA.cpp;CPD_TORPEDOCAR.cpp;CPD_WASTEGAS_CYCL_MEAS_DATA.cpp;CPP_HEAT.cpp;CPP_HEAT_PLANT.cpp;CPP_HM.cpp;CPP_MEMBER_CREW_ASSIGNMENT.cpp;CPP_ORDER.cpp;CPP_ORDER_SINGLE_AIMS.cpp;CPP_SHIFT_CREW_ASSIGNMENT.cpp;CREPORT_MOTOR.cpp;CREPORT_MOTOR_ENTRY.cpp;CShiftCrewData.cpp;CSMC_DBColProfile.cpp;CSMC_DBColProfileBlob.cpp;CSMC_DBColProfileBool.cpp;CSMC_DBColProfileDate.cpp;CSMC_DBColProfileDouble.cpp;CSMC_DBColProfileLong.cpp;CSMC_DBColProfileString.cpp;CSMC_DBData.cpp;CSMC_DBMetaData.cpp;CSMC_DBTableBase.cpp;CVPD_RECIPE_CURR_STATUS.cpp;CGCE_BURNER.cpp;CGCE_BURNER_GASTYPE.cpp;CGCE_INJECTION.cpp;CGCE_INJECTION_RATIO.cpp;CGCE_INJECTION_TYPE.cpp;CGCE_InjectionContainer.cpp;CGCE_PRACPHASE_STEP.cpp;CGCE_PROC_PHASE_CODES_EAF.cpp;CGTE_PP_BURNER.cpp;CGTE_PP_BURNER_STEP_ENTRY.cpp;CGTE_PP_EL.cpp;CGTE_PP_EL_PARAM.cpp;CGTE_PP_EL_STEP_ENTRY.cpp;CGTE_PP_FLAME_PROFILE.cpp;CGTE_PP_INJECTION.cpp;CGTE_PP_INJECTION_STEP_ENTRY.cpp;CGTE_PP_PROCESS.cpp;CGTE_PP_PROCESS_PARAM.cpp;CGTE_PP_PROCESS_STEP_ENTRY.cpp;CGTE_PP_SCRAP.cpp;CGTE_PP_SCRAP_BASKET.cpp;CGTE_PP_STIRR.cpp;CGTE_PP_STIRR_SPEC.cpp;CHDE_CYCL_MEAS_DATA.cpp;CHDE_CYCL_MEAS_DATA_BURN.cpp;CHDE_CYCL_MEAS_DATA_INJ.cpp;CHDE_HEAT_DATA.cpp;CHDE_HEAT_DATA_MELT.cpp;CHDE_PHASE_BURNER_RES.cpp;CHDE_PHASE_INJECT_RES.cpp;CHDE_PHASE_PROCESS_RES.cpp;CHDE_PHASE_STIRRING_RES.cpp;CHDE_PP_BURNER.cpp;CHDE_PP_BURNER_STEP_ENTRY.cpp;CHDE_PP_EL.cpp;CHDE_PP_EL_PARAM.cpp;CHDE_PP_EL_STEP_ENTRY.cpp;CHDE_PP_FLAME_PROFILE.cpp;CHDE_PP_INJECTION.cpp;CHDE_PP_INJECTION_STEP_ENTRY.cpp;CHDE_PP_PROCESS.cpp;CHDE_PP_PROCESS_PARAM.cpp;CHDE_PP_PROCESS_STEP_ENTRY.cpp;CHDE_PP_SCRAP.cpp;CHDE_PP_SCRAP_BASKET.cpp;CHDE_PP_STIRR.cpp;CHDE_PP_STIRR_SPEC.cpp;CPDE_ACTUAL_RES.cpp;CPDE_CYCL_MEAS_DATA.cpp;CPDE_CYCL_MEAS_DATA_BURN.cpp;CPDE_CYCL_MEAS_DATA_INJ.cpp;CPDE_HEAT_DATA.cpp;CPDE_HEAT_DATA_BURN.cpp;CPDE_HEAT_DATA_INJ.cpp;CPDE_HEAT_DATA_MELT.cpp;CPDE_PHASE_BURNER_RES.cpp;CPDE_PHASE_ELEC_RES.cpp;CPDE_PHASE_INJECT_RES.cpp;CPDE_PHASE_PROCESS_RES.cpp;CPDE_PHASE_STIRRING_RES.cpp;CGCL_ACTIVITY.cpp;CGCL_EL_PHASE.cpp;CGCL_STEP.cpp;CGCL_STIRR_INT.cpp;CGCL_STIRR_PHASE.cpp;CGTL_PP_EL.cpp;CGTL_PP_EL_STEP.cpp;CGTL_PP_STIRR.cpp;CGTL_PP_STIRR_SPEC.cpp;CHDL_ACTIVITY_RES.cpp;CHDL_ACTUAL_RES.cpp;CHDL_CYCL_MEAS_DATA.cpp;CHDL_HEAT_DATA.cpp;CHDL_HEAT_DATA_MELT.cpp;CHDL_PHASE_ELEC_RES.cpp;CHDL_PP_EL.cpp;CHDL_PP_EL_STEP.cpp;CHDL_PP_STIRR.cpp;CHDL_PP_STIRR_SPEC.cpp;CPDL_ACTIVITY_RES.cpp;CPDL_ACTUAL_RES.cpp;CPDL_ACTUAL_RES_ANL.cpp;CPDL_CYCL_MEAS_DATA.cpp;CPDL_HEAT_DATA.cpp;CPDL_HEAT_DATA_MELT.cpp;CPDL_PHASE_ELEC_RES.cpp;iData_Provider_dynSK.cpp;iData_Provider_s.cpp;iSMC_DataDefinitions_dynSK.cpp;iSMC_DataDefinitions_s.cpp;iSMC_DataProvider_dynSK.cpp;iSMC_DataProvider_s.cpp'!='' and 'false'=='true' and '' != 'false').
     1>Target "BeforeResolveReferences" in file "C:\Program Files (x86)\Microsoft Visual Studio\2017\Professional\MSBuild\15.0\Bin\Microsoft.Common.CurrentVersion.targets" from project "X:\SMC\source\SMC_DBClasses\SMC_DBClasses.vcxproj" (target "ResolveReferences" depends on it):
     1>Done building target "BeforeResolveReferences" in project "SMC_DBClasses.vcxproj".
     1>Target "AssignProjectConfiguration" in file "C:\Program Files (x86)\Microsoft Visual Studio\2017\Professional\MSBuild\15.0\Bin\Microsoft.Common.CurrentVersion.targets" from project "X:\SMC\source\SMC_DBClasses\SMC_DBClasses.vcxproj" (target "ResolveReferences" depends on it):
       Task "AssignProjectConfiguration"
         Project reference "..\SMC_Frame\SMC_Frame.vcxproj" has been assigned the "Debug|x64" configuration.
       Done executing task "AssignProjectConfiguration".
     1>Done building target "AssignProjectConfiguration" in project "SMC_DBClasses.vcxproj".
       Target "AssignProjectConfiguration" skipped. Previously built successfully.
     1>Target "_SplitProjectReferencesByFileExistence" in file "C:\Program Files (x86)\Microsoft Visual Studio\2017\Professional\MSBuild\15.0\Bin\Microsoft.Common.CurrentVersion.targets" from project "X:\SMC\source\SMC_DBClasses\SMC_DBClasses.vcxproj" (target "PrepareProjectReferences" depends on it):
       Task "ResolveNonMSBuildProjectOutput"
         Resolving project reference "..\SMC_Frame\SMC_Frame.vcxproj".
         Project reference "..\SMC_Frame\SMC_Frame.vcxproj" has not been resolved.
       Done executing task "ResolveNonMSBuildProjectOutput".
     1>Done building target "_SplitProjectReferencesByFileExistence" in project "SMC_DBClasses.vcxproj".
     1>Target "_GetProjectReferenceTargetFrameworkProperties" in file "C:\Program Files (x86)\Microsoft Visual Studio\2017\Professional\MSBuild\15.0\Bin\Microsoft.Common.CurrentVersion.targets" from project "X:\SMC\source\SMC_DBClasses\SMC_DBClasses.vcxproj" (target "PrepareProjectReferences" depends on it):
       Task "MSBuild" skipped, due to false condition; ('%(_MSBuildProjectReferenceExistent.SkipGetTargetFrameworkProperties)' != 'true') was evaluated as ('true' != 'true').
       Task "GetReferenceNearestTargetFrameworkTask" skipped, due to false condition; ('@(_ProjectReferenceTargetFrameworkPossibilities->Count())' != '0' and '$(ReferringTargetFrameworkForProjectReferences)' != '') was evaluated as ('0' != '0' and '.NETFramework,Version=v4.7.1' != '').
     1>Done building target "_GetProjectReferenceTargetFrameworkProperties" in project "SMC_DBClasses.vcxproj".
     1>Target "PrepareProjectReferences" in file "C:\Program Files (x86)\Microsoft Visual Studio\2017\Professional\MSBuild\15.0\Bin\Microsoft.Common.CurrentVersion.targets" from project "X:\SMC\source\SMC_DBClasses\SMC_DBClasses.vcxproj" (target "ResolveProjectReferences" depends on it):
     1>Done building target "PrepareProjectReferences" in project "SMC_DBClasses.vcxproj".
     1>Target "_RemoveNameMetadataFromProjectReferenceItems" in file "C:\Program Files (x86)\Microsoft Visual Studio\2017\Professional\Common7\IDE\VC\VCTargets\Microsoft.CppBuild.targets" from project "X:\SMC\source\SMC_DBClasses\SMC_DBClasses.vcxproj" (target "ResolveProjectReferences" depends on it):
     1>Done building target "_RemoveNameMetadataFromProjectReferenceItems" in project "SMC_DBClasses.vcxproj".
     1>Target "ResolveProjectReferences" in file "C:\Program Files (x86)\Microsoft Visual Studio\2017\Professional\MSBuild\15.0\Bin\Microsoft.Common.CurrentVersion.targets" from project "X:\SMC\source\SMC_DBClasses\SMC_DBClasses.vcxproj" (target "ResolveReferences" depends on it):
       Task "MSBuild"
         Global Properties:
           Configuration=Debug
           Platform=x64
     1>Project "X:\SMC\source\SMC_DBClasses\SMC_DBClasses.vcxproj" (1) is building "X:\SMC\source\SMC_Frame\SMC_Frame.vcxproj" (2) on node 5 (GetTargetPath target(s)).
     2>Building with tools version "15.0".
       Target "GetTargetPath" skipped. Previously built successfully.
     2>Done Building Project "X:\SMC\source\SMC_Frame\SMC_Frame.vcxproj" (GetTargetPath target(s)).
     1>Done executing task "MSBuild".
       Task "MSBuild" skipped, due to false condition; ('%(_MSBuildProjectReferenceExistent.BuildReference)' == 'true' and '@(ProjectReferenceWithConfiguration)' != '' and ('$(BuildingInsideVisualStudio)' == 'true' or '$(BuildProjectReferences)' != 'true') and '$(VisualStudioVersion)' == '10.0' and '@(_MSBuildProjectReferenceExistent)' != '') was evaluated as ('true' == 'true' and '..\SMC_Frame\SMC_Frame.vcxproj' != '' and ('true' == 'true' or 'true' != 'true') and '15.0' == '10.0' and '..\SMC_Frame\SMC_Frame.vcxproj' != '').
       Task "MSBuild" skipped, due to false condition; ('%(_MSBuildProjectReferenceExistent.BuildReference)' == 'true' and '@(ProjectReferenceWithConfiguration)' != '' and '$(BuildingInsideVisualStudio)' != 'true' and '$(BuildProjectReferences)' == 'true' and '@(_MSBuildProjectReferenceExistent)' != '') was evaluated as ('true' == 'true' and '..\SMC_Frame\SMC_Frame.vcxproj' != '' and 'true' != 'true' and 'true' == 'true' and '..\SMC_Frame\SMC_Frame.vcxproj' != '').
       Task "MSBuild"
         Global Properties:
           Configuration=Debug
           Platform=x64
     1>Project "X:\SMC\source\SMC_DBClasses\SMC_DBClasses.vcxproj" (1) is building "X:\SMC\source\SMC_Frame\SMC_Frame.vcxproj" (2:2) on node 5 (GetNativeManifest target(s)).
   2:2>Building with tools version "15.0".
       Target "GetNativeManifest" skipped. Previously built successfully.
   2:2>Done Building Project "X:\SMC\source\SMC_Frame\SMC_Frame.vcxproj" (GetNativeManifest target(s)).
     1>Done executing task "MSBuild".
       Task "Warning" skipped, due to false condition; ('@(ProjectReferenceWithConfiguration)' != '' and '@(_MSBuildProjectReferenceNonexistent)' != '') was evaluated as ('..\SMC_Frame\SMC_Frame.vcxproj' != '' and '' != '').
     1>Done building target "ResolveProjectReferences" in project "SMC_DBClasses.vcxproj".
       Target "FindInvalidProjectReferences" skipped, due to false condition; ('$(FindInvalidProjectReferences)' == 'true') was evaluated as ('' == 'true').
       Target "ResolveNativeReferences" skipped, due to false condition; ('@(NativeReference)'!='') was evaluated as (''!='').
       Target "_PrepareForReferenceResolution" skipped. Previously built successfully.
       Target "ResolveProjectReferences" skipped. Previously built successfully.
       Target "FindInvalidProjectReferences" skipped, due to false condition; ('$(FindInvalidProjectReferences)' == 'true') was evaluated as ('' == 'true').
     1>Target "GetFrameworkPaths" in file "C:\Program Files (x86)\Microsoft Visual Studio\2017\Professional\MSBuild\15.0\Bin\Microsoft.NETFramework.CurrentVersion.targets" from project "X:\SMC\source\SMC_DBClasses\SMC_DBClasses.vcxproj" (target "ResolveAssemblyReferences" depends on it):
     1>Done building target "GetFrameworkPaths" in project "SMC_DBClasses.vcxproj".
       Target "_PrepareForReferenceResolution" skipped. Previously built successfully.
       Target "GetWinFXPath" skipped, due to false condition; (('@(Page)' != '' or '@(ApplicationDefinition)' != '' or '@(Resource)' != '') and ('$(GetWinFXNativePath)' != '' or '$(GetWinFXWoWPath)' != '' )) was evaluated as (('' != '' or '' != '' or '' != '') and ('' != '' or '' != '' )).
       Target "GetFrameworkPaths" skipped. Previously built successfully.
     1>Target "GetReferenceAssemblyPaths" in file "C:\Program Files (x86)\Microsoft Visual Studio\2017\Professional\MSBuild\15.0\Bin\Microsoft.Common.CurrentVersion.targets" from project "X:\SMC\source\SMC_DBClasses\SMC_DBClasses.vcxproj" (target "ResolveAssemblyReferences" depends on it):
       Task "GetReferenceAssemblyPaths" skipped, due to false condition; ('$(TargetFrameworkMoniker)' != '' and ('$(_TargetFrameworkDirectories)' == '' or '$(_FullFrameworkReferenceAssemblyPaths)' == '')) was evaluated as ('' != '' and ('' == '' or '' == '')).
     1>Done building target "GetReferenceAssemblyPaths" in project "SMC_DBClasses.vcxproj".
     1>Target "SetBuildDefaultEnvironmentVariables" in file "C:\Program Files (x86)\Microsoft Visual Studio\2017\Professional\Common7\IDE\VC\VCTargets\Microsoft.Cpp.Current.targets" from project "X:\SMC\source\SMC_DBClasses\SMC_DBClasses.vcxproj" (target "PrepareForBuild" depends on it):
       Task "SetEnv"
         PATH=C:\Program Files (x86)\Microsoft Visual Studio\2017\Professional\VC\Tools\MSVC\14.15.26726\bin\HostX86\x64;C:\Program Files (x86)\Microsoft Visual Studio\2017\Professional\VC\Tools\MSVC\14.15.26726\bin\HostX86\x86;C:\Program Files (x86)\Windows Kits\10\bin\10.0.17134.0\x86;;C:\Program Files (x86)\Microsoft SDKs\Windows\v10.0A\bin\NETFX 4.6.1 Tools;C:\Program Files (x86)\Microsoft Visual Studio\2017\Professional\Common7\tools;C:\Program Files (x86)\Microsoft Visual Studio\2017\Professional\Common7\ide;C:\Program Files (x86)\HTML Help Workshop;;C:\Program Files (x86)\Microsoft Visual Studio\2017\Professional\MSBuild\15.0\Bin;C:\WINDOWS\Microsoft.NET\Framework\v4.0.30319\;;D:\Oracle\product\12.1.0\client_1\bin;C:\Program Files\Microsoft MPI\Bin\;C:\ProgramData\Oracle\Java\javapath;C:\WINDOWS\system32;C:\WINDOWS;C:\WINDOWS\System32\Wbem;C:\WINDOWS\System32\WindowsPowerShell\v1.0\;C:\Program Files (x86)\Common Files\SEAL Systems\Lib\;C:\WINDOWS\System32\WindowsPowerShell\v1.0\;C:\WINDOWS\CCM;C:\WINDOWS\CCM;C:\WINDOWS\System32\WindowsPowerShell\v1.0\;C:\Program Files (x86)\Microsoft SQL Server\100\Tools\Binn\;C:\Program Files\Microsoft SQL Server\100\Tools\Binn\;C:\Program Files\Microsoft SQL Server\100\DTS\Binn\;C:\Program Files\Microsoft SQL Server Migration Assistant for Oracle\bin\;C:\Program Files\dotnet\;C:\Program Files\Microsoft SQL Server\130\Tools\Bin\;C:\Program Files\Java\jdk1.8.0_151\bin;C:\Program Files (x86)\Microsoft SQL Server\Client SDK\ODBC\130\Tools\Binn\;C:\Program Files (x86)\Microsoft SQL Server\140\Tools\Binn\;C:\Program Files (x86)\Microsoft SQL Server\140\DTS\Binn\;C:\Program Files (x86)\Microsoft SQL Server\140\Tools\Binn\ManagementStudio\;c:\Program Files\Microsoft SQL Server\110\Tools\Binn\;c:\Program Files (x86)\Microsoft SQL Server\110\Tools\Binn\;c:\Program Files\Microsoft SQL Server\110\DTS\Binn\;c:\Program Files (x86)\Microsoft SQL Server\110\Tools\Binn\ManagementStudio\;c:\Program Files (x86)\Microsoft Visual Studio 10.0\Common7\IDE\PrivateAssemblies\;c:\Program Files (x86)\Microsoft SQL Server\110\DTS\Binn\;C:\Program Files (x86)\WinMerge;C:\Program Files (x86)\Microsoft SQL Server\120\DTS\Binn\;C:\Program Files (x86)\Microsoft SQL Server\130\DTS\Binn\;C:\Program Files (x86)\GitExtensions\;X:\SMC\packages\CBS\bin;X:\SMC\packages\omniORB\bin\x64;C:\Program Files (x86)\Enterprise Vault\EVClient\;C:\Program Files (x86)\GtkSharp\2.12\bin;C:\Program Files (x86)\Microsoft SQL Server\90\Tools\binn\;C:\Program Files (x86)\IncrediBuild;C:\Users\ffra\AppData\Local\Programs\Git\cmd;C:\oraclexe\app\oracle\product\11.2.0\server\bin;D:\Oracle\product\11.2.0\client_1\BIN;C:\Program Files (x86)\Google\Chrome\Application;C:\Program Files\Microsoft VS Code\bin;
       Done executing task "SetEnv".
       Task "SetEnv"
         LIB=C:\Program Files (x86)\Microsoft Visual Studio\2017\Professional\VC\Tools\MSVC\14.15.26726\lib\x64;;C:\Program Files (x86)\Microsoft Visual Studio\2017\Professional\VC\Tools\MSVC\14.15.26726\atlmfc\lib\x64;;C:\Program Files (x86)\Microsoft Visual Studio\2017\Professional\VC\Auxiliary\VS\lib\x64;;C:\Program Files (x86)\Windows Kits\10\lib\10.0.17134.0\ucrt\x64;;;C:\Program Files (x86)\Microsoft Visual Studio\2017\Professional\VC\Auxiliary\VS\UnitTest\lib;C:\Program Files (x86)\Windows Kits\10\lib\10.0.17134.0\um\x64;C:\Program Files (x86)\Windows Kits\NETFXSDK\4.6.1\lib\um\x64;;C:\Program Files (x86)\Windows Kits\NETFXSDK\4.6.1\Lib\um\x64
       Done executing task "SetEnv".
       Task "SetEnv"
         LIBPATH=C:\Program Files (x86)\Microsoft Visual Studio\2017\Professional\VC\Tools\MSVC\14.15.26726\atlmfc\lib\x64;;C:\Program Files (x86)\Microsoft Visual Studio\2017\Professional\VC\Tools\MSVC\14.15.26726\lib\x64;
       Done executing task "SetEnv".
       Task "SetEnv"
         INCLUDE=C:\Program Files (x86)\Microsoft Visual Studio\2017\Professional\VC\Tools\MSVC\14.15.26726\include;;C:\Program Files (x86)\Microsoft Visual Studio\2017\Professional\VC\Tools\MSVC\14.15.26726\atlmfc\include;;C:\Program Files (x86)\Microsoft Visual Studio\2017\Professional\VC\Auxiliary\VS\include;;C:\Program Files (x86)\Windows Kits\10\Include\10.0.17134.0\ucrt;;;C:\Program Files (x86)\Microsoft Visual Studio\2017\Professional\VC\Auxiliary\VS\UnitTest\include;C:\Program Files (x86)\Windows Kits\10\Include\10.0.17134.0\um;C:\Program Files (x86)\Windows Kits\10\Include\10.0.17134.0\shared;C:\Program Files (x86)\Windows Kits\10\Include\10.0.17134.0\winrt;C:\Program Files (x86)\Windows Kits\10\Include\10.0.17134.0\cppwinrt;C:\Program Files (x86)\Windows Kits\NETFXSDK\4.6.1\Include\um;C:\Program Files (x86)\Windows Kits\NETFXSDK\4.6.1\Include\um;
       Done executing task "SetEnv".
     1>Done building target "SetBuildDefaultEnvironmentVariables" in project "SMC_DBClasses.vcxproj".
       Target "SetUserMacroEnvironmentVariables" skipped, due to false condition; ('@(BuildMacro)' != '' and '$(DesignTimeBuild)' != 'true') was evaluated as ('' != '' and '' != 'true').
       Target "_PrepareForReferenceResolution" skipped. Previously built successfully.
     1>Target "GetResolvedWinMD" in file "C:\Program Files (x86)\Microsoft Visual Studio\2017\Professional\Common7\IDE\VC\VCTargets\Microsoft.CppBuild.targets" from project "X:\SMC\source\SMC_DBClasses\SMC_DBClasses.vcxproj" (target "PrepareForBuild" depends on it):
     1>Done building target "GetResolvedWinMD" in project "SMC_DBClasses.vcxproj".
     1>Target "PlatformPrepareForBuild" in file "C:\Program Files (x86)\Microsoft Visual Studio\2017\Professional\Common7\IDE\VC\VCTargets\Microsoft.Cpp.Platform.targets" from project "X:\SMC\source\SMC_DBClasses\SMC_DBClasses.vcxproj" (target "PrepareForBuild" depends on it):
       Task "VCMessage" skipped, due to false condition; ('$(_Error64bitToolsNotInstalled)' == 'true') was evaluated as ('' == 'true').
       Task "VCMessage" skipped, due to false condition; ('$(DesignTimeBuild)'!='true' and '$(_ToolsetFound)' != 'true' and '$(PlatformToolset)' == '') was evaluated as (''!='true' and 'true' != 'true' and 'v141' == '').
       Task "VCMessage" skipped, due to false condition; ('$(DesignTimeBuild)'!='true' and '$(_ToolsetFound)' != 'true' and '$(PlatformToolset)' == 'v110') was evaluated as (''!='true' and 'true' != 'true' and 'v141' == 'v110').
       Task "VCMessage" skipped, due to false condition; ('$(DesignTimeBuild)'!='true' and '$(_ToolsetFound)' != 'true' and '$(PlatformToolset)' == 'v100') was evaluated as (''!='true' and 'true' != 'true' and 'v141' == 'v100').
       Task "VCMessage" skipped, due to false condition; ('$(DesignTimeBuild)'!='true' and '$(_ToolsetFound)' != 'true' and '$(PlatformToolset)' == 'v90') was evaluated as (''!='true' and 'true' != 'true' and 'v141' == 'v90').
       Task "VCMessage" skipped, due to false condition; ('$(DesignTimeBuild)'!='true' and '$(_ToolsetFound)' != 'true' and '$(PlatformToolset)' != 'v90' and '$(PlatformToolset)' != 'v100' and '$(PlatformToolset)' != 'v110') was evaluated as (''!='true' and 'true' != 'true' and 'v141' != 'v90' and 'v141' != 'v100' and 'v141' != 'v110').
     1>Done building target "PlatformPrepareForBuild" in project "SMC_DBClasses.vcxproj".
     1>Target "_CheckWindowsSDKInstalled" in file "C:\Program Files (x86)\Microsoft Visual Studio\2017\Professional\Common7\IDE\VC\VCTargets\Microsoft.Cpp.WindowsSDK.targets" from project "X:\SMC\source\SMC_DBClasses\SMC_DBClasses.vcxproj" (target "PrepareForBuild" depends on it):
       Task "VCMessage" skipped, due to false condition; ('$(WindowsSDKInstalled)' != 'true') was evaluated as ('true' != 'true').
       Task "VCMessage" skipped, due to false condition; ('$(PlatformShortName)' == 'ARM' and '$(WindowsAppContainer)' != 'true' and '$(WindowsSDKDesktopARMSupport)' != 'true') was evaluated as ('x64' == 'ARM' and 'false' != 'true' and '' != 'true').
       Task "VCMessage" skipped, due to false condition; ('$(PlatformShortName)' == 'ARM64' and '$(WindowsAppContainer)' != 'true' and '$(WindowsSDKDesktopARM64Support)' != 'true') was evaluated as ('x64' == 'ARM64' and 'false' != 'true' and '' != 'true').
       Task "VCMessage" skipped, due to false condition; ('$(WindowsAppContainer)' != 'true' and '$(WindowsSDK_Desktop_Support)' != true) was evaluated as ('false' != 'true' and 'true' != true).
     1>Done building target "_CheckWindowsSDKInstalled" in project "SMC_DBClasses.vcxproj".
       Target "GetFrameworkPaths" skipped. Previously built successfully.
       Target "GetReferenceAssemblyPaths" skipped. Previously built successfully.
       Target "AssignLinkMetadata" skipped, due to false condition; ( '$(SynthesizeLinkMetadata)' == 'true' ) was evaluated as ( '' == 'true' ).
     1>Target "SetCABuildNativeEnvironmentVariables" in file "C:\Program Files (x86)\Microsoft Visual Studio\2017\Professional\MSBuild\Microsoft\VisualStudio\v15.0\CodeAnalysis\Microsoft.CodeAnalysis.targets" from project "X:\SMC\source\SMC_DBClasses\SMC_DBClasses.vcxproj" (target "PrepareForBuild" depends on it):
       Task "SetEnv"
         CAExcludePath=C:\Program Files (x86)\Microsoft Visual Studio\2017\Professional\VC\Tools\MSVC\14.15.26726\atlmfc\include;C:\Program Files (x86)\Microsoft Visual Studio\2017\Professional\VC\Tools\MSVC\14.15.26726\include;C:\Program Files (x86)\Windows Kits\10\Include\10.0.17134.0\ucrt;;C:\Program Files (x86)\Windows Kits\10\Include\10.0.17134.0\um;C:\Program Files (x86)\Windows Kits\10\Include\10.0.17134.0\shared;C:\Program Files (x86)\Windows Kits\10\Include\10.0.17134.0\winrt;C:\Program Files (x86)\Windows Kits\10\Include\10.0.17134.0\cppwinrt;C:\Program Files (x86)\Windows Kits\NETFXSDK\4.6.1\Include\um;C:\Program Files (x86)\Windows Kits\NETFXSDK\4.6.1\Include\um;
       Done executing task "SetEnv".
     1>Done building target "SetCABuildNativeEnvironmentVariables" in project "SMC_DBClasses.vcxproj".
     1>Target "PrepareForBuild" in file "C:\Program Files (x86)\Microsoft Visual Studio\2017\Professional\Common7\IDE\VC\VCTargets\Microsoft.CppBuild.targets" from project "X:\SMC\source\SMC_DBClasses\SMC_DBClasses.vcxproj" (target "ResolveAssemblyReferences" depends on it):
       Task "VCMessage" skipped, due to false condition; ('$(DesignTimeBuild)' != 'true' and '$(ConfigurationPlatformExists)' != 'true') was evaluated as ('' != 'true' and 'true' != 'true').
       Task "MakeDir"
       Done executing task "MakeDir".
       Task "VCMessage" skipped, due to false condition; ('$(DesignTimeBuild)'!='true' and '$(WindowsAppContainer)'=='true' and '$(ConfigurationType)'!='Application' and '$(ConfigurationType)'!='DynamicLibrary' and '$(ConfigurationType)'!='StaticLibrary') was evaluated as (''!='true' and 'false'=='true' and 'StaticLibrary'!='Application' and 'StaticLibrary'!='DynamicLibrary' and 'StaticLibrary'!='StaticLibrary').
       Task "VCMessage" skipped, due to false condition; ('$(DesignTimeBuild)'!='true' and '$(VCToolsInstallDir)'=='' and '$(UseEnv)' != 'true' and ('$(TargetFrameworkVersion)'=='v3.5' or '$(TargetFrameworkVersion)'=='v3.0' or '$(TargetFrameworkVersion)'=='v2.0' )) was evaluated as (''!='true' and 'C:\Program Files (x86)\Microsoft Visual Studio\2017\Professional\VC\Tools\MSVC\14.15.26726\'=='' and '' != 'true' and ('v4.7.1'=='v3.5' or 'v4.7.1'=='v3.0' or 'v4.7.1'=='v2.0' )).
       Task "VCMessage" skipped, due to false condition; ('$(DesignTimeBuild)'!='true' and '$(VCToolsInstallDir)'=='' and '$(UseEnv)' != 'true' and '$(PlatformToolset)'=='v90') was evaluated as (''!='true' and 'C:\Program Files (x86)\Microsoft Visual Studio\2017\Professional\VC\Tools\MSVC\14.15.26726\'=='' and '' != 'true' and 'v141'=='v90').
       Task "VCMessage" skipped, due to false condition; ('$(DesignTimeBuild)'!='true' and '$(VCToolsInstallDir)'=='' and '$(UseEnv)' != 'true') was evaluated as (''!='true' and 'C:\Program Files (x86)\Microsoft Visual Studio\2017\Professional\VC\Tools\MSVC\14.15.26726\'=='' and '' != 'true').
       Task "VCMessage" skipped, due to false condition; ('$(DesignTimeBuild)'!='true' and '$(WindowsSDKDir)'=='' and '$(UseEnv)' != 'true') was evaluated as (''!='true' and 'C:\Program Files (x86)\Windows Kits\10\'=='' and '' != 'true').
       Task "VCMessage" skipped, due to false condition; ('$(DesignTimeBuild)'!='true' and '$(IntDirTrailingSlashWarning)'=='true') was evaluated as (''!='true' and ''=='true').
       Task "VCMessage" skipped, due to false condition; ('$(DesignTimeBuild)'!='true' and '$(OutDirTrailingSlashWarning)'=='true') was evaluated as (''!='true' and ''=='true').
       Task "VCMessage" skipped, due to false condition; ('%(CompatibilityIssues.Identity)' != '' and '$(DesignTimeBuild)'!='true') was evaluated as ('' != '' and ''!='true').
       Task "VCMessage" skipped, due to false condition; ('$(IgnoreWarnIntDirSharingDetected)' != 'true' and '$(IntDirSharingDetected)' == 'true') was evaluated as ('' != 'true' and '' == 'true').
       Task "VCMessage" skipped, due to false condition; ('$(DesignTimeBuild)'!='true' and '$(IgnoreWarnIntDirInTempDetected)' != 'true' and ('$(_IntDirFullpath.StartsWith($(Tmp), true, null))' == 'true' or '$(_IntDirFullpath.StartsWith($(Temp), true, null))' == 'true' or '$(_OutDirFullpath.StartsWith($(Tmp), true, null))' == 'true' or '$(_OutDirFullpath.StartsWith($(Temp), true, null))' == 'true')) was evaluated as (''!='true' and '' != 'true' and ('False' == 'true' or 'False' == 'true' or 'False' == 'true' or 'False' == 'true')).
       Task "VCMessage" skipped, due to false condition; ('$(DesignTimeBuild)' != 'true' and '$(SpectreMitigation)' != '' and '$(SpectreMitigation)' != 'false' and (('$(_VC_Target_Library_Platform)' == 'OneCore' and !Exists('$(VC_LibraryPath_VC_x86_OneCore)')) or ('$(_VC_Target_Library_Platform)' == 'Desktop' and !Exists('$(VC_LibraryPath_VC_x86_Desktop)')))) was evaluated as ('' != 'true' and 'false' != '' and 'false' != 'false' and (('Desktop' == 'OneCore' and !Exists('C:\Program Files (x86)\Microsoft Visual Studio\2017\Professional\VC\Tools\MSVC\14.15.26726\lib\onecore\x86')) or ('Desktop' == 'Desktop' and !Exists('C:\Program Files (x86)\Microsoft Visual Studio\2017\Professional\VC\Tools\MSVC\14.15.26726\lib\x86')))).
       Task "MakeDir"
       Done executing task "MakeDir".
     1>Done building target "PrepareForBuild" in project "SMC_DBClasses.vcxproj".
       Target "_PrepareForReferenceResolution" skipped. Previously built successfully.
       Target "ComputeCrtSDKReference" skipped, due to false condition; ('@(ClCompile)'!='' and '$(WindowsAppContainer)'=='true' and '$(UseCrtSDKReference)' != 'false') was evaluated as ('CChem_Elem_Container.cpp;CEquipmentData.cpp;CGCH_CALC_MODE.cpp;CGCH_EVENT_LOG.cpp;CGCH_TREAT_TYPE.cpp;CGC_ACTION_DEF.cpp;CGC_ACTION_STATUS_COL.cpp;CGC_ACTIVATION_CHILD_OBJECTS.cpp;CGC_ACTIVATION_PRNT_OBJECTS.cpp;CGC_ACTIVATION_TYPES.cpp;CGC_BARS.cpp;CGC_CHARGE_DEST.cpp;CGC_Charge_Dest_Container.cpp;CGC_COMBI_RECIPE_ENTRY.cpp;CGC_COMP_STATUS.cpp;CGC_COOLWATER.cpp;CGC_CounterContainer.cpp;CGC_CREW_CAT.cpp;CGC_DELAY_GROUP.cpp;CGC_ELEC_SYSTEM.cpp;CGC_EQUIP_CAT.cpp;CGC_EQUIP_COUNTER.cpp;CGC_EQUIP_PROPERTIES.cpp;CGC_GRADE_ANL.cpp;CGC_GRAPH_DOTSTYLE.cpp;CGC_GRAPH_GROUPS.cpp;CGC_GRAPH_GROUPS_SPEC.cpp;CGC_GRAPH_LINESTYLE.cpp;CGC_HEAT_STATUS.cpp;CGC_HEAT_STAT_OBJECT_ACTIVATION.cpp;CGC_LADLE_DEF.cpp;CGC_Ladle_Def_Container.cpp;CGC_LADLE_PARTS.cpp;CGC_LADLE_POS.cpp;CGC_Ladle_Pos_Container.cpp;CGC_LADLE_STATUS.cpp;CGC_LADLE_TYPE.cpp;CGC_MEASUREMENT_NAME.cpp;CGC_MEASUREMENT_TYPE.cpp;CGC_MEMBER_CAT.cpp;CGC_PARAM_GROUP.cpp;CGC_PARAM_TYPE.cpp;CGC_PHASE.cpp;CGC_PHASE_RES_PLANT.cpp;CGC_PhaseContainer.cpp;CGC_PLANT.cpp;CGC_Plant_Container.cpp;CGC_PLANT_DEF.cpp;CGC_PLANT_ORDER.cpp;CGC_PLANTGROUP.cpp;CGC_Plantgroup_Container.cpp;CGC_PLANTGROUP_DESC.cpp;CGC_PLANTSTATUS.cpp;CGC_PP_ORDER_SINGLE_AIMS.cpp;CGC_PRACPHASE_DEF.cpp;CGC_PRODPRAC_DEF.cpp;CGC_PURPOSE_TYPE.cpp;CGC_REBLOWCOOL_REASON.cpp;CGC_RECIPE_L1.cpp;CGC_Recipe_L1Container.cpp;CGC_RECIPE_SOURCE.cpp;CGC_RECIPE_STATUS.cpp;CGC_RESTRI_DEF.cpp;CGC_SAMPLELOC.cpp;CGC_SAMPLEMODE.cpp;CGC_SCRAP_CONTAINER.cpp;CGC_SCRAP_CONTAINER_LOC.cpp;CGC_SCRAP_CONTAINER_STATUS.cpp;CGC_SCRAP_CONTAINER_TYPE.cpp;CGC_SOURCE.cpp;CGC_SourceContainer.cpp;CGC_STATUS.cpp;CGC_THERM_STAT.cpp;CGC_TORPEDOCAR_DEF.cpp;CGC_TORPEDOCAR_LOC.cpp;CGC_TRANSFERCAR_DEF.cpp;CGCC_TRANSLATE_VALUE.cpp;CGD_EQUIP_STRUCT.cpp;CGD_EQUIP_TYPE.cpp;CGC_SHIFT_CAT.cpp;CGD_SHIFT_PATTERN.cpp;CGTH_PP_BASE_VAL.cpp;CGTH_PP_BASE_VAL_STEP.cpp;CGTH_PP_BLOWING.cpp;CGTH_PP_INJECTION.cpp;CGTH_PP_TEMP_CORR.cpp;CGT_DELAY_CODE.cpp;CGT_ENG_UNIT.cpp;CGT_EQUIV.cpp;CGT_EQUIV_ENTRY.cpp;CGT_GRADE.cpp;CGT_GRADE_ANL.cpp;CGT_GRADE_EQUIV.cpp;CGT_GRADE_PRODPRAC.cpp;CGT_GRADE_SAMPLE_FLAG.cpp;CGT_GRADE_SINGLE_AIMS.cpp;CGT_MAT.cpp;CGT_MAT_CHEM.cpp;CGT_MAT_EFF.cpp;CGT_MAT_FEED.cpp;CGT_MAT_PURP.cpp;CGT_MAT_PURP_Container.cpp;CGT_PARAM.cpp;CGT_PARAM_MATRIX.cpp;CGT_PP_PARAM.cpp;CGT_PURP.cpp;CGT_RESTRI.cpp;CGT_RESTRI_ENTRY.cpp;CGT_TREATMODE.cpp;CGT_TREATMODE_ENTRY.cpp;CHDE_ACTUAL_RES.cpp;CHDE_ACTUAL_RES_ANL.cpp;CHDH_ACTION.cpp;CHDH_ACT_EVENT_RES.cpp;CHDH_CYCL_MEAS_DATA.cpp;CHDH_EQUIP_COUNTER.cpp;CHDH_GRADE.cpp;CHDH_GRADE_ANL.cpp;CHDH_HM_DATA.cpp;CHDH_HM_DATA_PHASE.cpp;CHDH_HM_DATA_PRODPRAC.cpp;CHDH_HM_PHASE_RES.cpp;CHDH_HM_RES.cpp;CHDH_PARAM.cpp;CHDH_PARAM_MATRIX.cpp;CHDH_PP_BASE_VAL.cpp;CHDH_PP_BASE_VAL_STEP.cpp;CHDH_PP_BLOWING.cpp;CHDH_PP_INJECTION.cpp;CHDH_PP_TEMP_CORR.cpp;CHDL_ACTUAL_RES_ANL.cpp;CHDL_PHASE_STIRRING_RES.cpp;CHD_ACTION.cpp;CHD_COMP_DATA.cpp;CHD_COOLWATER.cpp;CHD_DELAYS.cpp;CHD_ELEC_SYSTEM.cpp;CHD_EQUIP_COUNTER.cpp;CHD_GRADE.cpp;CHD_GRADE_ANL.cpp;CHD_GRADE_EQUIV.cpp;CHD_GRADE_SINGLE_AIMS.cpp;CHD_HEAT_DATA.cpp;CHD_HEAT_DATA_CUST.cpp;CHD_HEAT_DATA_LIQADD.cpp;CHD_HEAT_DATA_MAT_FEED.cpp;CHD_HEAT_DATA_PRODPRAC.cpp;CHD_HEAT_DATA_STIRR.cpp;CHD_LADLE.cpp;CHD_LADLE_LIFE_DATA.cpp;CHD_MAT_FEED.cpp;CHD_MAT_FEED_CYCL_MEAS_DATA.cpp;CHD_MAT_FEED_RES.cpp;CHD_PARAM.cpp;CHD_PARAM_MATRIX.cpp;CHD_PHASE_RES.cpp;CHD_PHASE_RES_ANL.cpp;CHD_PHASE_RES_PLANT.cpp;CHD_RECIPE.cpp;CHD_RECIPE_ENTRY.cpp;CHD_RESTRI.cpp;CHD_RESTRI_ENTRY.cpp;CHD_SAMPLE.cpp;CHD_SAMPLE_ENTRY.cpp;CHD_SAMPLE_REF.cpp;CHD_TAPCH_DATA.cpp;CHD_TREATMODE.cpp;CHD_TREATMODE_ENTRY.cpp;CHD_WASTEGAS_CYCL_MEAS_DATA.cpp;CHeatDataConverter.cpp;CHeatStatusContainer.cpp;CHMI_PROFILES.cpp;CPCA_COMP.cpp;CPDE_ACTUAL_RES_ANL.cpp;CPDH_ACTION.cpp;CPDH_ACT_EVENT_RES.cpp;CPDH_CYCL_MEAS_DATA.cpp;CPDH_HM_DATA.cpp;CPDH_HM_DATA_PHASE.cpp;CPDH_HM_DATA_PRODPRAC.cpp;CPDH_HM_PHASE_RES.cpp;CPDH_HM_RES.cpp;CPDH_LANCE_DATA.cpp;CPDL_PHASE_STIRRING_RES.cpp;CPD_ACTION.cpp;CPD_COMP_DATA.cpp;CPD_COOLWATER.cpp;CPD_DELAYS.cpp;CPD_ELEC_SYSTEM.cpp;CPD_ELEC_TAPCH.cpp;CPD_EQUIP_COUNTER.cpp;CPD_EQUIP_MOUNT.cpp;CPD_EQUIP_PROPERTY_DETAILS.cpp;CPD_HEAT_DATA.cpp;CPD_HEAT_DATA_CUST.cpp;CPD_HEAT_DATA_LIQADD.cpp;CPD_HEAT_DATA_MAT_FEED.cpp;CPD_HEAT_DATA_PRODPRAC.cpp;CPD_HEAT_DATA_STIRR.cpp;CPD_HEAT_PLANT_REF.cpp;CPD_HEAT_REF.cpp;CPD_HEAT_YIELDS.cpp;CPD_HM_REF.cpp;CPD_HOT_METAL.cpp;CPD_HOT_METAL_ORDER.cpp;CPD_HOTHEEL.cpp;CPD_LADLE.cpp;CPD_LADLE_LIFE_DATA.cpp;CPD_LADLE_ROUTES.cpp;CPD_MAT_AVAIL.cpp;CPD_MAT_FEED_CYCL_MEAS_DATA.cpp;CPD_MAT_FEED_RES.cpp;CPD_PHASE_RES.cpp;CPD_PHASE_RES_ANL.cpp;CPD_PHASE_RES_PLANT.cpp;CPD_PLANTSTATUS.cpp;CPD_PLANTSTATUS_PLANT.cpp;CPD_PRETREATDATA.cpp;CPD_RECIPE.cpp;CPD_RECIPE_ENTRY.cpp;CPD_SAMPLE.cpp;CPD_SAMPLE_ENTRY.cpp;CPD_SAMPLE_REF.cpp;CPD_SCRAP_CONTAINER.cpp;CPD_SCRAP_CONTAINER_ENTRY.cpp;CPD_SCRAP_CONTAINER_ORDER.cpp;CPD_SCRAP_CONTAINER_ORDER_ENTRY.cpp;CPD_TAPCH_DATA.cpp;CPD_TORPEDOCAR.cpp;CPD_WASTEGAS_CYCL_MEAS_DATA.cpp;CPP_HEAT.cpp;CPP_HEAT_PLANT.cpp;CPP_HM.cpp;CPP_MEMBER_CREW_ASSIGNMENT.cpp;CPP_ORDER.cpp;CPP_ORDER_SINGLE_AIMS.cpp;CPP_SHIFT_CREW_ASSIGNMENT.cpp;CREPORT_MOTOR.cpp;CREPORT_MOTOR_ENTRY.cpp;CShiftCrewData.cpp;CSMC_DBColProfile.cpp;CSMC_DBColProfileBlob.cpp;CSMC_DBColProfileBool.cpp;CSMC_DBColProfileDate.cpp;CSMC_DBColProfileDouble.cpp;CSMC_DBColProfileLong.cpp;CSMC_DBColProfileString.cpp;CSMC_DBData.cpp;CSMC_DBMetaData.cpp;CSMC_DBTableBase.cpp;CVPD_RECIPE_CURR_STATUS.cpp;CGCE_BURNER.cpp;CGCE_BURNER_GASTYPE.cpp;CGCE_INJECTION.cpp;CGCE_INJECTION_RATIO.cpp;CGCE_INJECTION_TYPE.cpp;CGCE_InjectionContainer.cpp;CGCE_PRACPHASE_STEP.cpp;CGCE_PROC_PHASE_CODES_EAF.cpp;CGTE_PP_BURNER.cpp;CGTE_PP_BURNER_STEP_ENTRY.cpp;CGTE_PP_EL.cpp;CGTE_PP_EL_PARAM.cpp;CGTE_PP_EL_STEP_ENTRY.cpp;CGTE_PP_FLAME_PROFILE.cpp;CGTE_PP_INJECTION.cpp;CGTE_PP_INJECTION_STEP_ENTRY.cpp;CGTE_PP_PROCESS.cpp;CGTE_PP_PROCESS_PARAM.cpp;CGTE_PP_PROCESS_STEP_ENTRY.cpp;CGTE_PP_SCRAP.cpp;CGTE_PP_SCRAP_BASKET.cpp;CGTE_PP_STIRR.cpp;CGTE_PP_STIRR_SPEC.cpp;CHDE_CYCL_MEAS_DATA.cpp;CHDE_CYCL_MEAS_DATA_BURN.cpp;CHDE_CYCL_MEAS_DATA_INJ.cpp;CHDE_HEAT_DATA.cpp;CHDE_HEAT_DATA_MELT.cpp;CHDE_PHASE_BURNER_RES.cpp;CHDE_PHASE_INJECT_RES.cpp;CHDE_PHASE_PROCESS_RES.cpp;CHDE_PHASE_STIRRING_RES.cpp;CHDE_PP_BURNER.cpp;CHDE_PP_BURNER_STEP_ENTRY.cpp;CHDE_PP_EL.cpp;CHDE_PP_EL_PARAM.cpp;CHDE_PP_EL_STEP_ENTRY.cpp;CHDE_PP_FLAME_PROFILE.cpp;CHDE_PP_INJECTION.cpp;CHDE_PP_INJECTION_STEP_ENTRY.cpp;CHDE_PP_PROCESS.cpp;CHDE_PP_PROCESS_PARAM.cpp;CHDE_PP_PROCESS_STEP_ENTRY.cpp;CHDE_PP_SCRAP.cpp;CHDE_PP_SCRAP_BASKET.cpp;CHDE_PP_STIRR.cpp;CHDE_PP_STIRR_SPEC.cpp;CPDE_ACTUAL_RES.cpp;CPDE_CYCL_MEAS_DATA.cpp;CPDE_CYCL_MEAS_DATA_BURN.cpp;CPDE_CYCL_MEAS_DATA_INJ.cpp;CPDE_HEAT_DATA.cpp;CPDE_HEAT_DATA_BURN.cpp;CPDE_HEAT_DATA_INJ.cpp;CPDE_HEAT_DATA_MELT.cpp;CPDE_PHASE_BURNER_RES.cpp;CPDE_PHASE_ELEC_RES.cpp;CPDE_PHASE_INJECT_RES.cpp;CPDE_PHASE_PROCESS_RES.cpp;CPDE_PHASE_STIRRING_RES.cpp;CGCL_ACTIVITY.cpp;CGCL_EL_PHASE.cpp;CGCL_STEP.cpp;CGCL_STIRR_INT.cpp;CGCL_STIRR_PHASE.cpp;CGTL_PP_EL.cpp;CGTL_PP_EL_STEP.cpp;CGTL_PP_STIRR.cpp;CGTL_PP_STIRR_SPEC.cpp;CHDL_ACTIVITY_RES.cpp;CHDL_ACTUAL_RES.cpp;CHDL_CYCL_MEAS_DATA.cpp;CHDL_HEAT_DATA.cpp;CHDL_HEAT_DATA_MELT.cpp;CHDL_PHASE_ELEC_RES.cpp;CHDL_PP_EL.cpp;CHDL_PP_EL_STEP.cpp;CHDL_PP_STIRR.cpp;CHDL_PP_STIRR_SPEC.cpp;CPDL_ACTIVITY_RES.cpp;CPDL_ACTUAL_RES.cpp;CPDL_ACTUAL_RES_ANL.cpp;CPDL_CYCL_MEAS_DATA.cpp;CPDL_HEAT_DATA.cpp;CPDL_HEAT_DATA_MELT.cpp;CPDL_PHASE_ELEC_RES.cpp;iData_Provider_dynSK.cpp;iData_Provider_s.cpp;iSMC_DataDefinitions_dynSK.cpp;iSMC_DataDefinitions_s.cpp;iSMC_DataProvider_dynSK.cpp;iSMC_DataProvider_s.cpp'!='' and 'false'=='true' and '' != 'false').
       Target "GetInstalledSDKLocations" skipped, due to false condition; ('@(SDKReference)' != '') was evaluated as ('' != '').
     1>Target "ResolveSDKReferences" in file "C:\Program Files (x86)\Microsoft Visual Studio\2017\Professional\MSBuild\15.0\Bin\Microsoft.Common.CurrentVersion.targets" from project "X:\SMC\source\SMC_DBClasses\SMC_DBClasses.vcxproj" (target "ResolveAssemblyReferences" depends on it):
       Task "ResolveSDKReference" skipped, due to false condition; ('@(SDKReference)'!='') was evaluated as (''!='').
     1>Done building target "ResolveSDKReferences" in project "SMC_DBClasses.vcxproj".
       Target "ResolveSDKReferences" skipped. Previously built successfully.
     1>Target "ExpandSDKReferences" in file "C:\Program Files (x86)\Microsoft Visual Studio\2017\Professional\MSBuild\15.0\Bin\Microsoft.Common.CurrentVersion.targets" from project "X:\SMC\source\SMC_DBClasses\SMC_DBClasses.vcxproj" (target "ResolveAssemblyReferences" depends on it):
       Task "GetSDKReferenceFiles" skipped, due to false condition; ('@(ResolvedSDKReference)'!='') was evaluated as (''!='').
     1>Done building target "ExpandSDKReferences" in project "SMC_DBClasses.vcxproj".
       Target "ResolveNuGetPackageAssets" skipped, due to false condition; ('$(ResolveNuGetPackages)' == 'true' and exists('$(ProjectLockFile)')) was evaluated as ('true' == 'true' and exists('obj\project.assets.json')).
     1>Target "ImplicitlyExpandNETStandardFacades" in file "C:\Program Files (x86)\Microsoft Visual Studio\2017\Professional\MSBuild\Microsoft\Microsoft.NET.Build.Extensions\Microsoft.NET.Build.Extensions.NETFramework.targets" from project "X:\SMC\source\SMC_DBClasses\SMC_DBClasses.vcxproj" (target "ResolveAssemblyReferences" depends on it):
       Task "GetDependsOnNETStandard" skipped, due to false condition; ('$(_RunGetDependsOnNETStandard)' == 'true') was evaluated as ('' == 'true').
       Task "NETBuildExtensionsError" skipped, due to false condition; ('$(DependsOnNETStandard)' == 'true' AND '$(NETStandardInbox)' != 'true' AND '$(_UsingOldSDK)' == 'true') was evaluated as ('' == 'true' AND '' != 'true' AND '' == 'true').
     1>Done building target "ImplicitlyExpandNETStandardFacades" in project "SMC_DBClasses.vcxproj".
       Target "GetReferenceAssemblyPaths" skipped. Previously built successfully.
     1>Target "_HandlePackageFileConflicts" in file "C:\Program Files (x86)\Microsoft Visual Studio\2017\Professional\MSBuild\Microsoft\Microsoft.NET.Build.Extensions\Microsoft.NET.Build.Extensions.ConflictResolution.targets" from project "X:\SMC\source\SMC_DBClasses\SMC_DBClasses.vcxproj" (target "ResolveAssemblyReferences" depends on it):
       Using "ResolvePackageFileConflicts" task from assembly "C:\Program Files (x86)\Microsoft Visual Studio\2017\Professional\MSBuild\Microsoft\Microsoft.NET.Build.Extensions\\tools\net46\Microsoft.NET.Build.Extensions.Tasks.dll".
       Task "ResolvePackageFileConflicts"
       Done executing task "ResolvePackageFileConflicts".
     1>Done building target "_HandlePackageFileConflicts" in project "SMC_DBClasses.vcxproj".
     1>Target "ResolveAssemblyReferences" in file "C:\Program Files (x86)\Microsoft Visual Studio\2017\Professional\MSBuild\15.0\Bin\Microsoft.Common.CurrentVersion.targets" from project "X:\SMC\source\SMC_DBClasses\SMC_DBClasses.vcxproj" (target "ResolveReferences" depends on it):
       Task "ResolveAssemblyReference" skipped, due to false condition; ('@(Reference)'!='' or '@(_ResolvedProjectReferencePaths)'!='' or '@(_ExplicitReference)' != '') was evaluated as (''!='' or ''!='' or '' != '').
     1>Done building target "ResolveAssemblyReferences" in project "SMC_DBClasses.vcxproj".
       Target "GenerateBindingRedirects" skipped, due to false condition; ('$(AutoGenerateBindingRedirects)' == 'true' and '$(GenerateBindingRedirectsOutputType)' == 'true') was evaluated as ('' == 'true' and '' == 'true').
       Target "ResolveAssemblyReferences" skipped. Previously built successfully.
     1>Target "_RemoveZipFileSuggestedRedirect" in file "C:\Program Files (x86)\Microsoft Visual Studio\2017\Professional\MSBuild\Microsoft\Microsoft.NET.Build.Extensions\Microsoft.NET.Build.Extensions.NETFramework.targets" from project "X:\SMC\source\SMC_DBClasses\SMC_DBClasses.vcxproj" (target "GenerateBindingRedirects" depends on it):
     1>Done building target "_RemoveZipFileSuggestedRedirect" in project "SMC_DBClasses.vcxproj".
       Target "GenerateBindingRedirectsUpdateAppConfig" skipped, due to false condition; ('$(AutoGenerateBindingRedirects)' == 'true' and '$(GenerateBindingRedirectsOutputType)' == 'true' and Exists('$(_GenerateBindingRedirectsIntermediateAppConfig)')) was evaluated as ('' == 'true' and '' == 'true' and Exists('x64\Debug\SMC_DBClasses_d.lib.config')).
       Target "ResolveComReferences" skipped, due to false condition; ('@(COMReference)'!='' or '@(COMFileReference)'!='') was evaluated as (''!='' or ''!='').
     1>Target "AfterResolveReferences" in file "C:\Program Files (x86)\Microsoft Visual Studio\2017\Professional\MSBuild\15.0\Bin\Microsoft.Common.CurrentVersion.targets" from project "X:\SMC\source\SMC_DBClasses\SMC_DBClasses.vcxproj" (target "ResolveReferences" depends on it):
     1>Done building target "AfterResolveReferences" in project "SMC_DBClasses.vcxproj".
       Target "GetReferenceAssemblyPaths" skipped. Previously built successfully.
     1>Target "ImplicitlyExpandDesignTimeFacades" in file "C:\Program Files (x86)\Microsoft Visual Studio\2017\Professional\MSBuild\15.0\Bin\Microsoft.NETFramework.CurrentVersion.targets" from project "X:\SMC\source\SMC_DBClasses\SMC_DBClasses.vcxproj" (target "ResolveReferences" depends on it):
       Task "Message" skipped, due to false condition; ('%(ReferencePath.ResolvedFrom)' == 'ImplicitlyExpandDesignTimeFacades') was evaluated as ('' == 'ImplicitlyExpandDesignTimeFacades').
     1>Done building target "ImplicitlyExpandDesignTimeFacades" in project "SMC_DBClasses.vcxproj".
       Target "ResolveTestReferences" skipped, due to false condition; ('@(Shadow)'!='') was evaluated as (''!='').
     1>Target "ResolveReferences" in file "C:\Program Files (x86)\Microsoft Visual Studio\2017\Professional\MSBuild\15.0\Bin\Microsoft.Common.CurrentVersion.targets" from project "X:\SMC\source\SMC_DBClasses\SMC_DBClasses.vcxproj" (target "Build" depends on it):
     1>Done building target "ResolveReferences" in project "SMC_DBClasses.vcxproj".
       Target "PrepareForBuild" skipped. Previously built successfully.
       Target "PrepareForBuild" skipped. Previously built successfully.
     1>Target "InitializeBuildStatus" in file "C:\Program Files (x86)\Microsoft Visual Studio\2017\Professional\Common7\IDE\VC\VCTargets\Microsoft.CppBuild.targets" from project "X:\SMC\source\SMC_DBClasses\SMC_DBClasses.vcxproj" (target "Build" depends on it):
       Task "ReadLinesFromFile"
       Done executing task "ReadLinesFromFile".
       Task "WriteLinesToFile"
       Done executing task "WriteLinesToFile".
       Task "Touch"
         Touching "x64\Debug\SMC_DBClasses.tlog\unsuccessfulbuild".
       Done executing task "Touch".
     1>Done building target "InitializeBuildStatus" in project "SMC_DBClasses.vcxproj".
       Target "PrepareProjectReferences" skipped. Previously built successfully.
     1>Target "BuildGenerateSourcesTraverse" in file "C:\Program Files (x86)\Microsoft Visual Studio\2017\Professional\MSBuild\15.0\Bin\Microsoft.Common.CurrentVersion.targets" from project "X:\SMC\source\SMC_DBClasses\SMC_DBClasses.vcxproj" (target "BuildGenerateSources" depends on it):
       Task "MSBuild" skipped, due to false condition; ('$(BuildPassReferences)' == 'true' and '@(ProjectReferenceWithConfiguration)' != '' and '@(_MSBuildProjectReferenceExistent)' != '' and '%(_MSBuildProjectReferenceExistent.BuildReference)' == 'true') was evaluated as ('' == 'true' and '..\SMC_Frame\SMC_Frame.vcxproj' != '' and '..\SMC_Frame\SMC_Frame.vcxproj' != '' and 'true' == 'true').
     1>Done building target "BuildGenerateSourcesTraverse" in project "SMC_DBClasses.vcxproj".
       Target "PrepareForBuild" skipped. Previously built successfully.
       Target "ResolveReferences" skipped. Previously built successfully.
     1>Target "BeforeBuildGenerateSources" in file "C:\Program Files (x86)\Microsoft Visual Studio\2017\Professional\Common7\IDE\VC\VCTargets\Microsoft.BuildSteps.Targets" from project "X:\SMC\source\SMC_DBClasses\SMC_DBClasses.vcxproj" (target "_BuildGenerateSourcesAction" depends on it):
     1>Done building target "BeforeBuildGenerateSources" in project "SMC_DBClasses.vcxproj".
     1>Target "PreBuildEvent" in file "C:\Program Files (x86)\Microsoft Visual Studio\2017\Professional\Common7\IDE\VC\VCTargets\Microsoft.CppCommon.targets" from project "X:\SMC\source\SMC_DBClasses\SMC_DBClasses.vcxproj" (target "_BuildGenerateSourcesAction" depends on it):
       Task "Message" skipped, due to false condition; ('%(PreBuildEvent.Message)' != '' and '%(PreBuildEvent.Command)' != '') was evaluated as ('' != '' and '' != '').
       Task "Exec" skipped, due to false condition; ('%(PreBuildEvent.Command)' != '') was evaluated as ('' != '').
     1>Done building target "PreBuildEvent" in project "SMC_DBClasses.vcxproj".
       Target "PrepareForBuild" skipped. Previously built successfully.
       Target "InitializeBuildStatus" skipped. Previously built successfully.
       Target "SetBuildDefaultEnvironmentVariables" skipped. Previously built successfully.
       Target "SetUserMacroEnvironmentVariables" skipped, due to false condition; ('@(BuildMacro)' != '' and '$(DesignTimeBuild)' != 'true') was evaluated as ('' != '' and '' != 'true').
     1>Target "_SelectedFiles" in file "C:\Program Files (x86)\Microsoft Visual Studio\2017\Professional\Common7\IDE\VC\VCTargets\Microsoft.CppBuild.targets" from project "X:\SMC\source\SMC_DBClasses\SMC_DBClasses.vcxproj" (target "SelectCustomBuild" depends on it):
     1>Done building target "_SelectedFiles" in project "SMC_DBClasses.vcxproj".
     1>Target "SelectCustomBuild" in file "C:\Program Files (x86)\Microsoft Visual Studio\2017\Professional\Common7\IDE\VC\VCTargets\Microsoft.CppBuild.targets" from project "X:\SMC\source\SMC_DBClasses\SMC_DBClasses.vcxproj" (target "CustomBuild" depends on it):
     1>Done building target "SelectCustomBuild" in project "SMC_DBClasses.vcxproj".
     1>Target "ComputeCustomBuildOutput" in file "C:\Program Files (x86)\Microsoft Visual Studio\2017\Professional\Common7\IDE\VC\VCTargets\Microsoft.CppBuild.targets" from project "X:\SMC\source\SMC_DBClasses\SMC_DBClasses.vcxproj" (target "CustomBuild" depends on it):
       Task "CreateItem" skipped, due to false condition; ('%(CustomBuildOutputs.OutputItemType)'!='') was evaluated as (''!='').
       Task "MakeDir"
       Done executing task "MakeDir".
     1>Done building target "ComputeCustomBuildOutput" in project "SMC_DBClasses.vcxproj".
     1>Target "CustomBuild" in file "C:\Program Files (x86)\Microsoft Visual Studio\2017\Professional\Common7\IDE\VC\VCTargets\Microsoft.CppCommon.targets" from project "X:\SMC\source\SMC_DBClasses\SMC_DBClasses.vcxproj" (target "_BuildGenerateSourcesAction" depends on it):
       Using "GetOutOfDateItems" task from assembly "C:\Program Files (x86)\Microsoft Visual Studio\2017\Professional\Common7\IDE\VC\VCTargets\Microsoft.Build.CppTasks.Common.dll".
       Task "GetOutOfDateItems"
       Done executing task "GetOutOfDateItems".
       Task "ParallelCustomBuild" skipped, due to false condition; ('@(_ParallelCustomBuild)' != '') was evaluated as ('' != '').
       Using "CustomBuild" task from assembly "C:\Program Files (x86)\Microsoft Visual Studio\2017\Professional\Common7\IDE\VC\VCTargets\Microsoft.Build.CppTasks.Common.dll".
       Task "CustomBuild"
         Write Tracking Logs:
         	x64\Debug\SMC_DBClasses.tlog\custombuild.write.1.tlog
         Read Tracking Logs:
         	x64\Debug\SMC_DBClasses.tlog\custombuild.read.1.tlog
         No output for X:\SMC\SOURCE\DATA_PROVIDER\IDATA_PROVIDER.IDL|X:\SMC\SOURCE\SMC_FRAME\ISMC_DATADEFINITIONS.IDL|X:\SMC\SOURCE\SMC_FRAME\ISMC_DATAPROVIDER.IDL was found in the tracking log; source compilation required.
         ..\Data_Provider\iData_Provider.idl will be compiled because it was not found in the tracking log.
         ..\SMC_Frame\iSMC_DataDefinitions.idl will be compiled because it was not found in the tracking log.
         ..\SMC_Frame\iSMC_DataProvider.idl will be compiled because it was not found in the tracking log.
         X:\SMC\packages\omniORB\bin\x86_win32\omniidl -IX:\SMC\packages\CBS\include -IX:\SMC\source -bcxx -k -K -Wba -Wbs=_s.cpp -Wbd=_dynSK.cpp -Wbh=_s.hh X:\SMC\source\SMC_Frame\iSMC_DataProvider.idl
         X:\SMC\packages\omniORB\bin\x86_win32\omniidl -IX:\SMC\packages\CBS\include -IX:\SMC\source -bcxx -k -K -Wba -Wbs=_s.cpp -Wbd=_dynSK.cpp -Wbh=_s.hh X:\SMC\source\Data_Provider\iData_Provider.idl
         X:\SMC\packages\omniORB\bin\x86_win32\omniidl -IX:\SMC\packages\CBS\include -IX:\SMC\source -bcxx -k -K -Wba -Wbs=_s.cpp -Wbd=_dynSK.cpp -Wbh=_s.hh X:\SMC\source\SMC_Frame\iSMC_DataDefinitions.idl
         Performing Custom Build Tools on X:\SMC\source\SMC_Frame\iSMC_DataProvider.idl 
         The system cannot find the path specified.
         Performing Custom Build Tools on X:\SMC\source\Data_Provider\iData_Provider.idl 
         The system cannot find the path specified.
         Performing Custom Build Tools on X:\SMC\source\SMC_Frame\iSMC_DataDefinitions.idl 
         The system cannot find the path specified.
     1>C:\Program Files (x86)\Microsoft Visual Studio\2017\Professional\Common7\IDE\VC\VCTargets\Microsoft.CppCommon.targets(209,5): error MSB6006: "cmd.exe" exited with code 3.
       Done executing task "CustomBuild" -- FAILED.
     1>Done building target "CustomBuild" in project "SMC_DBClasses.vcxproj" -- FAILED.
     1>Done Building Project "X:\SMC\source\SMC_DBClasses\SMC_DBClasses.vcxproj" (Build target(s)) -- FAILED.

Build FAILED.

       "X:\SMC\source\SMC_DBClasses\SMC_DBClasses.vcxproj" (Build target) (1) ->
       (CustomBuild target) -> 
         C:\Program Files (x86)\Microsoft Visual Studio\2017\Professional\Common7\IDE\VC\VCTargets\Microsoft.CppCommon.targets(209,5): error MSB6006: "cmd.exe" exited with code 3.

    0 Warning(s)
    1 Error(s)

Time Elapsed 00:00:00.34
