  CDH_HMI_Interface_Impl.cpp
  CDH_HMI_Task.cpp
x:\smc\source\smc_frame\cdataconversion.h(355): warning C4267: 'initializing': conversion from 'size_t' to 'long', possible loss of data
x:\smc\source\smc_frame\cdataconversion.h(374): warning C4267: 'initializing': conversion from 'size_t' to 'long', possible loss of data
x:\smc\source\smc_frame\cdataconversion.h(627): warning C4267: 'initializing': conversion from 'size_t' to 'int', possible loss of data
x:\smc\source\smc_frame\cdataconversion.h(628): warning C4267: 'initializing': conversion from 'size_t' to 'int', possible loss of data
  CHMI_EAF_EventHandler.cpp
x:\smc\source\smc_frame\cdataconversion.h(355): warning C4267: 'initializing': conversion from 'size_t' to 'long', possible loss of data
x:\smc\source\smc_frame\cdataconversion.h(374): warning C4267: 'initializing': conversion from 'size_t' to 'long', possible loss of data
x:\smc\source\smc_frame\cdataconversion.h(627): warning C4267: 'initializing': conversion from 'size_t' to 'int', possible loss of data
x:\smc\source\smc_frame\cdataconversion.h(628): warning C4267: 'initializing': conversion from 'size_t' to 'int', possible loss of data
  CHMI_EventHandler.cpp
x:\smc\source\smc_frame\cdataconversion.h(355): warning C4267: 'initializing': conversion from 'size_t' to 'long', possible loss of data
x:\smc\source\smc_frame\cdataconversion.h(374): warning C4267: 'initializing': conversion from 'size_t' to 'long', possible loss of data
x:\smc\source\smc_frame\cdataconversion.h(627): warning C4267: 'initializing': conversion from 'size_t' to 'int', possible loss of data
x:\smc\source\smc_frame\cdataconversion.h(628): warning C4267: 'initializing': conversion from 'size_t' to 'int', possible loss of data
  CHMI_EventHandlerFactory.cpp
x:\smc\source\smc_frame\cdataconversion.h(355): warning C4267: 'initializing': conversion from 'size_t' to 'long', possible loss of data
x:\smc\source\smc_frame\cdataconversion.h(374): warning C4267: 'initializing': conversion from 'size_t' to 'long', possible loss of data
x:\smc\source\smc_frame\cdataconversion.h(627): warning C4267: 'initializing': conversion from 'size_t' to 'int', possible loss of data
x:\smc\source\smc_frame\cdataconversion.h(628): warning C4267: 'initializing': conversion from 'size_t' to 'int', possible loss of data
  CHMI_GEN_EventHandler.cpp
x:\smc\source\smc_frame\cdataconversion.h(355): warning C4267: 'initializing': conversion from 'size_t' to 'long', possible loss of data
x:\smc\source\smc_frame\cdataconversion.h(374): warning C4267: 'initializing': conversion from 'size_t' to 'long', possible loss of data
x:\smc\source\smc_frame\cdataconversion.h(627): warning C4267: 'initializing': conversion from 'size_t' to 'int', possible loss of data
x:\smc\source\smc_frame\cdataconversion.h(628): warning C4267: 'initializing': conversion from 'size_t' to 'int', possible loss of data
  CHMI_HMD_EventHandler.cpp
x:\smc\source\smc_frame\cdataconversion.h(355): warning C4267: 'initializing': conversion from 'size_t' to 'long', possible loss of data
x:\smc\source\smc_frame\cdataconversion.h(374): warning C4267: 'initializing': conversion from 'size_t' to 'long', possible loss of data
x:\smc\source\smc_frame\cdataconversion.h(627): warning C4267: 'initializing': conversion from 'size_t' to 'int', possible loss of data
x:\smc\source\smc_frame\cdataconversion.h(628): warning C4267: 'initializing': conversion from 'size_t' to 'int', possible loss of data
  CHMI_LF_EventHandler.cpp
x:\smc\source\smc_frame\cdataconversion.h(355): warning C4267: 'initializing': conversion from 'size_t' to 'long', possible loss of data
x:\smc\source\smc_frame\cdataconversion.h(374): warning C4267: 'initializing': conversion from 'size_t' to 'long', possible loss of data
x:\smc\source\smc_frame\cdataconversion.h(627): warning C4267: 'initializing': conversion from 'size_t' to 'int', possible loss of data
x:\smc\source\smc_frame\cdataconversion.h(628): warning C4267: 'initializing': conversion from 'size_t' to 'int', possible loss of data
  Generating Code...
  DH_HMI_Frame.vcxproj -> X:\SMC\source\XPACT_SMC_BUILD\x64\Release\DH_HMI_Frame.lib
