3-9-2013 9:43:44.107	I : Log file <D:\JSW-SMS-3\SMC\source\Tools\Simulator\Simulator\Executable\SimLog\> deleted.;  FILE: .\CLogWriterWrapper.cpp; FUNCTION: CLogWriterWrapper::removeNeedlessLogFiles; LINE: 77; .NET Output: ->Void removeNeedlessLogFiles()->Void initViewComponent()->Void initComponent()
3-9-2013 9:43:44.247	I : Interface: D:\JSW-SMS-3\SMC\source\TELCOM\TELCOM_IN\TELCOM_IN_Frame\Telcom_In.xml;  FILE: .\Form1.cpp; FUNCTION: simulator::Form1::loadInterface; LINE: 1157; .NET Output: ->Int32 loadInterface(System.String)->Void loadInterfaces()->Void initViewComponent()
3-9-2013 9:43:45.107	I : All telegram objects removed.; FILE: ctlgcontainer.h; FUNCTION: freeTlg; LINE: 161
3-9-2013 9:43:45.154	I : Verctor - list of telegram (re)buildet.; FILE: ctlgcontainer.h; FUNCTION: BuildIndex; LINE: 175
3-9-2013 9:43:45.154	I : Telcom_In->Head For TelCom use only; FILE: cxmltlgprototypereader.cpp; FUNCTION: readOneTelegram; LINE: 219
3-9-2013 9:43:45.154	I : Verctor - list of telegram (re)buildet.; FILE: ctlgcontainer.h; FUNCTION: BuildIndex; LINE: 175
3-9-2013 9:43:45.154	I : Telcom_In->CCSSMC01 Required ladle arrival time from CCS; FILE: cxmltlgprototypereader.cpp; FUNCTION: readOneTelegram; LINE: 219
3-9-2013 9:43:45.169	I : Verctor - list of telegram (re)buildet.; FILE: ctlgcontainer.h; FUNCTION: BuildIndex; LINE: 175
3-9-2013 9:43:45.169	I : Telcom_In->CCSSMC02 Caster and Heat status to SMC; FILE: cxmltlgprototypereader.cpp; FUNCTION: readOneTelegram; LINE: 219
3-9-2013 9:43:45.169	I : Verctor - list of telegram (re)buildet.; FILE: ctlgcontainer.h; FUNCTION: BuildIndex; LINE: 175
3-9-2013 9:43:45.169	I : Telcom_In->EAL200 Acknowledge to Level 2; FILE: cxmltlgprototypereader.cpp; FUNCTION: readOneTelegram; LINE: 219
3-9-2013 9:43:45.169	I : Verctor - list of telegram (re)buildet.; FILE: ctlgcontainer.h; FUNCTION: BuildIndex; LINE: 175
3-9-2013 9:43:45.169	I : Telcom_In->EAL201 Watchdog to Level 2; FILE: cxmltlgprototypereader.cpp; FUNCTION: readOneTelegram; LINE: 219
3-9-2013 9:43:45.169	I : Verctor - list of telegram (re)buildet.; FILE: ctlgcontainer.h; FUNCTION: BuildIndex; LINE: 175
3-9-2013 9:43:45.169	I : Telcom_In->EAL203 Announcement of Heat; FILE: cxmltlgprototypereader.cpp; FUNCTION: readOneTelegram; LINE: 219
3-9-2013 9:43:45.169	I : Verctor - list of telegram (re)buildet.; FILE: ctlgcontainer.h; FUNCTION: BuildIndex; LINE: 175
3-9-2013 9:43:45.169	I : Telcom_In->EAL204 Start of Heat; FILE: cxmltlgprototypereader.cpp; FUNCTION: readOneTelegram; LINE: 219
3-9-2013 9:43:45.169	I : Verctor - list of telegram (re)buildet.; FILE: ctlgcontainer.h; FUNCTION: BuildIndex; LINE: 175
3-9-2013 9:43:45.169	I : Telcom_In->EAL205 End of Heat/Ladle Departure; FILE: cxmltlgprototypereader.cpp; FUNCTION: readOneTelegram; LINE: 219
3-9-2013 9:43:45.169	I : Verctor - list of telegram (re)buildet.; FILE: ctlgcontainer.h; FUNCTION: BuildIndex; LINE: 175
3-9-2013 9:43:45.185	I : Telcom_In->EAL206 Heat Cancellation; FILE: cxmltlgprototypereader.cpp; FUNCTION: readOneTelegram; LINE: 219
3-9-2013 9:43:45.185	I : Verctor - list of telegram (re)buildet.; FILE: ctlgcontainer.h; FUNCTION: BuildIndex; LINE: 175
3-9-2013 9:43:45.185	I : Telcom_In->EAL207 Tapping Start/End; FILE: cxmltlgprototypereader.cpp; FUNCTION: readOneTelegram; LINE: 219
3-9-2013 9:43:45.185	I : Verctor - list of telegram (re)buildet.; FILE: ctlgcontainer.h; FUNCTION: BuildIndex; LINE: 175
3-9-2013 9:43:45.185	I : Telcom_In->EAL209 Sample Taken; FILE: cxmltlgprototypereader.cpp; FUNCTION: readOneTelegram; LINE: 219
3-9-2013 9:43:45.185	I : Verctor - list of telegram (re)buildet.; FILE: ctlgcontainer.h; FUNCTION: BuildIndex; LINE: 175
3-9-2013 9:43:45.185	I : Telcom_In->EAL211 Temperature/CELOX Taken; FILE: cxmltlgprototypereader.cpp; FUNCTION: readOneTelegram; LINE: 219
3-9-2013 9:43:45.185	I : Verctor - list of telegram (re)buildet.; FILE: ctlgcontainer.h; FUNCTION: BuildIndex; LINE: 175
3-9-2013 9:43:45.185	I : Telcom_In->EAL214 Update Tap Ladle Data; FILE: cxmltlgprototypereader.cpp; FUNCTION: readOneTelegram; LINE: 219
3-9-2013 9:43:45.201	I : Verctor - list of telegram (re)buildet.; FILE: ctlgcontainer.h; FUNCTION: BuildIndex; LINE: 175
3-9-2013 9:43:45.201	I : Telcom_In->EAL215 Basket/Hotmetal Charging; FILE: cxmltlgprototypereader.cpp; FUNCTION: readOneTelegram; LINE: 219
3-9-2013 9:43:45.201	I : Verctor - list of telegram (re)buildet.; FILE: ctlgcontainer.h; FUNCTION: BuildIndex; LINE: 175
3-9-2013 9:43:45.201	I : Telcom_In->EAL216 Deslagging Status; FILE: cxmltlgprototypereader.cpp; FUNCTION: readOneTelegram; LINE: 219
3-9-2013 9:43:45.201	I : Verctor - list of telegram (re)buildet.; FILE: ctlgcontainer.h; FUNCTION: BuildIndex; LINE: 175
3-9-2013 9:43:45.201	I : Telcom_In->EAL217 Delay Status; FILE: cxmltlgprototypereader.cpp; FUNCTION: readOneTelegram; LINE: 219
3-9-2013 9:43:45.201	I : Verctor - list of telegram (re)buildet.; FILE: ctlgcontainer.h; FUNCTION: BuildIndex; LINE: 175
3-9-2013 9:43:45.201	I : Telcom_In->EAL220 Computer Modes; FILE: cxmltlgprototypereader.cpp; FUNCTION: readOneTelegram; LINE: 219
3-9-2013 9:43:45.201	I : Verctor - list of telegram (re)buildet.; FILE: ctlgcontainer.h; FUNCTION: BuildIndex; LINE: 175
3-9-2013 9:43:45.201	I : Telcom_In->EAL221 Furnace Status Roof/Gantry; FILE: cxmltlgprototypereader.cpp; FUNCTION: readOneTelegram; LINE: 219
3-9-2013 9:43:45.216	I : Verctor - list of telegram (re)buildet.; FILE: ctlgcontainer.h; FUNCTION: BuildIndex; LINE: 175
3-9-2013 9:43:45.216	I : Telcom_In->EAL222 Furnace Electrical Status; FILE: cxmltlgprototypereader.cpp; FUNCTION: readOneTelegram; LINE: 219
3-9-2013 9:43:45.216	I : Verctor - list of telegram (re)buildet.; FILE: ctlgcontainer.h; FUNCTION: BuildIndex; LINE: 175
3-9-2013 9:43:45.216	I : Telcom_In->EAL223 Electrical Values; FILE: cxmltlgprototypereader.cpp; FUNCTION: readOneTelegram; LINE: 219
3-9-2013 9:43:45.216	I : Verctor - list of telegram (re)buildet.; FILE: ctlgcontainer.h; FUNCTION: BuildIndex; LINE: 175
3-9-2013 9:43:45.216	I : Telcom_In->EAL224 Material Injection Availabilities; FILE: cxmltlgprototypereader.cpp; FUNCTION: readOneTelegram; LINE: 219
3-9-2013 9:43:45.216	I : Verctor - list of telegram (re)buildet.; FILE: ctlgcontainer.h; FUNCTION: BuildIndex; LINE: 175
3-9-2013 9:43:45.216	I : Telcom_In->EAL225 Material Injection Status; FILE: cxmltlgprototypereader.cpp; FUNCTION: readOneTelegram; LINE: 219
3-9-2013 9:43:45.232	I : Verctor - list of telegram (re)buildet.; FILE: ctlgcontainer.h; FUNCTION: BuildIndex; LINE: 175
3-9-2013 9:43:45.232	I : Telcom_In->EAL226 Material Injection Actual Values; FILE: cxmltlgprototypereader.cpp; FUNCTION: readOneTelegram; LINE: 219
3-9-2013 9:43:45.232	I : Verctor - list of telegram (re)buildet.; FILE: ctlgcontainer.h; FUNCTION: BuildIndex; LINE: 175
3-9-2013 9:43:45.232	I : Telcom_In->EAL227 Burner Gas Availabilities; FILE: cxmltlgprototypereader.cpp; FUNCTION: readOneTelegram; LINE: 219
3-9-2013 9:43:45.232	I : Verctor - list of telegram (re)buildet.; FILE: ctlgcontainer.h; FUNCTION: BuildIndex; LINE: 175
3-9-2013 9:43:45.232	I : Telcom_In->EAL228 Burner Status; FILE: cxmltlgprototypereader.cpp; FUNCTION: readOneTelegram; LINE: 219
3-9-2013 9:43:45.248	I : Verctor - list of telegram (re)buildet.; FILE: ctlgcontainer.h; FUNCTION: BuildIndex; LINE: 175
3-9-2013 9:43:45.248	I : Telcom_In->EAL229 Burner Actual Values; FILE: cxmltlgprototypereader.cpp; FUNCTION: readOneTelegram; LINE: 219
3-9-2013 9:43:45.248	I : Verctor - list of telegram (re)buildet.; FILE: ctlgcontainer.h; FUNCTION: BuildIndex; LINE: 175
3-9-2013 9:43:45.248	I : Telcom_In->EAL230 Oxygen Injection Availability; FILE: cxmltlgprototypereader.cpp; FUNCTION: readOneTelegram; LINE: 219
3-9-2013 9:43:45.248	I : Verctor - list of telegram (re)buildet.; FILE: ctlgcontainer.h; FUNCTION: BuildIndex; LINE: 175
3-9-2013 9:43:45.248	I : Telcom_In->EAL231 Oxygen Injector Status; FILE: cxmltlgprototypereader.cpp; FUNCTION: readOneTelegram; LINE: 219
3-9-2013 9:43:45.248	I : Verctor - list of telegram (re)buildet.; FILE: ctlgcontainer.h; FUNCTION: BuildIndex; LINE: 175
3-9-2013 9:43:45.248	I : Telcom_In->EAL232 Oxygen Injection Actual Values; FILE: cxmltlgprototypereader.cpp; FUNCTION: readOneTelegram; LINE: 219
3-9-2013 9:43:45.263	I : Verctor - list of telegram (re)buildet.; FILE: ctlgcontainer.h; FUNCTION: BuildIndex; LINE: 175
3-9-2013 9:43:45.263	I : Telcom_In->EAL233 Cooling Water Values; FILE: cxmltlgprototypereader.cpp; FUNCTION: readOneTelegram; LINE: 219
3-9-2013 9:43:45.263	I : Verctor - list of telegram (re)buildet.; FILE: ctlgcontainer.h; FUNCTION: BuildIndex; LINE: 175
3-9-2013 9:43:45.263	I : Telcom_In->EAL234 Status of Vessel Bottom Stirring; FILE: cxmltlgprototypereader.cpp; FUNCTION: readOneTelegram; LINE: 219
3-9-2013 9:43:45.279	I : Verctor - list of telegram (re)buildet.; FILE: ctlgcontainer.h; FUNCTION: BuildIndex; LINE: 175
3-9-2013 9:43:45.279	I : Telcom_In->EAL235 Actual Values of Vessel Stirring; FILE: cxmltlgprototypereader.cpp; FUNCTION: readOneTelegram; LINE: 219
3-9-2013 9:43:45.279	I : Verctor - list of telegram (re)buildet.; FILE: ctlgcontainer.h; FUNCTION: BuildIndex; LINE: 175
3-9-2013 9:43:45.279	I : Telcom_In->EAL236 Status of Ladle Bottom Stirring; FILE: cxmltlgprototypereader.cpp; FUNCTION: readOneTelegram; LINE: 219
3-9-2013 9:43:45.279	I : Verctor - list of telegram (re)buildet.; FILE: ctlgcontainer.h; FUNCTION: BuildIndex; LINE: 175
3-9-2013 9:43:45.279	I : Telcom_In->EAL237 Actual Values of Ladle Bottom Stirring; FILE: cxmltlgprototypereader.cpp; FUNCTION: readOneTelegram; LINE: 219
3-9-2013 9:43:45.294	I : Verctor - list of telegram (re)buildet.; FILE: ctlgcontainer.h; FUNCTION: BuildIndex; LINE: 175
3-9-2013 9:43:45.294	I : Telcom_In->EAL240 Flame Profiles; FILE: cxmltlgprototypereader.cpp; FUNCTION: readOneTelegram; LINE: 219
3-9-2013 9:43:45.294	I : Verctor - list of telegram (re)buildet.; FILE: ctlgcontainer.h; FUNCTION: BuildIndex; LINE: 175
3-9-2013 9:43:45.294	I : Telcom_In->EAL241 EAF Level 1 Parameter; FILE: cxmltlgprototypereader.cpp; FUNCTION: readOneTelegram; LINE: 219
3-9-2013 9:43:45.294	I : Verctor - list of telegram (re)buildet.; FILE: ctlgcontainer.h; FUNCTION: BuildIndex; LINE: 175
3-9-2013 9:43:45.294	I : Telcom_In->EAL250 Waste Gas Flows; FILE: cxmltlgprototypereader.cpp; FUNCTION: readOneTelegram; LINE: 219
3-9-2013 9:43:45.310	I : Verctor - list of telegram (re)buildet.; FILE: ctlgcontainer.h; FUNCTION: BuildIndex; LINE: 175
3-9-2013 9:43:45.310	I : Telcom_In->EAL260 Material Handling Report; FILE: cxmltlgprototypereader.cpp; FUNCTION: readOneTelegram; LINE: 219
3-9-2013 9:43:45.310	I : Verctor - list of telegram (re)buildet.; FILE: ctlgcontainer.h; FUNCTION: BuildIndex; LINE: 175
3-9-2013 9:43:45.326	I : Telcom_In->EAL261 Material Availabilities; FILE: cxmltlgprototypereader.cpp; FUNCTION: readOneTelegram; LINE: 219
3-9-2013 9:43:45.326	I : Verctor - list of telegram (re)buildet.; FILE: ctlgcontainer.h; FUNCTION: BuildIndex; LINE: 175
3-9-2013 9:43:45.326	I : Telcom_In->EAL262 Material Feeding System; FILE: cxmltlgprototypereader.cpp; FUNCTION: readOneTelegram; LINE: 219
3-9-2013 9:43:45.326	I : Verctor - list of telegram (re)buildet.; FILE: ctlgcontainer.h; FUNCTION: BuildIndex; LINE: 175
3-9-2013 9:43:45.326	I : Telcom_In->EAL263 Material Feeding Status; FILE: cxmltlgprototypereader.cpp; FUNCTION: readOneTelegram; LINE: 219
3-9-2013 9:43:45.326	I : Verctor - list of telegram (re)buildet.; FILE: ctlgcontainer.h; FUNCTION: BuildIndex; LINE: 175
3-9-2013 9:43:45.326	I : Telcom_In->EAL270 Liquid Material Handling Report; FILE: cxmltlgprototypereader.cpp; FUNCTION: readOneTelegram; LINE: 219
3-9-2013 9:43:45.341	I : Verctor - list of telegram (re)buildet.; FILE: ctlgcontainer.h; FUNCTION: BuildIndex; LINE: 175
3-9-2013 9:43:45.341	I : Telcom_In->EAL280 Phase Report; FILE: cxmltlgprototypereader.cpp; FUNCTION: readOneTelegram; LINE: 219
3-9-2013 9:43:45.341	I : Verctor - list of telegram (re)buildet.; FILE: ctlgcontainer.h; FUNCTION: BuildIndex; LINE: 175
3-9-2013 9:43:45.341	I : Telcom_In->EAL281 Basket Request; FILE: cxmltlgprototypereader.cpp; FUNCTION: readOneTelegram; LINE: 219
3-9-2013 9:43:45.341	I : Verctor - list of telegram (re)buildet.; FILE: ctlgcontainer.h; FUNCTION: BuildIndex; LINE: 175
3-9-2013 9:43:45.341	I : Telcom_In->L2HD00 Acknowledge to Level 2; FILE: cxmltlgprototypereader.cpp; FUNCTION: readOneTelegram; LINE: 219
3-9-2013 9:43:45.341	I : Verctor - list of telegram (re)buildet.; FILE: ctlgcontainer.h; FUNCTION: BuildIndex; LINE: 175
3-9-2013 9:43:45.341	I : Telcom_In->HDL201 Watchdog primary; FILE: cxmltlgprototypereader.cpp; FUNCTION: readOneTelegram; LINE: 219
3-9-2013 9:43:45.357	I : Verctor - list of telegram (re)buildet.; FILE: ctlgcontainer.h; FUNCTION: BuildIndex; LINE: 175
3-9-2013 9:43:45.357	I : Telcom_In->HDL203 Announcement of Heat; FILE: cxmltlgprototypereader.cpp; FUNCTION: readOneTelegram; LINE: 219
3-9-2013 9:43:45.357	I : Verctor - list of telegram (re)buildet.; FILE: ctlgcontainer.h; FUNCTION: BuildIndex; LINE: 175
3-9-2013 9:43:45.357	I : Telcom_In->HDL204 Start of Heat; FILE: cxmltlgprototypereader.cpp; FUNCTION: readOneTelegram; LINE: 219
3-9-2013 9:43:45.357	I : Verctor - list of telegram (re)buildet.; FILE: ctlgcontainer.h; FUNCTION: BuildIndex; LINE: 175
3-9-2013 9:43:45.357	I : Telcom_In->HDL205 End of Heat/LDL Departure; FILE: cxmltlgprototypereader.cpp; FUNCTION: readOneTelegram; LINE: 219
3-9-2013 9:43:45.357	I : Verctor - list of telegram (re)buildet.; FILE: ctlgcontainer.h; FUNCTION: BuildIndex; LINE: 175
3-9-2013 9:43:45.357	I : Telcom_In->HDL206 Heat Cancelled; FILE: cxmltlgprototypereader.cpp; FUNCTION: readOneTelegram; LINE: 219
3-9-2013 9:43:45.357	I : Verctor - list of telegram (re)buildet.; FILE: ctlgcontainer.h; FUNCTION: BuildIndex; LINE: 175
3-9-2013 9:43:45.357	I : Telcom_In->HDL209 Sample Taken; FILE: cxmltlgprototypereader.cpp; FUNCTION: readOneTelegram; LINE: 219
3-9-2013 9:43:45.373	I : Verctor - list of telegram (re)buildet.; FILE: ctlgcontainer.h; FUNCTION: BuildIndex; LINE: 175
3-9-2013 9:43:45.373	I : Telcom_In->HDL211 Temp is taken; FILE: cxmltlgprototypereader.cpp; FUNCTION: readOneTelegram; LINE: 219
3-9-2013 9:43:45.373	I : Verctor - list of telegram (re)buildet.; FILE: ctlgcontainer.h; FUNCTION: BuildIndex; LINE: 175
3-9-2013 9:43:45.373	I : Telcom_In->HDL213 Update Aim Departure Time; FILE: cxmltlgprototypereader.cpp; FUNCTION: readOneTelegram; LINE: 219
3-9-2013 9:43:45.373	I : Verctor - list of telegram (re)buildet.; FILE: ctlgcontainer.h; FUNCTION: BuildIndex; LINE: 175
3-9-2013 9:43:45.373	I : Telcom_In->HDL220 HMD Operation Modes; FILE: cxmltlgprototypereader.cpp; FUNCTION: readOneTelegram; LINE: 219
3-9-2013 9:43:45.373	I : Verctor - list of telegram (re)buildet.; FILE: ctlgcontainer.h; FUNCTION: BuildIndex; LINE: 175
3-9-2013 9:43:45.373	I : Telcom_In->HDL221 Plant Status; FILE: cxmltlgprototypereader.cpp; FUNCTION: readOneTelegram; LINE: 219
3-9-2013 9:43:45.373	I : Verctor - list of telegram (re)buildet.; FILE: ctlgcontainer.h; FUNCTION: BuildIndex; LINE: 175
3-9-2013 9:43:45.388	I : Telcom_In->HDL223 HMD Actual Values; FILE: cxmltlgprototypereader.cpp; FUNCTION: readOneTelegram; LINE: 219
3-9-2013 9:43:45.388	I : Verctor - list of telegram (re)buildet.; FILE: ctlgcontainer.h; FUNCTION: BuildIndex; LINE: 175
3-9-2013 9:43:45.388	I : Telcom_In->HDL260 Blowing Report; FILE: cxmltlgprototypereader.cpp; FUNCTION: readOneTelegram; LINE: 219
3-9-2013 9:43:45.404	I : Verctor - list of telegram (re)buildet.; FILE: ctlgcontainer.h; FUNCTION: BuildIndex; LINE: 175
3-9-2013 9:43:45.404	I : Telcom_In->HDL261 Material Availbilities for Powder; FILE: cxmltlgprototypereader.cpp; FUNCTION: readOneTelegram; LINE: 219
3-9-2013 9:43:45.404	I : Verctor - list of telegram (re)buildet.; FILE: ctlgcontainer.h; FUNCTION: BuildIndex; LINE: 175
3-9-2013 9:43:45.404	I : Telcom_In->HDL270 Liquid Material Handling Report; FILE: cxmltlgprototypereader.cpp; FUNCTION: readOneTelegram; LINE: 219
3-9-2013 9:43:45.404	I : Verctor - list of telegram (re)buildet.; FILE: ctlgcontainer.h; FUNCTION: BuildIndex; LINE: 175
3-9-2013 9:43:45.404	I : Telcom_In->HDL281 Treatment Steps; FILE: cxmltlgprototypereader.cpp; FUNCTION: readOneTelegram; LINE: 219
3-9-2013 9:43:45.404	I : Verctor - list of telegram (re)buildet.; FILE: ctlgcontainer.h; FUNCTION: BuildIndex; LINE: 175
3-9-2013 9:43:45.404	I : Telcom_In->L3SMC01 Cyclic alive telegram from L3; FILE: cxmltlgprototypereader.cpp; FUNCTION: readOneTelegram; LINE: 219
3-9-2013 9:43:45.435	I : Verctor - list of telegram (re)buildet.; FILE: ctlgcontainer.h; FUNCTION: BuildIndex; LINE: 175
3-9-2013 9:43:45.435	I : Telcom_In->L3SMC02 Heat Schedule From L3; FILE: cxmltlgprototypereader.cpp; FUNCTION: readOneTelegram; LINE: 219
3-9-2013 9:43:45.435	I : Verctor - list of telegram (re)buildet.; FILE: ctlgcontainer.h; FUNCTION: BuildIndex; LINE: 175
3-9-2013 9:43:45.435	I : Telcom_In->L3SMC03 Production Order Data; FILE: cxmltlgprototypereader.cpp; FUNCTION: readOneTelegram; LINE: 219
3-9-2013 9:43:45.498	I : Verctor - list of telegram (re)buildet.; FILE: ctlgcontainer.h; FUNCTION: BuildIndex; LINE: 175
3-9-2013 9:43:45.498	I : Telcom_In->L3SMC06 Steel Grade Code Definition; FILE: cxmltlgprototypereader.cpp; FUNCTION: readOneTelegram; LINE: 219
3-9-2013 9:43:45.498	I : Verctor - list of telegram (re)buildet.; FILE: ctlgcontainer.h; FUNCTION: BuildIndex; LINE: 175
3-9-2013 9:43:45.498	I : Telcom_In->L3SMC07 Delay Code Definition; FILE: cxmltlgprototypereader.cpp; FUNCTION: readOneTelegram; LINE: 219
3-9-2013 9:43:45.513	I : Verctor - list of telegram (re)buildet.; FILE: ctlgcontainer.h; FUNCTION: BuildIndex; LINE: 175
3-9-2013 9:43:45.513	I : Telcom_In->L3SMC08 Material Code Definition; FILE: cxmltlgprototypereader.cpp; FUNCTION: readOneTelegram; LINE: 219
3-9-2013 9:43:45.513	I : Verctor - list of telegram (re)buildet.; FILE: ctlgcontainer.h; FUNCTION: BuildIndex; LINE: 175
3-9-2013 9:43:45.513	I : Telcom_In->L3SMC09 Status Request; FILE: cxmltlgprototypereader.cpp; FUNCTION: readOneTelegram; LINE: 219
3-9-2013 9:43:45.529	I : Verctor - list of telegram (re)buildet.; FILE: ctlgcontainer.h; FUNCTION: BuildIndex; LINE: 175
3-9-2013 9:43:45.529	I : Telcom_In->LABSMC01 Cyclic alive telegram from LAB; FILE: cxmltlgprototypereader.cpp; FUNCTION: readOneTelegram; LINE: 219
3-9-2013 9:43:45.529	I : Verctor - list of telegram (re)buildet.; FILE: ctlgcontainer.h; FUNCTION: BuildIndex; LINE: 175
3-9-2013 9:43:45.529	I : Telcom_In->LABSMC02 Steel analysis data; FILE: cxmltlgprototypereader.cpp; FUNCTION: readOneTelegram; LINE: 219
3-9-2013 9:43:45.544	I : Verctor - list of telegram (re)buildet.; FILE: ctlgcontainer.h; FUNCTION: BuildIndex; LINE: 175
3-9-2013 9:43:45.544	I : Telcom_In->LABSMC03 Slag analysis data; FILE: cxmltlgprototypereader.cpp; FUNCTION: readOneTelegram; LINE: 219
3-9-2013 9:43:45.544	I : Verctor - list of telegram (re)buildet.; FILE: ctlgcontainer.h; FUNCTION: BuildIndex; LINE: 175
3-9-2013 9:43:45.544	I : Telcom_In->LFL200 Acknowledge to Level 2; FILE: cxmltlgprototypereader.cpp; FUNCTION: readOneTelegram; LINE: 219
3-9-2013 9:43:45.544	I : Verctor - list of telegram (re)buildet.; FILE: ctlgcontainer.h; FUNCTION: BuildIndex; LINE: 175
3-9-2013 9:43:45.544	I : Telcom_In->LFL201 Watchdog to Level 2; FILE: cxmltlgprototypereader.cpp; FUNCTION: readOneTelegram; LINE: 219
3-9-2013 9:43:45.544	I : Verctor - list of telegram (re)buildet.; FILE: ctlgcontainer.h; FUNCTION: BuildIndex; LINE: 175
3-9-2013 9:43:45.544	I : Telcom_In->LFL203 Announcement of Heat; FILE: cxmltlgprototypereader.cpp; FUNCTION: readOneTelegram; LINE: 219
3-9-2013 9:43:45.560	I : Verctor - list of telegram (re)buildet.; FILE: ctlgcontainer.h; FUNCTION: BuildIndex; LINE: 175
3-9-2013 9:43:45.560	I : Telcom_In->LFL204 Start of Heat; FILE: cxmltlgprototypereader.cpp; FUNCTION: readOneTelegram; LINE: 219
3-9-2013 9:43:45.560	I : Verctor - list of telegram (re)buildet.; FILE: ctlgcontainer.h; FUNCTION: BuildIndex; LINE: 175
3-9-2013 9:43:45.560	I : Telcom_In->LFL205 End of Heat/Ladle Departure; FILE: cxmltlgprototypereader.cpp; FUNCTION: readOneTelegram; LINE: 219
3-9-2013 9:43:45.560	I : Verctor - list of telegram (re)buildet.; FILE: ctlgcontainer.h; FUNCTION: BuildIndex; LINE: 175
3-9-2013 9:43:45.560	I : Telcom_In->LFL206 Heat Cancellation; FILE: cxmltlgprototypereader.cpp; FUNCTION: readOneTelegram; LINE: 219
3-9-2013 9:43:45.560	I : Verctor - list of telegram (re)buildet.; FILE: ctlgcontainer.h; FUNCTION: BuildIndex; LINE: 175
3-9-2013 9:43:45.560	I : Telcom_In->LFL209 Sample Taken; FILE: cxmltlgprototypereader.cpp; FUNCTION: readOneTelegram; LINE: 219
3-9-2013 9:43:45.576	I : Verctor - list of telegram (re)buildet.; FILE: ctlgcontainer.h; FUNCTION: BuildIndex; LINE: 175
3-9-2013 9:43:45.576	I : Telcom_In->LFL211 Temperature/CELOX Taken; FILE: cxmltlgprototypereader.cpp; FUNCTION: readOneTelegram; LINE: 219
3-9-2013 9:43:45.576	I : Verctor - list of telegram (re)buildet.; FILE: ctlgcontainer.h; FUNCTION: BuildIndex; LINE: 175
3-9-2013 9:43:45.576	I : Telcom_In->LFL212 Aim Temperature; FILE: cxmltlgprototypereader.cpp; FUNCTION: readOneTelegram; LINE: 219
3-9-2013 9:43:45.576	I : Verctor - list of telegram (re)buildet.; FILE: ctlgcontainer.h; FUNCTION: BuildIndex; LINE: 175
3-9-2013 9:43:45.576	I : Telcom_In->LFL213 Aim Departure Time; FILE: cxmltlgprototypereader.cpp; FUNCTION: readOneTelegram; LINE: 219
3-9-2013 9:43:45.591	I : Verctor - list of telegram (re)buildet.; FILE: ctlgcontainer.h; FUNCTION: BuildIndex; LINE: 175
3-9-2013 9:43:45.591	I : Telcom_In->LFL217 Delay Status; FILE: cxmltlgprototypereader.cpp; FUNCTION: readOneTelegram; LINE: 219
3-9-2013 9:43:45.591	I : Verctor - list of telegram (re)buildet.; FILE: ctlgcontainer.h; FUNCTION: BuildIndex; LINE: 175
3-9-2013 9:43:45.591	I : Telcom_In->LFL220 Computer Modes; FILE: cxmltlgprototypereader.cpp; FUNCTION: readOneTelegram; LINE: 219
3-9-2013 9:43:45.591	I : Verctor - list of telegram (re)buildet.; FILE: ctlgcontainer.h; FUNCTION: BuildIndex; LINE: 175
3-9-2013 9:43:45.591	I : Telcom_In->LFL221 Furnace Status; FILE: cxmltlgprototypereader.cpp; FUNCTION: readOneTelegram; LINE: 219
3-9-2013 9:43:45.591	I : Verctor - list of telegram (re)buildet.; FILE: ctlgcontainer.h; FUNCTION: BuildIndex; LINE: 175
3-9-2013 9:43:45.591	I : Telcom_In->LFL222 Electrical Status; FILE: cxmltlgprototypereader.cpp; FUNCTION: readOneTelegram; LINE: 219
3-9-2013 9:43:45.607	I : Verctor - list of telegram (re)buildet.; FILE: ctlgcontainer.h; FUNCTION: BuildIndex; LINE: 175
3-9-2013 9:43:45.607	I : Telcom_In->LFL223 Electrical Values; FILE: cxmltlgprototypereader.cpp; FUNCTION: readOneTelegram; LINE: 219
3-9-2013 9:43:45.607	I : Verctor - list of telegram (re)buildet.; FILE: ctlgcontainer.h; FUNCTION: BuildIndex; LINE: 175
3-9-2013 9:43:45.607	I : Telcom_In->LFL224 Bottom Stirring Status; FILE: cxmltlgprototypereader.cpp; FUNCTION: readOneTelegram; LINE: 219
3-9-2013 9:43:45.607	I : Verctor - list of telegram (re)buildet.; FILE: ctlgcontainer.h; FUNCTION: BuildIndex; LINE: 175
3-9-2013 9:43:45.607	I : Telcom_In->LFL225 Emergency Lance Stirring Status; FILE: cxmltlgprototypereader.cpp; FUNCTION: readOneTelegram; LINE: 219
3-9-2013 9:43:45.623	I : Verctor - list of telegram (re)buildet.; FILE: ctlgcontainer.h; FUNCTION: BuildIndex; LINE: 175
3-9-2013 9:43:45.623	I : Telcom_In->LFL226 Bottom Stirring Values; FILE: cxmltlgprototypereader.cpp; FUNCTION: readOneTelegram; LINE: 219
3-9-2013 9:43:45.623	I : Verctor - list of telegram (re)buildet.; FILE: ctlgcontainer.h; FUNCTION: BuildIndex; LINE: 175
3-9-2013 9:43:45.623	I : Telcom_In->LFL230 Cooling Water; FILE: cxmltlgprototypereader.cpp; FUNCTION: readOneTelegram; LINE: 219
3-9-2013 9:43:45.623	I : Verctor - list of telegram (re)buildet.; FILE: ctlgcontainer.h; FUNCTION: BuildIndex; LINE: 175
3-9-2013 9:43:45.623	I : Telcom_In->LFL240 LF Level 1Parameter; FILE: cxmltlgprototypereader.cpp; FUNCTION: readOneTelegram; LINE: 219
3-9-2013 9:43:45.638	I : Verctor - list of telegram (re)buildet.; FILE: ctlgcontainer.h; FUNCTION: BuildIndex; LINE: 175
3-9-2013 9:43:45.638	I : Telcom_In->LFL260 Material Handling Report; FILE: cxmltlgprototypereader.cpp; FUNCTION: readOneTelegram; LINE: 219
3-9-2013 9:43:45.638	I : Verctor - list of telegram (re)buildet.; FILE: ctlgcontainer.h; FUNCTION: BuildIndex; LINE: 175
3-9-2013 9:43:45.638	I : Telcom_In->LFL261 Material Availability; FILE: cxmltlgprototypereader.cpp; FUNCTION: readOneTelegram; LINE: 219
3-9-2013 9:43:45.654	I : Verctor - list of telegram (re)buildet.; FILE: ctlgcontainer.h; FUNCTION: BuildIndex; LINE: 175
3-9-2013 9:43:45.654	I : Telcom_In->LFL270 Liquid Material Handling Report; FILE: cxmltlgprototypereader.cpp; FUNCTION: readOneTelegram; LINE: 219
3-9-2013 9:43:45.654	I : Verctor - list of telegram (re)buildet.; FILE: ctlgcontainer.h; FUNCTION: BuildIndex; LINE: 175
3-9-2013 9:43:45.654	I : Telcom_In->LFL281 Treatment Steps; FILE: cxmltlgprototypereader.cpp; FUNCTION: readOneTelegram; LINE: 219
3-9-2013 9:43:45.654	I : Verctor - list of telegram (re)buildet.; FILE: ctlgcontainer.h; FUNCTION: BuildIndex; LINE: 175
3-9-2013 9:43:45.654	I : Telcom_In->L2SY00 For acknowledge, send to SCY; FILE: cxmltlgprototypereader.cpp; FUNCTION: readOneTelegram; LINE: 219
3-9-2013 9:43:45.654	I : Verctor - list of telegram (re)buildet.; FILE: ctlgcontainer.h; FUNCTION: BuildIndex; LINE: 175
3-9-2013 9:43:45.654	I : Telcom_In->SYL291 Watchdog to Level 2; FILE: cxmltlgprototypereader.cpp; FUNCTION: readOneTelegram; LINE: 219
3-9-2013 9:43:45.669	I : Verctor - list of telegram (re)buildet.; FILE: ctlgcontainer.h; FUNCTION: BuildIndex; LINE: 175
3-9-2013 9:43:45.669	I : Telcom_In->SYL292 Scrap Container Loading Results; FILE: cxmltlgprototypereader.cpp; FUNCTION: readOneTelegram; LINE: 219
3-9-2013 9:43:45.669	I : Verctor - list of telegram (re)buildet.; FILE: ctlgcontainer.h; FUNCTION: BuildIndex; LINE: 175
3-9-2013 9:43:45.669	I : Telcom_In->SYL293 Request for Download of Scrap Loading Instructions; FILE: cxmltlgprototypereader.cpp; FUNCTION: readOneTelegram; LINE: 219
3-9-2013 9:43:45.669	I : Verctor - list of telegram (re)buildet.; FILE: ctlgcontainer.h; FUNCTION: BuildIndex; LINE: 175
3-9-2013 9:43:45.669	I : Telcom_In->SYL295 Request for Download of Available Scrap Materials; FILE: cxmltlgprototypereader.cpp; FUNCTION: readOneTelegram; LINE: 219
3-9-2013 9:43:45.716	I :      99  Telegrams found;  FILE: .\Form1.cpp; FUNCTION: simulator::Form1::loadInterface; LINE: 1173; .NET Output: ->Int32 loadInterface(System.String)->Void loadInterfaces()->Void initViewComponent()
3-9-2013 9:43:45.716	I : All telegram objects removed.; FILE: ctlgcontainer.h; FUNCTION: freeTlg; LINE: 161
3-9-2013 9:44:21.970	I : Client IPEndPoint created;  FILE: .\CSocketClient.cpp; FUNCTION: CSocketClient::buildConnection; LINE: 35; .NET Output: ->Int32 buildConnection(System.String, Int32)->Int32 buildConnAsClient()->Int32 buildConnection(Int32)
3-9-2013 9:44:21.970	I : Receive thread (checks server connection) started;  FILE: .\CInterSenderManager.cpp; FUNCTION: CInterSenderManager::InvokeReceiveThread; LINE: 93; .NET Output: ->Void InvokeReceiveThread(Boolean)->Int32 buildConnAsClient()->Int32 buildConnection(Int32)
3-9-2013 9:44:21.986	I : Connecting to: IP-Addres: 10.182.50.108 Port: 18510;  FILE: .\CSocketConnectionForm.cpp; FUNCTION: simulator::CSocketConnectionForm::OnClickButtConnection; LINE: 131; .NET Output: ->Void OnClickButtConnection(System.Object, System.EventArgs)->Void OnClick(System.EventArgs)->Void OnClick(System.EventArgs)
3-9-2013 9:44:22.17	I : Start thread for waiting connection;  FILE: .\CSocketClient.cpp; FUNCTION: CSocketClient::waitingForConnection; LINE: 66; .NET Output: ->Void waitingForConnection(Int32)->Void waitingForConnection()->Void OnClickButtConnection(System.Object, System.EventArgs)
3-9-2013 9:44:22.48	I : Client connected;  FILE: .\CSocketClient.cpp; FUNCTION: CSocketClient::waiting; LINE: 102; .NET Output: ->Void waiting()->Void ThreadStart_Context(System.Object)->Void Run(System.Threading.ExecutionContext, System.Threading.ContextCallback, System.Object)
3-9-2013 9:44:27.49	I : Load:  D:\JSW-SMS-3\SMC\source\Tools\Simulator\Simulator\Executable\HMDS.szn;  FILE: .\CSenderForm.cpp; FUNCTION: simulator::CSenderForm::loadSzenarium; LINE: 507; .NET Output: ->Void loadSzenarium(System.String)->Void OnMenuFileSzenOpenClick(System.Object, System.EventArgs)->Void OnClick(System.EventArgs)
3-9-2013 9:44:27.143	I : All telegrams in szenario removed;  FILE: .\CSzenarium.cpp; FUNCTION: CSzenarium::clearSzenarium; LINE: 562; .NET Output: ->Void clearSzenarium()->Void loadSzenarium(System.String, System.Collections.ArrayList)->Void loadSzenarium(System.String)
3-9-2013 9:46:6.75	I : Send Tel: 74|1005|1|1|2013|8|20|10|30|45|0|0|168|1|2|2|-1|-1|-1|-1|;  FILE: .\CSendItemsServer.cpp; FUNCTION: CSendItemsServer::sendSzenItem; LINE: 171; .NET Output: ->Void sendSzenItem(CInterSenderManager, CSzenItem)->Void sendOneTelegram()->Void ThreadStart_Context(System.Object)
3-9-2013 9:47:39.4	I : Send Tel: 74|1004|1|1|2013|8|20|10|30|34|0|0|169|01|2|-1|-1|-1|-1|-1|;  FILE: .\CSendItemsServer.cpp; FUNCTION: CSendItemsServer::sendSzenItem; LINE: 171; .NET Output: ->Void sendSzenItem(CInterSenderManager, CSzenItem)->Void sendOneTelegram()->Void ThreadStart_Context(System.Object)
3-9-2013 9:48:1.177	I : HDL281 swapped;  FILE: .\CSzenarium.cpp; FUNCTION: CSzenarium::swapItems; LINE: 306; .NET Output: ->Void swapItems(Int32, Int32)->Void OnButtTlgUpClick(System.Object, System.EventArgs)->Void OnClick(System.EventArgs)
3-9-2013 9:48:53.773	I : Send Tel: 78|1081|1|1|2013|8|20|10|30|31|0|0|169|2|01|3|-1|-1|-1|-1|-1|;  FILE: .\CSendItemsServer.cpp; FUNCTION: CSendItemsServer::sendSzenItem; LINE: 171; .NET Output: ->Void sendSzenItem(CInterSenderManager, CSzenItem)->Void sendOneTelegram()->Void ThreadStart_Context(System.Object)
3-9-2013 9:49:36.760	I : Send Tel: 148|1060|1|1|2013|8|20|10|12|12|0|0|169|01|1|3|2|0|1010000000|1020000000|1030000000| | |0|0|0|-1|-1|0|-1|-1|;  FILE: .\CSendItemsServer.cpp; FUNCTION: CSendItemsServer::sendSzenItem; LINE: 171; .NET Output: ->Void sendSzenItem(CInterSenderManager, CSzenItem)->Void sendOneTelegram()->Void ThreadStart_Context(System.Object)
3-9-2013 9:50:2.120	I : Send Tel: 104|1023|2013|1|2013|8|20|10|30|21|0|0|0|2|5|20|20|0|0|300|0|25|7|0|0|100|-1|-1|;  FILE: .\CSendItemsServer.cpp; FUNCTION: CSendItemsServer::sendSzenItem; LINE: 171; .NET Output: ->Void sendSzenItem(CInterSenderManager, CSzenItem)->Void sendOneTelegram()->Void ThreadStart_Context(System.Object)
3-9-2013 9:50:11.636	I : HDL281 swapped;  FILE: .\CSzenarium.cpp; FUNCTION: CSzenarium::swapItems; LINE: 306; .NET Output: ->Void swapItems(Int32, Int32)->Void OnButtTlgUpClick(System.Object, System.EventArgs)->Void OnClick(System.EventArgs)
3-9-2013 9:51:34.984	I : Send Tel: 78|1081|1|1|2013|8|20|10|30|31|0|0|169|2|01|5|-1|-1|-1|-1|-1|;  FILE: .\CSendItemsServer.cpp; FUNCTION: CSendItemsServer::sendSzenItem; LINE: 171; .NET Output: ->Void sendSzenItem(CInterSenderManager, CSzenItem)->Void sendOneTelegram()->Void ThreadStart_Context(System.Object)
3-9-2013 9:53:13.191	I : Send Tel: 148|1060|1|1|2013|8|20|10|12|12|0|0|169|01|1|3|3|0|1010000000|1020000000|1030000000| | |280|-1|-1|-1|-1|50|-1|-1|;  FILE: .\CSendItemsServer.cpp; FUNCTION: CSendItemsServer::sendSzenItem; LINE: 171; .NET Output: ->Void sendSzenItem(CInterSenderManager, CSzenItem)->Void sendOneTelegram()->Void ThreadStart_Context(System.Object)
3-9-2013 9:54:7.192	I : Send Tel: 74|1005|1|1|2013|8|20|10|30|45|0|0|169|1|2|2|-1|-1|-1|-1|;  FILE: .\CSendItemsServer.cpp; FUNCTION: CSendItemsServer::sendSzenItem; LINE: 171; .NET Output: ->Void sendSzenItem(CInterSenderManager, CSzenItem)->Void sendOneTelegram()->Void ThreadStart_Context(System.Object)
3-9-2013 9:58:10.418	I : Save to file;  D:\JSW-SMS-3\SMC\source\Tools\Simulator\Simulator\Executable\HMDS.szn;  FILE: .\CSenderForm.cpp; FUNCTION: simulator::CSenderForm::saveSimpleTimeSzenarium; LINE: 485; .NET Output: ->Void saveSimpleTimeSzenarium(System.String)->Void MenuSaveSimpleTimeSzen_Click(System.Object, System.EventArgs)->Void OnClick(System.EventArgs)
3-9-2013 10:2:48.700	I : Send Tel: 74|1004|1|1|2013|8|20|10|30|34|0|0|170|01|2|-1|-1|-1|-1|-1|;  FILE: .\CSendItemsServer.cpp; FUNCTION: CSendItemsServer::sendSzenItem; LINE: 171; .NET Output: ->Void sendSzenItem(CInterSenderManager, CSzenItem)->Void sendOneTelegram()->Void ThreadStart_Context(System.Object)
3-9-2013 10:3:22.448	I : Send Tel: 78|1081|1|1|2013|8|20|10|30|31|0|0|170|2|01|3|-1|-1|-1|-1|-1|;  FILE: .\CSendItemsServer.cpp; FUNCTION: CSendItemsServer::sendSzenItem; LINE: 171; .NET Output: ->Void sendSzenItem(CInterSenderManager, CSzenItem)->Void sendOneTelegram()->Void ThreadStart_Context(System.Object)
3-9-2013 10:3:37.494	I : Send Tel: 148|1060|1|1|2013|8|20|10|12|12|0|0|170|01|1|3|2|0|1010000000|1020000000|1030000000| | |0|0|0|-1|-1|0|-1|-1|;  FILE: .\CSendItemsServer.cpp; FUNCTION: CSendItemsServer::sendSzenItem; LINE: 171; .NET Output: ->Void sendSzenItem(CInterSenderManager, CSzenItem)->Void sendOneTelegram()->Void ThreadStart_Context(System.Object)
3-9-2013 10:3:56.165	I : Send Tel: 104|1023|2013|1|2013|8|20|10|30|21|0|0|0|2|5|20|20|0|0|300|0|25|7|0|0|100|-1|-1|;  FILE: .\CSendItemsServer.cpp; FUNCTION: CSendItemsServer::sendSzenItem; LINE: 171; .NET Output: ->Void sendSzenItem(CInterSenderManager, CSzenItem)->Void sendOneTelegram()->Void ThreadStart_Context(System.Object)
3-9-2013 10:4:41.789	I : Send Tel: 78|1081|1|1|2013|8|20|10|30|31|0|0|170|2|01|4|-1|-1|-1|-1|-1|;  FILE: .\CSendItemsServer.cpp; FUNCTION: CSendItemsServer::sendSzenItem; LINE: 171; .NET Output: ->Void sendSzenItem(CInterSenderManager, CSzenItem)->Void sendOneTelegram()->Void ThreadStart_Context(System.Object)
3-9-2013 10:6:14.334	I : Send Tel: 148|1060|1|1|2013|8|20|10|12|12|0|0|170|01|1|3|3|0|1010000000|1020000000|1030000000| | |300|-1|50|-1|-1|50|-1|-1|;  FILE: .\CSendItemsServer.cpp; FUNCTION: CSendItemsServer::sendSzenItem; LINE: 171; .NET Output: ->Void sendSzenItem(CInterSenderManager, CSzenItem)->Void sendOneTelegram()->Void ThreadStart_Context(System.Object)
3-9-2013 10:6:55.990	I : Send Tel: 104|1023|2013|1|2013|8|20|10|30|21|0|0|0|2|5|20|20|70|0|325|0|25|7|0|0|100|-1|-1|;  FILE: .\CSendItemsServer.cpp; FUNCTION: CSendItemsServer::sendSzenItem; LINE: 171; .NET Output: ->Void sendSzenItem(CInterSenderManager, CSzenItem)->Void sendOneTelegram()->Void ThreadStart_Context(System.Object)
3-9-2013 10:7:22.989	I : HDL281 swapped;  FILE: .\CSzenarium.cpp; FUNCTION: CSzenarium::swapItems; LINE: 306; .NET Output: ->Void swapItems(Int32, Int32)->Void OnButtTlgUpClick(System.Object, System.EventArgs)->Void OnClick(System.EventArgs)
3-9-2013 10:8:13.676	I : Send Tel: 78|1081|1|1|2013|8|20|10|30|31|0|0|170|2|01|5|-1|-1|-1|-1|-1|;  FILE: .\CSendItemsServer.cpp; FUNCTION: CSendItemsServer::sendSzenItem; LINE: 171; .NET Output: ->Void sendSzenItem(CInterSenderManager, CSzenItem)->Void sendOneTelegram()->Void ThreadStart_Context(System.Object)
3-9-2013 10:9:58.895	I : Send Tel: 148|1060|1|1|2013|8|20|10|12|12|0|0|170|01|1|3|3|0|1010000000|1020000000|1030000000| | |325|-1|-1|-1|-1|50|-1|-1|;  FILE: .\CSendItemsServer.cpp; FUNCTION: CSendItemsServer::sendSzenItem; LINE: 171; .NET Output: ->Void sendSzenItem(CInterSenderManager, CSzenItem)->Void sendOneTelegram()->Void ThreadStart_Context(System.Object)
3-9-2013 10:10:40.567	I : Save to file;  D:\JSW-SMS-3\SMC\source\Tools\Simulator\Simulator\Executable\HMDS.szn;  FILE: .\CSenderForm.cpp; FUNCTION: simulator::CSenderForm::saveSimpleTimeSzenarium; LINE: 485; .NET Output: ->Void saveSimpleTimeSzenarium(System.String)->Void MenuSaveSimpleTimeSzen_Click(System.Object, System.EventArgs)->Void OnClick(System.EventArgs)
3-9-2013 10:11:19.254	I : All telegrams in szenario removed;  FILE: .\CSzenarium.cpp; FUNCTION: CSzenarium::clearSzenarium; LINE: 562; .NET Output: ->Void clearSzenarium()->Void updateSzenFile()->Void updateSzenFile()
3-9-2013 10:11:21.754	I : Load:  D:\JSW-SMS-3\SMC\source\Tools\Simulator\Simulator\Executable\HMDS.szn;  FILE: .\CSenderForm.cpp; FUNCTION: simulator::CSenderForm::loadSzenarium; LINE: 507; .NET Output: ->Void loadSzenarium(System.String)->Void OnMenuFileSzenOpenClick(System.Object, System.EventArgs)->Void OnClick(System.EventArgs)
3-9-2013 10:11:21.770	I : All telegrams in szenario removed;  FILE: .\CSzenarium.cpp; FUNCTION: CSzenarium::clearSzenarium; LINE: 562; .NET Output: ->Void clearSzenarium()->Void loadSzenarium(System.String, System.Collections.ArrayList)->Void loadSzenarium(System.String)
3-9-2013 10:11:29.458	I : HDL223 swapped;  FILE: .\CSzenarium.cpp; FUNCTION: CSzenarium::swapItems; LINE: 306; .NET Output: ->Void swapItems(Int32, Int32)->Void OnButtTlgUpClick(System.Object, System.EventArgs)->Void OnClick(System.EventArgs)
3-9-2013 10:11:29.770	I : HDL223 swapped;  FILE: .\CSzenarium.cpp; FUNCTION: CSzenarium::swapItems; LINE: 306; .NET Output: ->Void swapItems(Int32, Int32)->Void OnButtTlgUpClick(System.Object, System.EventArgs)->Void OnClick(System.EventArgs)
3-9-2013 10:11:29.942	I : HDL223 swapped;  FILE: .\CSzenarium.cpp; FUNCTION: CSzenarium::swapItems; LINE: 306; .NET Output: ->Void swapItems(Int32, Int32)->Void OnButtTlgUpClick(System.Object, System.EventArgs)->Void OnClick(System.EventArgs)
3-9-2013 10:11:30.114	I : HDL223 swapped;  FILE: .\CSzenarium.cpp; FUNCTION: CSzenarium::swapItems; LINE: 306; .NET Output: ->Void swapItems(Int32, Int32)->Void OnButtTlgUpClick(System.Object, System.EventArgs)->Void OnClick(System.EventArgs)
3-9-2013 10:11:30.286	I : HDL223 swapped;  FILE: .\CSzenarium.cpp; FUNCTION: CSzenarium::swapItems; LINE: 306; .NET Output: ->Void swapItems(Int32, Int32)->Void OnButtTlgUpClick(System.Object, System.EventArgs)->Void OnClick(System.EventArgs)
3-9-2013 10:11:30.458	I : HDL223 swapped;  FILE: .\CSzenarium.cpp; FUNCTION: CSzenarium::swapItems; LINE: 306; .NET Output: ->Void swapItems(Int32, Int32)->Void OnButtTlgUpClick(System.Object, System.EventArgs)->Void OnClick(System.EventArgs)
3-9-2013 10:11:30.614	I : HDL223 swapped;  FILE: .\CSzenarium.cpp; FUNCTION: CSzenarium::swapItems; LINE: 306; .NET Output: ->Void swapItems(Int32, Int32)->Void OnButtTlgUpClick(System.Object, System.EventArgs)->Void OnClick(System.EventArgs)
3-9-2013 10:11:30.786	I : HDL223 swapped;  FILE: .\CSzenarium.cpp; FUNCTION: CSzenarium::swapItems; LINE: 306; .NET Output: ->Void swapItems(Int32, Int32)->Void OnButtTlgUpClick(System.Object, System.EventArgs)->Void OnClick(System.EventArgs)
3-9-2013 10:11:30.973	I : HDL223 swapped;  FILE: .\CSzenarium.cpp; FUNCTION: CSzenarium::swapItems; LINE: 306; .NET Output: ->Void swapItems(Int32, Int32)->Void OnButtTlgUpClick(System.Object, System.EventArgs)->Void OnClick(System.EventArgs)
3-9-2013 10:11:57.489	I : Send Tel: 104|1023|2013|1|2013|8|20|10|30|21|0|0|0|2|5|20|20|70|0|370|0|25|7|0|0|100|-1|-1|;  FILE: .\CSendItemsServer.cpp; FUNCTION: CSendItemsServer::sendSzenItem; LINE: 171; .NET Output: ->Void sendSzenItem(CInterSenderManager, CSzenItem)->Void sendOneTelegram()->Void ThreadStart_Context(System.Object)
3-9-2013 10:12:20.83	I : Save to file;  D:\JSW-SMS-3\SMC\source\Tools\Simulator\Simulator\Executable\HMDS.szn;  FILE: .\CSenderForm.cpp; FUNCTION: simulator::CSenderForm::saveSimpleTimeSzenarium; LINE: 485; .NET Output: ->Void saveSimpleTimeSzenarium(System.String)->Void MenuSaveSimpleTimeSzen_Click(System.Object, System.EventArgs)->Void OnClick(System.EventArgs)
3-9-2013 10:12:45.99	I : All telegrams in szenario removed;  FILE: .\CSzenarium.cpp; FUNCTION: CSzenarium::clearSzenarium; LINE: 562; .NET Output: ->Void clearSzenarium()->Void updateSzenFile()->Void updateSzenFile()
3-9-2013 10:12:48.114	I : Load:  D:\JSW-SMS-3\SMC\source\Tools\Simulator\Simulator\Executable\HMDS.szn;  FILE: .\CSenderForm.cpp; FUNCTION: simulator::CSenderForm::loadSzenarium; LINE: 507; .NET Output: ->Void loadSzenarium(System.String)->Void OnMenuFileSzenOpenClick(System.Object, System.EventArgs)->Void OnClick(System.EventArgs)
3-9-2013 10:12:48.130	I : All telegrams in szenario removed;  FILE: .\CSzenarium.cpp; FUNCTION: CSzenarium::clearSzenarium; LINE: 562; .NET Output: ->Void clearSzenarium()->Void loadSzenarium(System.String, System.Collections.ArrayList)->Void loadSzenarium(System.String)
3-9-2013 10:12:54.302	I : HDL281 swapped;  FILE: .\CSzenarium.cpp; FUNCTION: CSzenarium::swapItems; LINE: 306; .NET Output: ->Void swapItems(Int32, Int32)->Void OnButtTlgUpClick(System.Object, System.EventArgs)->Void OnClick(System.EventArgs)
3-9-2013 10:12:54.521	I : HDL281 swapped;  FILE: .\CSzenarium.cpp; FUNCTION: CSzenarium::swapItems; LINE: 306; .NET Output: ->Void swapItems(Int32, Int32)->Void OnButtTlgUpClick(System.Object, System.EventArgs)->Void OnClick(System.EventArgs)
3-9-2013 10:12:54.693	I : HDL281 swapped;  FILE: .\CSzenarium.cpp; FUNCTION: CSzenarium::swapItems; LINE: 306; .NET Output: ->Void swapItems(Int32, Int32)->Void OnButtTlgUpClick(System.Object, System.EventArgs)->Void OnClick(System.EventArgs)
3-9-2013 10:12:54.864	I : HDL281 swapped;  FILE: .\CSzenarium.cpp; FUNCTION: CSzenarium::swapItems; LINE: 306; .NET Output: ->Void swapItems(Int32, Int32)->Void OnButtTlgUpClick(System.Object, System.EventArgs)->Void OnClick(System.EventArgs)
3-9-2013 10:12:55.36	I : HDL281 swapped;  FILE: .\CSzenarium.cpp; FUNCTION: CSzenarium::swapItems; LINE: 306; .NET Output: ->Void swapItems(Int32, Int32)->Void OnButtTlgUpClick(System.Object, System.EventArgs)->Void OnClick(System.EventArgs)
3-9-2013 10:12:55.208	I : HDL281 swapped;  FILE: .\CSzenarium.cpp; FUNCTION: CSzenarium::swapItems; LINE: 306; .NET Output: ->Void swapItems(Int32, Int32)->Void OnButtTlgUpClick(System.Object, System.EventArgs)->Void OnClick(System.EventArgs)
3-9-2013 10:12:55.443	I : HDL281 swapped;  FILE: .\CSzenarium.cpp; FUNCTION: CSzenarium::swapItems; LINE: 306; .NET Output: ->Void swapItems(Int32, Int32)->Void OnButtTlgUpClick(System.Object, System.EventArgs)->Void OnClick(System.EventArgs)
3-9-2013 10:12:56.458	I : HDL281 swapped;  FILE: .\CSzenarium.cpp; FUNCTION: CSzenarium::swapItems; LINE: 306; .NET Output: ->Void swapItems(Int32, Int32)->Void OnButtTlgUpClick(System.Object, System.EventArgs)->Void OnClick(System.EventArgs)
3-9-2013 10:12:56.911	I : HDL281 swapped;  FILE: .\CSzenarium.cpp; FUNCTION: CSzenarium::swapItems; LINE: 306; .NET Output: ->Void swapItems(Int32, Int32)->Void OnButtTlgUpClick(System.Object, System.EventArgs)->Void OnClick(System.EventArgs)
3-9-2013 10:13:17.318	I : Send Tel: 78|1081|1|1|2013|8|20|10|30|31|0|0|170|2|01|6|-1|-1|-1|-1|-1|;  FILE: .\CSendItemsServer.cpp; FUNCTION: CSendItemsServer::sendSzenItem; LINE: 171; .NET Output: ->Void sendSzenItem(CInterSenderManager, CSzenItem)->Void sendOneTelegram()->Void ThreadStart_Context(System.Object)
3-9-2013 10:14:53.350	I : Save to file;  D:\JSW-SMS-3\SMC\source\Tools\Simulator\Simulator\Executable\HMDS.szn;  FILE: .\CSenderForm.cpp; FUNCTION: simulator::CSenderForm::saveSimpleTimeSzenarium; LINE: 485; .NET Output: ->Void saveSimpleTimeSzenarium(System.String)->Void MenuSaveSimpleTimeSzen_Click(System.Object, System.EventArgs)->Void OnClick(System.EventArgs)
3-9-2013 10:15:25.22	I : Save to file;  D:\JSW-SMS-3\SMC\source\Tools\Simulator\Simulator\Executable\HMDS.szn;  FILE: .\CSenderForm.cpp; FUNCTION: simulator::CSenderForm::saveSimpleTimeSzenarium; LINE: 485; .NET Output: ->Void saveSimpleTimeSzenarium(System.String)->Void MenuSaveSimpleTimeSzen_Click(System.Object, System.EventArgs)->Void OnClick(System.EventArgs)
3-9-2013 10:15:51.742	I : All telegrams in szenario removed;  FILE: .\CSzenarium.cpp; FUNCTION: CSzenarium::clearSzenarium; LINE: 562; .NET Output: ->Void clearSzenarium()->Void updateSzenFile()->Void updateSzenFile()
3-9-2013 10:15:55.117	I : Load:  D:\JSW-SMS-3\SMC\source\Tools\Simulator\Simulator\Executable\HMDS.szn;  FILE: .\CSenderForm.cpp; FUNCTION: simulator::CSenderForm::loadSzenarium; LINE: 507; .NET Output: ->Void loadSzenarium(System.String)->Void OnMenuFileSzenOpenClick(System.Object, System.EventArgs)->Void OnClick(System.EventArgs)
3-9-2013 10:15:55.133	I : All telegrams in szenario removed;  FILE: .\CSzenarium.cpp; FUNCTION: CSzenarium::clearSzenarium; LINE: 562; .NET Output: ->Void clearSzenarium()->Void loadSzenarium(System.String, System.Collections.ArrayList)->Void loadSzenarium(System.String)
3-9-2013 10:16:0.337	I : HDL260 swapped;  FILE: .\CSzenarium.cpp; FUNCTION: CSzenarium::swapItems; LINE: 306; .NET Output: ->Void swapItems(Int32, Int32)->Void OnButtTlgUpClick(System.Object, System.EventArgs)->Void OnClick(System.EventArgs)
3-9-2013 10:16:0.555	I : HDL260 swapped;  FILE: .\CSzenarium.cpp; FUNCTION: CSzenarium::swapItems; LINE: 306; .NET Output: ->Void swapItems(Int32, Int32)->Void OnButtTlgUpClick(System.Object, System.EventArgs)->Void OnClick(System.EventArgs)
3-9-2013 10:16:0.727	I : HDL260 swapped;  FILE: .\CSzenarium.cpp; FUNCTION: CSzenarium::swapItems; LINE: 306; .NET Output: ->Void swapItems(Int32, Int32)->Void OnButtTlgUpClick(System.Object, System.EventArgs)->Void OnClick(System.EventArgs)
3-9-2013 10:16:0.899	I : HDL260 swapped;  FILE: .\CSzenarium.cpp; FUNCTION: CSzenarium::swapItems; LINE: 306; .NET Output: ->Void swapItems(Int32, Int32)->Void OnButtTlgUpClick(System.Object, System.EventArgs)->Void OnClick(System.EventArgs)
3-9-2013 10:16:1.71	I : HDL260 swapped;  FILE: .\CSzenarium.cpp; FUNCTION: CSzenarium::swapItems; LINE: 306; .NET Output: ->Void swapItems(Int32, Int32)->Void OnButtTlgUpClick(System.Object, System.EventArgs)->Void OnClick(System.EventArgs)
3-9-2013 10:16:1.259	I : HDL260 swapped;  FILE: .\CSzenarium.cpp; FUNCTION: CSzenarium::swapItems; LINE: 306; .NET Output: ->Void swapItems(Int32, Int32)->Void OnButtTlgUpClick(System.Object, System.EventArgs)->Void OnClick(System.EventArgs)
3-9-2013 10:16:1.462	I : HDL260 swapped;  FILE: .\CSzenarium.cpp; FUNCTION: CSzenarium::swapItems; LINE: 306; .NET Output: ->Void swapItems(Int32, Int32)->Void OnButtTlgUpClick(System.Object, System.EventArgs)->Void OnClick(System.EventArgs)
3-9-2013 10:16:1.821	I : HDL260 swapped;  FILE: .\CSzenarium.cpp; FUNCTION: CSzenarium::swapItems; LINE: 306; .NET Output: ->Void swapItems(Int32, Int32)->Void OnButtTlgUpClick(System.Object, System.EventArgs)->Void OnClick(System.EventArgs)
3-9-2013 10:16:2.290	I : HDL260 swapped;  FILE: .\CSzenarium.cpp; FUNCTION: CSzenarium::swapItems; LINE: 306; .NET Output: ->Void swapItems(Int32, Int32)->Void OnButtTlgUpClick(System.Object, System.EventArgs)->Void OnClick(System.EventArgs)
3-9-2013 10:16:29.104	I : Save to file;  D:\JSW-SMS-3\SMC\source\Tools\Simulator\Simulator\Executable\HMDS.szn;  FILE: .\CSenderForm.cpp; FUNCTION: simulator::CSenderForm::saveSimpleTimeSzenarium; LINE: 485; .NET Output: ->Void saveSimpleTimeSzenarium(System.String)->Void MenuSaveSimpleTimeSzen_Click(System.Object, System.EventArgs)->Void OnClick(System.EventArgs)
3-9-2013 10:16:53.200	I : Send Tel: 74|1005|1|1|2013|8|20|10|30|45|0|0|170|1|2|2|-1|-1|-1|-1|;  FILE: .\CSendItemsServer.cpp; FUNCTION: CSendItemsServer::sendSzenItem; LINE: 171; .NET Output: ->Void sendSzenItem(CInterSenderManager, CSzenItem)->Void sendOneTelegram()->Void ThreadStart_Context(System.Object)
3-9-2013 10:17:1.91	I : Save to file;  D:\JSW-SMS-3\SMC\source\Tools\Simulator\Simulator\Executable\HMDS.szn;  FILE: .\CSenderForm.cpp; FUNCTION: simulator::CSenderForm::saveSimpleTimeSzenarium; LINE: 485; .NET Output: ->Void saveSimpleTimeSzenarium(System.String)->Void MenuSaveSimpleTimeSzen_Click(System.Object, System.EventArgs)->Void OnClick(System.EventArgs)
3-9-2013 10:25:36.680	I : Save to file;  D:\JSW-SMS-3\SMC\source\Tools\Simulator\Simulator\Executable\HMDS.szn;  FILE: .\CSenderForm.cpp; FUNCTION: simulator::CSenderForm::saveSimpleTimeSzenarium; LINE: 485; .NET Output: ->Void saveSimpleTimeSzenarium(System.String)->Void MenuSaveSimpleTimeSzen_Click(System.Object, System.EventArgs)->Void OnClick(System.EventArgs)
3-9-2013 11:28:48.651	I : Send Tel: 70|1006|1|1|2013|8|20|10|30|45|0|0|171|01|-1|-1|-1|-1|-1|;  FILE: .\CSendItemsServer.cpp; FUNCTION: CSendItemsServer::sendSzenItem; LINE: 171; .NET Output: ->Void sendSzenItem(CInterSenderManager, CSzenItem)->Void sendOneTelegram()->Void ThreadStart_Context(System.Object)
3-9-2013 11:45:37.900	I : Send Tel: 70|1006|1|1|2013|8|20|10|30|45|0|0|171|01|-1|-1|-1|-1|-1|;  FILE: .\CSendItemsServer.cpp; FUNCTION: CSendItemsServer::sendSzenItem; LINE: 171; .NET Output: ->Void sendSzenItem(CInterSenderManager, CSzenItem)->Void sendOneTelegram()->Void ThreadStart_Context(System.Object)
3-9-2013 12:3:58.704	I : Send Tel: 70|1006|1|1|2013|8|20|10|30|45|0|0|171|01|-1|-1|-1|-1|-1|;  FILE: .\CSendItemsServer.cpp; FUNCTION: CSendItemsServer::sendSzenItem; LINE: 171; .NET Output: ->Void sendSzenItem(CInterSenderManager, CSzenItem)->Void sendOneTelegram()->Void ThreadStart_Context(System.Object)
3-9-2013 12:30:9.819	I : Send Tel: 70|1006|1|1|2013|8|20|10|30|45|0|0|171|01|-1|-1|-1|-1|-1|;  FILE: .\CSendItemsServer.cpp; FUNCTION: CSendItemsServer::sendSzenItem; LINE: 171; .NET Output: ->Void sendSzenItem(CInterSenderManager, CSzenItem)->Void sendOneTelegram()->Void ThreadStart_Context(System.Object)
3-9-2013 12:33:48.181	I : Send Tel: 70|1006|1|1|2013|8|20|10|30|45|0|0|171|01|-1|-1|-1|-1|-1|;  FILE: .\CSendItemsServer.cpp; FUNCTION: CSendItemsServer::sendSzenItem; LINE: 171; .NET Output: ->Void sendSzenItem(CInterSenderManager, CSzenItem)->Void sendOneTelegram()->Void ThreadStart_Context(System.Object)
3-9-2013 12:39:51.623	I : Send Tel: 70|1006|1|1|2013|8|20|10|30|45|0|0|171|01|-1|-1|-1|-1|-1|;  FILE: .\CSendItemsServer.cpp; FUNCTION: CSendItemsServer::sendSzenItem; LINE: 171; .NET Output: ->Void sendSzenItem(CInterSenderManager, CSzenItem)->Void sendOneTelegram()->Void ThreadStart_Context(System.Object)
3-9-2013 12:57:3.802	I : Send Tel: 70|1006|1|1|2013|8|20|10|30|45|0|0|171|01|-1|-1|-1|-1|-1|;  FILE: .\CSendItemsServer.cpp; FUNCTION: CSendItemsServer::sendSzenItem; LINE: 171; .NET Output: ->Void sendSzenItem(CInterSenderManager, CSzenItem)->Void sendOneTelegram()->Void ThreadStart_Context(System.Object)
3-9-2013 13:33:24.420	I : Send Tel: 70|1006|1|1|2013|8|20|10|30|45|0|0|171|01|-1|-1|-1|-1|-1|;  FILE: .\CSendItemsServer.cpp; FUNCTION: CSendItemsServer::sendSzenItem; LINE: 171; .NET Output: ->Void sendSzenItem(CInterSenderManager, CSzenItem)->Void sendOneTelegram()->Void ThreadStart_Context(System.Object)
3-9-2013 14:19:19.446	I : Send Tel: 70|1006|1|1|2013|8|20|10|30|45|0|0|171|01|-1|-1|-1|-1|-1|;  FILE: .\CSendItemsServer.cpp; FUNCTION: CSendItemsServer::sendSzenItem; LINE: 171; .NET Output: ->Void sendSzenItem(CInterSenderManager, CSzenItem)->Void sendOneTelegram()->Void ThreadStart_Context(System.Object)
3-9-2013 14:34:24.26	I : Send Tel: 70|1006|1|1|2013|8|20|10|30|45|0|0|171|01|-1|-1|-1|-1|-1|;  FILE: .\CSendItemsServer.cpp; FUNCTION: CSendItemsServer::sendSzenItem; LINE: 171; .NET Output: ->Void sendSzenItem(CInterSenderManager, CSzenItem)->Void sendOneTelegram()->Void ThreadStart_Context(System.Object)
3-9-2013 14:38:16.265	I : Send Tel: 70|1006|1|1|2013|8|20|10|30|45|0|0|171|01|-1|-1|-1|-1|-1|;  FILE: .\CSendItemsServer.cpp; FUNCTION: CSendItemsServer::sendSzenItem; LINE: 171; .NET Output: ->Void sendSzenItem(CInterSenderManager, CSzenItem)->Void sendOneTelegram()->Void ThreadStart_Context(System.Object)
3-9-2013 14:50:10.357	I : Send Tel: 70|1006|1|1|2013|8|20|10|30|45|0|0|171|01|-1|-1|-1|-1|-1|;  FILE: .\CSendItemsServer.cpp; FUNCTION: CSendItemsServer::sendSzenItem; LINE: 171; .NET Output: ->Void sendSzenItem(CInterSenderManager, CSzenItem)->Void sendOneTelegram()->Void ThreadStart_Context(System.Object)
3-9-2013 15:11:9.371	I : Send Tel: 70|1006|1|1|2013|8|20|10|30|45|0|0|171|01|-1|-1|-1|-1|-1|;  FILE: .\CSendItemsServer.cpp; FUNCTION: CSendItemsServer::sendSzenItem; LINE: 171; .NET Output: ->Void sendSzenItem(CInterSenderManager, CSzenItem)->Void sendOneTelegram()->Void ThreadStart_Context(System.Object)
3-9-2013 16:44:54.134	I : Send Tel: 70|1006|1|1|2013|8|20|10|30|45|0|0|171|01|-1|-1|-1|-1|-1|;  FILE: .\CSendItemsServer.cpp; FUNCTION: CSendItemsServer::sendSzenItem; LINE: 171; .NET Output: ->Void sendSzenItem(CInterSenderManager, CSzenItem)->Void sendOneTelegram()->Void ThreadStart_Context(System.Object)
3-9-2013 17:12:12.540	I : Send Tel: 70|1006|1|1|2013|8|20|10|30|45|0|0|171|01|-1|-1|-1|-1|-1|;  FILE: .\CSendItemsServer.cpp; FUNCTION: CSendItemsServer::sendSzenItem; LINE: 171; .NET Output: ->Void sendSzenItem(CInterSenderManager, CSzenItem)->Void sendOneTelegram()->Void ThreadStart_Context(System.Object)
3-9-2013 17:26:21.40	I : Save to file;  D:\JSW-SMS-3\SMC\source\Tools\Simulator\Simulator\Executable\HMDS.szn;  FILE: .\CSenderForm.cpp; FUNCTION: simulator::CSenderForm::saveSimpleTimeSzenarium; LINE: 485; .NET Output: ->Void saveSimpleTimeSzenarium(System.String)->Void MenuSaveSimpleTimeSzen_Click(System.Object, System.EventArgs)->Void OnClick(System.EventArgs)
3-9-2013 17:26:26.305	I : Send Tel: 74|1004|1|1|2013|8|20|10|30|34|0|0|171|01|2|-1|-1|-1|-1|-1|;  FILE: .\CSendItemsServer.cpp; FUNCTION: CSendItemsServer::sendSzenItem; LINE: 171; .NET Output: ->Void sendSzenItem(CInterSenderManager, CSzenItem)->Void sendOneTelegram()->Void ThreadStart_Context(System.Object)
3-9-2013 17:26:46.567	I : Send Tel: 78|1081|1|1|2013|8|20|10|30|31|0|0|171|2|01|3|-1|-1|-1|-1|-1|;  FILE: .\CSendItemsServer.cpp; FUNCTION: CSendItemsServer::sendSzenItem; LINE: 171; .NET Output: ->Void sendSzenItem(CInterSenderManager, CSzenItem)->Void sendOneTelegram()->Void ThreadStart_Context(System.Object)
3-9-2013 17:26:55.50	I : Send Tel: 148|1060|1|1|2013|8|20|10|12|12|0|0|171|01|1|3|2|0|1010000000|1020000000|1030000000| | |0|0|0|-1|-1|0|-1|-1|;  FILE: .\CSendItemsServer.cpp; FUNCTION: CSendItemsServer::sendSzenItem; LINE: 171; .NET Output: ->Void sendSzenItem(CInterSenderManager, CSzenItem)->Void sendOneTelegram()->Void ThreadStart_Context(System.Object)
3-9-2013 17:27:2.34	I : Send Tel: 104|1023|2013|1|2013|8|20|10|30|21|0|0|0|2|5|20|20|0|0|300|0|25|7|0|0|100|-1|-1|;  FILE: .\CSendItemsServer.cpp; FUNCTION: CSendItemsServer::sendSzenItem; LINE: 171; .NET Output: ->Void sendSzenItem(CInterSenderManager, CSzenItem)->Void sendOneTelegram()->Void ThreadStart_Context(System.Object)
3-9-2013 17:27:25.797	I : Send Tel: 78|1081|1|1|2013|8|20|10|30|31|0|0|171|2|01|4|-1|-1|-1|-1|-1|;  FILE: .\CSendItemsServer.cpp; FUNCTION: CSendItemsServer::sendSzenItem; LINE: 171; .NET Output: ->Void sendSzenItem(CInterSenderManager, CSzenItem)->Void sendOneTelegram()->Void ThreadStart_Context(System.Object)
3-9-2013 17:27:33.78	I : Send Tel: 148|1060|1|1|2013|8|20|10|12|12|0|0|171|01|1|3|2|0|1010000000|1020000000|1030000000| | |300|-1|0|-1|-1|50|-1|-1|;  FILE: .\CSendItemsServer.cpp; FUNCTION: CSendItemsServer::sendSzenItem; LINE: 171; .NET Output: ->Void sendSzenItem(CInterSenderManager, CSzenItem)->Void sendOneTelegram()->Void ThreadStart_Context(System.Object)
3-9-2013 17:27:40.922	I : Send Tel: 104|1023|2013|1|2013|8|20|10|30|21|0|0|0|2|5|20|20|70|0|500|0|25|7|0|0|100|-1|-1|;  FILE: .\CSendItemsServer.cpp; FUNCTION: CSendItemsServer::sendSzenItem; LINE: 171; .NET Output: ->Void sendSzenItem(CInterSenderManager, CSzenItem)->Void sendOneTelegram()->Void ThreadStart_Context(System.Object)
3-9-2013 17:27:53.968	I : Send Tel: 78|1081|1|1|2013|8|20|10|30|31|0|0|171|2|01|5|-1|-1|-1|-1|-1|;  FILE: .\CSendItemsServer.cpp; FUNCTION: CSendItemsServer::sendSzenItem; LINE: 171; .NET Output: ->Void sendSzenItem(CInterSenderManager, CSzenItem)->Void sendOneTelegram()->Void ThreadStart_Context(System.Object)
3-9-2013 17:28:1.389	I : Send Tel: 148|1060|1|1|2013|8|20|10|12|12|0|0|171|01|1|3|2|0|1010000000|1020000000|1030000000| | |500|-1|70|-1|-1|50|-1|-1|;  FILE: .\CSendItemsServer.cpp; FUNCTION: CSendItemsServer::sendSzenItem; LINE: 171; .NET Output: ->Void sendSzenItem(CInterSenderManager, CSzenItem)->Void sendOneTelegram()->Void ThreadStart_Context(System.Object)
3-9-2013 17:28:10.404	I : Send Tel: 104|1023|2013|1|2013|8|20|10|30|21|0|0|0|2|5|20|20|0|0|600|0|25|7|0|0|100|-1|-1|;  FILE: .\CSendItemsServer.cpp; FUNCTION: CSendItemsServer::sendSzenItem; LINE: 171; .NET Output: ->Void sendSzenItem(CInterSenderManager, CSzenItem)->Void sendOneTelegram()->Void ThreadStart_Context(System.Object)
3-9-2013 17:28:21.670	I : Send Tel: 78|1081|1|1|2013|8|20|10|30|31|0|0|171|2|01|6|-1|-1|-1|-1|-1|;  FILE: .\CSendItemsServer.cpp; FUNCTION: CSendItemsServer::sendSzenItem; LINE: 171; .NET Output: ->Void sendSzenItem(CInterSenderManager, CSzenItem)->Void sendOneTelegram()->Void ThreadStart_Context(System.Object)
3-9-2013 17:29:46.40	I : Send Tel: 148|1060|1|1|2013|8|20|10|12|12|0|0|171|01|1|3|3|0|1010000000|1020000000|1030000000| | |600|-1|0|-1|-1|50|-1|-1|;  FILE: .\CSendItemsServer.cpp; FUNCTION: CSendItemsServer::sendSzenItem; LINE: 171; .NET Output: ->Void sendSzenItem(CInterSenderManager, CSzenItem)->Void sendOneTelegram()->Void ThreadStart_Context(System.Object)
3-9-2013 17:30:31.163	I : Send Tel: 74|1005|1|1|2013|8|20|10|30|45|0|0|171|1|2|1|-1|-1|-1|-1|;  FILE: .\CSendItemsServer.cpp; FUNCTION: CSendItemsServer::sendSzenItem; LINE: 171; .NET Output: ->Void sendSzenItem(CInterSenderManager, CSzenItem)->Void sendOneTelegram()->Void ThreadStart_Context(System.Object)
3-9-2013 17:30:46.428	I : Send Tel: 74|1005|1|1|2013|8|20|10|30|45|0|0|171|1|2|2|-1|-1|-1|-1|;  FILE: .\CSendItemsServer.cpp; FUNCTION: CSendItemsServer::sendSzenItem; LINE: 171; .NET Output: ->Void sendSzenItem(CInterSenderManager, CSzenItem)->Void sendOneTelegram()->Void ThreadStart_Context(System.Object)
3-9-2013 17:31:20.957	I : Closed Connection: IP - Address: 10.182.50.108Port: 18510;  FILE: .\CSocketConnectionForm.cpp; FUNCTION: simulator::CSocketConnectionForm::OnClickButtDisconnect; LINE: 230; .NET Output: ->Void OnClickButtDisconnect(System.Object, System.EventArgs)->Void OnClick(System.EventArgs)->Void OnClick(System.EventArgs)
3-9-2013 17:31:21.20	I : Connection disconnected;  FILE: .\CSocketConnection.cpp; FUNCTION: CSocketConnection::disConnection; LINE: 168; .NET Output: ->Boolean disConnection()->Boolean disConnection()->Boolean disConnect()
3-9-2013 17:31:21.35	I : Receive thread (checks server connection) aborted;  FILE: .\CInterSenderManager.cpp; FUNCTION: CInterSenderManager::InvokeReceiveThread; LINE: 101; .NET Output: ->Void InvokeReceiveThread(Boolean)->Boolean disConnect()->Boolean disConnect(Int32)
3-9-2013 17:31:21.51	I : DisConnect was called!;  FILE: .\CInterConnection.cpp; FUNCTION: CInterConnection::disConnect; LINE: 199; .NET Output: ->Boolean disConnect()->Boolean disConnect(Int32)->Void OnClickButtDisconnect(System.Object, System.EventArgs)
3-9-2013 17:32:20.814	I : All telegrams in szenario removed;  FILE: .\CSzenarium.cpp; FUNCTION: CSzenarium::clearSzenarium; LINE: 562; .NET Output: ->Void clearSzenarium()->Void updateSzenFile()->Void updateSzenFile()
3-9-2013 17:32:22.549	I : DisConnect was called!;  FILE: .\CInterConnection.cpp; FUNCTION: CInterConnection::disConnect; LINE: 199; .NET Output: ->Boolean disConnect()->Void disConnectAll()->Void disSocketConnection()
3-9-2013 17:32:22.580	I : All telegrams in szenario removed;  FILE: .\CSzenarium.cpp; FUNCTION: CSzenarium::clearSzenarium; LINE: 562; .NET Output: ->Void clearSzenarium()->Void updateSzenFile()->Void updateSzenFile()
