26-9-2013 12:7:51.911	I : Log file <D:\JSW-SMS-3\SMC\source\Tools\Simulator\Simulator\Executable\SimLog\> deleted.;  FILE: .\CLogWriterWrapper.cpp; FUNCTION: CLogWriterWrapper::removeNeedlessLogFiles; LINE: 77; .NET Output: ->Void removeNeedlessLogFiles()->Void initViewComponent()->Void initComponent()
26-9-2013 12:7:51.958	I : Log file <D:\JSW-SMS-3\SMC\source\Tools\Simulator\Simulator\Executable\SimLog\> deleted.;  FILE: .\CLogWriterWrapper.cpp; FUNCTION: CLogWriterWrapper::removeNeedlessLogFiles; LINE: 77; .NET Output: ->Void removeNeedlessLogFiles()->Void initViewComponent()->Void initComponent()
26-9-2013 12:7:51.989	I : Interface: D:\JSW-SMS-3\SMC\source\TELCOM\TELCOM_OUT\TELCOM_OUT_Frame\Telcom_Out.xml;  FILE: .\Form1.cpp; FUNCTION: simulator::Form1::loadInterface; LINE: 1157; .NET Output: ->Int32 loadInterface(System.String)->Void loadInterfaces()->Void initViewComponent()
26-9-2013 12:7:52.473	I : All telegram objects removed.; FILE: ctlgcontainer.h; FUNCTION: freeTlg; LINE: 161
26-9-2013 12:7:52.473	I : Verctor - list of telegram (re)buildet.; FILE: ctlgcontainer.h; FUNCTION: BuildIndex; LINE: 175
26-9-2013 12:7:52.473	I : Telcom_Out->Head for TelCom use only; FILE: cxmltlgprototypereader.cpp; FUNCTION: readOneTelegram; LINE: 219
26-9-2013 12:7:52.473	I : Verctor - list of telegram (re)buildet.; FILE: ctlgcontainer.h; FUNCTION: BuildIndex; LINE: 175
26-9-2013 12:7:52.473	I : Telcom_Out->SMCCCS01 Estimated ladle arrival time from SMC; FILE: cxmltlgprototypereader.cpp; FUNCTION: readOneTelegram; LINE: 219
26-9-2013 12:7:52.473	I : Verctor - list of telegram (re)buildet.; FILE: ctlgcontainer.h; FUNCTION: BuildIndex; LINE: 175
26-9-2013 12:7:52.473	I : Telcom_Out->SMCCCS02 Heat data from SMC; FILE: cxmltlgprototypereader.cpp; FUNCTION: readOneTelegram; LINE: 219
26-9-2013 12:7:52.489	I : Verctor - list of telegram (re)buildet.; FILE: ctlgcontainer.h; FUNCTION: BuildIndex; LINE: 175
26-9-2013 12:7:52.489	I : Telcom_Out->L2EA00 Acknowledge to Level 1; FILE: cxmltlgprototypereader.cpp; FUNCTION: readOneTelegram; LINE: 219
26-9-2013 12:7:52.489	I : Verctor - list of telegram (re)buildet.; FILE: ctlgcontainer.h; FUNCTION: BuildIndex; LINE: 175
26-9-2013 12:7:52.489	I : Telcom_Out->L2EA01 Watchdog to Level 1; FILE: cxmltlgprototypereader.cpp; FUNCTION: readOneTelegram; LINE: 219
26-9-2013 12:7:52.489	I : Verctor - list of telegram (re)buildet.; FILE: ctlgcontainer.h; FUNCTION: BuildIndex; LINE: 175
26-9-2013 12:7:52.489	I : Telcom_Out->L2EA01_WATCH_DOG Watchdog to Level; FILE: cxmltlgprototypereader.cpp; FUNCTION: readOneTelegram; LINE: 219
26-9-2013 12:7:52.489	I : Verctor - list of telegram (re)buildet.; FILE: ctlgcontainer.h; FUNCTION: BuildIndex; LINE: 175
26-9-2013 12:7:52.489	I : Telcom_Out->L2EA03 Heat Announcement; FILE: cxmltlgprototypereader.cpp; FUNCTION: readOneTelegram; LINE: 219
26-9-2013 12:7:52.520	I : Verctor - list of telegram (re)buildet.; FILE: ctlgcontainer.h; FUNCTION: BuildIndex; LINE: 175
26-9-2013 12:7:52.520	I : Telcom_Out->L2EA05 Burner Pattern; FILE: cxmltlgprototypereader.cpp; FUNCTION: readOneTelegram; LINE: 219
26-9-2013 12:7:52.520	I : Verctor - list of telegram (re)buildet.; FILE: ctlgcontainer.h; FUNCTION: BuildIndex; LINE: 175
26-9-2013 12:7:52.520	I : Telcom_Out->L2EA06 Heat Cancelled; FILE: cxmltlgprototypereader.cpp; FUNCTION: readOneTelegram; LINE: 219
26-9-2013 12:7:52.520	I : Verctor - list of telegram (re)buildet.; FILE: ctlgcontainer.h; FUNCTION: BuildIndex; LINE: 175
26-9-2013 12:7:52.520	I : Telcom_Out->L2EA07 Computer Mode Availability; FILE: cxmltlgprototypereader.cpp; FUNCTION: readOneTelegram; LINE: 219
26-9-2013 12:7:52.520	I : Verctor - list of telegram (re)buildet.; FILE: ctlgcontainer.h; FUNCTION: BuildIndex; LINE: 175
26-9-2013 12:7:52.520	I : Telcom_Out->L2EA20 Voltage Tap / Regulation Curve; FILE: cxmltlgprototypereader.cpp; FUNCTION: readOneTelegram; LINE: 219
26-9-2013 12:7:52.536	I : Verctor - list of telegram (re)buildet.; FILE: ctlgcontainer.h; FUNCTION: BuildIndex; LINE: 175
26-9-2013 12:7:52.536	I : Telcom_Out->L2EA23 Release / Inhibit Electrodes; FILE: cxmltlgprototypereader.cpp; FUNCTION: readOneTelegram; LINE: 219
26-9-2013 12:7:52.536	I : Verctor - list of telegram (re)buildet.; FILE: ctlgcontainer.h; FUNCTION: BuildIndex; LINE: 175
26-9-2013 12:7:52.536	I : Telcom_Out->L2EA30 Electric Heating Phase Data; FILE: cxmltlgprototypereader.cpp; FUNCTION: readOneTelegram; LINE: 219
26-9-2013 12:7:52.536	I : Verctor - list of telegram (re)buildet.; FILE: ctlgcontainer.h; FUNCTION: BuildIndex; LINE: 175
26-9-2013 12:7:52.536	I : Telcom_Out->L2EA31 Lime Injection Lance Pattern; FILE: cxmltlgprototypereader.cpp; FUNCTION: readOneTelegram; LINE: 219
26-9-2013 12:7:52.567	I : Verctor - list of telegram (re)buildet.; FILE: ctlgcontainer.h; FUNCTION: BuildIndex; LINE: 175
26-9-2013 12:7:52.567	I : Telcom_Out->L2EA32 Carbon Injection Lance Pattern; FILE: cxmltlgprototypereader.cpp; FUNCTION: readOneTelegram; LINE: 219
26-9-2013 12:7:52.583	I : Verctor - list of telegram (re)buildet.; FILE: ctlgcontainer.h; FUNCTION: BuildIndex; LINE: 175
26-9-2013 12:7:52.583	I : Telcom_Out->L2EA40 EAF Process Pattern; FILE: cxmltlgprototypereader.cpp; FUNCTION: readOneTelegram; LINE: 219
26-9-2013 12:7:52.583	I : Verctor - list of telegram (re)buildet.; FILE: ctlgcontainer.h; FUNCTION: BuildIndex; LINE: 175
26-9-2013 12:7:52.583	I : Telcom_Out->L2EA40_PROC_PATT EAF Process Pattern; FILE: cxmltlgprototypereader.cpp; FUNCTION: readOneTelegram; LINE: 219
26-9-2013 12:7:52.598	I : Verctor - list of telegram (re)buildet.; FILE: ctlgcontainer.h; FUNCTION: BuildIndex; LINE: 175
26-9-2013 12:7:52.598	I : Telcom_Out->L2EA41 EAF Process Values; FILE: cxmltlgprototypereader.cpp; FUNCTION: readOneTelegram; LINE: 219
26-9-2013 12:7:52.598	I : Verctor - list of telegram (re)buildet.; FILE: ctlgcontainer.h; FUNCTION: BuildIndex; LINE: 175
26-9-2013 12:7:52.598	I : Telcom_Out->L2EA41_PROC_VALUES EAF Process Values; FILE: cxmltlgprototypereader.cpp; FUNCTION: readOneTelegram; LINE: 219
26-9-2013 12:7:52.598	I : Verctor - list of telegram (re)buildet.; FILE: ctlgcontainer.h; FUNCTION: BuildIndex; LINE: 175
26-9-2013 12:7:52.598	I : Telcom_Out->L2EA42 Weight to be tapped; FILE: cxmltlgprototypereader.cpp; FUNCTION: readOneTelegram; LINE: 219
26-9-2013 12:7:52.598	I : Verctor - list of telegram (re)buildet.; FILE: ctlgcontainer.h; FUNCTION: BuildIndex; LINE: 175
26-9-2013 12:7:52.598	I : Telcom_Out->L2EA70 Material Handling Model Results; FILE: cxmltlgprototypereader.cpp; FUNCTION: readOneTelegram; LINE: 219
26-9-2013 12:7:52.630	I : Verctor - list of telegram (re)buildet.; FILE: ctlgcontainer.h; FUNCTION: BuildIndex; LINE: 175
26-9-2013 12:7:52.630	I : Telcom_Out->L2EA70_MAT_HANDL Material Handling Model Result; FILE: cxmltlgprototypereader.cpp; FUNCTION: readOneTelegram; LINE: 219
26-9-2013 12:7:52.630	I : Verctor - list of telegram (re)buildet.; FILE: ctlgcontainer.h; FUNCTION: BuildIndex; LINE: 175
26-9-2013 12:7:52.630	I : Telcom_Out->L2EA71 Material Availability Request; FILE: cxmltlgprototypereader.cpp; FUNCTION: readOneTelegram; LINE: 219
26-9-2013 12:7:52.645	I : Verctor - list of telegram (re)buildet.; FILE: ctlgcontainer.h; FUNCTION: BuildIndex; LINE: 175
26-9-2013 12:7:52.645	I : Telcom_Out->L2EA72 Plant Status Request; FILE: cxmltlgprototypereader.cpp; FUNCTION: readOneTelegram; LINE: 219
26-9-2013 12:7:52.645	I : Verctor - list of telegram (re)buildet.; FILE: ctlgcontainer.h; FUNCTION: BuildIndex; LINE: 175
26-9-2013 12:7:52.645	I : Telcom_Out->HDL200 For acknowledge, received from basic HMD; FILE: cxmltlgprototypereader.cpp; FUNCTION: readOneTelegram; LINE: 219
26-9-2013 12:7:52.645	I : Verctor - list of telegram (re)buildet.; FILE: ctlgcontainer.h; FUNCTION: BuildIndex; LINE: 175
26-9-2013 12:7:52.645	I : Telcom_Out->L2HD01 Watchdog primary; FILE: cxmltlgprototypereader.cpp; FUNCTION: readOneTelegram; LINE: 219
26-9-2013 12:7:52.645	I : Verctor - list of telegram (re)buildet.; FILE: ctlgcontainer.h; FUNCTION: BuildIndex; LINE: 175
26-9-2013 12:7:52.645	I : Telcom_Out->L2HD01_WATCH_DOG Watchdog to Level; FILE: cxmltlgprototypereader.cpp; FUNCTION: readOneTelegram; LINE: 219
26-9-2013 12:7:52.645	I : Verctor - list of telegram (re)buildet.; FILE: ctlgcontainer.h; FUNCTION: BuildIndex; LINE: 175
26-9-2013 12:7:52.645	I : Telcom_Out->L2HD03 Heat Anounncement at HMD; FILE: cxmltlgprototypereader.cpp; FUNCTION: readOneTelegram; LINE: 219
26-9-2013 12:7:52.645	I : Verctor - list of telegram (re)buildet.; FILE: ctlgcontainer.h; FUNCTION: BuildIndex; LINE: 175
26-9-2013 12:7:52.645	I : Telcom_Out->L2HD06 Heat Cancellation by L2; FILE: cxmltlgprototypereader.cpp; FUNCTION: readOneTelegram; LINE: 219
26-9-2013 12:7:52.661	I : Verctor - list of telegram (re)buildet.; FILE: ctlgcontainer.h; FUNCTION: BuildIndex; LINE: 175
26-9-2013 12:7:52.661	I : Telcom_Out->L2HD07 Computer Mode Availability; FILE: cxmltlgprototypereader.cpp; FUNCTION: readOneTelegram; LINE: 219
26-9-2013 12:7:52.661	I : Verctor - list of telegram (re)buildet.; FILE: ctlgcontainer.h; FUNCTION: BuildIndex; LINE: 175
26-9-2013 12:7:52.661	I : Telcom_Out->L2HD25 T/Sample measurement Request; FILE: cxmltlgprototypereader.cpp; FUNCTION: readOneTelegram; LINE: 219
26-9-2013 12:7:52.661	I : Verctor - list of telegram (re)buildet.; FILE: ctlgcontainer.h; FUNCTION: BuildIndex; LINE: 175
26-9-2013 12:7:52.661	I : Telcom_Out->L2HD30 Treatment Pattern; FILE: cxmltlgprototypereader.cpp; FUNCTION: readOneTelegram; LINE: 219
26-9-2013 12:7:52.661	I : Verctor - list of telegram (re)buildet.; FILE: ctlgcontainer.h; FUNCTION: BuildIndex; LINE: 175
26-9-2013 12:7:52.661	I : Telcom_Out->L2HD71 Material Availability Request; FILE: cxmltlgprototypereader.cpp; FUNCTION: readOneTelegram; LINE: 219
26-9-2013 12:7:52.676	I : Verctor - list of telegram (re)buildet.; FILE: ctlgcontainer.h; FUNCTION: BuildIndex; LINE: 175
26-9-2013 12:7:52.676	I : Telcom_Out->L2HD72 Plant Status Request; FILE: cxmltlgprototypereader.cpp; FUNCTION: readOneTelegram; LINE: 219
26-9-2013 12:7:52.676	I : Verctor - list of telegram (re)buildet.; FILE: ctlgcontainer.h; FUNCTION: BuildIndex; LINE: 175
26-9-2013 12:7:52.676	I : Telcom_Out->SMCL301 ; FILE: cxmltlgprototypereader.cpp; FUNCTION: readOneTelegram; LINE: 219
26-9-2013 12:7:52.692	I : Verctor - list of telegram (re)buildet.; FILE: ctlgcontainer.h; FUNCTION: BuildIndex; LINE: 175
26-9-2013 12:7:52.692	I : Telcom_Out->SMCL302 Produced Heat Data EAF; FILE: cxmltlgprototypereader.cpp; FUNCTION: readOneTelegram; LINE: 219
26-9-2013 12:7:52.723	I : Verctor - list of telegram (re)buildet.; FILE: ctlgcontainer.h; FUNCTION: BuildIndex; LINE: 175
26-9-2013 12:7:52.723	I : Telcom_Out->SMCL311 Produced Heat Data LF; FILE: cxmltlgprototypereader.cpp; FUNCTION: readOneTelegram; LINE: 219
26-9-2013 12:7:52.723	I : Verctor - list of telegram (re)buildet.; FILE: ctlgcontainer.h; FUNCTION: BuildIndex; LINE: 175
26-9-2013 12:7:52.723	I : Telcom_Out->SMCL320 Heat Schedule to L3; FILE: cxmltlgprototypereader.cpp; FUNCTION: readOneTelegram; LINE: 219
26-9-2013 12:7:52.739	I : Verctor - list of telegram (re)buildet.; FILE: ctlgcontainer.h; FUNCTION: BuildIndex; LINE: 175
26-9-2013 12:7:52.739	I : Telcom_Out->SMCL323 Heat Status; FILE: cxmltlgprototypereader.cpp; FUNCTION: readOneTelegram; LINE: 219
26-9-2013 12:7:52.739	I : Verctor - list of telegram (re)buildet.; FILE: ctlgcontainer.h; FUNCTION: BuildIndex; LINE: 175
26-9-2013 12:7:52.739	I : Telcom_Out->SMCL324 Facility/Plant Status Report; FILE: cxmltlgprototypereader.cpp; FUNCTION: readOneTelegram; LINE: 219
26-9-2013 12:7:52.739	I : Verctor - list of telegram (re)buildet.; FILE: ctlgcontainer.h; FUNCTION: BuildIndex; LINE: 175
26-9-2013 12:7:52.739	I : Telcom_Out->SMCL325 Request Data from Level 3; FILE: cxmltlgprototypereader.cpp; FUNCTION: readOneTelegram; LINE: 219
26-9-2013 12:7:52.739	I : Verctor - list of telegram (re)buildet.; FILE: ctlgcontainer.h; FUNCTION: BuildIndex; LINE: 175
26-9-2013 12:7:52.739	I : Telcom_Out->SMCL340 Grade Change Information to L3; FILE: cxmltlgprototypereader.cpp; FUNCTION: readOneTelegram; LINE: 219
26-9-2013 12:7:52.739	I : Verctor - list of telegram (re)buildet.; FILE: ctlgcontainer.h; FUNCTION: BuildIndex; LINE: 175
26-9-2013 12:7:52.739	I : Telcom_Out->SMCLAB01 Cyclic alive telegram from SMC; FILE: cxmltlgprototypereader.cpp; FUNCTION: readOneTelegram; LINE: 219
26-9-2013 12:7:52.755	I : Verctor - list of telegram (re)buildet.; FILE: ctlgcontainer.h; FUNCTION: BuildIndex; LINE: 175
26-9-2013 12:7:52.755	I : Telcom_Out->SMCLAB02 Steel sample taken; FILE: cxmltlgprototypereader.cpp; FUNCTION: readOneTelegram; LINE: 219
26-9-2013 12:7:52.755	I : Verctor - list of telegram (re)buildet.; FILE: ctlgcontainer.h; FUNCTION: BuildIndex; LINE: 175
26-9-2013 12:7:52.755	I : Telcom_Out->SMCLAB03 Slag sample taken; FILE: cxmltlgprototypereader.cpp; FUNCTION: readOneTelegram; LINE: 219
26-9-2013 12:7:52.755	I : Verctor - list of telegram (re)buildet.; FILE: ctlgcontainer.h; FUNCTION: BuildIndex; LINE: 175
26-9-2013 12:7:52.755	I : Telcom_Out->L2LF00 Acknowledge to Level 1; FILE: cxmltlgprototypereader.cpp; FUNCTION: readOneTelegram; LINE: 219
26-9-2013 12:7:52.755	I : Verctor - list of telegram (re)buildet.; FILE: ctlgcontainer.h; FUNCTION: BuildIndex; LINE: 175
26-9-2013 12:7:52.755	I : Telcom_Out->L2LF01 Watchdog to Level 1; FILE: cxmltlgprototypereader.cpp; FUNCTION: readOneTelegram; LINE: 219
26-9-2013 12:7:52.755	I : Verctor - list of telegram (re)buildet.; FILE: ctlgcontainer.h; FUNCTION: BuildIndex; LINE: 175
26-9-2013 12:7:52.755	I : Telcom_Out->L2LF01_WATCH_DOG Watchdog to Level; FILE: cxmltlgprototypereader.cpp; FUNCTION: readOneTelegram; LINE: 219
26-9-2013 12:7:52.770	I : Verctor - list of telegram (re)buildet.; FILE: ctlgcontainer.h; FUNCTION: BuildIndex; LINE: 175
26-9-2013 12:7:52.770	I : Telcom_Out->L2LF03 Announcement of Heat; FILE: cxmltlgprototypereader.cpp; FUNCTION: readOneTelegram; LINE: 219
26-9-2013 12:7:52.770	I : Verctor - list of telegram (re)buildet.; FILE: ctlgcontainer.h; FUNCTION: BuildIndex; LINE: 175
26-9-2013 12:7:52.770	I : Telcom_Out->L2LF05 Stirring Setpoints; FILE: cxmltlgprototypereader.cpp; FUNCTION: readOneTelegram; LINE: 219
26-9-2013 12:7:52.770	I : Verctor - list of telegram (re)buildet.; FILE: ctlgcontainer.h; FUNCTION: BuildIndex; LINE: 175
26-9-2013 12:7:52.770	I : Telcom_Out->L2LF06 Heat Cancellation; FILE: cxmltlgprototypereader.cpp; FUNCTION: readOneTelegram; LINE: 219
26-9-2013 12:7:52.770	I : Verctor - list of telegram (re)buildet.; FILE: ctlgcontainer.h; FUNCTION: BuildIndex; LINE: 175
26-9-2013 12:7:52.770	I : Telcom_Out->L2LF07 Computer Mode Availability; FILE: cxmltlgprototypereader.cpp; FUNCTION: readOneTelegram; LINE: 219
26-9-2013 12:7:52.770	I : Verctor - list of telegram (re)buildet.; FILE: ctlgcontainer.h; FUNCTION: BuildIndex; LINE: 175
26-9-2013 12:7:52.770	I : Telcom_Out->L2LF20 VoltageTap/RegCurve; FILE: cxmltlgprototypereader.cpp; FUNCTION: readOneTelegram; LINE: 219
26-9-2013 12:7:52.786	I : Verctor - list of telegram (re)buildet.; FILE: ctlgcontainer.h; FUNCTION: BuildIndex; LINE: 175
26-9-2013 12:7:52.786	I : Telcom_Out->L2LF20_VOLTAGE_TAP VoltageTap/RegCurve; FILE: cxmltlgprototypereader.cpp; FUNCTION: readOneTelegram; LINE: 219
26-9-2013 12:7:52.786	I : Verctor - list of telegram (re)buildet.; FILE: ctlgcontainer.h; FUNCTION: BuildIndex; LINE: 175
26-9-2013 12:7:52.786	I : Telcom_Out->L2LF22 Pull Electrodes; FILE: cxmltlgprototypereader.cpp; FUNCTION: readOneTelegram; LINE: 219
26-9-2013 12:7:52.786	I : Verctor - list of telegram (re)buildet.; FILE: ctlgcontainer.h; FUNCTION: BuildIndex; LINE: 175
26-9-2013 12:7:52.786	I : Telcom_Out->L2LF23 Release/Inhibit Electrodes; FILE: cxmltlgprototypereader.cpp; FUNCTION: readOneTelegram; LINE: 219
26-9-2013 12:7:52.786	I : Verctor - list of telegram (re)buildet.; FILE: ctlgcontainer.h; FUNCTION: BuildIndex; LINE: 175
26-9-2013 12:7:52.786	I : Telcom_Out->L2LF25 Temp/Sample Measurement Request; FILE: cxmltlgprototypereader.cpp; FUNCTION: readOneTelegram; LINE: 219
26-9-2013 12:7:52.801	I : Verctor - list of telegram (re)buildet.; FILE: ctlgcontainer.h; FUNCTION: BuildIndex; LINE: 175
26-9-2013 12:7:52.801	I : Telcom_Out->L2LF30 Electrical Process Pattern; FILE: cxmltlgprototypereader.cpp; FUNCTION: readOneTelegram; LINE: 219
26-9-2013 12:7:52.801	I : Verctor - list of telegram (re)buildet.; FILE: ctlgcontainer.h; FUNCTION: BuildIndex; LINE: 175
26-9-2013 12:7:52.801	I : Telcom_Out->L2LF30_ELEC_PATT Electrical Process Pattern; FILE: cxmltlgprototypereader.cpp; FUNCTION: readOneTelegram; LINE: 219
26-9-2013 12:7:52.817	I : Verctor - list of telegram (re)buildet.; FILE: ctlgcontainer.h; FUNCTION: BuildIndex; LINE: 175
26-9-2013 12:7:52.817	I : Telcom_Out->L2LF31 Stirring Process Pattern; FILE: cxmltlgprototypereader.cpp; FUNCTION: readOneTelegram; LINE: 219
26-9-2013 12:7:52.817	I : Verctor - list of telegram (re)buildet.; FILE: ctlgcontainer.h; FUNCTION: BuildIndex; LINE: 175
26-9-2013 12:7:52.817	I : Telcom_Out->L2LF31_STIRR_PATT Stirring Process Pattern; FILE: cxmltlgprototypereader.cpp; FUNCTION: readOneTelegram; LINE: 219
26-9-2013 12:7:52.833	I : Verctor - list of telegram (re)buildet.; FILE: ctlgcontainer.h; FUNCTION: BuildIndex; LINE: 175
26-9-2013 12:7:52.833	I : Telcom_Out->L2LF40 L2 Model Parameter; FILE: cxmltlgprototypereader.cpp; FUNCTION: readOneTelegram; LINE: 219
26-9-2013 12:7:52.833	I : Verctor - list of telegram (re)buildet.; FILE: ctlgcontainer.h; FUNCTION: BuildIndex; LINE: 175
26-9-2013 12:7:52.833	I : Telcom_Out->L2LF70 Material Handling; FILE: cxmltlgprototypereader.cpp; FUNCTION: readOneTelegram; LINE: 219
26-9-2013 12:7:52.864	I : Verctor - list of telegram (re)buildet.; FILE: ctlgcontainer.h; FUNCTION: BuildIndex; LINE: 175
26-9-2013 12:7:52.864	I : Telcom_Out->L2LF70_MAT_HANDL Material Handling Model Result; FILE: cxmltlgprototypereader.cpp; FUNCTION: readOneTelegram; LINE: 219
26-9-2013 12:7:52.864	I : Verctor - list of telegram (re)buildet.; FILE: ctlgcontainer.h; FUNCTION: BuildIndex; LINE: 175
26-9-2013 12:7:52.864	I : Telcom_Out->L2LF71 Material Availability Request; FILE: cxmltlgprototypereader.cpp; FUNCTION: readOneTelegram; LINE: 219
26-9-2013 12:7:52.880	I : Verctor - list of telegram (re)buildet.; FILE: ctlgcontainer.h; FUNCTION: BuildIndex; LINE: 175
26-9-2013 12:7:52.880	I : Telcom_Out->L2LF72 Plant Status Request; FILE: cxmltlgprototypereader.cpp; FUNCTION: readOneTelegram; LINE: 219
26-9-2013 12:7:52.880	I : Verctor - list of telegram (re)buildet.; FILE: ctlgcontainer.h; FUNCTION: BuildIndex; LINE: 175
26-9-2013 12:7:52.880	I : Telcom_Out->SYL200 For acknowledge, received from SCY; FILE: cxmltlgprototypereader.cpp; FUNCTION: readOneTelegram; LINE: 219
26-9-2013 12:7:52.880	I : Verctor - list of telegram (re)buildet.; FILE: ctlgcontainer.h; FUNCTION: BuildIndex; LINE: 175
26-9-2013 12:7:52.880	I : Telcom_Out->L2SY91 Watchdog to Level 1; FILE: cxmltlgprototypereader.cpp; FUNCTION: readOneTelegram; LINE: 219
26-9-2013 12:7:52.880	I : Verctor - list of telegram (re)buildet.; FILE: ctlgcontainer.h; FUNCTION: BuildIndex; LINE: 175
26-9-2013 12:7:52.880	I : Telcom_Out->L2SY91_WATCH_DOG Watchdog to Level; FILE: cxmltlgprototypereader.cpp; FUNCTION: readOneTelegram; LINE: 219
26-9-2013 12:7:52.895	I : Verctor - list of telegram (re)buildet.; FILE: ctlgcontainer.h; FUNCTION: BuildIndex; LINE: 175
26-9-2013 12:7:52.895	I : Telcom_Out->L2SY92 Scrap Container Loading Instructions; FILE: cxmltlgprototypereader.cpp; FUNCTION: readOneTelegram; LINE: 219
26-9-2013 12:7:52.895	I : Verctor - list of telegram (re)buildet.; FILE: ctlgcontainer.h; FUNCTION: BuildIndex; LINE: 175
26-9-2013 12:7:52.895	I : Telcom_Out->L2SY92_SCRAP_LOAD Scrap Container Loading Instructions; FILE: cxmltlgprototypereader.cpp; FUNCTION: readOneTelegram; LINE: 219
26-9-2013 12:7:52.895	I : Verctor - list of telegram (re)buildet.; FILE: ctlgcontainer.h; FUNCTION: BuildIndex; LINE: 175
26-9-2013 12:7:52.895	I : Telcom_Out->L2SY95 Available Scrap Materials; FILE: cxmltlgprototypereader.cpp; FUNCTION: readOneTelegram; LINE: 219
26-9-2013 12:7:52.911	I : Verctor - list of telegram (re)buildet.; FILE: ctlgcontainer.h; FUNCTION: BuildIndex; LINE: 175
26-9-2013 12:7:52.911	I : Telcom_Out->L2SY95_SCRAP_MAT Available Scrap Materials; FILE: cxmltlgprototypereader.cpp; FUNCTION: readOneTelegram; LINE: 219
26-9-2013 12:7:52.958	I :      73  Telegrams found;  FILE: .\Form1.cpp; FUNCTION: simulator::Form1::loadInterface; LINE: 1173; .NET Output: ->Int32 loadInterface(System.String)->Void loadInterfaces()->Void initViewComponent()
26-9-2013 12:7:52.958	I : All telegram objects removed.; FILE: ctlgcontainer.h; FUNCTION: freeTlg; LINE: 161
26-9-2013 12:18:18.419	I : All telegram objects removed.; FILE: ctlgcontainer.h; FUNCTION: freeTlg; LINE: 161
26-9-2013 12:18:18.419	I : LogFile telegramm container emptied; FILE: clogfilereader.cpp; FUNCTION: clearContainer; LINE: 489
26-9-2013 12:18:18.544	I : All telegrams (interface : Telcom_Outin szenario removed;  FILE: .\CSzenarium.cpp; FUNCTION: CSzenarium::removeAllInterTlgFromSzenarium; LINE: 700; .NET Output: ->Void removeAllInterTlgFromSzenarium(System.String)->Void removeInterfaceFromSzenarium(System.String)->Void removeInter(System.String)
26-9-2013 12:18:18.919	I : All telegram objects removed.; FILE: ctlgcontainer.h; FUNCTION: freeTlg; LINE: 161
26-9-2013 12:18:34.810	I : Interface: D:\JSW-SMS-3\SMC\source\TELCOM\TELCOM_IN\TELCOM_IN_Frame\Telcom_In.xml;  FILE: .\Form1.cpp; FUNCTION: simulator::Form1::loadInterface; LINE: 1157; .NET Output: ->Int32 loadInterface(System.String)->Void OnMenuFileLoadModelClick(System.Object, System.EventArgs)->Void OnClick(System.EventArgs)
26-9-2013 12:18:35.169	I : All telegram objects removed.; FILE: ctlgcontainer.h; FUNCTION: freeTlg; LINE: 161
26-9-2013 12:18:35.169	I : Verctor - list of telegram (re)buildet.; FILE: ctlgcontainer.h; FUNCTION: BuildIndex; LINE: 175
26-9-2013 12:18:35.169	I : Telcom_In->Head For TelCom use only; FILE: cxmltlgprototypereader.cpp; FUNCTION: readOneTelegram; LINE: 219
26-9-2013 12:18:35.169	I : Verctor - list of telegram (re)buildet.; FILE: ctlgcontainer.h; FUNCTION: BuildIndex; LINE: 175
26-9-2013 12:18:35.169	I : Telcom_In->CCSSMC01 Required ladle arrival time from CCS; FILE: cxmltlgprototypereader.cpp; FUNCTION: readOneTelegram; LINE: 219
26-9-2013 12:18:35.169	I : Verctor - list of telegram (re)buildet.; FILE: ctlgcontainer.h; FUNCTION: BuildIndex; LINE: 175
26-9-2013 12:18:35.169	I : Telcom_In->CCSSMC02 Caster and Heat status to SMC; FILE: cxmltlgprototypereader.cpp; FUNCTION: readOneTelegram; LINE: 219
26-9-2013 12:18:35.169	I : Verctor - list of telegram (re)buildet.; FILE: ctlgcontainer.h; FUNCTION: BuildIndex; LINE: 175
26-9-2013 12:18:35.169	I : Telcom_In->EAL200 Acknowledge to Level 2; FILE: cxmltlgprototypereader.cpp; FUNCTION: readOneTelegram; LINE: 219
26-9-2013 12:18:35.185	I : Verctor - list of telegram (re)buildet.; FILE: ctlgcontainer.h; FUNCTION: BuildIndex; LINE: 175
26-9-2013 12:18:35.185	I : Telcom_In->EAL201 Watchdog to Level 2; FILE: cxmltlgprototypereader.cpp; FUNCTION: readOneTelegram; LINE: 219
26-9-2013 12:18:35.185	I : Verctor - list of telegram (re)buildet.; FILE: ctlgcontainer.h; FUNCTION: BuildIndex; LINE: 175
26-9-2013 12:18:35.185	I : Telcom_In->EAL203 Announcement of Heat; FILE: cxmltlgprototypereader.cpp; FUNCTION: readOneTelegram; LINE: 219
26-9-2013 12:18:35.185	I : Verctor - list of telegram (re)buildet.; FILE: ctlgcontainer.h; FUNCTION: BuildIndex; LINE: 175
26-9-2013 12:18:35.185	I : Telcom_In->EAL204 Start of Heat; FILE: cxmltlgprototypereader.cpp; FUNCTION: readOneTelegram; LINE: 219
26-9-2013 12:18:35.185	I : Verctor - list of telegram (re)buildet.; FILE: ctlgcontainer.h; FUNCTION: BuildIndex; LINE: 175
26-9-2013 12:18:35.185	I : Telcom_In->EAL205 End of Heat/Ladle Departure; FILE: cxmltlgprototypereader.cpp; FUNCTION: readOneTelegram; LINE: 219
26-9-2013 12:18:35.185	I : Verctor - list of telegram (re)buildet.; FILE: ctlgcontainer.h; FUNCTION: BuildIndex; LINE: 175
26-9-2013 12:18:35.185	I : Telcom_In->EAL206 Heat Cancellation; FILE: cxmltlgprototypereader.cpp; FUNCTION: readOneTelegram; LINE: 219
26-9-2013 12:18:35.200	I : Verctor - list of telegram (re)buildet.; FILE: ctlgcontainer.h; FUNCTION: BuildIndex; LINE: 175
26-9-2013 12:18:35.200	I : Telcom_In->EAL207 Tapping Start/End; FILE: cxmltlgprototypereader.cpp; FUNCTION: readOneTelegram; LINE: 219
26-9-2013 12:18:35.200	I : Verctor - list of telegram (re)buildet.; FILE: ctlgcontainer.h; FUNCTION: BuildIndex; LINE: 175
26-9-2013 12:18:35.200	I : Telcom_In->EAL209 Sample Taken; FILE: cxmltlgprototypereader.cpp; FUNCTION: readOneTelegram; LINE: 219
26-9-2013 12:18:35.200	I : Verctor - list of telegram (re)buildet.; FILE: ctlgcontainer.h; FUNCTION: BuildIndex; LINE: 175
26-9-2013 12:18:35.200	I : Telcom_In->EAL211 Temperature/CELOX Taken; FILE: cxmltlgprototypereader.cpp; FUNCTION: readOneTelegram; LINE: 219
26-9-2013 12:18:35.200	I : Verctor - list of telegram (re)buildet.; FILE: ctlgcontainer.h; FUNCTION: BuildIndex; LINE: 175
26-9-2013 12:18:35.200	I : Telcom_In->EAL214 Update Tap Ladle Data; FILE: cxmltlgprototypereader.cpp; FUNCTION: readOneTelegram; LINE: 219
26-9-2013 12:18:35.200	I : Verctor - list of telegram (re)buildet.; FILE: ctlgcontainer.h; FUNCTION: BuildIndex; LINE: 175
26-9-2013 12:18:35.200	I : Telcom_In->EAL215 Basket/Hotmetal Charging; FILE: cxmltlgprototypereader.cpp; FUNCTION: readOneTelegram; LINE: 219
26-9-2013 12:18:35.216	I : Verctor - list of telegram (re)buildet.; FILE: ctlgcontainer.h; FUNCTION: BuildIndex; LINE: 175
26-9-2013 12:18:35.216	I : Telcom_In->EAL216 Deslagging Status; FILE: cxmltlgprototypereader.cpp; FUNCTION: readOneTelegram; LINE: 219
26-9-2013 12:18:35.216	I : Verctor - list of telegram (re)buildet.; FILE: ctlgcontainer.h; FUNCTION: BuildIndex; LINE: 175
26-9-2013 12:18:35.216	I : Telcom_In->EAL217 Delay Status; FILE: cxmltlgprototypereader.cpp; FUNCTION: readOneTelegram; LINE: 219
26-9-2013 12:18:35.216	I : Verctor - list of telegram (re)buildet.; FILE: ctlgcontainer.h; FUNCTION: BuildIndex; LINE: 175
26-9-2013 12:18:35.216	I : Telcom_In->EAL220 Computer Modes; FILE: cxmltlgprototypereader.cpp; FUNCTION: readOneTelegram; LINE: 219
26-9-2013 12:18:35.216	I : Verctor - list of telegram (re)buildet.; FILE: ctlgcontainer.h; FUNCTION: BuildIndex; LINE: 175
26-9-2013 12:18:35.216	I : Telcom_In->EAL221 Furnace Status Roof/Gantry; FILE: cxmltlgprototypereader.cpp; FUNCTION: readOneTelegram; LINE: 219
26-9-2013 12:18:35.231	I : Verctor - list of telegram (re)buildet.; FILE: ctlgcontainer.h; FUNCTION: BuildIndex; LINE: 175
26-9-2013 12:18:35.231	I : Telcom_In->EAL222 Furnace Electrical Status; FILE: cxmltlgprototypereader.cpp; FUNCTION: readOneTelegram; LINE: 219
26-9-2013 12:18:35.231	I : Verctor - list of telegram (re)buildet.; FILE: ctlgcontainer.h; FUNCTION: BuildIndex; LINE: 175
26-9-2013 12:18:35.231	I : Telcom_In->EAL223 Electrical Values; FILE: cxmltlgprototypereader.cpp; FUNCTION: readOneTelegram; LINE: 219
26-9-2013 12:18:35.231	I : Verctor - list of telegram (re)buildet.; FILE: ctlgcontainer.h; FUNCTION: BuildIndex; LINE: 175
26-9-2013 12:18:35.231	I : Telcom_In->EAL224 Material Injection Availabilities; FILE: cxmltlgprototypereader.cpp; FUNCTION: readOneTelegram; LINE: 219
26-9-2013 12:18:35.231	I : Verctor - list of telegram (re)buildet.; FILE: ctlgcontainer.h; FUNCTION: BuildIndex; LINE: 175
26-9-2013 12:18:35.231	I : Telcom_In->EAL225 Material Injection Status; FILE: cxmltlgprototypereader.cpp; FUNCTION: readOneTelegram; LINE: 219
26-9-2013 12:18:35.247	I : Verctor - list of telegram (re)buildet.; FILE: ctlgcontainer.h; FUNCTION: BuildIndex; LINE: 175
26-9-2013 12:18:35.247	I : Telcom_In->EAL226 Material Injection Actual Values; FILE: cxmltlgprototypereader.cpp; FUNCTION: readOneTelegram; LINE: 219
26-9-2013 12:18:35.247	I : Verctor - list of telegram (re)buildet.; FILE: ctlgcontainer.h; FUNCTION: BuildIndex; LINE: 175
26-9-2013 12:18:35.247	I : Telcom_In->EAL227 Burner Gas Availabilities; FILE: cxmltlgprototypereader.cpp; FUNCTION: readOneTelegram; LINE: 219
26-9-2013 12:18:35.247	I : Verctor - list of telegram (re)buildet.; FILE: ctlgcontainer.h; FUNCTION: BuildIndex; LINE: 175
26-9-2013 12:18:35.247	I : Telcom_In->EAL228 Burner Status; FILE: cxmltlgprototypereader.cpp; FUNCTION: readOneTelegram; LINE: 219
26-9-2013 12:18:35.263	I : Verctor - list of telegram (re)buildet.; FILE: ctlgcontainer.h; FUNCTION: BuildIndex; LINE: 175
26-9-2013 12:18:35.263	I : Telcom_In->EAL229 Burner Actual Values; FILE: cxmltlgprototypereader.cpp; FUNCTION: readOneTelegram; LINE: 219
26-9-2013 12:18:35.263	I : Verctor - list of telegram (re)buildet.; FILE: ctlgcontainer.h; FUNCTION: BuildIndex; LINE: 175
26-9-2013 12:18:35.263	I : Telcom_In->EAL230 Oxygen Injection Availability; FILE: cxmltlgprototypereader.cpp; FUNCTION: readOneTelegram; LINE: 219
26-9-2013 12:18:35.263	I : Verctor - list of telegram (re)buildet.; FILE: ctlgcontainer.h; FUNCTION: BuildIndex; LINE: 175
26-9-2013 12:18:35.263	I : Telcom_In->EAL231 Oxygen Injector Status; FILE: cxmltlgprototypereader.cpp; FUNCTION: readOneTelegram; LINE: 219
26-9-2013 12:18:35.263	I : Verctor - list of telegram (re)buildet.; FILE: ctlgcontainer.h; FUNCTION: BuildIndex; LINE: 175
26-9-2013 12:18:35.263	I : Telcom_In->EAL232 Oxygen Injection Actual Values; FILE: cxmltlgprototypereader.cpp; FUNCTION: readOneTelegram; LINE: 219
26-9-2013 12:18:35.278	I : Verctor - list of telegram (re)buildet.; FILE: ctlgcontainer.h; FUNCTION: BuildIndex; LINE: 175
26-9-2013 12:18:35.278	I : Telcom_In->EAL233 Cooling Water Values; FILE: cxmltlgprototypereader.cpp; FUNCTION: readOneTelegram; LINE: 219
26-9-2013 12:18:35.278	I : Verctor - list of telegram (re)buildet.; FILE: ctlgcontainer.h; FUNCTION: BuildIndex; LINE: 175
26-9-2013 12:18:35.278	I : Telcom_In->EAL234 Status of Vessel Bottom Stirring; FILE: cxmltlgprototypereader.cpp; FUNCTION: readOneTelegram; LINE: 219
26-9-2013 12:18:35.294	I : Verctor - list of telegram (re)buildet.; FILE: ctlgcontainer.h; FUNCTION: BuildIndex; LINE: 175
26-9-2013 12:18:35.294	I : Telcom_In->EAL235 Actual Values of Vessel Stirring; FILE: cxmltlgprototypereader.cpp; FUNCTION: readOneTelegram; LINE: 219
26-9-2013 12:18:35.294	I : Verctor - list of telegram (re)buildet.; FILE: ctlgcontainer.h; FUNCTION: BuildIndex; LINE: 175
26-9-2013 12:18:35.294	I : Telcom_In->EAL236 Status of Ladle Bottom Stirring; FILE: cxmltlgprototypereader.cpp; FUNCTION: readOneTelegram; LINE: 219
26-9-2013 12:18:35.294	I : Verctor - list of telegram (re)buildet.; FILE: ctlgcontainer.h; FUNCTION: BuildIndex; LINE: 175
26-9-2013 12:18:35.294	I : Telcom_In->EAL237 Actual Values of Ladle Bottom Stirring; FILE: cxmltlgprototypereader.cpp; FUNCTION: readOneTelegram; LINE: 219
26-9-2013 12:18:35.310	I : Verctor - list of telegram (re)buildet.; FILE: ctlgcontainer.h; FUNCTION: BuildIndex; LINE: 175
26-9-2013 12:18:35.310	I : Telcom_In->EAL240 Flame Profiles; FILE: cxmltlgprototypereader.cpp; FUNCTION: readOneTelegram; LINE: 219
26-9-2013 12:18:35.310	I : Verctor - list of telegram (re)buildet.; FILE: ctlgcontainer.h; FUNCTION: BuildIndex; LINE: 175
26-9-2013 12:18:35.310	I : Telcom_In->EAL241 EAF Level 1 Parameter; FILE: cxmltlgprototypereader.cpp; FUNCTION: readOneTelegram; LINE: 219
26-9-2013 12:18:35.310	I : Verctor - list of telegram (re)buildet.; FILE: ctlgcontainer.h; FUNCTION: BuildIndex; LINE: 175
26-9-2013 12:18:35.310	I : Telcom_In->EAL250 Waste Gas Flows; FILE: cxmltlgprototypereader.cpp; FUNCTION: readOneTelegram; LINE: 219
26-9-2013 12:18:35.325	I : Verctor - list of telegram (re)buildet.; FILE: ctlgcontainer.h; FUNCTION: BuildIndex; LINE: 175
26-9-2013 12:18:35.325	I : Telcom_In->EAL260 Material Handling Report; FILE: cxmltlgprototypereader.cpp; FUNCTION: readOneTelegram; LINE: 219
26-9-2013 12:18:35.341	I : Verctor - list of telegram (re)buildet.; FILE: ctlgcontainer.h; FUNCTION: BuildIndex; LINE: 175
26-9-2013 12:18:35.341	I : Telcom_In->EAL261 Material Availabilities; FILE: cxmltlgprototypereader.cpp; FUNCTION: readOneTelegram; LINE: 219
26-9-2013 12:18:35.341	I : Verctor - list of telegram (re)buildet.; FILE: ctlgcontainer.h; FUNCTION: BuildIndex; LINE: 175
26-9-2013 12:18:35.341	I : Telcom_In->EAL262 Material Feeding System; FILE: cxmltlgprototypereader.cpp; FUNCTION: readOneTelegram; LINE: 219
26-9-2013 12:18:35.341	I : Verctor - list of telegram (re)buildet.; FILE: ctlgcontainer.h; FUNCTION: BuildIndex; LINE: 175
26-9-2013 12:18:35.341	I : Telcom_In->EAL263 Material Feeding Status; FILE: cxmltlgprototypereader.cpp; FUNCTION: readOneTelegram; LINE: 219
26-9-2013 12:18:35.356	I : Verctor - list of telegram (re)buildet.; FILE: ctlgcontainer.h; FUNCTION: BuildIndex; LINE: 175
26-9-2013 12:18:35.356	I : Telcom_In->EAL270 Liquid Material Handling Report; FILE: cxmltlgprototypereader.cpp; FUNCTION: readOneTelegram; LINE: 219
26-9-2013 12:18:35.356	I : Verctor - list of telegram (re)buildet.; FILE: ctlgcontainer.h; FUNCTION: BuildIndex; LINE: 175
26-9-2013 12:18:35.356	I : Telcom_In->EAL280 Phase Report; FILE: cxmltlgprototypereader.cpp; FUNCTION: readOneTelegram; LINE: 219
26-9-2013 12:18:35.356	I : Verctor - list of telegram (re)buildet.; FILE: ctlgcontainer.h; FUNCTION: BuildIndex; LINE: 175
26-9-2013 12:18:35.356	I : Telcom_In->EAL281 Basket Request; FILE: cxmltlgprototypereader.cpp; FUNCTION: readOneTelegram; LINE: 219
26-9-2013 12:18:35.356	I : Verctor - list of telegram (re)buildet.; FILE: ctlgcontainer.h; FUNCTION: BuildIndex; LINE: 175
26-9-2013 12:18:35.356	I : Telcom_In->L2HD00 Acknowledge to Level 2; FILE: cxmltlgprototypereader.cpp; FUNCTION: readOneTelegram; LINE: 219
26-9-2013 12:18:35.356	I : Verctor - list of telegram (re)buildet.; FILE: ctlgcontainer.h; FUNCTION: BuildIndex; LINE: 175
26-9-2013 12:18:35.356	I : Telcom_In->HDL201 Watchdog primary; FILE: cxmltlgprototypereader.cpp; FUNCTION: readOneTelegram; LINE: 219
26-9-2013 12:18:35.372	I : Verctor - list of telegram (re)buildet.; FILE: ctlgcontainer.h; FUNCTION: BuildIndex; LINE: 175
26-9-2013 12:18:35.372	I : Telcom_In->HDL203 Announcement of Heat; FILE: cxmltlgprototypereader.cpp; FUNCTION: readOneTelegram; LINE: 219
26-9-2013 12:18:35.372	I : Verctor - list of telegram (re)buildet.; FILE: ctlgcontainer.h; FUNCTION: BuildIndex; LINE: 175
26-9-2013 12:18:35.372	I : Telcom_In->HDL204 Start of Heat; FILE: cxmltlgprototypereader.cpp; FUNCTION: readOneTelegram; LINE: 219
26-9-2013 12:18:35.372	I : Verctor - list of telegram (re)buildet.; FILE: ctlgcontainer.h; FUNCTION: BuildIndex; LINE: 175
26-9-2013 12:18:35.372	I : Telcom_In->HDL205 End of Heat/LDL Departure; FILE: cxmltlgprototypereader.cpp; FUNCTION: readOneTelegram; LINE: 219
26-9-2013 12:18:35.372	I : Verctor - list of telegram (re)buildet.; FILE: ctlgcontainer.h; FUNCTION: BuildIndex; LINE: 175
26-9-2013 12:18:35.372	I : Telcom_In->HDL206 Heat Cancelled; FILE: cxmltlgprototypereader.cpp; FUNCTION: readOneTelegram; LINE: 219
26-9-2013 12:18:35.372	I : Verctor - list of telegram (re)buildet.; FILE: ctlgcontainer.h; FUNCTION: BuildIndex; LINE: 175
26-9-2013 12:18:35.388	I : Telcom_In->HDL209 Sample Taken; FILE: cxmltlgprototypereader.cpp; FUNCTION: readOneTelegram; LINE: 219
26-9-2013 12:18:35.388	I : Verctor - list of telegram (re)buildet.; FILE: ctlgcontainer.h; FUNCTION: BuildIndex; LINE: 175
26-9-2013 12:18:35.388	I : Telcom_In->HDL211 Temp is taken; FILE: cxmltlgprototypereader.cpp; FUNCTION: readOneTelegram; LINE: 219
26-9-2013 12:18:35.388	I : Verctor - list of telegram (re)buildet.; FILE: ctlgcontainer.h; FUNCTION: BuildIndex; LINE: 175
26-9-2013 12:18:35.388	I : Telcom_In->HDL213 Update Aim Departure Time; FILE: cxmltlgprototypereader.cpp; FUNCTION: readOneTelegram; LINE: 219
26-9-2013 12:18:35.388	I : Verctor - list of telegram (re)buildet.; FILE: ctlgcontainer.h; FUNCTION: BuildIndex; LINE: 175
26-9-2013 12:18:35.388	I : Telcom_In->HDL220 HMD Operation Modes; FILE: cxmltlgprototypereader.cpp; FUNCTION: readOneTelegram; LINE: 219
26-9-2013 12:18:35.388	I : Verctor - list of telegram (re)buildet.; FILE: ctlgcontainer.h; FUNCTION: BuildIndex; LINE: 175
26-9-2013 12:18:35.388	I : Telcom_In->HDL221 Plant Status; FILE: cxmltlgprototypereader.cpp; FUNCTION: readOneTelegram; LINE: 219
26-9-2013 12:18:35.403	I : Verctor - list of telegram (re)buildet.; FILE: ctlgcontainer.h; FUNCTION: BuildIndex; LINE: 175
26-9-2013 12:18:35.403	I : Telcom_In->HDL223 HMD Actual Values; FILE: cxmltlgprototypereader.cpp; FUNCTION: readOneTelegram; LINE: 219
26-9-2013 12:18:35.403	I : Verctor - list of telegram (re)buildet.; FILE: ctlgcontainer.h; FUNCTION: BuildIndex; LINE: 175
26-9-2013 12:18:35.403	I : Telcom_In->HDL260 Blowing Report; FILE: cxmltlgprototypereader.cpp; FUNCTION: readOneTelegram; LINE: 219
26-9-2013 12:18:35.419	I : Verctor - list of telegram (re)buildet.; FILE: ctlgcontainer.h; FUNCTION: BuildIndex; LINE: 175
26-9-2013 12:18:35.419	I : Telcom_In->HDL261 Material Availbilities for Powder; FILE: cxmltlgprototypereader.cpp; FUNCTION: readOneTelegram; LINE: 219
26-9-2013 12:18:35.419	I : Verctor - list of telegram (re)buildet.; FILE: ctlgcontainer.h; FUNCTION: BuildIndex; LINE: 175
26-9-2013 12:18:35.419	I : Telcom_In->HDL270 Liquid Material Handling Report; FILE: cxmltlgprototypereader.cpp; FUNCTION: readOneTelegram; LINE: 219
26-9-2013 12:18:35.419	I : Verctor - list of telegram (re)buildet.; FILE: ctlgcontainer.h; FUNCTION: BuildIndex; LINE: 175
26-9-2013 12:18:35.419	I : Telcom_In->HDL281 Treatment Steps; FILE: cxmltlgprototypereader.cpp; FUNCTION: readOneTelegram; LINE: 219
26-9-2013 12:18:35.419	I : Verctor - list of telegram (re)buildet.; FILE: ctlgcontainer.h; FUNCTION: BuildIndex; LINE: 175
26-9-2013 12:18:35.419	I : Telcom_In->L3SMC01 Cyclic alive telegram from L3; FILE: cxmltlgprototypereader.cpp; FUNCTION: readOneTelegram; LINE: 219
26-9-2013 12:18:35.450	I : Verctor - list of telegram (re)buildet.; FILE: ctlgcontainer.h; FUNCTION: BuildIndex; LINE: 175
26-9-2013 12:18:35.450	I : Telcom_In->L3SMC02 Heat Schedule From L3; FILE: cxmltlgprototypereader.cpp; FUNCTION: readOneTelegram; LINE: 219
26-9-2013 12:18:35.450	I : Verctor - list of telegram (re)buildet.; FILE: ctlgcontainer.h; FUNCTION: BuildIndex; LINE: 175
26-9-2013 12:18:35.450	I : Telcom_In->L3SMC03 Production Order Data; FILE: cxmltlgprototypereader.cpp; FUNCTION: readOneTelegram; LINE: 219
26-9-2013 12:18:35.513	I : Verctor - list of telegram (re)buildet.; FILE: ctlgcontainer.h; FUNCTION: BuildIndex; LINE: 175
26-9-2013 12:18:35.513	I : Telcom_In->L3SMC06 Steel Grade Code Definition; FILE: cxmltlgprototypereader.cpp; FUNCTION: readOneTelegram; LINE: 219
26-9-2013 12:18:35.513	I : Verctor - list of telegram (re)buildet.; FILE: ctlgcontainer.h; FUNCTION: BuildIndex; LINE: 175
26-9-2013 12:18:35.513	I : Telcom_In->L3SMC07 Delay Code Definition; FILE: cxmltlgprototypereader.cpp; FUNCTION: readOneTelegram; LINE: 219
26-9-2013 12:18:35.528	I : Verctor - list of telegram (re)buildet.; FILE: ctlgcontainer.h; FUNCTION: BuildIndex; LINE: 175
26-9-2013 12:18:35.528	I : Telcom_In->L3SMC08 Material Code Definition; FILE: cxmltlgprototypereader.cpp; FUNCTION: readOneTelegram; LINE: 219
26-9-2013 12:18:35.528	I : Verctor - list of telegram (re)buildet.; FILE: ctlgcontainer.h; FUNCTION: BuildIndex; LINE: 175
26-9-2013 12:18:35.528	I : Telcom_In->L3SMC09 Status Request; FILE: cxmltlgprototypereader.cpp; FUNCTION: readOneTelegram; LINE: 219
26-9-2013 12:18:35.544	I : Verctor - list of telegram (re)buildet.; FILE: ctlgcontainer.h; FUNCTION: BuildIndex; LINE: 175
26-9-2013 12:18:35.544	I : Telcom_In->LABSMC01 Cyclic alive telegram from LAB; FILE: cxmltlgprototypereader.cpp; FUNCTION: readOneTelegram; LINE: 219
26-9-2013 12:18:35.544	I : Verctor - list of telegram (re)buildet.; FILE: ctlgcontainer.h; FUNCTION: BuildIndex; LINE: 175
26-9-2013 12:18:35.544	I : Telcom_In->LABSMC02 Steel analysis data; FILE: cxmltlgprototypereader.cpp; FUNCTION: readOneTelegram; LINE: 219
26-9-2013 12:18:35.560	I : Verctor - list of telegram (re)buildet.; FILE: ctlgcontainer.h; FUNCTION: BuildIndex; LINE: 175
26-9-2013 12:18:35.560	I : Telcom_In->LABSMC03 Slag analysis data; FILE: cxmltlgprototypereader.cpp; FUNCTION: readOneTelegram; LINE: 219
26-9-2013 12:18:35.560	I : Verctor - list of telegram (re)buildet.; FILE: ctlgcontainer.h; FUNCTION: BuildIndex; LINE: 175
26-9-2013 12:18:35.560	I : Telcom_In->LFL200 Acknowledge to Level 2; FILE: cxmltlgprototypereader.cpp; FUNCTION: readOneTelegram; LINE: 219
26-9-2013 12:18:35.560	I : Verctor - list of telegram (re)buildet.; FILE: ctlgcontainer.h; FUNCTION: BuildIndex; LINE: 175
26-9-2013 12:18:35.560	I : Telcom_In->LFL201 Watchdog to Level 2; FILE: cxmltlgprototypereader.cpp; FUNCTION: readOneTelegram; LINE: 219
26-9-2013 12:18:35.560	I : Verctor - list of telegram (re)buildet.; FILE: ctlgcontainer.h; FUNCTION: BuildIndex; LINE: 175
26-9-2013 12:18:35.560	I : Telcom_In->LFL203 Announcement of Heat; FILE: cxmltlgprototypereader.cpp; FUNCTION: readOneTelegram; LINE: 219
26-9-2013 12:18:35.560	I : Verctor - list of telegram (re)buildet.; FILE: ctlgcontainer.h; FUNCTION: BuildIndex; LINE: 175
26-9-2013 12:18:35.575	I : Telcom_In->LFL204 Start of Heat; FILE: cxmltlgprototypereader.cpp; FUNCTION: readOneTelegram; LINE: 219
26-9-2013 12:18:35.575	I : Verctor - list of telegram (re)buildet.; FILE: ctlgcontainer.h; FUNCTION: BuildIndex; LINE: 175
26-9-2013 12:18:35.575	I : Telcom_In->LFL205 End of Heat/Ladle Departure; FILE: cxmltlgprototypereader.cpp; FUNCTION: readOneTelegram; LINE: 219
26-9-2013 12:18:35.575	I : Verctor - list of telegram (re)buildet.; FILE: ctlgcontainer.h; FUNCTION: BuildIndex; LINE: 175
26-9-2013 12:18:35.575	I : Telcom_In->LFL206 Heat Cancellation; FILE: cxmltlgprototypereader.cpp; FUNCTION: readOneTelegram; LINE: 219
26-9-2013 12:18:35.575	I : Verctor - list of telegram (re)buildet.; FILE: ctlgcontainer.h; FUNCTION: BuildIndex; LINE: 175
26-9-2013 12:18:35.575	I : Telcom_In->LFL209 Sample Taken; FILE: cxmltlgprototypereader.cpp; FUNCTION: readOneTelegram; LINE: 219
26-9-2013 12:18:35.591	I : Verctor - list of telegram (re)buildet.; FILE: ctlgcontainer.h; FUNCTION: BuildIndex; LINE: 175
26-9-2013 12:18:35.591	I : Telcom_In->LFL211 Temperature/CELOX Taken; FILE: cxmltlgprototypereader.cpp; FUNCTION: readOneTelegram; LINE: 219
26-9-2013 12:18:35.591	I : Verctor - list of telegram (re)buildet.; FILE: ctlgcontainer.h; FUNCTION: BuildIndex; LINE: 175
26-9-2013 12:18:35.591	I : Telcom_In->LFL212 Aim Temperature; FILE: cxmltlgprototypereader.cpp; FUNCTION: readOneTelegram; LINE: 219
26-9-2013 12:18:35.591	I : Verctor - list of telegram (re)buildet.; FILE: ctlgcontainer.h; FUNCTION: BuildIndex; LINE: 175
26-9-2013 12:18:35.591	I : Telcom_In->LFL213 Aim Departure Time; FILE: cxmltlgprototypereader.cpp; FUNCTION: readOneTelegram; LINE: 219
26-9-2013 12:18:35.591	I : Verctor - list of telegram (re)buildet.; FILE: ctlgcontainer.h; FUNCTION: BuildIndex; LINE: 175
26-9-2013 12:18:35.591	I : Telcom_In->LFL217 Delay Status; FILE: cxmltlgprototypereader.cpp; FUNCTION: readOneTelegram; LINE: 219
26-9-2013 12:18:35.606	I : Verctor - list of telegram (re)buildet.; FILE: ctlgcontainer.h; FUNCTION: BuildIndex; LINE: 175
26-9-2013 12:18:35.606	I : Telcom_In->LFL220 Computer Modes; FILE: cxmltlgprototypereader.cpp; FUNCTION: readOneTelegram; LINE: 219
26-9-2013 12:18:35.606	I : Verctor - list of telegram (re)buildet.; FILE: ctlgcontainer.h; FUNCTION: BuildIndex; LINE: 175
26-9-2013 12:18:35.606	I : Telcom_In->LFL221 Furnace Status; FILE: cxmltlgprototypereader.cpp; FUNCTION: readOneTelegram; LINE: 219
26-9-2013 12:18:35.606	I : Verctor - list of telegram (re)buildet.; FILE: ctlgcontainer.h; FUNCTION: BuildIndex; LINE: 175
26-9-2013 12:18:35.606	I : Telcom_In->LFL222 Electrical Status; FILE: cxmltlgprototypereader.cpp; FUNCTION: readOneTelegram; LINE: 219
26-9-2013 12:18:35.622	I : Verctor - list of telegram (re)buildet.; FILE: ctlgcontainer.h; FUNCTION: BuildIndex; LINE: 175
26-9-2013 12:18:35.622	I : Telcom_In->LFL223 Electrical Values; FILE: cxmltlgprototypereader.cpp; FUNCTION: readOneTelegram; LINE: 219
26-9-2013 12:18:35.622	I : Verctor - list of telegram (re)buildet.; FILE: ctlgcontainer.h; FUNCTION: BuildIndex; LINE: 175
26-9-2013 12:18:35.622	I : Telcom_In->LFL224 Bottom Stirring Status; FILE: cxmltlgprototypereader.cpp; FUNCTION: readOneTelegram; LINE: 219
26-9-2013 12:18:35.622	I : Verctor - list of telegram (re)buildet.; FILE: ctlgcontainer.h; FUNCTION: BuildIndex; LINE: 175
26-9-2013 12:18:35.622	I : Telcom_In->LFL225 Emergency Lance Stirring Status; FILE: cxmltlgprototypereader.cpp; FUNCTION: readOneTelegram; LINE: 219
26-9-2013 12:18:35.638	I : Verctor - list of telegram (re)buildet.; FILE: ctlgcontainer.h; FUNCTION: BuildIndex; LINE: 175
26-9-2013 12:18:35.638	I : Telcom_In->LFL226 Bottom Stirring Values; FILE: cxmltlgprototypereader.cpp; FUNCTION: readOneTelegram; LINE: 219
26-9-2013 12:18:35.638	I : Verctor - list of telegram (re)buildet.; FILE: ctlgcontainer.h; FUNCTION: BuildIndex; LINE: 175
26-9-2013 12:18:35.638	I : Telcom_In->LFL230 Cooling Water; FILE: cxmltlgprototypereader.cpp; FUNCTION: readOneTelegram; LINE: 219
26-9-2013 12:18:35.638	I : Verctor - list of telegram (re)buildet.; FILE: ctlgcontainer.h; FUNCTION: BuildIndex; LINE: 175
26-9-2013 12:18:35.638	I : Telcom_In->LFL240 LF Level 1Parameter; FILE: cxmltlgprototypereader.cpp; FUNCTION: readOneTelegram; LINE: 219
26-9-2013 12:18:35.653	I : Verctor - list of telegram (re)buildet.; FILE: ctlgcontainer.h; FUNCTION: BuildIndex; LINE: 175
26-9-2013 12:18:35.653	I : Telcom_In->LFL260 Material Handling Report; FILE: cxmltlgprototypereader.cpp; FUNCTION: readOneTelegram; LINE: 219
26-9-2013 12:18:35.653	I : Verctor - list of telegram (re)buildet.; FILE: ctlgcontainer.h; FUNCTION: BuildIndex; LINE: 175
26-9-2013 12:18:35.653	I : Telcom_In->LFL261 Material Availability; FILE: cxmltlgprototypereader.cpp; FUNCTION: readOneTelegram; LINE: 219
26-9-2013 12:18:35.669	I : Verctor - list of telegram (re)buildet.; FILE: ctlgcontainer.h; FUNCTION: BuildIndex; LINE: 175
26-9-2013 12:18:35.669	I : Telcom_In->LFL270 Liquid Material Handling Report; FILE: cxmltlgprototypereader.cpp; FUNCTION: readOneTelegram; LINE: 219
26-9-2013 12:18:35.669	I : Verctor - list of telegram (re)buildet.; FILE: ctlgcontainer.h; FUNCTION: BuildIndex; LINE: 175
26-9-2013 12:18:35.669	I : Telcom_In->LFL281 Treatment Steps; FILE: cxmltlgprototypereader.cpp; FUNCTION: readOneTelegram; LINE: 219
26-9-2013 12:18:35.669	I : Verctor - list of telegram (re)buildet.; FILE: ctlgcontainer.h; FUNCTION: BuildIndex; LINE: 175
26-9-2013 12:18:35.669	I : Telcom_In->L2SY00 For acknowledge, send to SCY; FILE: cxmltlgprototypereader.cpp; FUNCTION: readOneTelegram; LINE: 219
26-9-2013 12:18:35.669	I : Verctor - list of telegram (re)buildet.; FILE: ctlgcontainer.h; FUNCTION: BuildIndex; LINE: 175
26-9-2013 12:18:35.669	I : Telcom_In->SYL291 Watchdog to Level 2; FILE: cxmltlgprototypereader.cpp; FUNCTION: readOneTelegram; LINE: 219
26-9-2013 12:18:35.685	I : Verctor - list of telegram (re)buildet.; FILE: ctlgcontainer.h; FUNCTION: BuildIndex; LINE: 175
26-9-2013 12:18:35.685	I : Telcom_In->SYL292 Scrap Container Loading Results; FILE: cxmltlgprototypereader.cpp; FUNCTION: readOneTelegram; LINE: 219
26-9-2013 12:18:35.685	I : Verctor - list of telegram (re)buildet.; FILE: ctlgcontainer.h; FUNCTION: BuildIndex; LINE: 175
26-9-2013 12:18:35.685	I : Telcom_In->SYL293 Request for Download of Scrap Loading Instructions; FILE: cxmltlgprototypereader.cpp; FUNCTION: readOneTelegram; LINE: 219
26-9-2013 12:18:35.685	I : Verctor - list of telegram (re)buildet.; FILE: ctlgcontainer.h; FUNCTION: BuildIndex; LINE: 175
26-9-2013 12:18:35.685	I : Telcom_In->SYL295 Request for Download of Available Scrap Materials; FILE: cxmltlgprototypereader.cpp; FUNCTION: readOneTelegram; LINE: 219
26-9-2013 12:18:35.731	I :      99  Telegrams found;  FILE: .\Form1.cpp; FUNCTION: simulator::Form1::loadInterface; LINE: 1173; .NET Output: ->Int32 loadInterface(System.String)->Void OnMenuFileLoadModelClick(System.Object, System.EventArgs)->Void OnClick(System.EventArgs)
26-9-2013 12:18:35.731	I : All telegram objects removed.; FILE: ctlgcontainer.h; FUNCTION: freeTlg; LINE: 161
26-9-2013 12:19:6.997	I : Client IPEndPoint created;  FILE: .\CSocketClient.cpp; FUNCTION: CSocketClient::buildConnection; LINE: 35; .NET Output: ->Int32 buildConnection(System.String, Int32)->Int32 buildConnAsClient()->Int32 buildConnection(Int32)
26-9-2013 12:19:6.997	I : Receive thread (checks server connection) started;  FILE: .\CInterSenderManager.cpp; FUNCTION: CInterSenderManager::InvokeReceiveThread; LINE: 93; .NET Output: ->Void InvokeReceiveThread(Boolean)->Int32 buildConnAsClient()->Int32 buildConnection(Int32)
26-9-2013 12:19:7.12	I : Connecting to: IP-Addres: 10.182.50.108 Port: 18510;  FILE: .\CSocketConnectionForm.cpp; FUNCTION: simulator::CSocketConnectionForm::OnClickButtConnection; LINE: 131; .NET Output: ->Void OnClickButtConnection(System.Object, System.EventArgs)->Void OnClick(System.EventArgs)->Void OnClick(System.EventArgs)
26-9-2013 12:19:7.44	I : Start thread for waiting connection;  FILE: .\CSocketClient.cpp; FUNCTION: CSocketClient::waitingForConnection; LINE: 66; .NET Output: ->Void waitingForConnection(Int32)->Void waitingForConnection()->Void OnClickButtConnection(System.Object, System.EventArgs)
26-9-2013 12:19:7.75	I : Client connected;  FILE: .\CSocketClient.cpp; FUNCTION: CSocketClient::waiting; LINE: 102; .NET Output: ->Void waiting()->Void ThreadStart_Context(System.Object)->Void Run(System.Threading.ExecutionContext, System.Threading.ContextCallback, System.Object)
26-9-2013 12:19:11.715	I : Load:  D:\JSW-SMS-3\SMC\source\Tools\Simulator\Simulator\Executable\HMDS_simulator.szn;  FILE: .\CSenderForm.cpp; FUNCTION: simulator::CSenderForm::loadSzenarium; LINE: 507; .NET Output: ->Void loadSzenarium(System.String)->Void OnMenuFileSzenOpenClick(System.Object, System.EventArgs)->Void OnClick(System.EventArgs)
26-9-2013 12:19:11.793	I : All telegrams in szenario removed;  FILE: .\CSzenarium.cpp; FUNCTION: CSzenarium::clearSzenarium; LINE: 562; .NET Output: ->Void clearSzenarium()->Void loadSzenarium(System.String, System.Collections.ArrayList)->Void loadSzenarium(System.String)
26-9-2013 12:19:56.668	I : Send Tel: 74|1004|1|1|2013|8|20|10|30|34|0|0|246|01|2|-1|-1|-1|-1|-1|;  FILE: .\CSendItemsServer.cpp; FUNCTION: CSendItemsServer::sendSzenItem; LINE: 171; .NET Output: ->Void sendSzenItem(CInterSenderManager, CSzenItem)->Void sendOneTelegram()->Void ThreadStart_Context(System.Object)
26-9-2013 12:24:44.777	I : Send Tel: 78|1081|1|1|2013|8|20|10|30|31|0|0|230|2|01|2|-1|-1|-1|-1|-1|;  FILE: .\CSendItemsServer.cpp; FUNCTION: CSendItemsServer::sendSzenItem; LINE: 171; .NET Output: ->Void sendSzenItem(CInterSenderManager, CSzenItem)->Void sendOneTelegram()->Void ThreadStart_Context(System.Object)
26-9-2013 12:25:12.762	I : Send Tel: 104|1023|2013|1|2013|8|20|10|30|21|0|0|0|2|5|20|20|0|400|0|0|25|7|0|0|100|-1|-1|;  FILE: .\CSendItemsServer.cpp; FUNCTION: CSendItemsServer::sendSzenItem; LINE: 171; .NET Output: ->Void sendSzenItem(CInterSenderManager, CSzenItem)->Void sendOneTelegram()->Void ThreadStart_Context(System.Object)
26-9-2013 12:25:30.637	I : Send Tel: 78|1081|1|1|2013|8|20|10|30|31|0|0|230|2|01|7|-1|-1|-1|-1|-1|;  FILE: .\CSendItemsServer.cpp; FUNCTION: CSendItemsServer::sendSzenItem; LINE: 171; .NET Output: ->Void sendSzenItem(CInterSenderManager, CSzenItem)->Void sendOneTelegram()->Void ThreadStart_Context(System.Object)
26-9-2013 12:26:13.887	I : Send Tel: 78|1081|1|1|2013|8|20|10|30|31|0|0|246|2|01|2|-1|-1|-1|-1|-1|;  FILE: .\CSendItemsServer.cpp; FUNCTION: CSendItemsServer::sendSzenItem; LINE: 171; .NET Output: ->Void sendSzenItem(CInterSenderManager, CSzenItem)->Void sendOneTelegram()->Void ThreadStart_Context(System.Object)
26-9-2013 12:26:18.919	I : Send Tel: 104|1023|2013|1|2013|8|20|10|30|21|0|0|0|2|5|20|20|0|400|0|0|25|7|0|0|100|-1|-1|;  FILE: .\CSendItemsServer.cpp; FUNCTION: CSendItemsServer::sendSzenItem; LINE: 171; .NET Output: ->Void sendSzenItem(CInterSenderManager, CSzenItem)->Void sendOneTelegram()->Void ThreadStart_Context(System.Object)
26-9-2013 12:26:27.606	I : Send Tel: 78|1081|1|1|2013|8|20|10|30|31|0|0|246|2|01|7|-1|-1|-1|-1|-1|;  FILE: .\CSendItemsServer.cpp; FUNCTION: CSendItemsServer::sendSzenItem; LINE: 171; .NET Output: ->Void sendSzenItem(CInterSenderManager, CSzenItem)->Void sendOneTelegram()->Void ThreadStart_Context(System.Object)
26-9-2013 12:26:47.763	I : Send Tel: 74|1005|1|1|2013|8|20|10|30|45|0|0|246|1|2|2|-1|-1|-1|-1|;  FILE: .\CSendItemsServer.cpp; FUNCTION: CSendItemsServer::sendSzenItem; LINE: 171; .NET Output: ->Void sendSzenItem(CInterSenderManager, CSzenItem)->Void sendOneTelegram()->Void ThreadStart_Context(System.Object)
26-9-2013 12:41:23.528	I : Send Tel: 74|1004|1|1|2013|8|20|10|30|34|0|0|247|01|2|-1|-1|-1|-1|-1|;  FILE: .\CSendItemsServer.cpp; FUNCTION: CSendItemsServer::sendSzenItem; LINE: 171; .NET Output: ->Void sendSzenItem(CInterSenderManager, CSzenItem)->Void sendOneTelegram()->Void ThreadStart_Context(System.Object)
26-9-2013 12:41:43.497	I : Send Tel: 78|1081|1|1|2013|8|20|10|30|31|0|0|247|2|01|2|-1|-1|-1|-1|-1|;  FILE: .\CSendItemsServer.cpp; FUNCTION: CSendItemsServer::sendSzenItem; LINE: 171; .NET Output: ->Void sendSzenItem(CInterSenderManager, CSzenItem)->Void sendOneTelegram()->Void ThreadStart_Context(System.Object)
26-9-2013 12:41:50.310	I : Send Tel: 104|1023|2013|1|2013|8|20|10|30|21|0|0|0|2|5|20|20|0|400|0|0|25|7|0|0|100|-1|-1|;  FILE: .\CSendItemsServer.cpp; FUNCTION: CSendItemsServer::sendSzenItem; LINE: 171; .NET Output: ->Void sendSzenItem(CInterSenderManager, CSzenItem)->Void sendOneTelegram()->Void ThreadStart_Context(System.Object)
26-9-2013 12:42:1.779	I : Send Tel: 78|1081|1|1|2013|8|20|10|30|31|0|0|247|2|01|7|-1|-1|-1|-1|-1|;  FILE: .\CSendItemsServer.cpp; FUNCTION: CSendItemsServer::sendSzenItem; LINE: 171; .NET Output: ->Void sendSzenItem(CInterSenderManager, CSzenItem)->Void sendOneTelegram()->Void ThreadStart_Context(System.Object)
26-9-2013 12:42:20.904	I : Send Tel: 74|1005|1|1|2013|8|20|10|30|45|0|0|247|1|2|1|-1|-1|-1|-1|;  FILE: .\CSendItemsServer.cpp; FUNCTION: CSendItemsServer::sendSzenItem; LINE: 171; .NET Output: ->Void sendSzenItem(CInterSenderManager, CSzenItem)->Void sendOneTelegram()->Void ThreadStart_Context(System.Object)
26-9-2013 12:42:32.732	I : Send Tel: 74|1005|1|1|2013|8|20|10|30|45|0|0|247|1|2|2|-1|-1|-1|-1|;  FILE: .\CSendItemsServer.cpp; FUNCTION: CSendItemsServer::sendSzenItem; LINE: 171; .NET Output: ->Void sendSzenItem(CInterSenderManager, CSzenItem)->Void sendOneTelegram()->Void ThreadStart_Context(System.Object)
26-9-2013 14:2:46.630	I : Send Tel: 74|1004|1|1|2013|8|20|10|30|34|0|0|248|01|2|-1|-1|-1|-1|-1|;  FILE: .\CSendItemsServer.cpp; FUNCTION: CSendItemsServer::sendSzenItem; LINE: 171; .NET Output: ->Void sendSzenItem(CInterSenderManager, CSzenItem)->Void sendOneTelegram()->Void ThreadStart_Context(System.Object)
26-9-2013 14:3:27.209	I : Send Tel: 78|1081|1|1|2013|8|20|10|30|31|0|0|248|2|01|2|-1|-1|-1|-1|-1|;  FILE: .\CSendItemsServer.cpp; FUNCTION: CSendItemsServer::sendSzenItem; LINE: 171; .NET Output: ->Void sendSzenItem(CInterSenderManager, CSzenItem)->Void sendOneTelegram()->Void ThreadStart_Context(System.Object)
26-9-2013 14:3:31.490	I : Send Tel: 104|1023|2013|1|2013|8|20|10|30|21|0|0|0|2|5|20|20|0|400|0|0|25|7|0|0|100|-1|-1|;  FILE: .\CSendItemsServer.cpp; FUNCTION: CSendItemsServer::sendSzenItem; LINE: 171; .NET Output: ->Void sendSzenItem(CInterSenderManager, CSzenItem)->Void sendOneTelegram()->Void ThreadStart_Context(System.Object)
26-9-2013 14:3:43.646	I : Send Tel: 78|1081|1|1|2013|8|20|10|30|31|0|0|248|2|01|7|-1|-1|-1|-1|-1|;  FILE: .\CSendItemsServer.cpp; FUNCTION: CSendItemsServer::sendSzenItem; LINE: 171; .NET Output: ->Void sendSzenItem(CInterSenderManager, CSzenItem)->Void sendOneTelegram()->Void ThreadStart_Context(System.Object)
26-9-2013 14:3:50.834	I : Send Tel: 74|1005|1|1|2013|8|20|10|30|45|0|0|248|1|2|1|-1|-1|-1|-1|;  FILE: .\CSendItemsServer.cpp; FUNCTION: CSendItemsServer::sendSzenItem; LINE: 171; .NET Output: ->Void sendSzenItem(CInterSenderManager, CSzenItem)->Void sendOneTelegram()->Void ThreadStart_Context(System.Object)
26-9-2013 14:4:26.678	I : Send Tel: 74|1005|1|1|2013|8|20|10|30|45|0|0|248|1|2|2|-1|-1|-1|-1|;  FILE: .\CSendItemsServer.cpp; FUNCTION: CSendItemsServer::sendSzenItem; LINE: 171; .NET Output: ->Void sendSzenItem(CInterSenderManager, CSzenItem)->Void sendOneTelegram()->Void ThreadStart_Context(System.Object)
26-9-2013 14:40:47.265	I : Send Tel: 74|1004|1|1|2013|8|20|10|30|34|0|0|249|01|2|-1|-1|-1|-1|-1|;  FILE: .\CSendItemsServer.cpp; FUNCTION: CSendItemsServer::sendSzenItem; LINE: 171; .NET Output: ->Void sendSzenItem(CInterSenderManager, CSzenItem)->Void sendOneTelegram()->Void ThreadStart_Context(System.Object)
26-9-2013 14:40:59.31	I : Send Tel: 78|1081|1|1|2013|8|20|10|30|31|0|0|249|2|01|2|-1|-1|-1|-1|-1|;  FILE: .\CSendItemsServer.cpp; FUNCTION: CSendItemsServer::sendSzenItem; LINE: 171; .NET Output: ->Void sendSzenItem(CInterSenderManager, CSzenItem)->Void sendOneTelegram()->Void ThreadStart_Context(System.Object)
26-9-2013 14:41:4.625	I : Send Tel: 104|1023|2013|1|2013|8|20|10|30|21|0|0|0|2|5|20|20|0|400|0|0|25|7|0|0|100|-1|-1|;  FILE: .\CSendItemsServer.cpp; FUNCTION: CSendItemsServer::sendSzenItem; LINE: 171; .NET Output: ->Void sendSzenItem(CInterSenderManager, CSzenItem)->Void sendOneTelegram()->Void ThreadStart_Context(System.Object)
26-9-2013 14:41:11.32	I : Send Tel: 78|1081|1|1|2013|8|20|10|30|31|0|0|249|2|01|7|-1|-1|-1|-1|-1|;  FILE: .\CSendItemsServer.cpp; FUNCTION: CSendItemsServer::sendSzenItem; LINE: 171; .NET Output: ->Void sendSzenItem(CInterSenderManager, CSzenItem)->Void sendOneTelegram()->Void ThreadStart_Context(System.Object)
26-9-2013 14:41:24.422	I : Send Tel: 74|1005|1|1|2013|8|20|10|30|45|0|0|249|1|2|1|-1|-1|-1|-1|;  FILE: .\CSendItemsServer.cpp; FUNCTION: CSendItemsServer::sendSzenItem; LINE: 171; .NET Output: ->Void sendSzenItem(CInterSenderManager, CSzenItem)->Void sendOneTelegram()->Void ThreadStart_Context(System.Object)
26-9-2013 14:42:15.236	I : Send Tel: 74|1005|1|1|2013|8|20|10|30|45|0|0|249|1|2|2|-1|-1|-1|-1|;  FILE: .\CSendItemsServer.cpp; FUNCTION: CSendItemsServer::sendSzenItem; LINE: 171; .NET Output: ->Void sendSzenItem(CInterSenderManager, CSzenItem)->Void sendOneTelegram()->Void ThreadStart_Context(System.Object)
26-9-2013 16:33:11.602	I : Closed Connection: IP - Address: 10.182.50.108Port: 18510;  FILE: .\CSocketConnectionForm.cpp; FUNCTION: simulator::CSocketConnectionForm::OnClickButtDisconnect; LINE: 230; .NET Output: ->Void OnClickButtDisconnect(System.Object, System.EventArgs)->Void OnClick(System.EventArgs)->Void OnClick(System.EventArgs)
26-9-2013 16:33:12.180	I : Connection disconnected;  FILE: .\CSocketConnection.cpp; FUNCTION: CSocketConnection::disConnection; LINE: 168; .NET Output: ->Boolean disConnection()->Boolean disConnection()->Boolean disConnect()
26-9-2013 16:33:12.227	I : Receive thread (checks server connection) aborted;  FILE: .\CInterSenderManager.cpp; FUNCTION: CInterSenderManager::InvokeReceiveThread; LINE: 101; .NET Output: ->Void InvokeReceiveThread(Boolean)->Boolean disConnect()->Boolean disConnect(Int32)
26-9-2013 16:33:12.227	I : DisConnect was called!;  FILE: .\CInterConnection.cpp; FUNCTION: CInterConnection::disConnect; LINE: 199; .NET Output: ->Boolean disConnect()->Boolean disConnect(Int32)->Void OnClickButtDisconnect(System.Object, System.EventArgs)
26-9-2013 16:33:19.899	I : Client IPEndPoint created;  FILE: .\CSocketClient.cpp; FUNCTION: CSocketClient::buildConnection; LINE: 35; .NET Output: ->Int32 buildConnection(System.String, Int32)->Int32 buildConnAsClient()->Int32 buildConnection(Int32)
26-9-2013 16:33:20.180	I : Receive thread (checks server connection) started;  FILE: .\CInterSenderManager.cpp; FUNCTION: CInterSenderManager::InvokeReceiveThread; LINE: 93; .NET Output: ->Void InvokeReceiveThread(Boolean)->Int32 buildConnAsClient()->Int32 buildConnection(Int32)
26-9-2013 16:33:20.180	I : Connecting to: IP-Addres: 10.182.50.108 Port: 18610;  FILE: .\CSocketConnectionForm.cpp; FUNCTION: simulator::CSocketConnectionForm::OnClickButtConnection; LINE: 131; .NET Output: ->Void OnClickButtConnection(System.Object, System.EventArgs)->Void OnClick(System.EventArgs)->Void OnClick(System.EventArgs)
26-9-2013 16:33:20.196	I : Start thread for waiting connection;  FILE: .\CSocketClient.cpp; FUNCTION: CSocketClient::waitingForConnection; LINE: 66; .NET Output: ->Void waitingForConnection(Int32)->Void waitingForConnection()->Void OnClickButtConnection(System.Object, System.EventArgs)
26-9-2013 16:33:20.274	I : Client connected;  FILE: .\CSocketClient.cpp; FUNCTION: CSocketClient::waiting; LINE: 102; .NET Output: ->Void waiting()->Void ThreadStart_Context(System.Object)->Void Run(System.Threading.ExecutionContext, System.Threading.ContextCallback, System.Object)
26-9-2013 16:40:45.688	I : Send Tel: 74|1004|1|2|2013|8|20|10|30|34|0|0|250|01|2|-1|-1|-1|-1|-1|;  FILE: .\CSendItemsServer.cpp; FUNCTION: CSendItemsServer::sendSzenItem; LINE: 171; .NET Output: ->Void sendSzenItem(CInterSenderManager, CSzenItem)->Void sendOneTelegram()->Void ThreadStart_Context(System.Object)
26-9-2013 16:41:41.361	I : Send Tel: 78|1081|1|2|2013|8|20|10|30|31|0|0|250|2|01|2|-1|-1|-1|-1|-1|;  FILE: .\CSendItemsServer.cpp; FUNCTION: CSendItemsServer::sendSzenItem; LINE: 171; .NET Output: ->Void sendSzenItem(CInterSenderManager, CSzenItem)->Void sendOneTelegram()->Void ThreadStart_Context(System.Object)
26-9-2013 16:41:52.393	I : Send Tel: 104|1023|2013|2|2013|8|20|10|30|21|0|0|0|2|5|20|20|0|400|0|0|25|7|0|0|100|-1|-1|;  FILE: .\CSendItemsServer.cpp; FUNCTION: CSendItemsServer::sendSzenItem; LINE: 171; .NET Output: ->Void sendSzenItem(CInterSenderManager, CSzenItem)->Void sendOneTelegram()->Void ThreadStart_Context(System.Object)
26-9-2013 16:42:56.785	I : Send Tel: 78|1081|1|2|2013|8|20|10|30|31|0|0|250|2|01|7|-1|-1|-1|-1|-1|;  FILE: .\CSendItemsServer.cpp; FUNCTION: CSendItemsServer::sendSzenItem; LINE: 171; .NET Output: ->Void sendSzenItem(CInterSenderManager, CSzenItem)->Void sendOneTelegram()->Void ThreadStart_Context(System.Object)
26-9-2013 16:47:54.915	I : Send Tel: 74|1005|1|2|2013|8|20|10|30|45|0|0|250|1|2|1|-1|-1|-1|-1|;  FILE: .\CSendItemsServer.cpp; FUNCTION: CSendItemsServer::sendSzenItem; LINE: 171; .NET Output: ->Void sendSzenItem(CInterSenderManager, CSzenItem)->Void sendOneTelegram()->Void ThreadStart_Context(System.Object)
26-9-2013 17:23:3.878	I : Closed Connection: IP - Address: 10.182.50.108Port: 18610;  FILE: .\CSocketConnectionForm.cpp; FUNCTION: simulator::CSocketConnectionForm::OnClickButtDisconnect; LINE: 230; .NET Output: ->Void OnClickButtDisconnect(System.Object, System.EventArgs)->Void OnClick(System.EventArgs)->Void OnClick(System.EventArgs)
26-9-2013 17:23:3.878	I : Connection disconnected;  FILE: .\CSocketConnection.cpp; FUNCTION: CSocketConnection::disConnection; LINE: 168; .NET Output: ->Boolean disConnection()->Boolean disConnection()->Boolean disConnect()
26-9-2013 17:23:3.878	I : Receive thread (checks server connection) aborted;  FILE: .\CInterSenderManager.cpp; FUNCTION: CInterSenderManager::InvokeReceiveThread; LINE: 101; .NET Output: ->Void InvokeReceiveThread(Boolean)->Boolean disConnect()->Boolean disConnect(Int32)
26-9-2013 17:23:3.878	I : DisConnect was called!;  FILE: .\CInterConnection.cpp; FUNCTION: CInterConnection::disConnect; LINE: 199; .NET Output: ->Boolean disConnect()->Boolean disConnect(Int32)->Void OnClickButtDisconnect(System.Object, System.EventArgs)
26-9-2013 17:23:35.457	I : DisConnect was called!;  FILE: .\CInterConnection.cpp; FUNCTION: CInterConnection::disConnect; LINE: 199; .NET Output: ->Boolean disConnect()->Void disConnectAll()->Void disSocketConnection()
26-9-2013 17:23:39.285	I : All telegrams in szenario removed;  FILE: .\CSzenarium.cpp; FUNCTION: CSzenarium::clearSzenarium; LINE: 562; .NET Output: ->Void clearSzenarium()->Void updateSzenFile()->Void updateSzenFile()
