30-9-2013 14:9:38.527	I : Log file <D:\JSW-SMS-3\SMC\source\Tools\Simulator\Simulator\Executable\SimLog\> deleted.;  FILE: .\CLogWriterWrapper.cpp; FUNCTION: CLogWriterWrapper::removeNeedlessLogFiles; LINE: 77; .NET Output: ->Void removeNeedlessLogFiles()->Void initViewComponent()->Void initComponent()
30-9-2013 14:9:38.605	I : Interface: D:\JSW-SMS-3\SMC\source\TELCOM\TELCOM_IN\TELCOM_IN_Frame\Telcom_In.xml;  FILE: .\Form1.cpp; FUNCTION: simulator::Form1::loadInterface; LINE: 1157; .NET Output: ->Int32 loadInterface(System.String)->Void loadInterfaces()->Void initViewComponent()
30-9-2013 14:9:39.27	I : All telegram objects removed.; FILE: ctlgcontainer.h; FUNCTION: freeTlg; LINE: 161
30-9-2013 14:9:39.27	I : Verctor - list of telegram (re)buildet.; FILE: ctlgcontainer.h; FUNCTION: BuildIndex; LINE: 175
30-9-2013 14:9:39.27	I : Telcom_In->Head For TelCom use only; FILE: cxmltlgprototypereader.cpp; FUNCTION: readOneTelegram; LINE: 219
30-9-2013 14:9:39.27	I : Verctor - list of telegram (re)buildet.; FILE: ctlgcontainer.h; FUNCTION: BuildIndex; LINE: 175
30-9-2013 14:9:39.27	I : Telcom_In->CCSSMC01 Required ladle arrival time from CCS; FILE: cxmltlgprototypereader.cpp; FUNCTION: readOneTelegram; LINE: 219
30-9-2013 14:9:39.27	I : Verctor - list of telegram (re)buildet.; FILE: ctlgcontainer.h; FUNCTION: BuildIndex; LINE: 175
30-9-2013 14:9:39.27	I : Telcom_In->CCSSMC02 Caster and Heat status to SMC; FILE: cxmltlgprototypereader.cpp; FUNCTION: readOneTelegram; LINE: 219
30-9-2013 14:9:39.42	I : Verctor - list of telegram (re)buildet.; FILE: ctlgcontainer.h; FUNCTION: BuildIndex; LINE: 175
30-9-2013 14:9:39.42	I : Telcom_In->EAL200 Acknowledge to Level 2; FILE: cxmltlgprototypereader.cpp; FUNCTION: readOneTelegram; LINE: 219
30-9-2013 14:9:39.42	I : Verctor - list of telegram (re)buildet.; FILE: ctlgcontainer.h; FUNCTION: BuildIndex; LINE: 175
30-9-2013 14:9:39.42	I : Telcom_In->EAL201 Watchdog to Level 2; FILE: cxmltlgprototypereader.cpp; FUNCTION: readOneTelegram; LINE: 219
30-9-2013 14:9:39.42	I : Verctor - list of telegram (re)buildet.; FILE: ctlgcontainer.h; FUNCTION: BuildIndex; LINE: 175
30-9-2013 14:9:39.42	I : Telcom_In->EAL203 Announcement of Heat; FILE: cxmltlgprototypereader.cpp; FUNCTION: readOneTelegram; LINE: 219
30-9-2013 14:9:39.42	I : Verctor - list of telegram (re)buildet.; FILE: ctlgcontainer.h; FUNCTION: BuildIndex; LINE: 175
30-9-2013 14:9:39.58	I : Telcom_In->EAL204 Start of Heat; FILE: cxmltlgprototypereader.cpp; FUNCTION: readOneTelegram; LINE: 219
30-9-2013 14:9:39.58	I : Verctor - list of telegram (re)buildet.; FILE: ctlgcontainer.h; FUNCTION: BuildIndex; LINE: 175
30-9-2013 14:9:39.58	I : Telcom_In->EAL205 End of Heat/Ladle Departure; FILE: cxmltlgprototypereader.cpp; FUNCTION: readOneTelegram; LINE: 219
30-9-2013 14:9:39.58	I : Verctor - list of telegram (re)buildet.; FILE: ctlgcontainer.h; FUNCTION: BuildIndex; LINE: 175
30-9-2013 14:9:39.58	I : Telcom_In->EAL206 Heat Cancellation; FILE: cxmltlgprototypereader.cpp; FUNCTION: readOneTelegram; LINE: 219
30-9-2013 14:9:39.58	I : Verctor - list of telegram (re)buildet.; FILE: ctlgcontainer.h; FUNCTION: BuildIndex; LINE: 175
30-9-2013 14:9:39.73	I : Telcom_In->EAL207 Tapping Start/End; FILE: cxmltlgprototypereader.cpp; FUNCTION: readOneTelegram; LINE: 219
30-9-2013 14:9:39.73	I : Verctor - list of telegram (re)buildet.; FILE: ctlgcontainer.h; FUNCTION: BuildIndex; LINE: 175
30-9-2013 14:9:39.73	I : Telcom_In->EAL209 Sample Taken; FILE: cxmltlgprototypereader.cpp; FUNCTION: readOneTelegram; LINE: 219
30-9-2013 14:9:39.73	I : Verctor - list of telegram (re)buildet.; FILE: ctlgcontainer.h; FUNCTION: BuildIndex; LINE: 175
30-9-2013 14:9:39.73	I : Telcom_In->EAL211 Temperature/CELOX Taken; FILE: cxmltlgprototypereader.cpp; FUNCTION: readOneTelegram; LINE: 219
30-9-2013 14:9:39.89	I : Verctor - list of telegram (re)buildet.; FILE: ctlgcontainer.h; FUNCTION: BuildIndex; LINE: 175
30-9-2013 14:9:39.89	I : Telcom_In->EAL214 Update Tap Ladle Data; FILE: cxmltlgprototypereader.cpp; FUNCTION: readOneTelegram; LINE: 219
30-9-2013 14:9:39.89	I : Verctor - list of telegram (re)buildet.; FILE: ctlgcontainer.h; FUNCTION: BuildIndex; LINE: 175
30-9-2013 14:9:39.89	I : Telcom_In->EAL215 Basket/Hotmetal Charging; FILE: cxmltlgprototypereader.cpp; FUNCTION: readOneTelegram; LINE: 219
30-9-2013 14:9:39.89	I : Verctor - list of telegram (re)buildet.; FILE: ctlgcontainer.h; FUNCTION: BuildIndex; LINE: 175
30-9-2013 14:9:39.89	I : Telcom_In->EAL216 Deslagging Status; FILE: cxmltlgprototypereader.cpp; FUNCTION: readOneTelegram; LINE: 219
30-9-2013 14:9:39.105	I : Verctor - list of telegram (re)buildet.; FILE: ctlgcontainer.h; FUNCTION: BuildIndex; LINE: 175
30-9-2013 14:9:39.105	I : Telcom_In->EAL217 Delay Status; FILE: cxmltlgprototypereader.cpp; FUNCTION: readOneTelegram; LINE: 219
30-9-2013 14:9:39.105	I : Verctor - list of telegram (re)buildet.; FILE: ctlgcontainer.h; FUNCTION: BuildIndex; LINE: 175
30-9-2013 14:9:39.105	I : Telcom_In->EAL220 Computer Modes; FILE: cxmltlgprototypereader.cpp; FUNCTION: readOneTelegram; LINE: 219
30-9-2013 14:9:39.120	I : Verctor - list of telegram (re)buildet.; FILE: ctlgcontainer.h; FUNCTION: BuildIndex; LINE: 175
30-9-2013 14:9:39.120	I : Telcom_In->EAL221 Furnace Status Roof/Gantry; FILE: cxmltlgprototypereader.cpp; FUNCTION: readOneTelegram; LINE: 219
30-9-2013 14:9:39.120	I : Verctor - list of telegram (re)buildet.; FILE: ctlgcontainer.h; FUNCTION: BuildIndex; LINE: 175
30-9-2013 14:9:39.120	I : Telcom_In->EAL222 Furnace Electrical Status; FILE: cxmltlgprototypereader.cpp; FUNCTION: readOneTelegram; LINE: 219
30-9-2013 14:9:39.136	I : Verctor - list of telegram (re)buildet.; FILE: ctlgcontainer.h; FUNCTION: BuildIndex; LINE: 175
30-9-2013 14:9:39.136	I : Telcom_In->EAL223 Electrical Values; FILE: cxmltlgprototypereader.cpp; FUNCTION: readOneTelegram; LINE: 219
30-9-2013 14:9:39.136	I : Verctor - list of telegram (re)buildet.; FILE: ctlgcontainer.h; FUNCTION: BuildIndex; LINE: 175
30-9-2013 14:9:39.136	I : Telcom_In->EAL224 Material Injection Availabilities; FILE: cxmltlgprototypereader.cpp; FUNCTION: readOneTelegram; LINE: 219
30-9-2013 14:9:39.136	I : Verctor - list of telegram (re)buildet.; FILE: ctlgcontainer.h; FUNCTION: BuildIndex; LINE: 175
30-9-2013 14:9:39.136	I : Telcom_In->EAL225 Material Injection Status; FILE: cxmltlgprototypereader.cpp; FUNCTION: readOneTelegram; LINE: 219
30-9-2013 14:9:39.152	I : Verctor - list of telegram (re)buildet.; FILE: ctlgcontainer.h; FUNCTION: BuildIndex; LINE: 175
30-9-2013 14:9:39.152	I : Telcom_In->EAL226 Material Injection Actual Values; FILE: cxmltlgprototypereader.cpp; FUNCTION: readOneTelegram; LINE: 219
30-9-2013 14:9:39.167	I : Verctor - list of telegram (re)buildet.; FILE: ctlgcontainer.h; FUNCTION: BuildIndex; LINE: 175
30-9-2013 14:9:39.167	I : Telcom_In->EAL227 Burner Gas Availabilities; FILE: cxmltlgprototypereader.cpp; FUNCTION: readOneTelegram; LINE: 219
30-9-2013 14:9:39.167	I : Verctor - list of telegram (re)buildet.; FILE: ctlgcontainer.h; FUNCTION: BuildIndex; LINE: 175
30-9-2013 14:9:39.167	I : Telcom_In->EAL228 Burner Status; FILE: cxmltlgprototypereader.cpp; FUNCTION: readOneTelegram; LINE: 219
30-9-2013 14:9:39.183	I : Verctor - list of telegram (re)buildet.; FILE: ctlgcontainer.h; FUNCTION: BuildIndex; LINE: 175
30-9-2013 14:9:39.183	I : Telcom_In->EAL229 Burner Actual Values; FILE: cxmltlgprototypereader.cpp; FUNCTION: readOneTelegram; LINE: 219
30-9-2013 14:9:39.183	I : Verctor - list of telegram (re)buildet.; FILE: ctlgcontainer.h; FUNCTION: BuildIndex; LINE: 175
30-9-2013 14:9:39.183	I : Telcom_In->EAL230 Oxygen Injection Availability; FILE: cxmltlgprototypereader.cpp; FUNCTION: readOneTelegram; LINE: 219
30-9-2013 14:9:39.183	I : Verctor - list of telegram (re)buildet.; FILE: ctlgcontainer.h; FUNCTION: BuildIndex; LINE: 175
30-9-2013 14:9:39.183	I : Telcom_In->EAL231 Oxygen Injector Status; FILE: cxmltlgprototypereader.cpp; FUNCTION: readOneTelegram; LINE: 219
30-9-2013 14:9:39.183	I : Verctor - list of telegram (re)buildet.; FILE: ctlgcontainer.h; FUNCTION: BuildIndex; LINE: 175
30-9-2013 14:9:39.183	I : Telcom_In->EAL232 Oxygen Injection Actual Values; FILE: cxmltlgprototypereader.cpp; FUNCTION: readOneTelegram; LINE: 219
30-9-2013 14:9:39.198	I : Verctor - list of telegram (re)buildet.; FILE: ctlgcontainer.h; FUNCTION: BuildIndex; LINE: 175
30-9-2013 14:9:39.198	I : Telcom_In->EAL233 Cooling Water Values; FILE: cxmltlgprototypereader.cpp; FUNCTION: readOneTelegram; LINE: 219
30-9-2013 14:9:39.198	I : Verctor - list of telegram (re)buildet.; FILE: ctlgcontainer.h; FUNCTION: BuildIndex; LINE: 175
30-9-2013 14:9:39.198	I : Telcom_In->EAL234 Status of Vessel Bottom Stirring; FILE: cxmltlgprototypereader.cpp; FUNCTION: readOneTelegram; LINE: 219
30-9-2013 14:9:39.214	I : Verctor - list of telegram (re)buildet.; FILE: ctlgcontainer.h; FUNCTION: BuildIndex; LINE: 175
30-9-2013 14:9:39.214	I : Telcom_In->EAL235 Actual Values of Vessel Stirring; FILE: cxmltlgprototypereader.cpp; FUNCTION: readOneTelegram; LINE: 219
30-9-2013 14:9:39.214	I : Verctor - list of telegram (re)buildet.; FILE: ctlgcontainer.h; FUNCTION: BuildIndex; LINE: 175
30-9-2013 14:9:39.214	I : Telcom_In->EAL236 Status of Ladle Bottom Stirring; FILE: cxmltlgprototypereader.cpp; FUNCTION: readOneTelegram; LINE: 219
30-9-2013 14:9:39.214	I : Verctor - list of telegram (re)buildet.; FILE: ctlgcontainer.h; FUNCTION: BuildIndex; LINE: 175
30-9-2013 14:9:39.214	I : Telcom_In->EAL237 Actual Values of Ladle Bottom Stirring; FILE: cxmltlgprototypereader.cpp; FUNCTION: readOneTelegram; LINE: 219
30-9-2013 14:9:39.230	I : Verctor - list of telegram (re)buildet.; FILE: ctlgcontainer.h; FUNCTION: BuildIndex; LINE: 175
30-9-2013 14:9:39.230	I : Telcom_In->EAL240 Flame Profiles; FILE: cxmltlgprototypereader.cpp; FUNCTION: readOneTelegram; LINE: 219
30-9-2013 14:9:39.230	I : Verctor - list of telegram (re)buildet.; FILE: ctlgcontainer.h; FUNCTION: BuildIndex; LINE: 175
30-9-2013 14:9:39.230	I : Telcom_In->EAL241 EAF Level 1 Parameter; FILE: cxmltlgprototypereader.cpp; FUNCTION: readOneTelegram; LINE: 219
30-9-2013 14:9:39.230	I : Verctor - list of telegram (re)buildet.; FILE: ctlgcontainer.h; FUNCTION: BuildIndex; LINE: 175
30-9-2013 14:9:39.230	I : Telcom_In->EAL250 Waste Gas Flows; FILE: cxmltlgprototypereader.cpp; FUNCTION: readOneTelegram; LINE: 219
30-9-2013 14:9:39.245	I : Verctor - list of telegram (re)buildet.; FILE: ctlgcontainer.h; FUNCTION: BuildIndex; LINE: 175
30-9-2013 14:9:39.245	I : Telcom_In->EAL260 Material Handling Report; FILE: cxmltlgprototypereader.cpp; FUNCTION: readOneTelegram; LINE: 219
30-9-2013 14:9:39.245	I : Verctor - list of telegram (re)buildet.; FILE: ctlgcontainer.h; FUNCTION: BuildIndex; LINE: 175
30-9-2013 14:9:39.245	I : Telcom_In->EAL261 Material Availabilities; FILE: cxmltlgprototypereader.cpp; FUNCTION: readOneTelegram; LINE: 219
30-9-2013 14:9:39.261	I : Verctor - list of telegram (re)buildet.; FILE: ctlgcontainer.h; FUNCTION: BuildIndex; LINE: 175
30-9-2013 14:9:39.261	I : Telcom_In->EAL262 Material Feeding System; FILE: cxmltlgprototypereader.cpp; FUNCTION: readOneTelegram; LINE: 219
30-9-2013 14:9:39.261	I : Verctor - list of telegram (re)buildet.; FILE: ctlgcontainer.h; FUNCTION: BuildIndex; LINE: 175
30-9-2013 14:9:39.261	I : Telcom_In->EAL263 Material Feeding Status; FILE: cxmltlgprototypereader.cpp; FUNCTION: readOneTelegram; LINE: 219
30-9-2013 14:9:39.261	I : Verctor - list of telegram (re)buildet.; FILE: ctlgcontainer.h; FUNCTION: BuildIndex; LINE: 175
30-9-2013 14:9:39.261	I : Telcom_In->EAL270 Liquid Material Handling Report; FILE: cxmltlgprototypereader.cpp; FUNCTION: readOneTelegram; LINE: 219
30-9-2013 14:9:39.277	I : Verctor - list of telegram (re)buildet.; FILE: ctlgcontainer.h; FUNCTION: BuildIndex; LINE: 175
30-9-2013 14:9:39.277	I : Telcom_In->EAL280 Phase Report; FILE: cxmltlgprototypereader.cpp; FUNCTION: readOneTelegram; LINE: 219
30-9-2013 14:9:39.277	I : Verctor - list of telegram (re)buildet.; FILE: ctlgcontainer.h; FUNCTION: BuildIndex; LINE: 175
30-9-2013 14:9:39.277	I : Telcom_In->EAL281 Basket Request; FILE: cxmltlgprototypereader.cpp; FUNCTION: readOneTelegram; LINE: 219
30-9-2013 14:9:39.277	I : Verctor - list of telegram (re)buildet.; FILE: ctlgcontainer.h; FUNCTION: BuildIndex; LINE: 175
30-9-2013 14:9:39.277	I : Telcom_In->L2HD00 Acknowledge to Level 2; FILE: cxmltlgprototypereader.cpp; FUNCTION: readOneTelegram; LINE: 219
30-9-2013 14:9:39.277	I : Verctor - list of telegram (re)buildet.; FILE: ctlgcontainer.h; FUNCTION: BuildIndex; LINE: 175
30-9-2013 14:9:39.277	I : Telcom_In->HDL201 Watchdog primary; FILE: cxmltlgprototypereader.cpp; FUNCTION: readOneTelegram; LINE: 219
30-9-2013 14:9:39.277	I : Verctor - list of telegram (re)buildet.; FILE: ctlgcontainer.h; FUNCTION: BuildIndex; LINE: 175
30-9-2013 14:9:39.277	I : Telcom_In->HDL203 Announcement of Heat; FILE: cxmltlgprototypereader.cpp; FUNCTION: readOneTelegram; LINE: 219
30-9-2013 14:9:39.277	I : Verctor - list of telegram (re)buildet.; FILE: ctlgcontainer.h; FUNCTION: BuildIndex; LINE: 175
30-9-2013 14:9:39.292	I : Telcom_In->HDL204 Start of Heat; FILE: cxmltlgprototypereader.cpp; FUNCTION: readOneTelegram; LINE: 219
30-9-2013 14:9:39.292	I : Verctor - list of telegram (re)buildet.; FILE: ctlgcontainer.h; FUNCTION: BuildIndex; LINE: 175
30-9-2013 14:9:39.292	I : Telcom_In->HDL205 End of Heat/LDL Departure; FILE: cxmltlgprototypereader.cpp; FUNCTION: readOneTelegram; LINE: 219
30-9-2013 14:9:39.292	I : Verctor - list of telegram (re)buildet.; FILE: ctlgcontainer.h; FUNCTION: BuildIndex; LINE: 175
30-9-2013 14:9:39.292	I : Telcom_In->HDL206 Heat Cancelled; FILE: cxmltlgprototypereader.cpp; FUNCTION: readOneTelegram; LINE: 219
30-9-2013 14:9:39.292	I : Verctor - list of telegram (re)buildet.; FILE: ctlgcontainer.h; FUNCTION: BuildIndex; LINE: 175
30-9-2013 14:9:39.292	I : Telcom_In->HDL209 Sample Taken; FILE: cxmltlgprototypereader.cpp; FUNCTION: readOneTelegram; LINE: 219
30-9-2013 14:9:39.292	I : Verctor - list of telegram (re)buildet.; FILE: ctlgcontainer.h; FUNCTION: BuildIndex; LINE: 175
30-9-2013 14:9:39.292	I : Telcom_In->HDL211 Temp is taken; FILE: cxmltlgprototypereader.cpp; FUNCTION: readOneTelegram; LINE: 219
30-9-2013 14:9:39.292	I : Verctor - list of telegram (re)buildet.; FILE: ctlgcontainer.h; FUNCTION: BuildIndex; LINE: 175
30-9-2013 14:9:39.308	I : Telcom_In->HDL213 Update Aim Departure Time; FILE: cxmltlgprototypereader.cpp; FUNCTION: readOneTelegram; LINE: 219
30-9-2013 14:9:39.308	I : Verctor - list of telegram (re)buildet.; FILE: ctlgcontainer.h; FUNCTION: BuildIndex; LINE: 175
30-9-2013 14:9:39.308	I : Telcom_In->HDL220 HMD Operation Modes; FILE: cxmltlgprototypereader.cpp; FUNCTION: readOneTelegram; LINE: 219
30-9-2013 14:9:39.308	I : Verctor - list of telegram (re)buildet.; FILE: ctlgcontainer.h; FUNCTION: BuildIndex; LINE: 175
30-9-2013 14:9:39.308	I : Telcom_In->HDL221 Plant Status; FILE: cxmltlgprototypereader.cpp; FUNCTION: readOneTelegram; LINE: 219
30-9-2013 14:9:39.308	I : Verctor - list of telegram (re)buildet.; FILE: ctlgcontainer.h; FUNCTION: BuildIndex; LINE: 175
30-9-2013 14:9:39.308	I : Telcom_In->HDL223 HMD Actual Values; FILE: cxmltlgprototypereader.cpp; FUNCTION: readOneTelegram; LINE: 219
30-9-2013 14:9:39.308	I : Verctor - list of telegram (re)buildet.; FILE: ctlgcontainer.h; FUNCTION: BuildIndex; LINE: 175
30-9-2013 14:9:39.308	I : Telcom_In->HDL260 Blowing Report; FILE: cxmltlgprototypereader.cpp; FUNCTION: readOneTelegram; LINE: 219
30-9-2013 14:9:39.323	I : Verctor - list of telegram (re)buildet.; FILE: ctlgcontainer.h; FUNCTION: BuildIndex; LINE: 175
30-9-2013 14:9:39.323	I : Telcom_In->HDL261 Material Availbilities for Powder; FILE: cxmltlgprototypereader.cpp; FUNCTION: readOneTelegram; LINE: 219
30-9-2013 14:9:39.323	I : Verctor - list of telegram (re)buildet.; FILE: ctlgcontainer.h; FUNCTION: BuildIndex; LINE: 175
30-9-2013 14:9:39.323	I : Telcom_In->HDL270 Liquid Material Handling Report; FILE: cxmltlgprototypereader.cpp; FUNCTION: readOneTelegram; LINE: 219
30-9-2013 14:9:39.339	I : Verctor - list of telegram (re)buildet.; FILE: ctlgcontainer.h; FUNCTION: BuildIndex; LINE: 175
30-9-2013 14:9:39.339	I : Telcom_In->HDL281 Treatment Steps; FILE: cxmltlgprototypereader.cpp; FUNCTION: readOneTelegram; LINE: 219
30-9-2013 14:9:39.339	I : Verctor - list of telegram (re)buildet.; FILE: ctlgcontainer.h; FUNCTION: BuildIndex; LINE: 175
30-9-2013 14:9:39.339	I : Telcom_In->L3SMC01 Cyclic alive telegram from L3; FILE: cxmltlgprototypereader.cpp; FUNCTION: readOneTelegram; LINE: 219
30-9-2013 14:9:39.355	I : Verctor - list of telegram (re)buildet.; FILE: ctlgcontainer.h; FUNCTION: BuildIndex; LINE: 175
30-9-2013 14:9:39.355	I : Telcom_In->L3SMC02 Heat Schedule From L3; FILE: cxmltlgprototypereader.cpp; FUNCTION: readOneTelegram; LINE: 219
30-9-2013 14:9:39.370	I : Verctor - list of telegram (re)buildet.; FILE: ctlgcontainer.h; FUNCTION: BuildIndex; LINE: 175
30-9-2013 14:9:39.370	I : Telcom_In->L3SMC03 Production Order Data; FILE: cxmltlgprototypereader.cpp; FUNCTION: readOneTelegram; LINE: 219
30-9-2013 14:9:39.417	I : Verctor - list of telegram (re)buildet.; FILE: ctlgcontainer.h; FUNCTION: BuildIndex; LINE: 175
30-9-2013 14:9:39.417	I : Telcom_In->L3SMC06 Steel Grade Code Definition; FILE: cxmltlgprototypereader.cpp; FUNCTION: readOneTelegram; LINE: 219
30-9-2013 14:9:39.433	I : Verctor - list of telegram (re)buildet.; FILE: ctlgcontainer.h; FUNCTION: BuildIndex; LINE: 175
30-9-2013 14:9:39.433	I : Telcom_In->L3SMC07 Delay Code Definition; FILE: cxmltlgprototypereader.cpp; FUNCTION: readOneTelegram; LINE: 219
30-9-2013 14:9:39.433	I : Verctor - list of telegram (re)buildet.; FILE: ctlgcontainer.h; FUNCTION: BuildIndex; LINE: 175
30-9-2013 14:9:39.433	I : Telcom_In->L3SMC08 Material Code Definition; FILE: cxmltlgprototypereader.cpp; FUNCTION: readOneTelegram; LINE: 219
30-9-2013 14:9:39.448	I : Verctor - list of telegram (re)buildet.; FILE: ctlgcontainer.h; FUNCTION: BuildIndex; LINE: 175
30-9-2013 14:9:39.448	I : Telcom_In->L3SMC09 Status Request; FILE: cxmltlgprototypereader.cpp; FUNCTION: readOneTelegram; LINE: 219
30-9-2013 14:9:39.448	I : Verctor - list of telegram (re)buildet.; FILE: ctlgcontainer.h; FUNCTION: BuildIndex; LINE: 175
30-9-2013 14:9:39.448	I : Telcom_In->LABSMC01 Cyclic alive telegram from LAB; FILE: cxmltlgprototypereader.cpp; FUNCTION: readOneTelegram; LINE: 219
30-9-2013 14:9:39.448	I : Verctor - list of telegram (re)buildet.; FILE: ctlgcontainer.h; FUNCTION: BuildIndex; LINE: 175
30-9-2013 14:9:39.448	I : Telcom_In->LABSMC02 Steel analysis data; FILE: cxmltlgprototypereader.cpp; FUNCTION: readOneTelegram; LINE: 219
30-9-2013 14:9:39.464	I : Verctor - list of telegram (re)buildet.; FILE: ctlgcontainer.h; FUNCTION: BuildIndex; LINE: 175
30-9-2013 14:9:39.464	I : Telcom_In->LABSMC03 Slag analysis data; FILE: cxmltlgprototypereader.cpp; FUNCTION: readOneTelegram; LINE: 219
30-9-2013 14:9:39.464	I : Verctor - list of telegram (re)buildet.; FILE: ctlgcontainer.h; FUNCTION: BuildIndex; LINE: 175
30-9-2013 14:9:39.464	I : Telcom_In->LFL200 Acknowledge to Level 2; FILE: cxmltlgprototypereader.cpp; FUNCTION: readOneTelegram; LINE: 219
30-9-2013 14:9:39.464	I : Verctor - list of telegram (re)buildet.; FILE: ctlgcontainer.h; FUNCTION: BuildIndex; LINE: 175
30-9-2013 14:9:39.464	I : Telcom_In->LFL201 Watchdog to Level 2; FILE: cxmltlgprototypereader.cpp; FUNCTION: readOneTelegram; LINE: 219
30-9-2013 14:9:39.464	I : Verctor - list of telegram (re)buildet.; FILE: ctlgcontainer.h; FUNCTION: BuildIndex; LINE: 175
30-9-2013 14:9:39.464	I : Telcom_In->LFL203 Announcement of Heat; FILE: cxmltlgprototypereader.cpp; FUNCTION: readOneTelegram; LINE: 219
30-9-2013 14:9:39.480	I : Verctor - list of telegram (re)buildet.; FILE: ctlgcontainer.h; FUNCTION: BuildIndex; LINE: 175
30-9-2013 14:9:39.480	I : Telcom_In->LFL204 Start of Heat; FILE: cxmltlgprototypereader.cpp; FUNCTION: readOneTelegram; LINE: 219
30-9-2013 14:9:39.480	I : Verctor - list of telegram (re)buildet.; FILE: ctlgcontainer.h; FUNCTION: BuildIndex; LINE: 175
30-9-2013 14:9:39.480	I : Telcom_In->LFL205 End of Heat/Ladle Departure; FILE: cxmltlgprototypereader.cpp; FUNCTION: readOneTelegram; LINE: 219
30-9-2013 14:9:39.480	I : Verctor - list of telegram (re)buildet.; FILE: ctlgcontainer.h; FUNCTION: BuildIndex; LINE: 175
30-9-2013 14:9:39.480	I : Telcom_In->LFL206 Heat Cancellation; FILE: cxmltlgprototypereader.cpp; FUNCTION: readOneTelegram; LINE: 219
30-9-2013 14:9:39.480	I : Verctor - list of telegram (re)buildet.; FILE: ctlgcontainer.h; FUNCTION: BuildIndex; LINE: 175
30-9-2013 14:9:39.480	I : Telcom_In->LFL209 Sample Taken; FILE: cxmltlgprototypereader.cpp; FUNCTION: readOneTelegram; LINE: 219
30-9-2013 14:9:39.495	I : Verctor - list of telegram (re)buildet.; FILE: ctlgcontainer.h; FUNCTION: BuildIndex; LINE: 175
30-9-2013 14:9:39.495	I : Telcom_In->LFL211 Temperature/CELOX Taken; FILE: cxmltlgprototypereader.cpp; FUNCTION: readOneTelegram; LINE: 219
30-9-2013 14:9:39.495	I : Verctor - list of telegram (re)buildet.; FILE: ctlgcontainer.h; FUNCTION: BuildIndex; LINE: 175
30-9-2013 14:9:39.495	I : Telcom_In->LFL212 Aim Temperature; FILE: cxmltlgprototypereader.cpp; FUNCTION: readOneTelegram; LINE: 219
30-9-2013 14:9:39.495	I : Verctor - list of telegram (re)buildet.; FILE: ctlgcontainer.h; FUNCTION: BuildIndex; LINE: 175
30-9-2013 14:9:39.495	I : Telcom_In->LFL213 Aim Departure Time; FILE: cxmltlgprototypereader.cpp; FUNCTION: readOneTelegram; LINE: 219
30-9-2013 14:9:39.511	I : Verctor - list of telegram (re)buildet.; FILE: ctlgcontainer.h; FUNCTION: BuildIndex; LINE: 175
30-9-2013 14:9:39.511	I : Telcom_In->LFL217 Delay Status; FILE: cxmltlgprototypereader.cpp; FUNCTION: readOneTelegram; LINE: 219
30-9-2013 14:9:39.511	I : Verctor - list of telegram (re)buildet.; FILE: ctlgcontainer.h; FUNCTION: BuildIndex; LINE: 175
30-9-2013 14:9:39.511	I : Telcom_In->LFL220 Computer Modes; FILE: cxmltlgprototypereader.cpp; FUNCTION: readOneTelegram; LINE: 219
30-9-2013 14:9:39.511	I : Verctor - list of telegram (re)buildet.; FILE: ctlgcontainer.h; FUNCTION: BuildIndex; LINE: 175
30-9-2013 14:9:39.511	I : Telcom_In->LFL221 Furnace Status; FILE: cxmltlgprototypereader.cpp; FUNCTION: readOneTelegram; LINE: 219
30-9-2013 14:9:39.511	I : Verctor - list of telegram (re)buildet.; FILE: ctlgcontainer.h; FUNCTION: BuildIndex; LINE: 175
30-9-2013 14:9:39.511	I : Telcom_In->LFL222 Electrical Status; FILE: cxmltlgprototypereader.cpp; FUNCTION: readOneTelegram; LINE: 219
30-9-2013 14:9:39.527	I : Verctor - list of telegram (re)buildet.; FILE: ctlgcontainer.h; FUNCTION: BuildIndex; LINE: 175
30-9-2013 14:9:39.527	I : Telcom_In->LFL223 Electrical Values; FILE: cxmltlgprototypereader.cpp; FUNCTION: readOneTelegram; LINE: 219
30-9-2013 14:9:39.527	I : Verctor - list of telegram (re)buildet.; FILE: ctlgcontainer.h; FUNCTION: BuildIndex; LINE: 175
30-9-2013 14:9:39.527	I : Telcom_In->LFL224 Bottom Stirring Status; FILE: cxmltlgprototypereader.cpp; FUNCTION: readOneTelegram; LINE: 219
30-9-2013 14:9:39.527	I : Verctor - list of telegram (re)buildet.; FILE: ctlgcontainer.h; FUNCTION: BuildIndex; LINE: 175
30-9-2013 14:9:39.527	I : Telcom_In->LFL225 Emergency Lance Stirring Status; FILE: cxmltlgprototypereader.cpp; FUNCTION: readOneTelegram; LINE: 219
30-9-2013 14:9:39.542	I : Verctor - list of telegram (re)buildet.; FILE: ctlgcontainer.h; FUNCTION: BuildIndex; LINE: 175
30-9-2013 14:9:39.542	I : Telcom_In->LFL226 Bottom Stirring Values; FILE: cxmltlgprototypereader.cpp; FUNCTION: readOneTelegram; LINE: 219
30-9-2013 14:9:39.542	I : Verctor - list of telegram (re)buildet.; FILE: ctlgcontainer.h; FUNCTION: BuildIndex; LINE: 175
30-9-2013 14:9:39.542	I : Telcom_In->LFL230 Cooling Water; FILE: cxmltlgprototypereader.cpp; FUNCTION: readOneTelegram; LINE: 219
30-9-2013 14:9:39.542	I : Verctor - list of telegram (re)buildet.; FILE: ctlgcontainer.h; FUNCTION: BuildIndex; LINE: 175
30-9-2013 14:9:39.542	I : Telcom_In->LFL240 LF Level 1Parameter; FILE: cxmltlgprototypereader.cpp; FUNCTION: readOneTelegram; LINE: 219
30-9-2013 14:9:39.558	I : Verctor - list of telegram (re)buildet.; FILE: ctlgcontainer.h; FUNCTION: BuildIndex; LINE: 175
30-9-2013 14:9:39.558	I : Telcom_In->LFL260 Material Handling Report; FILE: cxmltlgprototypereader.cpp; FUNCTION: readOneTelegram; LINE: 219
30-9-2013 14:9:39.573	I : Verctor - list of telegram (re)buildet.; FILE: ctlgcontainer.h; FUNCTION: BuildIndex; LINE: 175
30-9-2013 14:9:39.573	I : Telcom_In->LFL261 Material Availability; FILE: cxmltlgprototypereader.cpp; FUNCTION: readOneTelegram; LINE: 219
30-9-2013 14:9:39.573	I : Verctor - list of telegram (re)buildet.; FILE: ctlgcontainer.h; FUNCTION: BuildIndex; LINE: 175
30-9-2013 14:9:39.573	I : Telcom_In->LFL270 Liquid Material Handling Report; FILE: cxmltlgprototypereader.cpp; FUNCTION: readOneTelegram; LINE: 219
30-9-2013 14:9:39.573	I : Verctor - list of telegram (re)buildet.; FILE: ctlgcontainer.h; FUNCTION: BuildIndex; LINE: 175
30-9-2013 14:9:39.573	I : Telcom_In->LFL281 Treatment Steps; FILE: cxmltlgprototypereader.cpp; FUNCTION: readOneTelegram; LINE: 219
30-9-2013 14:9:39.573	I : Verctor - list of telegram (re)buildet.; FILE: ctlgcontainer.h; FUNCTION: BuildIndex; LINE: 175
30-9-2013 14:9:39.573	I : Telcom_In->L2SY00 For acknowledge, send to SCY; FILE: cxmltlgprototypereader.cpp; FUNCTION: readOneTelegram; LINE: 219
30-9-2013 14:9:39.573	I : Verctor - list of telegram (re)buildet.; FILE: ctlgcontainer.h; FUNCTION: BuildIndex; LINE: 175
30-9-2013 14:9:39.573	I : Telcom_In->SYL291 Watchdog to Level 2; FILE: cxmltlgprototypereader.cpp; FUNCTION: readOneTelegram; LINE: 219
30-9-2013 14:9:39.589	I : Verctor - list of telegram (re)buildet.; FILE: ctlgcontainer.h; FUNCTION: BuildIndex; LINE: 175
30-9-2013 14:9:39.589	I : Telcom_In->SYL292 Scrap Container Loading Results; FILE: cxmltlgprototypereader.cpp; FUNCTION: readOneTelegram; LINE: 219
30-9-2013 14:9:39.589	I : Verctor - list of telegram (re)buildet.; FILE: ctlgcontainer.h; FUNCTION: BuildIndex; LINE: 175
30-9-2013 14:9:39.589	I : Telcom_In->SYL293 Request for Download of Scrap Loading Instructions; FILE: cxmltlgprototypereader.cpp; FUNCTION: readOneTelegram; LINE: 219
30-9-2013 14:9:39.589	I : Verctor - list of telegram (re)buildet.; FILE: ctlgcontainer.h; FUNCTION: BuildIndex; LINE: 175
30-9-2013 14:9:39.589	I : Telcom_In->SYL295 Request for Download of Available Scrap Materials; FILE: cxmltlgprototypereader.cpp; FUNCTION: readOneTelegram; LINE: 219
30-9-2013 14:9:39.636	I :      99  Telegrams found;  FILE: .\Form1.cpp; FUNCTION: simulator::Form1::loadInterface; LINE: 1173; .NET Output: ->Int32 loadInterface(System.String)->Void loadInterfaces()->Void initViewComponent()
30-9-2013 14:9:39.636	I : All telegram objects removed.; FILE: ctlgcontainer.h; FUNCTION: freeTlg; LINE: 161
30-9-2013 14:21:24.193	I : Client IPEndPoint created;  FILE: .\CSocketClient.cpp; FUNCTION: CSocketClient::buildConnection; LINE: 35; .NET Output: ->Int32 buildConnection(System.String, Int32)->Int32 buildConnAsClient()->Int32 buildConnection(Int32)
30-9-2013 14:21:24.193	I : Receive thread (checks server connection) started;  FILE: .\CInterSenderManager.cpp; FUNCTION: CInterSenderManager::InvokeReceiveThread; LINE: 93; .NET Output: ->Void InvokeReceiveThread(Boolean)->Int32 buildConnAsClient()->Int32 buildConnection(Int32)
30-9-2013 14:21:24.209	I : Connecting to: IP-Addres: 10.182.50.108 Port: 18510;  FILE: .\CSocketConnectionForm.cpp; FUNCTION: simulator::CSocketConnectionForm::OnClickButtConnection; LINE: 131; .NET Output: ->Void OnClickButtConnection(System.Object, System.EventArgs)->Void OnClick(System.EventArgs)->Void OnClick(System.EventArgs)
30-9-2013 14:21:24.240	I : Start thread for waiting connection;  FILE: .\CSocketClient.cpp; FUNCTION: CSocketClient::waitingForConnection; LINE: 66; .NET Output: ->Void waitingForConnection(Int32)->Void waitingForConnection()->Void OnClickButtConnection(System.Object, System.EventArgs)
30-9-2013 14:21:24.272	I : Client connected;  FILE: .\CSocketClient.cpp; FUNCTION: CSocketClient::waiting; LINE: 102; .NET Output: ->Void waiting()->Void ThreadStart_Context(System.Object)->Void Run(System.Threading.ExecutionContext, System.Threading.ContextCallback, System.Object)
30-9-2013 14:22:10.430	I : Load:  D:\JSW-SMS-3\SMC\source\Tools\Simulator\Simulator\Executable\LF_Simulater.szn;  FILE: .\CSenderForm.cpp; FUNCTION: simulator::CSenderForm::loadSzenarium; LINE: 507; .NET Output: ->Void loadSzenarium(System.String)->Void OnMenuFileSzenOpenClick(System.Object, System.EventArgs)->Void OnClick(System.EventArgs)
30-9-2013 14:22:10.508	I : All telegrams in szenario removed;  FILE: .\CSzenarium.cpp; FUNCTION: CSzenarium::clearSzenarium; LINE: 562; .NET Output: ->Void clearSzenarium()->Void loadSzenarium(System.String, System.Collections.ArrayList)->Void loadSzenarium(System.String)
30-9-2013 14:22:10.586	W : Id value of LFL201 from interface configuration and from szenario file are not identity;  FILE: .\CSzenarium.cpp; FUNCTION: CSzenarium::CompareConfigIdWithFileId; LINE: 1428; .NET Output: ->Void CompareConfigIdWithFileId(CItemWrapper, CInterConfigWrapper)->Int32 addToSzenarium(CItemWrapper, Double)->Void loadSzenarium(System.String, System.Collections.ArrayList)
30-9-2013 14:22:10.648	W : Id value of LFL220 from interface configuration and from szenario file are not identity;  FILE: .\CSzenarium.cpp; FUNCTION: CSzenarium::CompareConfigIdWithFileId; LINE: 1428; .NET Output: ->Void CompareConfigIdWithFileId(CItemWrapper, CInterConfigWrapper)->Int32 addToSzenarium(CItemWrapper, Double)->Void loadSzenarium(System.String, System.Collections.ArrayList)
30-9-2013 14:22:10.664	W : Id value of LFL240 from interface configuration and from szenario file are not identity;  FILE: .\CSzenarium.cpp; FUNCTION: CSzenarium::CompareConfigIdWithFileId; LINE: 1428; .NET Output: ->Void CompareConfigIdWithFileId(CItemWrapper, CInterConfigWrapper)->Int32 addToSzenarium(CItemWrapper, Double)->Void loadSzenarium(System.String, System.Collections.ArrayList)
30-9-2013 14:22:10.680	W : Id value of LFL221 from interface configuration and from szenario file are not identity;  FILE: .\CSzenarium.cpp; FUNCTION: CSzenarium::CompareConfigIdWithFileId; LINE: 1428; .NET Output: ->Void CompareConfigIdWithFileId(CItemWrapper, CInterConfigWrapper)->Int32 addToSzenarium(CItemWrapper, Double)->Void loadSzenarium(System.String, System.Collections.ArrayList)
30-9-2013 14:22:10.711	W : Id value of LFL222 from interface configuration and from szenario file are not identity;  FILE: .\CSzenarium.cpp; FUNCTION: CSzenarium::CompareConfigIdWithFileId; LINE: 1428; .NET Output: ->Void CompareConfigIdWithFileId(CItemWrapper, CInterConfigWrapper)->Int32 addToSzenarium(CItemWrapper, Double)->Void loadSzenarium(System.String, System.Collections.ArrayList)
30-9-2013 14:22:10.742	W : Id value of LFL261 from interface configuration and from szenario file are not identity;  FILE: .\CSzenarium.cpp; FUNCTION: CSzenarium::CompareConfigIdWithFileId; LINE: 1428; .NET Output: ->Void CompareConfigIdWithFileId(CItemWrapper, CInterConfigWrapper)->Int32 addToSzenarium(CItemWrapper, Double)->Void loadSzenarium(System.String, System.Collections.ArrayList)
30-9-2013 14:22:10.773	W : Id value of LFL204 from interface configuration and from szenario file are not identity;  FILE: .\CSzenarium.cpp; FUNCTION: CSzenarium::CompareConfigIdWithFileId; LINE: 1428; .NET Output: ->Void CompareConfigIdWithFileId(CItemWrapper, CInterConfigWrapper)->Int32 addToSzenarium(CItemWrapper, Double)->Void loadSzenarium(System.String, System.Collections.ArrayList)
30-9-2013 14:22:10.789	W : Id value of LFL224 from interface configuration and from szenario file are not identity;  FILE: .\CSzenarium.cpp; FUNCTION: CSzenarium::CompareConfigIdWithFileId; LINE: 1428; .NET Output: ->Void CompareConfigIdWithFileId(CItemWrapper, CInterConfigWrapper)->Int32 addToSzenarium(CItemWrapper, Double)->Void loadSzenarium(System.String, System.Collections.ArrayList)
30-9-2013 14:22:10.805	W : Id value of LFL226 from interface configuration and from szenario file are not identity;  FILE: .\CSzenarium.cpp; FUNCTION: CSzenarium::CompareConfigIdWithFileId; LINE: 1428; .NET Output: ->Void CompareConfigIdWithFileId(CItemWrapper, CInterConfigWrapper)->Int32 addToSzenarium(CItemWrapper, Double)->Void loadSzenarium(System.String, System.Collections.ArrayList)
30-9-2013 14:22:10.805	W : Id value of LFL225 from interface configuration and from szenario file are not identity;  FILE: .\CSzenarium.cpp; FUNCTION: CSzenarium::CompareConfigIdWithFileId; LINE: 1428; .NET Output: ->Void CompareConfigIdWithFileId(CItemWrapper, CInterConfigWrapper)->Int32 addToSzenarium(CItemWrapper, Double)->Void loadSzenarium(System.String, System.Collections.ArrayList)
30-9-2013 14:22:10.820	W : Id value of LFL224 from interface configuration and from szenario file are not identity;  FILE: .\CSzenarium.cpp; FUNCTION: CSzenarium::CompareConfigIdWithFileId; LINE: 1428; .NET Output: ->Void CompareConfigIdWithFileId(CItemWrapper, CInterConfigWrapper)->Int32 addToSzenarium(CItemWrapper, Double)->Void loadSzenarium(System.String, System.Collections.ArrayList)
30-9-2013 14:22:10.820	W : Id value of LFL226 from interface configuration and from szenario file are not identity;  FILE: .\CSzenarium.cpp; FUNCTION: CSzenarium::CompareConfigIdWithFileId; LINE: 1428; .NET Output: ->Void CompareConfigIdWithFileId(CItemWrapper, CInterConfigWrapper)->Int32 addToSzenarium(CItemWrapper, Double)->Void loadSzenarium(System.String, System.Collections.ArrayList)
30-9-2013 14:22:10.836	W : Id value of LFL222 from interface configuration and from szenario file are not identity;  FILE: .\CSzenarium.cpp; FUNCTION: CSzenarium::CompareConfigIdWithFileId; LINE: 1428; .NET Output: ->Void CompareConfigIdWithFileId(CItemWrapper, CInterConfigWrapper)->Int32 addToSzenarium(CItemWrapper, Double)->Void loadSzenarium(System.String, System.Collections.ArrayList)
30-9-2013 14:22:10.836	W : Id value of LFL226 from interface configuration and from szenario file are not identity;  FILE: .\CSzenarium.cpp; FUNCTION: CSzenarium::CompareConfigIdWithFileId; LINE: 1428; .NET Output: ->Void CompareConfigIdWithFileId(CItemWrapper, CInterConfigWrapper)->Int32 addToSzenarium(CItemWrapper, Double)->Void loadSzenarium(System.String, System.Collections.ArrayList)
30-9-2013 14:22:10.851	W : Id value of LFL281 from interface configuration and from szenario file are not identity;  FILE: .\CSzenarium.cpp; FUNCTION: CSzenarium::CompareConfigIdWithFileId; LINE: 1428; .NET Output: ->Void CompareConfigIdWithFileId(CItemWrapper, CInterConfigWrapper)->Int32 addToSzenarium(CItemWrapper, Double)->Void loadSzenarium(System.String, System.Collections.ArrayList)
30-9-2013 14:22:10.851	W : Id value of LFL222 from interface configuration and from szenario file are not identity;  FILE: .\CSzenarium.cpp; FUNCTION: CSzenarium::CompareConfigIdWithFileId; LINE: 1428; .NET Output: ->Void CompareConfigIdWithFileId(CItemWrapper, CInterConfigWrapper)->Int32 addToSzenarium(CItemWrapper, Double)->Void loadSzenarium(System.String, System.Collections.ArrayList)
30-9-2013 14:22:10.867	W : Id value of LFL223 from interface configuration and from szenario file are not identity;  FILE: .\CSzenarium.cpp; FUNCTION: CSzenarium::CompareConfigIdWithFileId; LINE: 1428; .NET Output: ->Void CompareConfigIdWithFileId(CItemWrapper, CInterConfigWrapper)->Int32 addToSzenarium(CItemWrapper, Double)->Void loadSzenarium(System.String, System.Collections.ArrayList)
30-9-2013 14:22:10.883	W : Id value of LFL226 from interface configuration and from szenario file are not identity;  FILE: .\CSzenarium.cpp; FUNCTION: CSzenarium::CompareConfigIdWithFileId; LINE: 1428; .NET Output: ->Void CompareConfigIdWithFileId(CItemWrapper, CInterConfigWrapper)->Int32 addToSzenarium(CItemWrapper, Double)->Void loadSzenarium(System.String, System.Collections.ArrayList)
30-9-2013 14:22:10.883	W : Id value of LFL223 from interface configuration and from szenario file are not identity;  FILE: .\CSzenarium.cpp; FUNCTION: CSzenarium::CompareConfigIdWithFileId; LINE: 1428; .NET Output: ->Void CompareConfigIdWithFileId(CItemWrapper, CInterConfigWrapper)->Int32 addToSzenarium(CItemWrapper, Double)->Void loadSzenarium(System.String, System.Collections.ArrayList)
30-9-2013 14:22:10.898	W : Id value of LFL226 from interface configuration and from szenario file are not identity;  FILE: .\CSzenarium.cpp; FUNCTION: CSzenarium::CompareConfigIdWithFileId; LINE: 1428; .NET Output: ->Void CompareConfigIdWithFileId(CItemWrapper, CInterConfigWrapper)->Int32 addToSzenarium(CItemWrapper, Double)->Void loadSzenarium(System.String, System.Collections.ArrayList)
30-9-2013 14:22:10.898	W : Id value of LFL225 from interface configuration and from szenario file are not identity;  FILE: .\CSzenarium.cpp; FUNCTION: CSzenarium::CompareConfigIdWithFileId; LINE: 1428; .NET Output: ->Void CompareConfigIdWithFileId(CItemWrapper, CInterConfigWrapper)->Int32 addToSzenarium(CItemWrapper, Double)->Void loadSzenarium(System.String, System.Collections.ArrayList)
30-9-2013 14:22:10.914	W : Id value of LFL222 from interface configuration and from szenario file are not identity;  FILE: .\CSzenarium.cpp; FUNCTION: CSzenarium::CompareConfigIdWithFileId; LINE: 1428; .NET Output: ->Void CompareConfigIdWithFileId(CItemWrapper, CInterConfigWrapper)->Int32 addToSzenarium(CItemWrapper, Double)->Void loadSzenarium(System.String, System.Collections.ArrayList)
30-9-2013 14:22:10.914	W : Id value of LFL223 from interface configuration and from szenario file are not identity;  FILE: .\CSzenarium.cpp; FUNCTION: CSzenarium::CompareConfigIdWithFileId; LINE: 1428; .NET Output: ->Void CompareConfigIdWithFileId(CItemWrapper, CInterConfigWrapper)->Int32 addToSzenarium(CItemWrapper, Double)->Void loadSzenarium(System.String, System.Collections.ArrayList)
30-9-2013 14:22:10.930	W : Id value of LFL226 from interface configuration and from szenario file are not identity;  FILE: .\CSzenarium.cpp; FUNCTION: CSzenarium::CompareConfigIdWithFileId; LINE: 1428; .NET Output: ->Void CompareConfigIdWithFileId(CItemWrapper, CInterConfigWrapper)->Int32 addToSzenarium(CItemWrapper, Double)->Void loadSzenarium(System.String, System.Collections.ArrayList)
30-9-2013 14:22:10.945	W : Id value of LFL224 from interface configuration and from szenario file are not identity;  FILE: .\CSzenarium.cpp; FUNCTION: CSzenarium::CompareConfigIdWithFileId; LINE: 1428; .NET Output: ->Void CompareConfigIdWithFileId(CItemWrapper, CInterConfigWrapper)->Int32 addToSzenarium(CItemWrapper, Double)->Void loadSzenarium(System.String, System.Collections.ArrayList)
30-9-2013 14:22:10.945	W : Id value of LFL260 from interface configuration and from szenario file are not identity;  FILE: .\CSzenarium.cpp; FUNCTION: CSzenarium::CompareConfigIdWithFileId; LINE: 1428; .NET Output: ->Void CompareConfigIdWithFileId(CItemWrapper, CInterConfigWrapper)->Int32 addToSzenarium(CItemWrapper, Double)->Void loadSzenarium(System.String, System.Collections.ArrayList)
30-9-2013 14:22:10.961	W : Id value of LFL260 from interface configuration and from szenario file are not identity;  FILE: .\CSzenarium.cpp; FUNCTION: CSzenarium::CompareConfigIdWithFileId; LINE: 1428; .NET Output: ->Void CompareConfigIdWithFileId(CItemWrapper, CInterConfigWrapper)->Int32 addToSzenarium(CItemWrapper, Double)->Void loadSzenarium(System.String, System.Collections.ArrayList)
30-9-2013 14:22:10.976	W : Id value of LFL260 from interface configuration and from szenario file are not identity;  FILE: .\CSzenarium.cpp; FUNCTION: CSzenarium::CompareConfigIdWithFileId; LINE: 1428; .NET Output: ->Void CompareConfigIdWithFileId(CItemWrapper, CInterConfigWrapper)->Int32 addToSzenarium(CItemWrapper, Double)->Void loadSzenarium(System.String, System.Collections.ArrayList)
30-9-2013 14:22:10.992	W : Id value of LFL222 from interface configuration and from szenario file are not identity;  FILE: .\CSzenarium.cpp; FUNCTION: CSzenarium::CompareConfigIdWithFileId; LINE: 1428; .NET Output: ->Void CompareConfigIdWithFileId(CItemWrapper, CInterConfigWrapper)->Int32 addToSzenarium(CItemWrapper, Double)->Void loadSzenarium(System.String, System.Collections.ArrayList)
30-9-2013 14:22:10.992	W : Id value of LFL223 from interface configuration and from szenario file are not identity;  FILE: .\CSzenarium.cpp; FUNCTION: CSzenarium::CompareConfigIdWithFileId; LINE: 1428; .NET Output: ->Void CompareConfigIdWithFileId(CItemWrapper, CInterConfigWrapper)->Int32 addToSzenarium(CItemWrapper, Double)->Void loadSzenarium(System.String, System.Collections.ArrayList)
30-9-2013 14:22:11.8	W : Id value of LFL226 from interface configuration and from szenario file are not identity;  FILE: .\CSzenarium.cpp; FUNCTION: CSzenarium::CompareConfigIdWithFileId; LINE: 1428; .NET Output: ->Void CompareConfigIdWithFileId(CItemWrapper, CInterConfigWrapper)->Int32 addToSzenarium(CItemWrapper, Double)->Void loadSzenarium(System.String, System.Collections.ArrayList)
30-9-2013 14:22:11.8	W : Id value of LFL222 from interface configuration and from szenario file are not identity;  FILE: .\CSzenarium.cpp; FUNCTION: CSzenarium::CompareConfigIdWithFileId; LINE: 1428; .NET Output: ->Void CompareConfigIdWithFileId(CItemWrapper, CInterConfigWrapper)->Int32 addToSzenarium(CItemWrapper, Double)->Void loadSzenarium(System.String, System.Collections.ArrayList)
30-9-2013 14:22:11.86	W : Id value of LFL260 from interface configuration and from szenario file are not identity;  FILE: .\CSzenarium.cpp; FUNCTION: CSzenarium::CompareConfigIdWithFileId; LINE: 1428; .NET Output: ->Void CompareConfigIdWithFileId(CItemWrapper, CInterConfigWrapper)->Int32 addToSzenarium(CItemWrapper, Double)->Void loadSzenarium(System.String, System.Collections.ArrayList)
30-9-2013 14:22:11.102	W : Id value of LFL260 from interface configuration and from szenario file are not identity;  FILE: .\CSzenarium.cpp; FUNCTION: CSzenarium::CompareConfigIdWithFileId; LINE: 1428; .NET Output: ->Void CompareConfigIdWithFileId(CItemWrapper, CInterConfigWrapper)->Int32 addToSzenarium(CItemWrapper, Double)->Void loadSzenarium(System.String, System.Collections.ArrayList)
30-9-2013 14:22:11.117	W : Id value of LFL260 from interface configuration and from szenario file are not identity;  FILE: .\CSzenarium.cpp; FUNCTION: CSzenarium::CompareConfigIdWithFileId; LINE: 1428; .NET Output: ->Void CompareConfigIdWithFileId(CItemWrapper, CInterConfigWrapper)->Int32 addToSzenarium(CItemWrapper, Double)->Void loadSzenarium(System.String, System.Collections.ArrayList)
30-9-2013 14:22:11.133	W : Id value of LFL223 from interface configuration and from szenario file are not identity;  FILE: .\CSzenarium.cpp; FUNCTION: CSzenarium::CompareConfigIdWithFileId; LINE: 1428; .NET Output: ->Void CompareConfigIdWithFileId(CItemWrapper, CInterConfigWrapper)->Int32 addToSzenarium(CItemWrapper, Double)->Void loadSzenarium(System.String, System.Collections.ArrayList)
30-9-2013 14:22:11.148	W : Id value of LFL226 from interface configuration and from szenario file are not identity;  FILE: .\CSzenarium.cpp; FUNCTION: CSzenarium::CompareConfigIdWithFileId; LINE: 1428; .NET Output: ->Void CompareConfigIdWithFileId(CItemWrapper, CInterConfigWrapper)->Int32 addToSzenarium(CItemWrapper, Double)->Void loadSzenarium(System.String, System.Collections.ArrayList)
30-9-2013 14:22:11.148	W : Id value of LFL222 from interface configuration and from szenario file are not identity;  FILE: .\CSzenarium.cpp; FUNCTION: CSzenarium::CompareConfigIdWithFileId; LINE: 1428; .NET Output: ->Void CompareConfigIdWithFileId(CItemWrapper, CInterConfigWrapper)->Int32 addToSzenarium(CItemWrapper, Double)->Void loadSzenarium(System.String, System.Collections.ArrayList)
30-9-2013 14:22:11.164	W : Id value of LFL223 from interface configuration and from szenario file are not identity;  FILE: .\CSzenarium.cpp; FUNCTION: CSzenarium::CompareConfigIdWithFileId; LINE: 1428; .NET Output: ->Void CompareConfigIdWithFileId(CItemWrapper, CInterConfigWrapper)->Int32 addToSzenarium(CItemWrapper, Double)->Void loadSzenarium(System.String, System.Collections.ArrayList)
30-9-2013 14:22:11.164	W : Id value of LFL260 from interface configuration and from szenario file are not identity;  FILE: .\CSzenarium.cpp; FUNCTION: CSzenarium::CompareConfigIdWithFileId; LINE: 1428; .NET Output: ->Void CompareConfigIdWithFileId(CItemWrapper, CInterConfigWrapper)->Int32 addToSzenarium(CItemWrapper, Double)->Void loadSzenarium(System.String, System.Collections.ArrayList)
30-9-2013 14:22:11.180	W : Id value of LFL260 from interface configuration and from szenario file are not identity;  FILE: .\CSzenarium.cpp; FUNCTION: CSzenarium::CompareConfigIdWithFileId; LINE: 1428; .NET Output: ->Void CompareConfigIdWithFileId(CItemWrapper, CInterConfigWrapper)->Int32 addToSzenarium(CItemWrapper, Double)->Void loadSzenarium(System.String, System.Collections.ArrayList)
30-9-2013 14:22:11.195	W : Id value of LFL260 from interface configuration and from szenario file are not identity;  FILE: .\CSzenarium.cpp; FUNCTION: CSzenarium::CompareConfigIdWithFileId; LINE: 1428; .NET Output: ->Void CompareConfigIdWithFileId(CItemWrapper, CInterConfigWrapper)->Int32 addToSzenarium(CItemWrapper, Double)->Void loadSzenarium(System.String, System.Collections.ArrayList)
30-9-2013 14:22:11.211	W : Id value of LFL222 from interface configuration and from szenario file are not identity;  FILE: .\CSzenarium.cpp; FUNCTION: CSzenarium::CompareConfigIdWithFileId; LINE: 1428; .NET Output: ->Void CompareConfigIdWithFileId(CItemWrapper, CInterConfigWrapper)->Int32 addToSzenarium(CItemWrapper, Double)->Void loadSzenarium(System.String, System.Collections.ArrayList)
30-9-2013 14:22:11.211	W : Id value of LFL223 from interface configuration and from szenario file are not identity;  FILE: .\CSzenarium.cpp; FUNCTION: CSzenarium::CompareConfigIdWithFileId; LINE: 1428; .NET Output: ->Void CompareConfigIdWithFileId(CItemWrapper, CInterConfigWrapper)->Int32 addToSzenarium(CItemWrapper, Double)->Void loadSzenarium(System.String, System.Collections.ArrayList)
30-9-2013 14:22:11.227	W : Id value of LFL226 from interface configuration and from szenario file are not identity;  FILE: .\CSzenarium.cpp; FUNCTION: CSzenarium::CompareConfigIdWithFileId; LINE: 1428; .NET Output: ->Void CompareConfigIdWithFileId(CItemWrapper, CInterConfigWrapper)->Int32 addToSzenarium(CItemWrapper, Double)->Void loadSzenarium(System.String, System.Collections.ArrayList)
30-9-2013 14:22:11.242	W : Id value of LFL223 from interface configuration and from szenario file are not identity;  FILE: .\CSzenarium.cpp; FUNCTION: CSzenarium::CompareConfigIdWithFileId; LINE: 1428; .NET Output: ->Void CompareConfigIdWithFileId(CItemWrapper, CInterConfigWrapper)->Int32 addToSzenarium(CItemWrapper, Double)->Void loadSzenarium(System.String, System.Collections.ArrayList)
30-9-2013 14:22:11.242	W : Id value of LFL226 from interface configuration and from szenario file are not identity;  FILE: .\CSzenarium.cpp; FUNCTION: CSzenarium::CompareConfigIdWithFileId; LINE: 1428; .NET Output: ->Void CompareConfigIdWithFileId(CItemWrapper, CInterConfigWrapper)->Int32 addToSzenarium(CItemWrapper, Double)->Void loadSzenarium(System.String, System.Collections.ArrayList)
30-9-2013 14:22:11.258	W : Id value of LFL209 from interface configuration and from szenario file are not identity;  FILE: .\CSzenarium.cpp; FUNCTION: CSzenarium::CompareConfigIdWithFileId; LINE: 1428; .NET Output: ->Void CompareConfigIdWithFileId(CItemWrapper, CInterConfigWrapper)->Int32 addToSzenarium(CItemWrapper, Double)->Void loadSzenarium(System.String, System.Collections.ArrayList)
30-9-2013 14:22:11.258	W : Id value of LFL211 from interface configuration and from szenario file are not identity;  FILE: .\CSzenarium.cpp; FUNCTION: CSzenarium::CompareConfigIdWithFileId; LINE: 1428; .NET Output: ->Void CompareConfigIdWithFileId(CItemWrapper, CInterConfigWrapper)->Int32 addToSzenarium(CItemWrapper, Double)->Void loadSzenarium(System.String, System.Collections.ArrayList)
30-9-2013 14:22:11.273	W : Id value of LFL281 from interface configuration and from szenario file are not identity;  FILE: .\CSzenarium.cpp; FUNCTION: CSzenarium::CompareConfigIdWithFileId; LINE: 1428; .NET Output: ->Void CompareConfigIdWithFileId(CItemWrapper, CInterConfigWrapper)->Int32 addToSzenarium(CItemWrapper, Double)->Void loadSzenarium(System.String, System.Collections.ArrayList)
30-9-2013 14:22:11.289	W : Id value of LFL205 from interface configuration and from szenario file are not identity;  FILE: .\CSzenarium.cpp; FUNCTION: CSzenarium::CompareConfigIdWithFileId; LINE: 1428; .NET Output: ->Void CompareConfigIdWithFileId(CItemWrapper, CInterConfigWrapper)->Int32 addToSzenarium(CItemWrapper, Double)->Void loadSzenarium(System.String, System.Collections.ArrayList)
30-9-2013 14:22:11.305	W : Id value of LFL222 from interface configuration and from szenario file are not identity;  FILE: .\CSzenarium.cpp; FUNCTION: CSzenarium::CompareConfigIdWithFileId; LINE: 1428; .NET Output: ->Void CompareConfigIdWithFileId(CItemWrapper, CInterConfigWrapper)->Int32 addToSzenarium(CItemWrapper, Double)->Void loadSzenarium(System.String, System.Collections.ArrayList)
30-9-2013 14:22:11.320	W : Id value of LFL221 from interface configuration and from szenario file are not identity;  FILE: .\CSzenarium.cpp; FUNCTION: CSzenarium::CompareConfigIdWithFileId; LINE: 1428; .NET Output: ->Void CompareConfigIdWithFileId(CItemWrapper, CInterConfigWrapper)->Int32 addToSzenarium(CItemWrapper, Double)->Void loadSzenarium(System.String, System.Collections.ArrayList)
30-9-2013 14:22:11.320	W : Id value of LFL270 from interface configuration and from szenario file are not identity;  FILE: .\CSzenarium.cpp; FUNCTION: CSzenarium::CompareConfigIdWithFileId; LINE: 1428; .NET Output: ->Void CompareConfigIdWithFileId(CItemWrapper, CInterConfigWrapper)->Int32 addToSzenarium(CItemWrapper, Double)->Void loadSzenarium(System.String, System.Collections.ArrayList)
30-9-2013 14:22:11.336	W : Id value of LFL205 from interface configuration and from szenario file are not identity;  FILE: .\CSzenarium.cpp; FUNCTION: CSzenarium::CompareConfigIdWithFileId; LINE: 1428; .NET Output: ->Void CompareConfigIdWithFileId(CItemWrapper, CInterConfigWrapper)->Int32 addToSzenarium(CItemWrapper, Double)->Void loadSzenarium(System.String, System.Collections.ArrayList)
30-9-2013 14:22:11.336	W : Id value of LFL221 from interface configuration and from szenario file are not identity;  FILE: .\CSzenarium.cpp; FUNCTION: CSzenarium::CompareConfigIdWithFileId; LINE: 1428; .NET Output: ->Void CompareConfigIdWithFileId(CItemWrapper, CInterConfigWrapper)->Int32 addToSzenarium(CItemWrapper, Double)->Void loadSzenarium(System.String, System.Collections.ArrayList)
30-9-2013 14:24:2.371	I : All telegrams in szenario removed;  FILE: .\CSzenarium.cpp; FUNCTION: CSzenarium::clearSzenarium; LINE: 562; .NET Output: ->Void clearSzenarium()->Void updateSzenFile()->Void updateSzenFile()
30-9-2013 14:24:6.215	I : Load:  D:\JSW-SMS-3\SMC\source\Tools\Simulator\Simulator\Executable\HMDS_simulator.szn;  FILE: .\CSenderForm.cpp; FUNCTION: simulator::CSenderForm::loadSzenarium; LINE: 507; .NET Output: ->Void loadSzenarium(System.String)->Void OnMenuFileSzenOpenClick(System.Object, System.EventArgs)->Void OnClick(System.EventArgs)
30-9-2013 14:24:6.247	I : All telegrams in szenario removed;  FILE: .\CSzenarium.cpp; FUNCTION: CSzenarium::clearSzenarium; LINE: 562; .NET Output: ->Void clearSzenarium()->Void loadSzenarium(System.String, System.Collections.ArrayList)->Void loadSzenarium(System.String)
30-9-2013 14:27:50.661	I : Send Tel: 74|1004|1|1|2013|8|20|10|30|34|0|0|252|01|2|-1|-1|-1|-1|-1|;  FILE: .\CSendItemsServer.cpp; FUNCTION: CSendItemsServer::sendSzenItem; LINE: 171; .NET Output: ->Void sendSzenItem(CInterSenderManager, CSzenItem)->Void sendOneTelegram()->Void ThreadStart_Context(System.Object)
30-9-2013 14:28:3.193	I : Send Tel: 78|1081|1|1|2013|8|20|10|30|31|0|0|252|2|01|1|-1|-1|-1|-1|-1|;  FILE: .\CSendItemsServer.cpp; FUNCTION: CSendItemsServer::sendSzenItem; LINE: 171; .NET Output: ->Void sendSzenItem(CInterSenderManager, CSzenItem)->Void sendOneTelegram()->Void ThreadStart_Context(System.Object)
30-9-2013 14:28:33.319	I : Send Tel: 104|1023|2013|1|2013|8|20|10|30|21|0|0|5|2|5|20|20|0|500|0|0|25|7|0|0|100|-1|-1|;  FILE: .\CSendItemsServer.cpp; FUNCTION: CSendItemsServer::sendSzenItem; LINE: 171; .NET Output: ->Void sendSzenItem(CInterSenderManager, CSzenItem)->Void sendOneTelegram()->Void ThreadStart_Context(System.Object)
30-9-2013 14:28:48.398	I : Send Tel: 78|1081|1|1|2013|8|20|10|30|31|0|0|252|2|01|7|-1|-1|-1|-1|-1|;  FILE: .\CSendItemsServer.cpp; FUNCTION: CSendItemsServer::sendSzenItem; LINE: 171; .NET Output: ->Void sendSzenItem(CInterSenderManager, CSzenItem)->Void sendOneTelegram()->Void ThreadStart_Context(System.Object)
30-9-2013 14:29:0.883	I : Send Tel: 74|1005|1|1|2013|8|20|10|30|45|0|0|252|1|2|1|-1|-1|-1|-1|;  FILE: .\CSendItemsServer.cpp; FUNCTION: CSendItemsServer::sendSzenItem; LINE: 171; .NET Output: ->Void sendSzenItem(CInterSenderManager, CSzenItem)->Void sendOneTelegram()->Void ThreadStart_Context(System.Object)
30-9-2013 14:29:35.212	I : Send Tel: 74|1005|1|1|2013|8|20|10|30|45|0|0|252|1|2|1|-1|-1|-1|-1|;  FILE: .\CSendItemsServer.cpp; FUNCTION: CSendItemsServer::sendSzenItem; LINE: 171; .NET Output: ->Void sendSzenItem(CInterSenderManager, CSzenItem)->Void sendOneTelegram()->Void ThreadStart_Context(System.Object)
30-9-2013 14:30:5.991	I : Send Tel: 74|1005|1|1|2013|8|20|10|30|45|0|0|252|1|2|2|-1|-1|-1|-1|;  FILE: .\CSendItemsServer.cpp; FUNCTION: CSendItemsServer::sendSzenItem; LINE: 171; .NET Output: ->Void sendSzenItem(CInterSenderManager, CSzenItem)->Void sendOneTelegram()->Void ThreadStart_Context(System.Object)
30-9-2013 15:31:13.533	I : Send Tel: 74|1005|1|1|2013|8|20|10|30|45|0|0|252|1|2|2|-1|-1|-1|-1|;  FILE: .\CSendItemsServer.cpp; FUNCTION: CSendItemsServer::sendSzenItem; LINE: 171; .NET Output: ->Void sendSzenItem(CInterSenderManager, CSzenItem)->Void sendOneTelegram()->Void ThreadStart_Context(System.Object)
30-9-2013 15:33:38.100	I : Send Tel: 74|1004|1|1|2013|8|20|10|30|34|0|0|252|01|3|-1|-1|-1|-1|-1|;  FILE: .\CSendItemsServer.cpp; FUNCTION: CSendItemsServer::sendSzenItem; LINE: 171; .NET Output: ->Void sendSzenItem(CInterSenderManager, CSzenItem)->Void sendOneTelegram()->Void ThreadStart_Context(System.Object)
30-9-2013 15:33:48.54	I : Send Tel: 78|1081|1|1|2013|8|20|10|30|31|0|0|252|3|01|1|-1|-1|-1|-1|-1|;  FILE: .\CSendItemsServer.cpp; FUNCTION: CSendItemsServer::sendSzenItem; LINE: 171; .NET Output: ->Void sendSzenItem(CInterSenderManager, CSzenItem)->Void sendOneTelegram()->Void ThreadStart_Context(System.Object)
30-9-2013 15:33:53.710	I : Send Tel: 104|1023|2013|1|2013|8|20|10|30|21|0|0|5|2|5|20|20|0|500|0|0|25|7|0|0|100|-1|-1|;  FILE: .\CSendItemsServer.cpp; FUNCTION: CSendItemsServer::sendSzenItem; LINE: 171; .NET Output: ->Void sendSzenItem(CInterSenderManager, CSzenItem)->Void sendOneTelegram()->Void ThreadStart_Context(System.Object)
30-9-2013 15:33:59.413	I : Send Tel: 78|1081|1|1|2013|8|20|10|30|31|0|0|252|3|01|7|-1|-1|-1|-1|-1|;  FILE: .\CSendItemsServer.cpp; FUNCTION: CSendItemsServer::sendSzenItem; LINE: 171; .NET Output: ->Void sendSzenItem(CInterSenderManager, CSzenItem)->Void sendOneTelegram()->Void ThreadStart_Context(System.Object)
30-9-2013 15:34:6.273	I : Send Tel: 74|1005|1|1|2013|8|20|10|30|45|0|0|252|1|3|1|-1|-1|-1|-1|;  FILE: .\CSendItemsServer.cpp; FUNCTION: CSendItemsServer::sendSzenItem; LINE: 171; .NET Output: ->Void sendSzenItem(CInterSenderManager, CSzenItem)->Void sendOneTelegram()->Void ThreadStart_Context(System.Object)
30-9-2013 15:34:14.632	I : Send Tel: 74|1005|1|1|2013|8|20|10|30|45|0|0|252|1|3|2|-1|-1|-1|-1|;  FILE: .\CSendItemsServer.cpp; FUNCTION: CSendItemsServer::sendSzenItem; LINE: 171; .NET Output: ->Void sendSzenItem(CInterSenderManager, CSzenItem)->Void sendOneTelegram()->Void ThreadStart_Context(System.Object)
30-9-2013 15:35:22.72	I : Send Tel: 74|1004|1|1|2013|8|20|10|30|34|0|0|251|01|3|-1|-1|-1|-1|-1|;  FILE: .\CSendItemsServer.cpp; FUNCTION: CSendItemsServer::sendSzenItem; LINE: 171; .NET Output: ->Void sendSzenItem(CInterSenderManager, CSzenItem)->Void sendOneTelegram()->Void ThreadStart_Context(System.Object)
30-9-2013 15:35:24.150	I : Send Tel: 78|1081|1|1|2013|8|20|10|30|31|0|0|251|3|01|1|-1|-1|-1|-1|-1|;  FILE: .\CSendItemsServer.cpp; FUNCTION: CSendItemsServer::sendSzenItem; LINE: 171; .NET Output: ->Void sendSzenItem(CInterSenderManager, CSzenItem)->Void sendOneTelegram()->Void ThreadStart_Context(System.Object)
30-9-2013 15:35:26.682	I : Send Tel: 104|1023|2013|1|2013|8|20|10|30|21|0|0|5|2|5|20|20|0|500|0|0|25|7|0|0|100|-1|-1|;  FILE: .\CSendItemsServer.cpp; FUNCTION: CSendItemsServer::sendSzenItem; LINE: 171; .NET Output: ->Void sendSzenItem(CInterSenderManager, CSzenItem)->Void sendOneTelegram()->Void ThreadStart_Context(System.Object)
30-9-2013 15:35:28.666	I : Send Tel: 78|1081|1|1|2013|8|20|10|30|31|0|0|251|3|01|7|-1|-1|-1|-1|-1|;  FILE: .\CSendItemsServer.cpp; FUNCTION: CSendItemsServer::sendSzenItem; LINE: 171; .NET Output: ->Void sendSzenItem(CInterSenderManager, CSzenItem)->Void sendOneTelegram()->Void ThreadStart_Context(System.Object)
30-9-2013 15:35:31.229	I : Send Tel: 74|1005|1|1|2013|8|20|10|30|45|0|0|251|1|3|1|-1|-1|-1|-1|;  FILE: .\CSendItemsServer.cpp; FUNCTION: CSendItemsServer::sendSzenItem; LINE: 171; .NET Output: ->Void sendSzenItem(CInterSenderManager, CSzenItem)->Void sendOneTelegram()->Void ThreadStart_Context(System.Object)
30-9-2013 15:35:34.760	I : Send Tel: 74|1005|1|1|2013|8|20|10|30|45|0|0|251|1|3|2|-1|-1|-1|-1|;  FILE: .\CSendItemsServer.cpp; FUNCTION: CSendItemsServer::sendSzenItem; LINE: 171; .NET Output: ->Void sendSzenItem(CInterSenderManager, CSzenItem)->Void sendOneTelegram()->Void ThreadStart_Context(System.Object)
30-9-2013 15:43:52.902	I : Closed Connection: IP - Address: 10.182.50.108Port: 18510;  FILE: .\CSocketConnectionForm.cpp; FUNCTION: simulator::CSocketConnectionForm::OnClickButtDisconnect; LINE: 230; .NET Output: ->Void OnClickButtDisconnect(System.Object, System.EventArgs)->Void OnClick(System.EventArgs)->Void OnClick(System.EventArgs)
30-9-2013 15:43:52.964	I : Connection disconnected;  FILE: .\CSocketConnection.cpp; FUNCTION: CSocketConnection::disConnection; LINE: 168; .NET Output: ->Boolean disConnection()->Boolean disConnection()->Boolean disConnect()
30-9-2013 15:43:52.964	I : Receive thread (checks server connection) aborted;  FILE: .\CInterSenderManager.cpp; FUNCTION: CInterSenderManager::InvokeReceiveThread; LINE: 101; .NET Output: ->Void InvokeReceiveThread(Boolean)->Boolean disConnect()->Boolean disConnect(Int32)
30-9-2013 15:43:52.980	I : DisConnect was called!;  FILE: .\CInterConnection.cpp; FUNCTION: CInterConnection::disConnect; LINE: 199; .NET Output: ->Boolean disConnect()->Boolean disConnect(Int32)->Void OnClickButtDisconnect(System.Object, System.EventArgs)
30-9-2013 15:45:56.714	I : Client IPEndPoint created;  FILE: .\CSocketClient.cpp; FUNCTION: CSocketClient::buildConnection; LINE: 35; .NET Output: ->Int32 buildConnection(System.String, Int32)->Int32 buildConnAsClient()->Int32 buildConnection(Int32)
30-9-2013 15:45:56.714	I : Receive thread (checks server connection) started;  FILE: .\CInterSenderManager.cpp; FUNCTION: CInterSenderManager::InvokeReceiveThread; LINE: 93; .NET Output: ->Void InvokeReceiveThread(Boolean)->Int32 buildConnAsClient()->Int32 buildConnection(Int32)
30-9-2013 15:45:56.714	I : Connecting to: IP-Addres: 10.182.50.108 Port: 18510;  FILE: .\CSocketConnectionForm.cpp; FUNCTION: simulator::CSocketConnectionForm::OnClickButtConnection; LINE: 131; .NET Output: ->Void OnClickButtConnection(System.Object, System.EventArgs)->Void OnClick(System.EventArgs)->Void OnClick(System.EventArgs)
30-9-2013 15:45:56.730	I : Start thread for waiting connection;  FILE: .\CSocketClient.cpp; FUNCTION: CSocketClient::waitingForConnection; LINE: 66; .NET Output: ->Void waitingForConnection(Int32)->Void waitingForConnection()->Void OnClickButtConnection(System.Object, System.EventArgs)
30-9-2013 15:45:56.730	I : Client connected;  FILE: .\CSocketClient.cpp; FUNCTION: CSocketClient::waiting; LINE: 102; .NET Output: ->Void waiting()->Void ThreadStart_Context(System.Object)->Void Run(System.Threading.ExecutionContext, System.Threading.ContextCallback, System.Object)
30-9-2013 15:46:32.870	I : Send Tel: 74|1004|1|1|2013|8|20|10|30|34|0|0|253|01|3|-1|-1|-1|-1|-1|;  FILE: .\CSendItemsServer.cpp; FUNCTION: CSendItemsServer::sendSzenItem; LINE: 171; .NET Output: ->Void sendSzenItem(CInterSenderManager, CSzenItem)->Void sendOneTelegram()->Void ThreadStart_Context(System.Object)
30-9-2013 15:46:39.167	I : Send Tel: 78|1081|1|1|2013|8|20|10|30|31|0|0|253|3|01|1|-1|-1|-1|-1|-1|;  FILE: .\CSendItemsServer.cpp; FUNCTION: CSendItemsServer::sendSzenItem; LINE: 171; .NET Output: ->Void sendSzenItem(CInterSenderManager, CSzenItem)->Void sendOneTelegram()->Void ThreadStart_Context(System.Object)
30-9-2013 15:46:44.855	I : Send Tel: 104|1023|2013|1|2013|8|20|10|30|21|0|0|5|2|5|20|20|0|500|0|0|25|7|0|0|100|-1|-1|;  FILE: .\CSendItemsServer.cpp; FUNCTION: CSendItemsServer::sendSzenItem; LINE: 171; .NET Output: ->Void sendSzenItem(CInterSenderManager, CSzenItem)->Void sendOneTelegram()->Void ThreadStart_Context(System.Object)
30-9-2013 15:46:49.933	I : Send Tel: 78|1081|1|1|2013|8|20|10|30|31|0|0|253|3|01|7|-1|-1|-1|-1|-1|;  FILE: .\CSendItemsServer.cpp; FUNCTION: CSendItemsServer::sendSzenItem; LINE: 171; .NET Output: ->Void sendSzenItem(CInterSenderManager, CSzenItem)->Void sendOneTelegram()->Void ThreadStart_Context(System.Object)
30-9-2013 15:46:58.277	I : Send Tel: 74|1005|1|1|2013|8|20|10|30|45|0|0|253|1|3|1|-1|-1|-1|-1|;  FILE: .\CSendItemsServer.cpp; FUNCTION: CSendItemsServer::sendSzenItem; LINE: 171; .NET Output: ->Void sendSzenItem(CInterSenderManager, CSzenItem)->Void sendOneTelegram()->Void ThreadStart_Context(System.Object)
30-9-2013 15:47:6.183	I : Send Tel: 74|1005|1|1|2013|8|20|10|30|45|0|0|253|1|3|2|-1|-1|-1|-1|;  FILE: .\CSendItemsServer.cpp; FUNCTION: CSendItemsServer::sendSzenItem; LINE: 171; .NET Output: ->Void sendSzenItem(CInterSenderManager, CSzenItem)->Void sendOneTelegram()->Void ThreadStart_Context(System.Object)
30-9-2013 16:25:51.937	I : Send Tel: 74|1004|1|1|2013|8|20|10|30|34|0|0|254|01|3|-1|-1|-1|-1|-1|;  FILE: .\CSendItemsServer.cpp; FUNCTION: CSendItemsServer::sendSzenItem; LINE: 171; .NET Output: ->Void sendSzenItem(CInterSenderManager, CSzenItem)->Void sendOneTelegram()->Void ThreadStart_Context(System.Object)
30-9-2013 16:25:59.688	I : Send Tel: 78|1081|1|1|2013|8|20|10|30|31|0|0|254|3|01|1|-1|-1|-1|-1|-1|;  FILE: .\CSendItemsServer.cpp; FUNCTION: CSendItemsServer::sendSzenItem; LINE: 171; .NET Output: ->Void sendSzenItem(CInterSenderManager, CSzenItem)->Void sendOneTelegram()->Void ThreadStart_Context(System.Object)
30-9-2013 16:26:9.79	I : Send Tel: 104|1023|2013|1|2013|8|20|10|30|21|0|0|5|2|5|20|20|0|500|0|0|25|7|0|0|100|-1|-1|;  FILE: .\CSendItemsServer.cpp; FUNCTION: CSendItemsServer::sendSzenItem; LINE: 171; .NET Output: ->Void sendSzenItem(CInterSenderManager, CSzenItem)->Void sendOneTelegram()->Void ThreadStart_Context(System.Object)
30-9-2013 16:26:17.235	I : Send Tel: 78|1081|1|1|2013|8|20|10|30|31|0|0|254|3|01|7|-1|-1|-1|-1|-1|;  FILE: .\CSendItemsServer.cpp; FUNCTION: CSendItemsServer::sendSzenItem; LINE: 171; .NET Output: ->Void sendSzenItem(CInterSenderManager, CSzenItem)->Void sendOneTelegram()->Void ThreadStart_Context(System.Object)
30-9-2013 16:26:26.157	I : Send Tel: 74|1005|1|1|2013|8|20|10|30|45|0|0|254|1|3|1|-1|-1|-1|-1|;  FILE: .\CSendItemsServer.cpp; FUNCTION: CSendItemsServer::sendSzenItem; LINE: 171; .NET Output: ->Void sendSzenItem(CInterSenderManager, CSzenItem)->Void sendOneTelegram()->Void ThreadStart_Context(System.Object)
30-9-2013 16:26:31.704	I : Send Tel: 74|1005|1|1|2013|8|20|10|30|45|0|0|254|1|3|2|-1|-1|-1|-1|;  FILE: .\CSendItemsServer.cpp; FUNCTION: CSendItemsServer::sendSzenItem; LINE: 171; .NET Output: ->Void sendSzenItem(CInterSenderManager, CSzenItem)->Void sendOneTelegram()->Void ThreadStart_Context(System.Object)
30-9-2013 16:26:52.642	I : Send Tel: 74|1005|1|1|2013|8|20|10|30|45|0|0|254|1|3|2|-1|-1|-1|-1|;  FILE: .\CSendItemsServer.cpp; FUNCTION: CSendItemsServer::sendSzenItem; LINE: 171; .NET Output: ->Void sendSzenItem(CInterSenderManager, CSzenItem)->Void sendOneTelegram()->Void ThreadStart_Context(System.Object)
30-9-2013 16:28:26.364	I : Send Tel: 74|1005|1|1|2013|8|20|10|30|45|0|0|254|1|3|2|-1|-1|-1|-1|;  FILE: .\CSendItemsServer.cpp; FUNCTION: CSendItemsServer::sendSzenItem; LINE: 171; .NET Output: ->Void sendSzenItem(CInterSenderManager, CSzenItem)->Void sendOneTelegram()->Void ThreadStart_Context(System.Object)
30-9-2013 16:47:18.525	I : Send Tel: 74|1004|1|1|2013|8|20|10|30|34|0|0|255|01|3|-1|-1|-1|-1|-1|;  FILE: .\CSendItemsServer.cpp; FUNCTION: CSendItemsServer::sendSzenItem; LINE: 171; .NET Output: ->Void sendSzenItem(CInterSenderManager, CSzenItem)->Void sendOneTelegram()->Void ThreadStart_Context(System.Object)
30-9-2013 16:47:25.244	I : Send Tel: 78|1081|1|1|2013|8|20|10|30|31|0|0|255|3|01|1|-1|-1|-1|-1|-1|;  FILE: .\CSendItemsServer.cpp; FUNCTION: CSendItemsServer::sendSzenItem; LINE: 171; .NET Output: ->Void sendSzenItem(CInterSenderManager, CSzenItem)->Void sendOneTelegram()->Void ThreadStart_Context(System.Object)
30-9-2013 16:47:30.885	I : Send Tel: 104|1023|2013|1|2013|8|20|10|30|21|0|0|5|2|5|20|20|0|500|0|0|25|7|0|0|100|-1|-1|;  FILE: .\CSendItemsServer.cpp; FUNCTION: CSendItemsServer::sendSzenItem; LINE: 171; .NET Output: ->Void sendSzenItem(CInterSenderManager, CSzenItem)->Void sendOneTelegram()->Void ThreadStart_Context(System.Object)
30-9-2013 16:47:37.495	I : Send Tel: 78|1081|1|1|2013|8|20|10|30|31|0|0|255|3|01|7|-1|-1|-1|-1|-1|;  FILE: .\CSendItemsServer.cpp; FUNCTION: CSendItemsServer::sendSzenItem; LINE: 171; .NET Output: ->Void sendSzenItem(CInterSenderManager, CSzenItem)->Void sendOneTelegram()->Void ThreadStart_Context(System.Object)
30-9-2013 16:47:44.214	I : Send Tel: 74|1005|1|1|2013|8|20|10|30|45|0|0|254|1|3|1|-1|-1|-1|-1|;  FILE: .\CSendItemsServer.cpp; FUNCTION: CSendItemsServer::sendSzenItem; LINE: 171; .NET Output: ->Void sendSzenItem(CInterSenderManager, CSzenItem)->Void sendOneTelegram()->Void ThreadStart_Context(System.Object)
30-9-2013 16:47:52.198	I : Send Tel: 74|1005|1|1|2013|8|20|10|30|45|0|0|255|1|3|2|-1|-1|-1|-1|;  FILE: .\CSendItemsServer.cpp; FUNCTION: CSendItemsServer::sendSzenItem; LINE: 171; .NET Output: ->Void sendSzenItem(CInterSenderManager, CSzenItem)->Void sendOneTelegram()->Void ThreadStart_Context(System.Object)
30-9-2013 16:50:12.828	I : Send Tel: 74|1004|1|1|2013|8|20|10|30|34|0|0|256|01|4|-1|-1|-1|-1|-1|;  FILE: .\CSendItemsServer.cpp; FUNCTION: CSendItemsServer::sendSzenItem; LINE: 171; .NET Output: ->Void sendSzenItem(CInterSenderManager, CSzenItem)->Void sendOneTelegram()->Void ThreadStart_Context(System.Object)
30-9-2013 16:50:18.937	I : Send Tel: 78|1081|1|1|2013|8|20|10|30|31|0|0|256|4|01|1|-1|-1|-1|-1|-1|;  FILE: .\CSendItemsServer.cpp; FUNCTION: CSendItemsServer::sendSzenItem; LINE: 171; .NET Output: ->Void sendSzenItem(CInterSenderManager, CSzenItem)->Void sendOneTelegram()->Void ThreadStart_Context(System.Object)
30-9-2013 16:50:25.141	I : Send Tel: 104|1023|2013|1|2013|8|20|10|30|21|0|0|5|2|5|20|20|0|500|0|0|25|7|0|0|100|-1|-1|;  FILE: .\CSendItemsServer.cpp; FUNCTION: CSendItemsServer::sendSzenItem; LINE: 171; .NET Output: ->Void sendSzenItem(CInterSenderManager, CSzenItem)->Void sendOneTelegram()->Void ThreadStart_Context(System.Object)
30-9-2013 16:50:34.751	I : Send Tel: 78|1081|1|1|2013|8|20|10|30|31|0|0|256|4|01|7|-1|-1|-1|-1|-1|;  FILE: .\CSendItemsServer.cpp; FUNCTION: CSendItemsServer::sendSzenItem; LINE: 171; .NET Output: ->Void sendSzenItem(CInterSenderManager, CSzenItem)->Void sendOneTelegram()->Void ThreadStart_Context(System.Object)
30-9-2013 16:50:40.969	I : Send Tel: 74|1005|1|1|2013|8|20|10|30|45|0|0|256|1|4|1|-1|-1|-1|-1|;  FILE: .\CSendItemsServer.cpp; FUNCTION: CSendItemsServer::sendSzenItem; LINE: 171; .NET Output: ->Void sendSzenItem(CInterSenderManager, CSzenItem)->Void sendOneTelegram()->Void ThreadStart_Context(System.Object)
30-9-2013 16:50:46.735	I : Send Tel: 74|1005|1|1|2013|8|20|10|30|45|0|0|256|1|4|2|-1|-1|-1|-1|;  FILE: .\CSendItemsServer.cpp; FUNCTION: CSendItemsServer::sendSzenItem; LINE: 171; .NET Output: ->Void sendSzenItem(CInterSenderManager, CSzenItem)->Void sendOneTelegram()->Void ThreadStart_Context(System.Object)
30-9-2013 17:11:29.931	I : Send Tel: 74|1004|1|1|2013|8|20|10|30|34|0|0|257|01|4|-1|-1|-1|-1|-1|;  FILE: .\CSendItemsServer.cpp; FUNCTION: CSendItemsServer::sendSzenItem; LINE: 171; .NET Output: ->Void sendSzenItem(CInterSenderManager, CSzenItem)->Void sendOneTelegram()->Void ThreadStart_Context(System.Object)
30-9-2013 17:11:35.166	I : Send Tel: 78|1081|1|1|2013|8|20|10|30|31|0|0|257|4|01|1|-1|-1|-1|-1|-1|;  FILE: .\CSendItemsServer.cpp; FUNCTION: CSendItemsServer::sendSzenItem; LINE: 171; .NET Output: ->Void sendSzenItem(CInterSenderManager, CSzenItem)->Void sendOneTelegram()->Void ThreadStart_Context(System.Object)
30-9-2013 17:11:45.229	I : Send Tel: 104|1023|2013|1|2013|8|20|10|30|21|0|0|5|2|5|20|20|0|500|0|0|25|7|0|0|100|-1|-1|;  FILE: .\CSendItemsServer.cpp; FUNCTION: CSendItemsServer::sendSzenItem; LINE: 171; .NET Output: ->Void sendSzenItem(CInterSenderManager, CSzenItem)->Void sendOneTelegram()->Void ThreadStart_Context(System.Object)
30-9-2013 17:11:52.338	I : Send Tel: 78|1081|1|1|2013|8|20|10|30|31|0|0|257|4|01|7|-1|-1|-1|-1|-1|;  FILE: .\CSendItemsServer.cpp; FUNCTION: CSendItemsServer::sendSzenItem; LINE: 171; .NET Output: ->Void sendSzenItem(CInterSenderManager, CSzenItem)->Void sendOneTelegram()->Void ThreadStart_Context(System.Object)
30-9-2013 17:12:1.104	I : Send Tel: 74|1005|1|1|2013|8|20|10|30|45|0|0|257|1|4|1|-1|-1|-1|-1|;  FILE: .\CSendItemsServer.cpp; FUNCTION: CSendItemsServer::sendSzenItem; LINE: 171; .NET Output: ->Void sendSzenItem(CInterSenderManager, CSzenItem)->Void sendOneTelegram()->Void ThreadStart_Context(System.Object)
30-9-2013 17:12:8.651	I : Send Tel: 74|1005|1|1|2013|8|20|10|30|45|0|0|257|1|4|2|-1|-1|-1|-1|;  FILE: .\CSendItemsServer.cpp; FUNCTION: CSendItemsServer::sendSzenItem; LINE: 171; .NET Output: ->Void sendSzenItem(CInterSenderManager, CSzenItem)->Void sendOneTelegram()->Void ThreadStart_Context(System.Object)
30-9-2013 17:12:44.902	I : Send Tel: 74|1005|1|1|2013|8|20|10|30|45|0|0|257|1|4|2|-1|-1|-1|-1|;  FILE: .\CSendItemsServer.cpp; FUNCTION: CSendItemsServer::sendSzenItem; LINE: 171; .NET Output: ->Void sendSzenItem(CInterSenderManager, CSzenItem)->Void sendOneTelegram()->Void ThreadStart_Context(System.Object)
30-9-2013 17:14:33.93	I : Send Tel: 74|1005|1|1|2013|8|20|10|30|45|0|0|257|1|4|2|-1|-1|-1|-1|;  FILE: .\CSendItemsServer.cpp; FUNCTION: CSendItemsServer::sendSzenItem; LINE: 171; .NET Output: ->Void sendSzenItem(CInterSenderManager, CSzenItem)->Void sendOneTelegram()->Void ThreadStart_Context(System.Object)
30-9-2013 17:15:41.596	I : Send Tel: 74|1005|1|1|2013|8|20|10|30|45|0|0|257|1|4|1|-1|-1|-1|-1|;  FILE: .\CSendItemsServer.cpp; FUNCTION: CSendItemsServer::sendSzenItem; LINE: 171; .NET Output: ->Void sendSzenItem(CInterSenderManager, CSzenItem)->Void sendOneTelegram()->Void ThreadStart_Context(System.Object)
30-9-2013 17:15:44.643	I : Send Tel: 74|1005|1|1|2013|8|20|10|30|45|0|0|257|1|4|2|-1|-1|-1|-1|;  FILE: .\CSendItemsServer.cpp; FUNCTION: CSendItemsServer::sendSzenItem; LINE: 171; .NET Output: ->Void sendSzenItem(CInterSenderManager, CSzenItem)->Void sendOneTelegram()->Void ThreadStart_Context(System.Object)
30-9-2013 17:38:3.295	I : Send Tel: 74|1004|1|1|2013|8|20|10|30|34|0|0|258|01|4|-1|-1|-1|-1|-1|;  FILE: .\CSendItemsServer.cpp; FUNCTION: CSendItemsServer::sendSzenItem; LINE: 171; .NET Output: ->Void sendSzenItem(CInterSenderManager, CSzenItem)->Void sendOneTelegram()->Void ThreadStart_Context(System.Object)
30-9-2013 17:38:8.357	I : Send Tel: 78|1081|1|1|2013|8|20|10|30|31|0|0|258|4|01|1|-1|-1|-1|-1|-1|;  FILE: .\CSendItemsServer.cpp; FUNCTION: CSendItemsServer::sendSzenItem; LINE: 171; .NET Output: ->Void sendSzenItem(CInterSenderManager, CSzenItem)->Void sendOneTelegram()->Void ThreadStart_Context(System.Object)
30-9-2013 17:38:20.952	I : Send Tel: 104|1023|2013|1|2013|8|20|10|30|21|0|0|5|2|5|20|20|0|500|0|0|25|7|0|0|100|-1|-1|;  FILE: .\CSendItemsServer.cpp; FUNCTION: CSendItemsServer::sendSzenItem; LINE: 171; .NET Output: ->Void sendSzenItem(CInterSenderManager, CSzenItem)->Void sendOneTelegram()->Void ThreadStart_Context(System.Object)
30-9-2013 17:38:29.139	I : Send Tel: 78|1081|1|1|2013|8|20|10|30|31|0|0|258|4|01|7|-1|-1|-1|-1|-1|;  FILE: .\CSendItemsServer.cpp; FUNCTION: CSendItemsServer::sendSzenItem; LINE: 171; .NET Output: ->Void sendSzenItem(CInterSenderManager, CSzenItem)->Void sendOneTelegram()->Void ThreadStart_Context(System.Object)
30-9-2013 17:38:35.93	I : Send Tel: 74|1005|1|1|2013|8|20|10|30|45|0|0|258|1|4|1|-1|-1|-1|-1|;  FILE: .\CSendItemsServer.cpp; FUNCTION: CSendItemsServer::sendSzenItem; LINE: 171; .NET Output: ->Void sendSzenItem(CInterSenderManager, CSzenItem)->Void sendOneTelegram()->Void ThreadStart_Context(System.Object)
30-9-2013 17:38:39.983	I : Send Tel: 74|1005|1|1|2013|8|20|10|30|45|0|0|258|1|4|2|-1|-1|-1|-1|;  FILE: .\CSendItemsServer.cpp; FUNCTION: CSendItemsServer::sendSzenItem; LINE: 171; .NET Output: ->Void sendSzenItem(CInterSenderManager, CSzenItem)->Void sendOneTelegram()->Void ThreadStart_Context(System.Object)
30-9-2013 17:57:50.114	I : Closed Connection: IP - Address: 10.182.50.108Port: 18510;  FILE: .\CSocketConnectionForm.cpp; FUNCTION: simulator::CSocketConnectionForm::OnClickButtDisconnect; LINE: 230; .NET Output: ->Void OnClickButtDisconnect(System.Object, System.EventArgs)->Void OnClick(System.EventArgs)->Void OnClick(System.EventArgs)
30-9-2013 17:57:50.114	I : Connection disconnected;  FILE: .\CSocketConnection.cpp; FUNCTION: CSocketConnection::disConnection; LINE: 168; .NET Output: ->Boolean disConnection()->Boolean disConnection()->Boolean disConnect()
30-9-2013 17:57:50.114	I : Receive thread (checks server connection) aborted;  FILE: .\CInterSenderManager.cpp; FUNCTION: CInterSenderManager::InvokeReceiveThread; LINE: 101; .NET Output: ->Void InvokeReceiveThread(Boolean)->Boolean disConnect()->Boolean disConnect(Int32)
30-9-2013 17:57:50.114	I : DisConnect was called!;  FILE: .\CInterConnection.cpp; FUNCTION: CInterConnection::disConnect; LINE: 199; .NET Output: ->Boolean disConnect()->Boolean disConnect(Int32)->Void OnClickButtDisconnect(System.Object, System.EventArgs)
30-9-2013 17:58:40.37	I : DisConnect was called!;  FILE: .\CInterConnection.cpp; FUNCTION: CInterConnection::disConnect; LINE: 199; .NET Output: ->Boolean disConnect()->Void disConnectAll()->Void disSocketConnection()
30-9-2013 17:58:41.756	I : All telegrams in szenario removed;  FILE: .\CSzenarium.cpp; FUNCTION: CSzenarium::clearSzenarium; LINE: 562; .NET Output: ->Void clearSzenarium()->Void updateSzenFile()->Void updateSzenFile()
