29-8-2013 9:39:57.544	I : Interface: D:\JSW-SMS-3\SMC\source\TELCOM\TELCOM_IN\TELCOM_IN_Frame\Telcom_In.xml;  FILE: .\Form1.cpp; FUNCTION: simulator::Form1::loadInterface; LINE: 1157; .NET Output: ->Int32 loadInterface(System.String)->Void loadInterfaces()->Void initViewComponent()
29-8-2013 9:39:58.13	I : All telegram objects removed.; FILE: ctlgcontainer.h; FUNCTION: freeTlg; LINE: 161
29-8-2013 9:39:58.13	I : Verctor - list of telegram (re)buildet.; FILE: ctlgcontainer.h; FUNCTION: BuildIndex; LINE: 175
29-8-2013 9:39:58.28	I : Telcom_In->Head For TelCom use only; FILE: cxmltlgprototypereader.cpp; FUNCTION: readOneTelegram; LINE: 219
29-8-2013 9:39:58.28	I : Verctor - list of telegram (re)buildet.; FILE: ctlgcontainer.h; FUNCTION: BuildIndex; LINE: 175
29-8-2013 9:39:58.28	I : Telcom_In->CCSSMC01 Required ladle arrival time from CCS; FILE: cxmltlgprototypereader.cpp; FUNCTION: readOneTelegram; LINE: 219
29-8-2013 9:39:58.28	I : Verctor - list of telegram (re)buildet.; FILE: ctlgcontainer.h; FUNCTION: BuildIndex; LINE: 175
29-8-2013 9:39:58.28	I : Telcom_In->CCSSMC02 Caster and Heat status to SMC; FILE: cxmltlgprototypereader.cpp; FUNCTION: readOneTelegram; LINE: 219
29-8-2013 9:39:58.28	I : Verctor - list of telegram (re)buildet.; FILE: ctlgcontainer.h; FUNCTION: BuildIndex; LINE: 175
29-8-2013 9:39:58.28	I : Telcom_In->EAL200 Acknowledge to Level 2; FILE: cxmltlgprototypereader.cpp; FUNCTION: readOneTelegram; LINE: 219
29-8-2013 9:39:58.44	I : Verctor - list of telegram (re)buildet.; FILE: ctlgcontainer.h; FUNCTION: BuildIndex; LINE: 175
29-8-2013 9:39:58.44	I : Telcom_In->EAL201 Watchdog to Level 2; FILE: cxmltlgprototypereader.cpp; FUNCTION: readOneTelegram; LINE: 219
29-8-2013 9:39:58.44	I : Verctor - list of telegram (re)buildet.; FILE: ctlgcontainer.h; FUNCTION: BuildIndex; LINE: 175
29-8-2013 9:39:58.44	I : Telcom_In->EAL203 Announcement of Heat; FILE: cxmltlgprototypereader.cpp; FUNCTION: readOneTelegram; LINE: 219
29-8-2013 9:39:58.44	I : Verctor - list of telegram (re)buildet.; FILE: ctlgcontainer.h; FUNCTION: BuildIndex; LINE: 175
29-8-2013 9:39:58.44	I : Telcom_In->EAL204 Start of Heat; FILE: cxmltlgprototypereader.cpp; FUNCTION: readOneTelegram; LINE: 219
29-8-2013 9:39:58.44	I : Verctor - list of telegram (re)buildet.; FILE: ctlgcontainer.h; FUNCTION: BuildIndex; LINE: 175
29-8-2013 9:39:58.44	I : Telcom_In->EAL205 End of Heat/Ladle Departure; FILE: cxmltlgprototypereader.cpp; FUNCTION: readOneTelegram; LINE: 219
29-8-2013 9:39:58.44	I : Verctor - list of telegram (re)buildet.; FILE: ctlgcontainer.h; FUNCTION: BuildIndex; LINE: 175
29-8-2013 9:39:58.44	I : Telcom_In->EAL206 Heat Cancellation; FILE: cxmltlgprototypereader.cpp; FUNCTION: readOneTelegram; LINE: 219
29-8-2013 9:39:58.44	I : Verctor - list of telegram (re)buildet.; FILE: ctlgcontainer.h; FUNCTION: BuildIndex; LINE: 175
29-8-2013 9:39:58.44	I : Telcom_In->EAL207 Tapping Start/End; FILE: cxmltlgprototypereader.cpp; FUNCTION: readOneTelegram; LINE: 219
29-8-2013 9:39:58.59	I : Verctor - list of telegram (re)buildet.; FILE: ctlgcontainer.h; FUNCTION: BuildIndex; LINE: 175
29-8-2013 9:39:58.59	I : Telcom_In->EAL209 Sample Taken; FILE: cxmltlgprototypereader.cpp; FUNCTION: readOneTelegram; LINE: 219
29-8-2013 9:39:58.59	I : Verctor - list of telegram (re)buildet.; FILE: ctlgcontainer.h; FUNCTION: BuildIndex; LINE: 175
29-8-2013 9:39:58.59	I : Telcom_In->EAL211 Temperature/CELOX Taken; FILE: cxmltlgprototypereader.cpp; FUNCTION: readOneTelegram; LINE: 219
29-8-2013 9:39:58.59	I : Verctor - list of telegram (re)buildet.; FILE: ctlgcontainer.h; FUNCTION: BuildIndex; LINE: 175
29-8-2013 9:39:58.59	I : Telcom_In->EAL214 Update Tap Ladle Data; FILE: cxmltlgprototypereader.cpp; FUNCTION: readOneTelegram; LINE: 219
29-8-2013 9:39:58.59	I : Verctor - list of telegram (re)buildet.; FILE: ctlgcontainer.h; FUNCTION: BuildIndex; LINE: 175
29-8-2013 9:39:58.59	I : Telcom_In->EAL215 Basket/Hotmetal Charging; FILE: cxmltlgprototypereader.cpp; FUNCTION: readOneTelegram; LINE: 219
29-8-2013 9:39:58.59	I : Verctor - list of telegram (re)buildet.; FILE: ctlgcontainer.h; FUNCTION: BuildIndex; LINE: 175
29-8-2013 9:39:58.59	I : Telcom_In->EAL216 Deslagging Status; FILE: cxmltlgprototypereader.cpp; FUNCTION: readOneTelegram; LINE: 219
29-8-2013 9:39:58.75	I : Verctor - list of telegram (re)buildet.; FILE: ctlgcontainer.h; FUNCTION: BuildIndex; LINE: 175
29-8-2013 9:39:58.75	I : Telcom_In->EAL217 Delay Status; FILE: cxmltlgprototypereader.cpp; FUNCTION: readOneTelegram; LINE: 219
29-8-2013 9:39:58.75	I : Verctor - list of telegram (re)buildet.; FILE: ctlgcontainer.h; FUNCTION: BuildIndex; LINE: 175
29-8-2013 9:39:58.75	I : Telcom_In->EAL220 Computer Modes; FILE: cxmltlgprototypereader.cpp; FUNCTION: readOneTelegram; LINE: 219
29-8-2013 9:39:58.75	I : Verctor - list of telegram (re)buildet.; FILE: ctlgcontainer.h; FUNCTION: BuildIndex; LINE: 175
29-8-2013 9:39:58.75	I : Telcom_In->EAL221 Furnace Status Roof/Gantry; FILE: cxmltlgprototypereader.cpp; FUNCTION: readOneTelegram; LINE: 219
29-8-2013 9:39:58.75	I : Verctor - list of telegram (re)buildet.; FILE: ctlgcontainer.h; FUNCTION: BuildIndex; LINE: 175
29-8-2013 9:39:58.75	I : Telcom_In->EAL222 Furnace Electrical Status; FILE: cxmltlgprototypereader.cpp; FUNCTION: readOneTelegram; LINE: 219
29-8-2013 9:39:58.75	I : Verctor - list of telegram (re)buildet.; FILE: ctlgcontainer.h; FUNCTION: BuildIndex; LINE: 175
29-8-2013 9:39:58.91	I : Telcom_In->EAL223 Electrical Values; FILE: cxmltlgprototypereader.cpp; FUNCTION: readOneTelegram; LINE: 219
29-8-2013 9:39:58.91	I : Verctor - list of telegram (re)buildet.; FILE: ctlgcontainer.h; FUNCTION: BuildIndex; LINE: 175
29-8-2013 9:39:58.91	I : Telcom_In->EAL224 Material Injection Availabilities; FILE: cxmltlgprototypereader.cpp; FUNCTION: readOneTelegram; LINE: 219
29-8-2013 9:39:58.91	I : Verctor - list of telegram (re)buildet.; FILE: ctlgcontainer.h; FUNCTION: BuildIndex; LINE: 175
29-8-2013 9:39:58.91	I : Telcom_In->EAL225 Material Injection Status; FILE: cxmltlgprototypereader.cpp; FUNCTION: readOneTelegram; LINE: 219
29-8-2013 9:39:58.91	I : Verctor - list of telegram (re)buildet.; FILE: ctlgcontainer.h; FUNCTION: BuildIndex; LINE: 175
29-8-2013 9:39:58.91	I : Telcom_In->EAL226 Material Injection Actual Values; FILE: cxmltlgprototypereader.cpp; FUNCTION: readOneTelegram; LINE: 219
29-8-2013 9:39:58.106	I : Verctor - list of telegram (re)buildet.; FILE: ctlgcontainer.h; FUNCTION: BuildIndex; LINE: 175
29-8-2013 9:39:58.106	I : Telcom_In->EAL227 Burner Gas Availabilities; FILE: cxmltlgprototypereader.cpp; FUNCTION: readOneTelegram; LINE: 219
29-8-2013 9:39:58.106	I : Verctor - list of telegram (re)buildet.; FILE: ctlgcontainer.h; FUNCTION: BuildIndex; LINE: 175
29-8-2013 9:39:58.106	I : Telcom_In->EAL228 Burner Status; FILE: cxmltlgprototypereader.cpp; FUNCTION: readOneTelegram; LINE: 219
29-8-2013 9:39:58.106	I : Verctor - list of telegram (re)buildet.; FILE: ctlgcontainer.h; FUNCTION: BuildIndex; LINE: 175
29-8-2013 9:39:58.106	I : Telcom_In->EAL229 Burner Actual Values; FILE: cxmltlgprototypereader.cpp; FUNCTION: readOneTelegram; LINE: 219
29-8-2013 9:39:58.106	I : Verctor - list of telegram (re)buildet.; FILE: ctlgcontainer.h; FUNCTION: BuildIndex; LINE: 175
29-8-2013 9:39:58.106	I : Telcom_In->EAL230 Oxygen Injection Availability; FILE: cxmltlgprototypereader.cpp; FUNCTION: readOneTelegram; LINE: 219
29-8-2013 9:39:58.106	I : Verctor - list of telegram (re)buildet.; FILE: ctlgcontainer.h; FUNCTION: BuildIndex; LINE: 175
29-8-2013 9:39:58.122	I : Telcom_In->EAL231 Oxygen Injector Status; FILE: cxmltlgprototypereader.cpp; FUNCTION: readOneTelegram; LINE: 219
29-8-2013 9:39:58.122	I : Verctor - list of telegram (re)buildet.; FILE: ctlgcontainer.h; FUNCTION: BuildIndex; LINE: 175
29-8-2013 9:39:58.122	I : Telcom_In->EAL232 Oxygen Injection Actual Values; FILE: cxmltlgprototypereader.cpp; FUNCTION: readOneTelegram; LINE: 219
29-8-2013 9:39:58.138	I : Verctor - list of telegram (re)buildet.; FILE: ctlgcontainer.h; FUNCTION: BuildIndex; LINE: 175
29-8-2013 9:39:58.138	I : Telcom_In->EAL233 Cooling Water Values; FILE: cxmltlgprototypereader.cpp; FUNCTION: readOneTelegram; LINE: 219
29-8-2013 9:39:58.138	I : Verctor - list of telegram (re)buildet.; FILE: ctlgcontainer.h; FUNCTION: BuildIndex; LINE: 175
29-8-2013 9:39:58.138	I : Telcom_In->EAL234 Status of Vessel Bottom Stirring; FILE: cxmltlgprototypereader.cpp; FUNCTION: readOneTelegram; LINE: 219
29-8-2013 9:39:58.138	I : Verctor - list of telegram (re)buildet.; FILE: ctlgcontainer.h; FUNCTION: BuildIndex; LINE: 175
29-8-2013 9:39:58.138	I : Telcom_In->EAL235 Actual Values of Vessel Stirring; FILE: cxmltlgprototypereader.cpp; FUNCTION: readOneTelegram; LINE: 219
29-8-2013 9:39:58.138	I : Verctor - list of telegram (re)buildet.; FILE: ctlgcontainer.h; FUNCTION: BuildIndex; LINE: 175
29-8-2013 9:39:58.138	I : Telcom_In->EAL236 Status of Ladle Bottom Stirring; FILE: cxmltlgprototypereader.cpp; FUNCTION: readOneTelegram; LINE: 219
29-8-2013 9:39:58.153	I : Verctor - list of telegram (re)buildet.; FILE: ctlgcontainer.h; FUNCTION: BuildIndex; LINE: 175
29-8-2013 9:39:58.153	I : Telcom_In->EAL237 Actual Values of Ladle Bottom Stirring; FILE: cxmltlgprototypereader.cpp; FUNCTION: readOneTelegram; LINE: 219
29-8-2013 9:39:58.153	I : Verctor - list of telegram (re)buildet.; FILE: ctlgcontainer.h; FUNCTION: BuildIndex; LINE: 175
29-8-2013 9:39:58.153	I : Telcom_In->EAL240 Flame Profiles; FILE: cxmltlgprototypereader.cpp; FUNCTION: readOneTelegram; LINE: 219
29-8-2013 9:39:58.153	I : Verctor - list of telegram (re)buildet.; FILE: ctlgcontainer.h; FUNCTION: BuildIndex; LINE: 175
29-8-2013 9:39:58.153	I : Telcom_In->EAL241 EAF Level 1 Parameter; FILE: cxmltlgprototypereader.cpp; FUNCTION: readOneTelegram; LINE: 219
29-8-2013 9:39:58.169	I : Verctor - list of telegram (re)buildet.; FILE: ctlgcontainer.h; FUNCTION: BuildIndex; LINE: 175
29-8-2013 9:39:58.169	I : Telcom_In->EAL250 Waste Gas Flows; FILE: cxmltlgprototypereader.cpp; FUNCTION: readOneTelegram; LINE: 219
29-8-2013 9:39:58.169	I : Verctor - list of telegram (re)buildet.; FILE: ctlgcontainer.h; FUNCTION: BuildIndex; LINE: 175
29-8-2013 9:39:58.169	I : Telcom_In->EAL260 Material Handling Report; FILE: cxmltlgprototypereader.cpp; FUNCTION: readOneTelegram; LINE: 219
29-8-2013 9:39:58.184	I : Verctor - list of telegram (re)buildet.; FILE: ctlgcontainer.h; FUNCTION: BuildIndex; LINE: 175
29-8-2013 9:39:58.184	I : Telcom_In->EAL261 Material Availabilities; FILE: cxmltlgprototypereader.cpp; FUNCTION: readOneTelegram; LINE: 219
29-8-2013 9:39:58.184	I : Verctor - list of telegram (re)buildet.; FILE: ctlgcontainer.h; FUNCTION: BuildIndex; LINE: 175
29-8-2013 9:39:58.184	I : Telcom_In->EAL262 Material Feeding System; FILE: cxmltlgprototypereader.cpp; FUNCTION: readOneTelegram; LINE: 219
29-8-2013 9:39:58.184	I : Verctor - list of telegram (re)buildet.; FILE: ctlgcontainer.h; FUNCTION: BuildIndex; LINE: 175
29-8-2013 9:39:58.184	I : Telcom_In->EAL263 Material Feeding Status; FILE: cxmltlgprototypereader.cpp; FUNCTION: readOneTelegram; LINE: 219
29-8-2013 9:39:58.200	I : Verctor - list of telegram (re)buildet.; FILE: ctlgcontainer.h; FUNCTION: BuildIndex; LINE: 175
29-8-2013 9:39:58.200	I : Telcom_In->EAL270 Liquid Material Handling Report; FILE: cxmltlgprototypereader.cpp; FUNCTION: readOneTelegram; LINE: 219
29-8-2013 9:39:58.200	I : Verctor - list of telegram (re)buildet.; FILE: ctlgcontainer.h; FUNCTION: BuildIndex; LINE: 175
29-8-2013 9:39:58.200	I : Telcom_In->EAL280 Phase Report; FILE: cxmltlgprototypereader.cpp; FUNCTION: readOneTelegram; LINE: 219
29-8-2013 9:39:58.200	I : Verctor - list of telegram (re)buildet.; FILE: ctlgcontainer.h; FUNCTION: BuildIndex; LINE: 175
29-8-2013 9:39:58.200	I : Telcom_In->EAL281 Basket Request; FILE: cxmltlgprototypereader.cpp; FUNCTION: readOneTelegram; LINE: 219
29-8-2013 9:39:58.200	I : Verctor - list of telegram (re)buildet.; FILE: ctlgcontainer.h; FUNCTION: BuildIndex; LINE: 175
29-8-2013 9:39:58.200	I : Telcom_In->L2HD00 Acknowledge to Level 2; FILE: cxmltlgprototypereader.cpp; FUNCTION: readOneTelegram; LINE: 219
29-8-2013 9:39:58.216	I : Verctor - list of telegram (re)buildet.; FILE: ctlgcontainer.h; FUNCTION: BuildIndex; LINE: 175
29-8-2013 9:39:58.216	I : Telcom_In->HDL201 Watchdog primary; FILE: cxmltlgprototypereader.cpp; FUNCTION: readOneTelegram; LINE: 219
29-8-2013 9:39:58.216	I : Verctor - list of telegram (re)buildet.; FILE: ctlgcontainer.h; FUNCTION: BuildIndex; LINE: 175
29-8-2013 9:39:58.216	I : Telcom_In->HDL203 Announcement of Heat; FILE: cxmltlgprototypereader.cpp; FUNCTION: readOneTelegram; LINE: 219
29-8-2013 9:39:58.216	I : Verctor - list of telegram (re)buildet.; FILE: ctlgcontainer.h; FUNCTION: BuildIndex; LINE: 175
29-8-2013 9:39:58.216	I : Telcom_In->HDL204 Start of Heat; FILE: cxmltlgprototypereader.cpp; FUNCTION: readOneTelegram; LINE: 219
29-8-2013 9:39:58.216	I : Verctor - list of telegram (re)buildet.; FILE: ctlgcontainer.h; FUNCTION: BuildIndex; LINE: 175
29-8-2013 9:39:58.216	I : Telcom_In->HDL205 End of Heat/LDL Departure; FILE: cxmltlgprototypereader.cpp; FUNCTION: readOneTelegram; LINE: 219
29-8-2013 9:39:58.216	I : Verctor - list of telegram (re)buildet.; FILE: ctlgcontainer.h; FUNCTION: BuildIndex; LINE: 175
29-8-2013 9:39:58.216	I : Telcom_In->HDL206 Heat Cancelled; FILE: cxmltlgprototypereader.cpp; FUNCTION: readOneTelegram; LINE: 219
29-8-2013 9:39:58.231	I : Verctor - list of telegram (re)buildet.; FILE: ctlgcontainer.h; FUNCTION: BuildIndex; LINE: 175
29-8-2013 9:39:58.231	I : Telcom_In->HDL209 Sample Taken; FILE: cxmltlgprototypereader.cpp; FUNCTION: readOneTelegram; LINE: 219
29-8-2013 9:39:58.231	I : Verctor - list of telegram (re)buildet.; FILE: ctlgcontainer.h; FUNCTION: BuildIndex; LINE: 175
29-8-2013 9:39:58.231	I : Telcom_In->HDL211 Temp is taken; FILE: cxmltlgprototypereader.cpp; FUNCTION: readOneTelegram; LINE: 219
29-8-2013 9:39:58.231	I : Verctor - list of telegram (re)buildet.; FILE: ctlgcontainer.h; FUNCTION: BuildIndex; LINE: 175
29-8-2013 9:39:58.231	I : Telcom_In->HDL213 Update Aim Departure Time; FILE: cxmltlgprototypereader.cpp; FUNCTION: readOneTelegram; LINE: 219
29-8-2013 9:39:58.231	I : Verctor - list of telegram (re)buildet.; FILE: ctlgcontainer.h; FUNCTION: BuildIndex; LINE: 175
29-8-2013 9:39:58.231	I : Telcom_In->HDL220 HMD Operation Modes; FILE: cxmltlgprototypereader.cpp; FUNCTION: readOneTelegram; LINE: 219
29-8-2013 9:39:58.231	I : Verctor - list of telegram (re)buildet.; FILE: ctlgcontainer.h; FUNCTION: BuildIndex; LINE: 175
29-8-2013 9:39:58.231	I : Telcom_In->HDL221 Plant Status; FILE: cxmltlgprototypereader.cpp; FUNCTION: readOneTelegram; LINE: 219
29-8-2013 9:39:58.247	I : Verctor - list of telegram (re)buildet.; FILE: ctlgcontainer.h; FUNCTION: BuildIndex; LINE: 175
29-8-2013 9:39:58.247	I : Telcom_In->HDL223 HMD Actual Values; FILE: cxmltlgprototypereader.cpp; FUNCTION: readOneTelegram; LINE: 219
29-8-2013 9:39:58.247	I : Verctor - list of telegram (re)buildet.; FILE: ctlgcontainer.h; FUNCTION: BuildIndex; LINE: 175
29-8-2013 9:39:58.247	I : Telcom_In->HDL260 Blowing Report; FILE: cxmltlgprototypereader.cpp; FUNCTION: readOneTelegram; LINE: 219
29-8-2013 9:39:58.263	I : Verctor - list of telegram (re)buildet.; FILE: ctlgcontainer.h; FUNCTION: BuildIndex; LINE: 175
29-8-2013 9:39:58.263	I : Telcom_In->HDL261 Material Availbilities for Powder; FILE: cxmltlgprototypereader.cpp; FUNCTION: readOneTelegram; LINE: 219
29-8-2013 9:39:58.263	I : Verctor - list of telegram (re)buildet.; FILE: ctlgcontainer.h; FUNCTION: BuildIndex; LINE: 175
29-8-2013 9:39:58.263	I : Telcom_In->HDL270 Liquid Material Handling Report; FILE: cxmltlgprototypereader.cpp; FUNCTION: readOneTelegram; LINE: 219
29-8-2013 9:39:58.263	I : Verctor - list of telegram (re)buildet.; FILE: ctlgcontainer.h; FUNCTION: BuildIndex; LINE: 175
29-8-2013 9:39:58.263	I : Telcom_In->HDL281 Treatment Steps; FILE: cxmltlgprototypereader.cpp; FUNCTION: readOneTelegram; LINE: 219
29-8-2013 9:39:58.263	I : Verctor - list of telegram (re)buildet.; FILE: ctlgcontainer.h; FUNCTION: BuildIndex; LINE: 175
29-8-2013 9:39:58.263	I : Telcom_In->L3SMC01 Cyclic alive telegram from L3; FILE: cxmltlgprototypereader.cpp; FUNCTION: readOneTelegram; LINE: 219
29-8-2013 9:39:58.294	I : Verctor - list of telegram (re)buildet.; FILE: ctlgcontainer.h; FUNCTION: BuildIndex; LINE: 175
29-8-2013 9:39:58.294	I : Telcom_In->L3SMC02 Heat Schedule From L3; FILE: cxmltlgprototypereader.cpp; FUNCTION: readOneTelegram; LINE: 219
29-8-2013 9:39:58.294	I : Verctor - list of telegram (re)buildet.; FILE: ctlgcontainer.h; FUNCTION: BuildIndex; LINE: 175
29-8-2013 9:39:58.294	I : Telcom_In->L3SMC03 Production Order Data; FILE: cxmltlgprototypereader.cpp; FUNCTION: readOneTelegram; LINE: 219
29-8-2013 9:39:58.356	I : Verctor - list of telegram (re)buildet.; FILE: ctlgcontainer.h; FUNCTION: BuildIndex; LINE: 175
29-8-2013 9:39:58.356	I : Telcom_In->L3SMC06 Steel Grade Code Definition; FILE: cxmltlgprototypereader.cpp; FUNCTION: readOneTelegram; LINE: 219
29-8-2013 9:39:58.356	I : Verctor - list of telegram (re)buildet.; FILE: ctlgcontainer.h; FUNCTION: BuildIndex; LINE: 175
29-8-2013 9:39:58.356	I : Telcom_In->L3SMC07 Delay Code Definition; FILE: cxmltlgprototypereader.cpp; FUNCTION: readOneTelegram; LINE: 219
29-8-2013 9:39:58.372	I : Verctor - list of telegram (re)buildet.; FILE: ctlgcontainer.h; FUNCTION: BuildIndex; LINE: 175
29-8-2013 9:39:58.372	I : Telcom_In->L3SMC08 Material Code Definition; FILE: cxmltlgprototypereader.cpp; FUNCTION: readOneTelegram; LINE: 219
29-8-2013 9:39:58.372	I : Verctor - list of telegram (re)buildet.; FILE: ctlgcontainer.h; FUNCTION: BuildIndex; LINE: 175
29-8-2013 9:39:58.372	I : Telcom_In->L3SMC09 Status Request; FILE: cxmltlgprototypereader.cpp; FUNCTION: readOneTelegram; LINE: 219
29-8-2013 9:39:58.372	I : Verctor - list of telegram (re)buildet.; FILE: ctlgcontainer.h; FUNCTION: BuildIndex; LINE: 175
29-8-2013 9:39:58.372	I : Telcom_In->LABSMC01 Cyclic alive telegram from LAB; FILE: cxmltlgprototypereader.cpp; FUNCTION: readOneTelegram; LINE: 219
29-8-2013 9:39:58.388	I : Verctor - list of telegram (re)buildet.; FILE: ctlgcontainer.h; FUNCTION: BuildIndex; LINE: 175
29-8-2013 9:39:58.388	I : Telcom_In->LABSMC02 Steel analysis data; FILE: cxmltlgprototypereader.cpp; FUNCTION: readOneTelegram; LINE: 219
29-8-2013 9:39:58.388	I : Verctor - list of telegram (re)buildet.; FILE: ctlgcontainer.h; FUNCTION: BuildIndex; LINE: 175
29-8-2013 9:39:58.388	I : Telcom_In->LABSMC03 Slag analysis data; FILE: cxmltlgprototypereader.cpp; FUNCTION: readOneTelegram; LINE: 219
29-8-2013 9:39:58.388	I : Verctor - list of telegram (re)buildet.; FILE: ctlgcontainer.h; FUNCTION: BuildIndex; LINE: 175
29-8-2013 9:39:58.388	I : Telcom_In->LFL200 Acknowledge to Level 2; FILE: cxmltlgprototypereader.cpp; FUNCTION: readOneTelegram; LINE: 219
29-8-2013 9:39:58.388	I : Verctor - list of telegram (re)buildet.; FILE: ctlgcontainer.h; FUNCTION: BuildIndex; LINE: 175
29-8-2013 9:39:58.388	I : Telcom_In->LFL201 Watchdog to Level 2; FILE: cxmltlgprototypereader.cpp; FUNCTION: readOneTelegram; LINE: 219
29-8-2013 9:39:58.403	I : Verctor - list of telegram (re)buildet.; FILE: ctlgcontainer.h; FUNCTION: BuildIndex; LINE: 175
29-8-2013 9:39:58.403	I : Telcom_In->LFL203 Announcement of Heat; FILE: cxmltlgprototypereader.cpp; FUNCTION: readOneTelegram; LINE: 219
29-8-2013 9:39:58.403	I : Verctor - list of telegram (re)buildet.; FILE: ctlgcontainer.h; FUNCTION: BuildIndex; LINE: 175
29-8-2013 9:39:58.403	I : Telcom_In->LFL204 Start of Heat; FILE: cxmltlgprototypereader.cpp; FUNCTION: readOneTelegram; LINE: 219
29-8-2013 9:39:58.403	I : Verctor - list of telegram (re)buildet.; FILE: ctlgcontainer.h; FUNCTION: BuildIndex; LINE: 175
29-8-2013 9:39:58.403	I : Telcom_In->LFL205 End of Heat/Ladle Departure; FILE: cxmltlgprototypereader.cpp; FUNCTION: readOneTelegram; LINE: 219
29-8-2013 9:39:58.403	I : Verctor - list of telegram (re)buildet.; FILE: ctlgcontainer.h; FUNCTION: BuildIndex; LINE: 175
29-8-2013 9:39:58.403	I : Telcom_In->LFL206 Heat Cancellation; FILE: cxmltlgprototypereader.cpp; FUNCTION: readOneTelegram; LINE: 219
29-8-2013 9:39:58.419	I : Verctor - list of telegram (re)buildet.; FILE: ctlgcontainer.h; FUNCTION: BuildIndex; LINE: 175
29-8-2013 9:39:58.419	I : Telcom_In->LFL209 Sample Taken; FILE: cxmltlgprototypereader.cpp; FUNCTION: readOneTelegram; LINE: 219
29-8-2013 9:39:58.419	I : Verctor - list of telegram (re)buildet.; FILE: ctlgcontainer.h; FUNCTION: BuildIndex; LINE: 175
29-8-2013 9:39:58.419	I : Telcom_In->LFL211 Temperature/CELOX Taken; FILE: cxmltlgprototypereader.cpp; FUNCTION: readOneTelegram; LINE: 219
29-8-2013 9:39:58.419	I : Verctor - list of telegram (re)buildet.; FILE: ctlgcontainer.h; FUNCTION: BuildIndex; LINE: 175
29-8-2013 9:39:58.419	I : Telcom_In->LFL212 Aim Temperature; FILE: cxmltlgprototypereader.cpp; FUNCTION: readOneTelegram; LINE: 219
29-8-2013 9:39:58.419	I : Verctor - list of telegram (re)buildet.; FILE: ctlgcontainer.h; FUNCTION: BuildIndex; LINE: 175
29-8-2013 9:39:58.419	I : Telcom_In->LFL213 Aim Departure Time; FILE: cxmltlgprototypereader.cpp; FUNCTION: readOneTelegram; LINE: 219
29-8-2013 9:39:58.434	I : Verctor - list of telegram (re)buildet.; FILE: ctlgcontainer.h; FUNCTION: BuildIndex; LINE: 175
29-8-2013 9:39:58.434	I : Telcom_In->LFL217 Delay Status; FILE: cxmltlgprototypereader.cpp; FUNCTION: readOneTelegram; LINE: 219
29-8-2013 9:39:58.434	I : Verctor - list of telegram (re)buildet.; FILE: ctlgcontainer.h; FUNCTION: BuildIndex; LINE: 175
29-8-2013 9:39:58.434	I : Telcom_In->LFL220 Computer Modes; FILE: cxmltlgprototypereader.cpp; FUNCTION: readOneTelegram; LINE: 219
29-8-2013 9:39:58.434	I : Verctor - list of telegram (re)buildet.; FILE: ctlgcontainer.h; FUNCTION: BuildIndex; LINE: 175
29-8-2013 9:39:58.434	I : Telcom_In->LFL221 Furnace Status; FILE: cxmltlgprototypereader.cpp; FUNCTION: readOneTelegram; LINE: 219
29-8-2013 9:39:58.450	I : Verctor - list of telegram (re)buildet.; FILE: ctlgcontainer.h; FUNCTION: BuildIndex; LINE: 175
29-8-2013 9:39:58.450	I : Telcom_In->LFL222 Electrical Status; FILE: cxmltlgprototypereader.cpp; FUNCTION: readOneTelegram; LINE: 219
29-8-2013 9:39:58.450	I : Verctor - list of telegram (re)buildet.; FILE: ctlgcontainer.h; FUNCTION: BuildIndex; LINE: 175
29-8-2013 9:39:58.450	I : Telcom_In->LFL223 Electrical Values; FILE: cxmltlgprototypereader.cpp; FUNCTION: readOneTelegram; LINE: 219
29-8-2013 9:39:58.450	I : Verctor - list of telegram (re)buildet.; FILE: ctlgcontainer.h; FUNCTION: BuildIndex; LINE: 175
29-8-2013 9:39:58.450	I : Telcom_In->LFL224 Bottom Stirring Status; FILE: cxmltlgprototypereader.cpp; FUNCTION: readOneTelegram; LINE: 219
29-8-2013 9:39:58.450	I : Verctor - list of telegram (re)buildet.; FILE: ctlgcontainer.h; FUNCTION: BuildIndex; LINE: 175
29-8-2013 9:39:58.450	I : Telcom_In->LFL225 Emergency Lance Stirring Status; FILE: cxmltlgprototypereader.cpp; FUNCTION: readOneTelegram; LINE: 219
29-8-2013 9:39:58.466	I : Verctor - list of telegram (re)buildet.; FILE: ctlgcontainer.h; FUNCTION: BuildIndex; LINE: 175
29-8-2013 9:39:58.466	I : Telcom_In->LFL226 Bottom Stirring Values; FILE: cxmltlgprototypereader.cpp; FUNCTION: readOneTelegram; LINE: 219
29-8-2013 9:39:58.466	I : Verctor - list of telegram (re)buildet.; FILE: ctlgcontainer.h; FUNCTION: BuildIndex; LINE: 175
29-8-2013 9:39:58.466	I : Telcom_In->LFL230 Cooling Water; FILE: cxmltlgprototypereader.cpp; FUNCTION: readOneTelegram; LINE: 219
29-8-2013 9:39:58.466	I : Verctor - list of telegram (re)buildet.; FILE: ctlgcontainer.h; FUNCTION: BuildIndex; LINE: 175
29-8-2013 9:39:58.466	I : Telcom_In->LFL240 LF Level 1Parameter; FILE: cxmltlgprototypereader.cpp; FUNCTION: readOneTelegram; LINE: 219
29-8-2013 9:39:58.481	I : Verctor - list of telegram (re)buildet.; FILE: ctlgcontainer.h; FUNCTION: BuildIndex; LINE: 175
29-8-2013 9:39:58.481	I : Telcom_In->LFL260 Material Handling Report; FILE: cxmltlgprototypereader.cpp; FUNCTION: readOneTelegram; LINE: 219
29-8-2013 9:39:58.481	I : Verctor - list of telegram (re)buildet.; FILE: ctlgcontainer.h; FUNCTION: BuildIndex; LINE: 175
29-8-2013 9:39:58.481	I : Telcom_In->LFL261 Material Availability; FILE: cxmltlgprototypereader.cpp; FUNCTION: readOneTelegram; LINE: 219
29-8-2013 9:39:58.497	I : Verctor - list of telegram (re)buildet.; FILE: ctlgcontainer.h; FUNCTION: BuildIndex; LINE: 175
29-8-2013 9:39:58.497	I : Telcom_In->LFL270 Liquid Material Handling Report; FILE: cxmltlgprototypereader.cpp; FUNCTION: readOneTelegram; LINE: 219
29-8-2013 9:39:58.497	I : Verctor - list of telegram (re)buildet.; FILE: ctlgcontainer.h; FUNCTION: BuildIndex; LINE: 175
29-8-2013 9:39:58.497	I : Telcom_In->LFL281 Treatment Steps; FILE: cxmltlgprototypereader.cpp; FUNCTION: readOneTelegram; LINE: 219
29-8-2013 9:39:58.497	I : Verctor - list of telegram (re)buildet.; FILE: ctlgcontainer.h; FUNCTION: BuildIndex; LINE: 175
29-8-2013 9:39:58.497	I : Telcom_In->L2SY00 For acknowledge, send to SCY; FILE: cxmltlgprototypereader.cpp; FUNCTION: readOneTelegram; LINE: 219
29-8-2013 9:39:58.497	I : Verctor - list of telegram (re)buildet.; FILE: ctlgcontainer.h; FUNCTION: BuildIndex; LINE: 175
29-8-2013 9:39:58.497	I : Telcom_In->SYL291 Watchdog to Level 2; FILE: cxmltlgprototypereader.cpp; FUNCTION: readOneTelegram; LINE: 219
29-8-2013 9:39:58.513	I : Verctor - list of telegram (re)buildet.; FILE: ctlgcontainer.h; FUNCTION: BuildIndex; LINE: 175
29-8-2013 9:39:58.513	I : Telcom_In->SYL292 Scrap Container Loading Results; FILE: cxmltlgprototypereader.cpp; FUNCTION: readOneTelegram; LINE: 219
29-8-2013 9:39:58.513	I : Verctor - list of telegram (re)buildet.; FILE: ctlgcontainer.h; FUNCTION: BuildIndex; LINE: 175
29-8-2013 9:39:58.513	I : Telcom_In->SYL293 Request for Download of Scrap Loading Instructions; FILE: cxmltlgprototypereader.cpp; FUNCTION: readOneTelegram; LINE: 219
29-8-2013 9:39:58.513	I : Verctor - list of telegram (re)buildet.; FILE: ctlgcontainer.h; FUNCTION: BuildIndex; LINE: 175
29-8-2013 9:39:58.513	I : Telcom_In->SYL295 Request for Download of Available Scrap Materials; FILE: cxmltlgprototypereader.cpp; FUNCTION: readOneTelegram; LINE: 219
29-8-2013 9:39:58.591	I :      99  Telegrams found;  FILE: .\Form1.cpp; FUNCTION: simulator::Form1::loadInterface; LINE: 1173; .NET Output: ->Int32 loadInterface(System.String)->Void loadInterfaces()->Void initViewComponent()
29-8-2013 9:39:58.591	I : All telegram objects removed.; FILE: ctlgcontainer.h; FUNCTION: freeTlg; LINE: 161
29-8-2013 12:2:16.82	I : Load:  D:\JSW-SMS-3\SMC\source\Tools\Simulator\Simulator\Executable\HMDS.szn;  FILE: .\CSenderForm.cpp; FUNCTION: simulator::CSenderForm::loadSzenarium; LINE: 507; .NET Output: ->Void loadSzenarium(System.String)->Void OnMenuFileSzenOpenClick(System.Object, System.EventArgs)->Void OnClick(System.EventArgs)
29-8-2013 12:2:16.207	I : All telegrams in szenario removed;  FILE: .\CSzenarium.cpp; FUNCTION: CSzenarium::clearSzenarium; LINE: 562; .NET Output: ->Void clearSzenarium()->Void loadSzenarium(System.String, System.Collections.ArrayList)->Void loadSzenarium(System.String)
29-8-2013 12:23:33.615	I : All telegrams in szenario removed;  FILE: .\CSzenarium.cpp; FUNCTION: CSzenarium::clearSzenarium; LINE: 562; .NET Output: ->Void clearSzenarium()->Void updateSzenFile()->Void updateSzenFile()
29-8-2013 12:24:14.306	I : Load:  D:\JSW-SMS-3\SMC\source\Tools\Simulator\Simulator\Executable\HMDS.szn;  FILE: .\CSenderForm.cpp; FUNCTION: simulator::CSenderForm::loadSzenarium; LINE: 507; .NET Output: ->Void loadSzenarium(System.String)->Void OnMenuFileSzenOpenClick(System.Object, System.EventArgs)->Void OnClick(System.EventArgs)
29-8-2013 12:24:14.306	I : All telegrams in szenario removed;  FILE: .\CSzenarium.cpp; FUNCTION: CSzenarium::clearSzenarium; LINE: 562; .NET Output: ->Void clearSzenarium()->Void loadSzenarium(System.String, System.Collections.ArrayList)->Void loadSzenarium(System.String)
29-8-2013 12:24:33.635	I : HDL261 swapped;  FILE: .\CSzenarium.cpp; FUNCTION: CSzenarium::swapItems; LINE: 306; .NET Output: ->Void swapItems(Int32, Int32)->Void OnButtTlgUpClick(System.Object, System.EventArgs)->Void OnClick(System.EventArgs)
29-8-2013 12:24:34.41	I : HDL261 swapped;  FILE: .\CSzenarium.cpp; FUNCTION: CSzenarium::swapItems; LINE: 306; .NET Output: ->Void swapItems(Int32, Int32)->Void OnButtTlgUpClick(System.Object, System.EventArgs)->Void OnClick(System.EventArgs)
29-8-2013 12:24:34.385	I : HDL261 swapped;  FILE: .\CSzenarium.cpp; FUNCTION: CSzenarium::swapItems; LINE: 306; .NET Output: ->Void swapItems(Int32, Int32)->Void OnButtTlgUpClick(System.Object, System.EventArgs)->Void OnClick(System.EventArgs)
29-8-2013 12:24:34.870	I : HDL261 swapped;  FILE: .\CSzenarium.cpp; FUNCTION: CSzenarium::swapItems; LINE: 306; .NET Output: ->Void swapItems(Int32, Int32)->Void OnButtTlgUpClick(System.Object, System.EventArgs)->Void OnClick(System.EventArgs)
29-8-2013 12:24:35.135	I : HDL261 swapped;  FILE: .\CSzenarium.cpp; FUNCTION: CSzenarium::swapItems; LINE: 306; .NET Output: ->Void swapItems(Int32, Int32)->Void OnButtTlgUpClick(System.Object, System.EventArgs)->Void OnClick(System.EventArgs)
29-8-2013 12:24:35.370	I : HDL261 swapped;  FILE: .\CSzenarium.cpp; FUNCTION: CSzenarium::swapItems; LINE: 306; .NET Output: ->Void swapItems(Int32, Int32)->Void OnButtTlgUpClick(System.Object, System.EventArgs)->Void OnClick(System.EventArgs)
29-8-2013 12:24:35.698	I : HDL261 swapped;  FILE: .\CSzenarium.cpp; FUNCTION: CSzenarium::swapItems; LINE: 306; .NET Output: ->Void swapItems(Int32, Int32)->Void OnButtTlgUpClick(System.Object, System.EventArgs)->Void OnClick(System.EventArgs)
29-8-2013 12:24:35.917	I : HDL261 swapped;  FILE: .\CSzenarium.cpp; FUNCTION: CSzenarium::swapItems; LINE: 306; .NET Output: ->Void swapItems(Int32, Int32)->Void OnButtTlgUpClick(System.Object, System.EventArgs)->Void OnClick(System.EventArgs)
29-8-2013 12:24:36.229	I : HDL261 swapped;  FILE: .\CSzenarium.cpp; FUNCTION: CSzenarium::swapItems; LINE: 306; .NET Output: ->Void swapItems(Int32, Int32)->Void OnButtTlgUpClick(System.Object, System.EventArgs)->Void OnClick(System.EventArgs)
29-8-2013 12:24:36.807	I : HDL261 swapped;  FILE: .\CSzenarium.cpp; FUNCTION: CSzenarium::swapItems; LINE: 306; .NET Output: ->Void swapItems(Int32, Int32)->Void OnButtTlgUpClick(System.Object, System.EventArgs)->Void OnClick(System.EventArgs)
29-8-2013 12:24:37.339	I : HDL261 swapped;  FILE: .\CSzenarium.cpp; FUNCTION: CSzenarium::swapItems; LINE: 306; .NET Output: ->Void swapItems(Int32, Int32)->Void OnButtTlgUpClick(System.Object, System.EventArgs)->Void OnClick(System.EventArgs)
29-8-2013 12:24:55.746	I : Save to file;  D:\JSW-SMS-3\SMC\source\Tools\Simulator\Simulator\Executable\HMDS.szn;  FILE: .\CSenderForm.cpp; FUNCTION: simulator::CSenderForm::saveSimpleTimeSzenarium; LINE: 485; .NET Output: ->Void saveSimpleTimeSzenarium(System.String)->Void MenuSaveSimpleTimeSzen_Click(System.Object, System.EventArgs)->Void OnClick(System.EventArgs)
29-8-2013 12:25:55.1	E : Value <101000000000> of MatCode_1 is overflow, valid length of this string is 10 characters;  FILE: .\ItemView\CItemView.cpp; FUNCTION: simulator::CItemView::SavePreviousValue; LINE: 1023; .NET Output: ->Boolean SavePreviousValue()->Void OnMouseDownListViewEquals(System.Object, System.Windows.Forms.MouseEventArgs)->Void OnMouseClick(System.Windows.Forms.MouseEventArgs)
29-8-2013 12:26:6.205	E : Value <101000000000> of MatCode_1 is overflow, valid length of this string is 10 characters;  FILE: .\ItemView\CItemView.cpp; FUNCTION: simulator::CItemView::SavePreviousValue; LINE: 1023; .NET Output: ->Boolean SavePreviousValue()->Void txtBoxEnter(System.Object, System.Windows.Forms.KeyPressEventArgs)->Void OnKeyPress(System.Windows.Forms.KeyPressEventArgs)
29-8-2013 12:26:7.423	E : Value <101000000000> of MatCode_1 is overflow, valid length of this string is 10 characters;  FILE: .\ItemView\CItemView.cpp; FUNCTION: simulator::CItemView::SavePreviousValue; LINE: 1023; .NET Output: ->Boolean SavePreviousValue()->Void OnMouseDownListViewEquals(System.Object, System.Windows.Forms.MouseEventArgs)->Void OnMouseClick(System.Windows.Forms.MouseEventArgs)
29-8-2013 12:27:4.613	E : Value < 1010000000> of MatCode_1 is overflow, valid length of this string is 10 characters;  FILE: .\ItemView\CItemView.cpp; FUNCTION: simulator::CItemView::SavePreviousValue; LINE: 1023; .NET Output: ->Boolean SavePreviousValue()->Void txtBoxEnter(System.Object, System.Windows.Forms.KeyPressEventArgs)->Void OnKeyPress(System.Windows.Forms.KeyPressEventArgs)
29-8-2013 12:36:22.802	I : Save to file;  D:\JSW-SMS-3\SMC\source\Tools\Simulator\Simulator\Executable\HMDS.szn;  FILE: .\CSenderForm.cpp; FUNCTION: simulator::CSenderForm::saveSimpleTimeSzenarium; LINE: 485; .NET Output: ->Void saveSimpleTimeSzenarium(System.String)->Void MenuSaveSimpleTimeSzen_Click(System.Object, System.EventArgs)->Void OnClick(System.EventArgs)
29-8-2013 12:36:27.271	I : All telegrams in szenario removed;  FILE: .\CSzenarium.cpp; FUNCTION: CSzenarium::clearSzenarium; LINE: 562; .NET Output: ->Void clearSzenarium()->Void updateSzenFile()->Void updateSzenFile()
29-8-2013 12:36:29.599	I : Load:  D:\JSW-SMS-3\SMC\source\Tools\Simulator\Simulator\Executable\HMDS.szn;  FILE: .\CSenderForm.cpp; FUNCTION: simulator::CSenderForm::loadSzenarium; LINE: 507; .NET Output: ->Void loadSzenarium(System.String)->Void OnMenuFileSzenOpenClick(System.Object, System.EventArgs)->Void OnClick(System.EventArgs)
29-8-2013 12:36:29.630	I : All telegrams in szenario removed;  FILE: .\CSzenarium.cpp; FUNCTION: CSzenarium::clearSzenarium; LINE: 562; .NET Output: ->Void clearSzenarium()->Void loadSzenarium(System.String, System.Collections.ArrayList)->Void loadSzenarium(System.String)
29-8-2013 12:40:6.619	I : All telegrams in szenario removed;  FILE: .\CSzenarium.cpp; FUNCTION: CSzenarium::clearSzenarium; LINE: 562; .NET Output: ->Void clearSzenarium()->Void updateSzenFile()->Void updateSzenFile()
29-8-2013 12:40:9.322	I : Load:  D:\JSW-SMS-3\SMC\source\Tools\Simulator\Simulator\Executable\HMDS.szn;  FILE: .\CSenderForm.cpp; FUNCTION: simulator::CSenderForm::loadSzenarium; LINE: 507; .NET Output: ->Void loadSzenarium(System.String)->Void OnMenuFileSzenOpenClick(System.Object, System.EventArgs)->Void OnClick(System.EventArgs)
29-8-2013 12:40:9.338	I : All telegrams in szenario removed;  FILE: .\CSzenarium.cpp; FUNCTION: CSzenarium::clearSzenarium; LINE: 562; .NET Output: ->Void clearSzenarium()->Void loadSzenarium(System.String, System.Collections.ArrayList)->Void loadSzenarium(System.String)
29-8-2013 12:40:48.354	I : Save to file;  D:\JSW-SMS-3\SMC\source\Tools\Simulator\Simulator\Executable\HMDS.szn;  FILE: .\CSenderForm.cpp; FUNCTION: simulator::CSenderForm::saveSimpleTimeSzenarium; LINE: 485; .NET Output: ->Void saveSimpleTimeSzenarium(System.String)->Void MenuSaveSimpleTimeSzen_Click(System.Object, System.EventArgs)->Void OnClick(System.EventArgs)
29-8-2013 13:51:8.621	I : Save to file;  D:\JSW-SMS-3\SMC\source\Tools\Simulator\Simulator\Executable\HMDS.szn;  FILE: .\CSenderForm.cpp; FUNCTION: simulator::CSenderForm::saveSimpleTimeSzenarium; LINE: 485; .NET Output: ->Void saveSimpleTimeSzenarium(System.String)->Void MenuSaveSimpleTimeSzen_Click(System.Object, System.EventArgs)->Void OnClick(System.EventArgs)
29-8-2013 14:3:40.664	I : All telegrams in szenario removed;  FILE: .\CSzenarium.cpp; FUNCTION: CSzenarium::clearSzenarium; LINE: 562; .NET Output: ->Void clearSzenarium()->Void updateSzenFile()->Void updateSzenFile()
29-8-2013 14:3:44.539	I : Load:  D:\JSW-SMS-3\SMC\source\Tools\Simulator\Simulator\Executable\HMDS.szn;  FILE: .\CSenderForm.cpp; FUNCTION: simulator::CSenderForm::loadSzenarium; LINE: 507; .NET Output: ->Void loadSzenarium(System.String)->Void OnMenuFileSzenOpenClick(System.Object, System.EventArgs)->Void OnClick(System.EventArgs)
29-8-2013 14:3:44.554	I : All telegrams in szenario removed;  FILE: .\CSzenarium.cpp; FUNCTION: CSzenarium::clearSzenarium; LINE: 562; .NET Output: ->Void clearSzenarium()->Void loadSzenarium(System.String, System.Collections.ArrayList)->Void loadSzenarium(System.String)
29-8-2013 14:4:25.240	I : All telegrams in szenario removed;  FILE: .\CSzenarium.cpp; FUNCTION: CSzenarium::clearSzenarium; LINE: 562; .NET Output: ->Void clearSzenarium()->Void updateSzenFile()->Void updateSzenFile()
29-8-2013 14:4:31.536	I : Load:  D:\JSW-SMS-3\SMC\source\Tools\Simulator\Simulator\Executable\HMDS.szn;  FILE: .\CSenderForm.cpp; FUNCTION: simulator::CSenderForm::loadSzenarium; LINE: 507; .NET Output: ->Void loadSzenarium(System.String)->Void OnMenuFileSzenOpenClick(System.Object, System.EventArgs)->Void OnClick(System.EventArgs)
29-8-2013 14:4:31.552	I : All telegrams in szenario removed;  FILE: .\CSzenarium.cpp; FUNCTION: CSzenarium::clearSzenarium; LINE: 562; .NET Output: ->Void clearSzenarium()->Void loadSzenarium(System.String, System.Collections.ArrayList)->Void loadSzenarium(System.String)
29-8-2013 14:6:38.701	I : Save to file;  D:\JSW-SMS-3\SMC\source\Tools\Simulator\Simulator\Executable\HMDS.szn;  FILE: .\CSenderForm.cpp; FUNCTION: simulator::CSenderForm::saveSimpleTimeSzenarium; LINE: 485; .NET Output: ->Void saveSimpleTimeSzenarium(System.String)->Void MenuSaveSimpleTimeSzen_Click(System.Object, System.EventArgs)->Void OnClick(System.EventArgs)
29-8-2013 14:11:10.444	I : All telegrams in szenario removed;  FILE: .\CSzenarium.cpp; FUNCTION: CSzenarium::clearSzenarium; LINE: 562; .NET Output: ->Void clearSzenarium()->Void updateSzenFile()->Void updateSzenFile()
29-8-2013 14:11:12.491	I : Load:  D:\JSW-SMS-3\SMC\source\Tools\Simulator\Simulator\Executable\HMDS.szn;  FILE: .\CSenderForm.cpp; FUNCTION: simulator::CSenderForm::loadSzenarium; LINE: 507; .NET Output: ->Void loadSzenarium(System.String)->Void OnMenuFileSzenOpenClick(System.Object, System.EventArgs)->Void OnClick(System.EventArgs)
29-8-2013 14:11:12.507	I : All telegrams in szenario removed;  FILE: .\CSzenarium.cpp; FUNCTION: CSzenarium::clearSzenarium; LINE: 562; .NET Output: ->Void clearSzenarium()->Void loadSzenarium(System.String, System.Collections.ArrayList)->Void loadSzenarium(System.String)
29-8-2013 14:12:17.741	I : HDL260 swapped;  FILE: .\CSzenarium.cpp; FUNCTION: CSzenarium::swapItems; LINE: 306; .NET Output: ->Void swapItems(Int32, Int32)->Void OnButtTlgUpClick(System.Object, System.EventArgs)->Void OnClick(System.EventArgs)
29-8-2013 14:12:18.116	I : HDL260 swapped;  FILE: .\CSzenarium.cpp; FUNCTION: CSzenarium::swapItems; LINE: 306; .NET Output: ->Void swapItems(Int32, Int32)->Void OnButtTlgUpClick(System.Object, System.EventArgs)->Void OnClick(System.EventArgs)
29-8-2013 14:12:18.335	I : HDL260 swapped;  FILE: .\CSzenarium.cpp; FUNCTION: CSzenarium::swapItems; LINE: 306; .NET Output: ->Void swapItems(Int32, Int32)->Void OnButtTlgUpClick(System.Object, System.EventArgs)->Void OnClick(System.EventArgs)
29-8-2013 14:12:18.522	I : HDL260 swapped;  FILE: .\CSzenarium.cpp; FUNCTION: CSzenarium::swapItems; LINE: 306; .NET Output: ->Void swapItems(Int32, Int32)->Void OnButtTlgUpClick(System.Object, System.EventArgs)->Void OnClick(System.EventArgs)
29-8-2013 14:12:18.756	I : HDL260 swapped;  FILE: .\CSzenarium.cpp; FUNCTION: CSzenarium::swapItems; LINE: 306; .NET Output: ->Void swapItems(Int32, Int32)->Void OnButtTlgUpClick(System.Object, System.EventArgs)->Void OnClick(System.EventArgs)
29-8-2013 14:12:18.944	I : HDL260 swapped;  FILE: .\CSzenarium.cpp; FUNCTION: CSzenarium::swapItems; LINE: 306; .NET Output: ->Void swapItems(Int32, Int32)->Void OnButtTlgUpClick(System.Object, System.EventArgs)->Void OnClick(System.EventArgs)
29-8-2013 14:12:19.225	I : HDL260 swapped;  FILE: .\CSzenarium.cpp; FUNCTION: CSzenarium::swapItems; LINE: 306; .NET Output: ->Void swapItems(Int32, Int32)->Void OnButtTlgUpClick(System.Object, System.EventArgs)->Void OnClick(System.EventArgs)
29-8-2013 14:12:19.850	I : HDL260 swapped;  FILE: .\CSzenarium.cpp; FUNCTION: CSzenarium::swapItems; LINE: 306; .NET Output: ->Void swapItems(Int32, Int32)->Void OnButtTlgUpClick(System.Object, System.EventArgs)->Void OnClick(System.EventArgs)
29-8-2013 14:12:53.37	I : Save to file;  D:\JSW-SMS-3\SMC\source\Tools\Simulator\Simulator\Executable\HMDS.szn;  FILE: .\CSenderForm.cpp; FUNCTION: simulator::CSenderForm::saveSimpleTimeSzenarium; LINE: 485; .NET Output: ->Void saveSimpleTimeSzenarium(System.String)->Void MenuSaveSimpleTimeSzen_Click(System.Object, System.EventArgs)->Void OnClick(System.EventArgs)
29-8-2013 14:14:34.632	I : Save to file;  D:\JSW-SMS-3\SMC\source\Tools\Simulator\Simulator\Executable\HMDS.szn;  FILE: .\CSenderForm.cpp; FUNCTION: simulator::CSenderForm::saveSimpleTimeSzenarium; LINE: 485; .NET Output: ->Void saveSimpleTimeSzenarium(System.String)->Void MenuSaveSimpleTimeSzen_Click(System.Object, System.EventArgs)->Void OnClick(System.EventArgs)
29-8-2013 14:15:2.741	I : HDL281 swapped;  FILE: .\CSzenarium.cpp; FUNCTION: CSzenarium::swapItems; LINE: 306; .NET Output: ->Void swapItems(Int32, Int32)->Void OnButtTlgUpClick(System.Object, System.EventArgs)->Void OnClick(System.EventArgs)
29-8-2013 14:15:2.960	I : HDL281 swapped;  FILE: .\CSzenarium.cpp; FUNCTION: CSzenarium::swapItems; LINE: 306; .NET Output: ->Void swapItems(Int32, Int32)->Void OnButtTlgUpClick(System.Object, System.EventArgs)->Void OnClick(System.EventArgs)
29-8-2013 14:15:3.147	I : HDL281 swapped;  FILE: .\CSzenarium.cpp; FUNCTION: CSzenarium::swapItems; LINE: 306; .NET Output: ->Void swapItems(Int32, Int32)->Void OnButtTlgUpClick(System.Object, System.EventArgs)->Void OnClick(System.EventArgs)
29-8-2013 14:15:3.335	I : HDL281 swapped;  FILE: .\CSzenarium.cpp; FUNCTION: CSzenarium::swapItems; LINE: 306; .NET Output: ->Void swapItems(Int32, Int32)->Void OnButtTlgUpClick(System.Object, System.EventArgs)->Void OnClick(System.EventArgs)
29-8-2013 14:15:3.522	I : HDL281 swapped;  FILE: .\CSzenarium.cpp; FUNCTION: CSzenarium::swapItems; LINE: 306; .NET Output: ->Void swapItems(Int32, Int32)->Void OnButtTlgUpClick(System.Object, System.EventArgs)->Void OnClick(System.EventArgs)
29-8-2013 14:15:3.726	I : HDL281 swapped;  FILE: .\CSzenarium.cpp; FUNCTION: CSzenarium::swapItems; LINE: 306; .NET Output: ->Void swapItems(Int32, Int32)->Void OnButtTlgUpClick(System.Object, System.EventArgs)->Void OnClick(System.EventArgs)
29-8-2013 14:15:4.38	I : HDL281 swapped;  FILE: .\CSzenarium.cpp; FUNCTION: CSzenarium::swapItems; LINE: 306; .NET Output: ->Void swapItems(Int32, Int32)->Void OnButtTlgUpClick(System.Object, System.EventArgs)->Void OnClick(System.EventArgs)
29-8-2013 14:15:4.851	I : HDL281 swapped;  FILE: .\CSzenarium.cpp; FUNCTION: CSzenarium::swapItems; LINE: 306; .NET Output: ->Void swapItems(Int32, Int32)->Void OnButtTlgUpClick(System.Object, System.EventArgs)->Void OnClick(System.EventArgs)
29-8-2013 14:15:5.491	I : HDL281 swapped;  FILE: .\CSzenarium.cpp; FUNCTION: CSzenarium::swapItems; LINE: 306; .NET Output: ->Void swapItems(Int32, Int32)->Void OnButtTlgUpClick(System.Object, System.EventArgs)->Void OnClick(System.EventArgs)
29-8-2013 14:15:14.319	I : Save to file;  D:\JSW-SMS-3\SMC\source\Tools\Simulator\Simulator\Executable\HMDS.szn;  FILE: .\CSenderForm.cpp; FUNCTION: simulator::CSenderForm::saveSimpleTimeSzenarium; LINE: 485; .NET Output: ->Void saveSimpleTimeSzenarium(System.String)->Void MenuSaveSimpleTimeSzen_Click(System.Object, System.EventArgs)->Void OnClick(System.EventArgs)
29-8-2013 14:16:40.554	I : Save to file;  D:\JSW-SMS-3\SMC\source\Tools\Simulator\Simulator\Executable\HMDS.szn;  FILE: .\CSenderForm.cpp; FUNCTION: simulator::CSenderForm::saveSimpleTimeSzenarium; LINE: 485; .NET Output: ->Void saveSimpleTimeSzenarium(System.String)->Void MenuSaveSimpleTimeSzen_Click(System.Object, System.EventArgs)->Void OnClick(System.EventArgs)
29-8-2013 14:17:9.23	I : All telegrams in szenario removed;  FILE: .\CSzenarium.cpp; FUNCTION: CSzenarium::clearSzenarium; LINE: 562; .NET Output: ->Void clearSzenarium()->Void updateSzenFile()->Void updateSzenFile()
29-8-2013 14:17:12.586	I : Load:  D:\JSW-SMS-3\SMC\source\Tools\Simulator\Simulator\Executable\HMDS.szn;  FILE: .\CSenderForm.cpp; FUNCTION: simulator::CSenderForm::loadSzenarium; LINE: 507; .NET Output: ->Void loadSzenarium(System.String)->Void OnMenuFileSzenOpenClick(System.Object, System.EventArgs)->Void OnClick(System.EventArgs)
29-8-2013 14:17:12.601	I : All telegrams in szenario removed;  FILE: .\CSzenarium.cpp; FUNCTION: CSzenarium::clearSzenarium; LINE: 562; .NET Output: ->Void clearSzenarium()->Void loadSzenarium(System.String, System.Collections.ArrayList)->Void loadSzenarium(System.String)
29-8-2013 14:18:1.71	I : HDL223 swapped;  FILE: .\CSzenarium.cpp; FUNCTION: CSzenarium::swapItems; LINE: 306; .NET Output: ->Void swapItems(Int32, Int32)->Void OnButtTlgUpClick(System.Object, System.EventArgs)->Void OnClick(System.EventArgs)
29-8-2013 14:18:1.383	I : HDL223 swapped;  FILE: .\CSzenarium.cpp; FUNCTION: CSzenarium::swapItems; LINE: 306; .NET Output: ->Void swapItems(Int32, Int32)->Void OnButtTlgUpClick(System.Object, System.EventArgs)->Void OnClick(System.EventArgs)
29-8-2013 14:18:1.571	I : HDL223 swapped;  FILE: .\CSzenarium.cpp; FUNCTION: CSzenarium::swapItems; LINE: 306; .NET Output: ->Void swapItems(Int32, Int32)->Void OnButtTlgUpClick(System.Object, System.EventArgs)->Void OnClick(System.EventArgs)
29-8-2013 14:18:1.789	I : HDL223 swapped;  FILE: .\CSzenarium.cpp; FUNCTION: CSzenarium::swapItems; LINE: 306; .NET Output: ->Void swapItems(Int32, Int32)->Void OnButtTlgUpClick(System.Object, System.EventArgs)->Void OnClick(System.EventArgs)
29-8-2013 14:18:2.86	I : HDL223 swapped;  FILE: .\CSzenarium.cpp; FUNCTION: CSzenarium::swapItems; LINE: 306; .NET Output: ->Void swapItems(Int32, Int32)->Void OnButtTlgUpClick(System.Object, System.EventArgs)->Void OnClick(System.EventArgs)
29-8-2013 14:18:2.367	I : HDL223 swapped;  FILE: .\CSzenarium.cpp; FUNCTION: CSzenarium::swapItems; LINE: 306; .NET Output: ->Void swapItems(Int32, Int32)->Void OnButtTlgUpClick(System.Object, System.EventArgs)->Void OnClick(System.EventArgs)
29-8-2013 14:18:2.867	I : HDL223 swapped;  FILE: .\CSzenarium.cpp; FUNCTION: CSzenarium::swapItems; LINE: 306; .NET Output: ->Void swapItems(Int32, Int32)->Void OnButtTlgUpClick(System.Object, System.EventArgs)->Void OnClick(System.EventArgs)
29-8-2013 14:18:8.883	I : Save to file;  D:\JSW-SMS-3\SMC\source\Tools\Simulator\Simulator\Executable\HMDS.szn;  FILE: .\CSenderForm.cpp; FUNCTION: simulator::CSenderForm::saveSimpleTimeSzenarium; LINE: 485; .NET Output: ->Void saveSimpleTimeSzenarium(System.String)->Void MenuSaveSimpleTimeSzen_Click(System.Object, System.EventArgs)->Void OnClick(System.EventArgs)
29-8-2013 14:23:36.466	I : Save to file;  D:\JSW-SMS-3\SMC\source\Tools\Simulator\Simulator\Executable\HMDS.szn;  FILE: .\CSenderForm.cpp; FUNCTION: simulator::CSenderForm::saveSimpleTimeSzenarium; LINE: 485; .NET Output: ->Void saveSimpleTimeSzenarium(System.String)->Void MenuSaveSimpleTimeSzen_Click(System.Object, System.EventArgs)->Void OnClick(System.EventArgs)
29-8-2013 14:24:15.576	I : Save to file;  D:\JSW-SMS-3\SMC\source\Tools\Simulator\Simulator\Executable\HMDS.szn;  FILE: .\CSenderForm.cpp; FUNCTION: simulator::CSenderForm::saveSimpleTimeSzenarium; LINE: 485; .NET Output: ->Void saveSimpleTimeSzenarium(System.String)->Void MenuSaveSimpleTimeSzen_Click(System.Object, System.EventArgs)->Void OnClick(System.EventArgs)
29-8-2013 14:27:49.986	I : HDL260 swapped;  FILE: .\CSzenarium.cpp; FUNCTION: CSzenarium::swapItems; LINE: 306; .NET Output: ->Void swapItems(Int32, Int32)->Void OnButtTlgUpClick(System.Object, System.EventArgs)->Void OnClick(System.EventArgs)
29-8-2013 14:27:50.205	I : HDL260 swapped;  FILE: .\CSzenarium.cpp; FUNCTION: CSzenarium::swapItems; LINE: 306; .NET Output: ->Void swapItems(Int32, Int32)->Void OnButtTlgUpClick(System.Object, System.EventArgs)->Void OnClick(System.EventArgs)
29-8-2013 14:27:50.377	I : HDL260 swapped;  FILE: .\CSzenarium.cpp; FUNCTION: CSzenarium::swapItems; LINE: 306; .NET Output: ->Void swapItems(Int32, Int32)->Void OnButtTlgUpClick(System.Object, System.EventArgs)->Void OnClick(System.EventArgs)
29-8-2013 14:27:50.564	I : HDL260 swapped;  FILE: .\CSzenarium.cpp; FUNCTION: CSzenarium::swapItems; LINE: 306; .NET Output: ->Void swapItems(Int32, Int32)->Void OnButtTlgUpClick(System.Object, System.EventArgs)->Void OnClick(System.EventArgs)
29-8-2013 14:27:50.752	I : HDL260 swapped;  FILE: .\CSzenarium.cpp; FUNCTION: CSzenarium::swapItems; LINE: 306; .NET Output: ->Void swapItems(Int32, Int32)->Void OnButtTlgUpClick(System.Object, System.EventArgs)->Void OnClick(System.EventArgs)
29-8-2013 14:27:50.955	I : HDL260 swapped;  FILE: .\CSzenarium.cpp; FUNCTION: CSzenarium::swapItems; LINE: 306; .NET Output: ->Void swapItems(Int32, Int32)->Void OnButtTlgUpClick(System.Object, System.EventArgs)->Void OnClick(System.EventArgs)
29-8-2013 14:27:51.205	I : HDL260 swapped;  FILE: .\CSzenarium.cpp; FUNCTION: CSzenarium::swapItems; LINE: 306; .NET Output: ->Void swapItems(Int32, Int32)->Void OnButtTlgUpClick(System.Object, System.EventArgs)->Void OnClick(System.EventArgs)
29-8-2013 14:27:51.689	I : HDL260 swapped;  FILE: .\CSzenarium.cpp; FUNCTION: CSzenarium::swapItems; LINE: 306; .NET Output: ->Void swapItems(Int32, Int32)->Void OnButtTlgUpClick(System.Object, System.EventArgs)->Void OnClick(System.EventArgs)
29-8-2013 14:27:58.64	I : Save to file;  D:\JSW-SMS-3\SMC\source\Tools\Simulator\Simulator\Executable\HMDS.szn;  FILE: .\CSenderForm.cpp; FUNCTION: simulator::CSenderForm::saveSimpleTimeSzenarium; LINE: 485; .NET Output: ->Void saveSimpleTimeSzenarium(System.String)->Void MenuSaveSimpleTimeSzen_Click(System.Object, System.EventArgs)->Void OnClick(System.EventArgs)
29-8-2013 14:28:31.424	I : Save to file;  D:\JSW-SMS-3\SMC\source\Tools\Simulator\Simulator\Executable\HMDS.szn;  FILE: .\CSenderForm.cpp; FUNCTION: simulator::CSenderForm::saveSimpleTimeSzenarium; LINE: 485; .NET Output: ->Void saveSimpleTimeSzenarium(System.String)->Void MenuSaveSimpleTimeSzen_Click(System.Object, System.EventArgs)->Void OnClick(System.EventArgs)
29-8-2013 14:28:56.472	I : HDL281 swapped;  FILE: .\CSzenarium.cpp; FUNCTION: CSzenarium::swapItems; LINE: 306; .NET Output: ->Void swapItems(Int32, Int32)->Void OnButtTlgUpClick(System.Object, System.EventArgs)->Void OnClick(System.EventArgs)
29-8-2013 14:28:56.644	I : HDL281 swapped;  FILE: .\CSzenarium.cpp; FUNCTION: CSzenarium::swapItems; LINE: 306; .NET Output: ->Void swapItems(Int32, Int32)->Void OnButtTlgUpClick(System.Object, System.EventArgs)->Void OnClick(System.EventArgs)
29-8-2013 14:28:56.815	I : HDL281 swapped;  FILE: .\CSzenarium.cpp; FUNCTION: CSzenarium::swapItems; LINE: 306; .NET Output: ->Void swapItems(Int32, Int32)->Void OnButtTlgUpClick(System.Object, System.EventArgs)->Void OnClick(System.EventArgs)
29-8-2013 14:28:57.3	I : HDL281 swapped;  FILE: .\CSzenarium.cpp; FUNCTION: CSzenarium::swapItems; LINE: 306; .NET Output: ->Void swapItems(Int32, Int32)->Void OnButtTlgUpClick(System.Object, System.EventArgs)->Void OnClick(System.EventArgs)
29-8-2013 14:28:57.190	I : HDL281 swapped;  FILE: .\CSzenarium.cpp; FUNCTION: CSzenarium::swapItems; LINE: 306; .NET Output: ->Void swapItems(Int32, Int32)->Void OnButtTlgUpClick(System.Object, System.EventArgs)->Void OnClick(System.EventArgs)
29-8-2013 14:28:57.362	I : HDL281 swapped;  FILE: .\CSzenarium.cpp; FUNCTION: CSzenarium::swapItems; LINE: 306; .NET Output: ->Void swapItems(Int32, Int32)->Void OnButtTlgUpClick(System.Object, System.EventArgs)->Void OnClick(System.EventArgs)
29-8-2013 14:28:57.581	I : HDL281 swapped;  FILE: .\CSzenarium.cpp; FUNCTION: CSzenarium::swapItems; LINE: 306; .NET Output: ->Void swapItems(Int32, Int32)->Void OnButtTlgUpClick(System.Object, System.EventArgs)->Void OnClick(System.EventArgs)
29-8-2013 14:28:57.831	I : HDL281 swapped;  FILE: .\CSzenarium.cpp; FUNCTION: CSzenarium::swapItems; LINE: 306; .NET Output: ->Void swapItems(Int32, Int32)->Void OnButtTlgUpClick(System.Object, System.EventArgs)->Void OnClick(System.EventArgs)
29-8-2013 14:29:22.628	I : Save to file;  D:\JSW-SMS-3\SMC\source\Tools\Simulator\Simulator\Executable\HMDS.szn;  FILE: .\CSenderForm.cpp; FUNCTION: simulator::CSenderForm::saveSimpleTimeSzenarium; LINE: 485; .NET Output: ->Void saveSimpleTimeSzenarium(System.String)->Void MenuSaveSimpleTimeSzen_Click(System.Object, System.EventArgs)->Void OnClick(System.EventArgs)
29-8-2013 14:30:0.520	I : All telegrams in szenario removed;  FILE: .\CSzenarium.cpp; FUNCTION: CSzenarium::clearSzenarium; LINE: 562; .NET Output: ->Void clearSzenarium()->Void updateSzenFile()->Void updateSzenFile()
29-8-2013 14:30:4.51	I : Load:  D:\JSW-SMS-3\SMC\source\Tools\Simulator\Simulator\Executable\HMDS.szn;  FILE: .\CSenderForm.cpp; FUNCTION: simulator::CSenderForm::loadSzenarium; LINE: 507; .NET Output: ->Void loadSzenarium(System.String)->Void OnMenuFileSzenOpenClick(System.Object, System.EventArgs)->Void OnClick(System.EventArgs)
29-8-2013 14:30:4.67	I : All telegrams in szenario removed;  FILE: .\CSzenarium.cpp; FUNCTION: CSzenarium::clearSzenarium; LINE: 562; .NET Output: ->Void clearSzenarium()->Void loadSzenarium(System.String, System.Collections.ArrayList)->Void loadSzenarium(System.String)
29-8-2013 14:30:15.4	I : HDL223 swapped;  FILE: .\CSzenarium.cpp; FUNCTION: CSzenarium::swapItems; LINE: 306; .NET Output: ->Void swapItems(Int32, Int32)->Void OnButtTlgUpClick(System.Object, System.EventArgs)->Void OnClick(System.EventArgs)
29-8-2013 14:30:15.192	I : HDL223 swapped;  FILE: .\CSzenarium.cpp; FUNCTION: CSzenarium::swapItems; LINE: 306; .NET Output: ->Void swapItems(Int32, Int32)->Void OnButtTlgUpClick(System.Object, System.EventArgs)->Void OnClick(System.EventArgs)
29-8-2013 14:30:15.364	I : HDL223 swapped;  FILE: .\CSzenarium.cpp; FUNCTION: CSzenarium::swapItems; LINE: 306; .NET Output: ->Void swapItems(Int32, Int32)->Void OnButtTlgUpClick(System.Object, System.EventArgs)->Void OnClick(System.EventArgs)
29-8-2013 14:30:15.567	I : HDL223 swapped;  FILE: .\CSzenarium.cpp; FUNCTION: CSzenarium::swapItems; LINE: 306; .NET Output: ->Void swapItems(Int32, Int32)->Void OnButtTlgUpClick(System.Object, System.EventArgs)->Void OnClick(System.EventArgs)
29-8-2013 14:30:16.489	I : HDL223 swapped;  FILE: .\CSzenarium.cpp; FUNCTION: CSzenarium::swapItems; LINE: 306; .NET Output: ->Void swapItems(Int32, Int32)->Void OnButtTlgUpClick(System.Object, System.EventArgs)->Void OnClick(System.EventArgs)
29-8-2013 14:30:16.676	I : HDL223 swapped;  FILE: .\CSzenarium.cpp; FUNCTION: CSzenarium::swapItems; LINE: 306; .NET Output: ->Void swapItems(Int32, Int32)->Void OnButtTlgUpClick(System.Object, System.EventArgs)->Void OnClick(System.EventArgs)
29-8-2013 14:30:17.36	I : HDL223 swapped;  FILE: .\CSzenarium.cpp; FUNCTION: CSzenarium::swapItems; LINE: 306; .NET Output: ->Void swapItems(Int32, Int32)->Void OnButtTlgUpClick(System.Object, System.EventArgs)->Void OnClick(System.EventArgs)
29-8-2013 14:30:17.630	I : HDL223 swapped;  FILE: .\CSzenarium.cpp; FUNCTION: CSzenarium::swapItems; LINE: 306; .NET Output: ->Void swapItems(Int32, Int32)->Void OnButtTlgUpClick(System.Object, System.EventArgs)->Void OnClick(System.EventArgs)
29-8-2013 14:31:3.505	I : Save to file;  D:\JSW-SMS-3\SMC\source\Tools\Simulator\Simulator\Executable\HMDS.szn;  FILE: .\CSenderForm.cpp; FUNCTION: simulator::CSenderForm::saveSimpleTimeSzenarium; LINE: 485; .NET Output: ->Void saveSimpleTimeSzenarium(System.String)->Void MenuSaveSimpleTimeSzen_Click(System.Object, System.EventArgs)->Void OnClick(System.EventArgs)
29-8-2013 14:31:25.256	I : Save to file;  D:\JSW-SMS-3\SMC\source\Tools\Simulator\Simulator\Executable\HMDS.szn;  FILE: .\CSenderForm.cpp; FUNCTION: simulator::CSenderForm::saveSimpleTimeSzenarium; LINE: 485; .NET Output: ->Void saveSimpleTimeSzenarium(System.String)->Void MenuSaveSimpleTimeSzen_Click(System.Object, System.EventArgs)->Void OnClick(System.EventArgs)
29-8-2013 14:31:45.881	I : Save to file;  D:\JSW-SMS-3\SMC\source\Tools\Simulator\Simulator\Executable\HMDS.szn;  FILE: .\CSenderForm.cpp; FUNCTION: simulator::CSenderForm::saveSimpleTimeSzenarium; LINE: 485; .NET Output: ->Void saveSimpleTimeSzenarium(System.String)->Void MenuSaveSimpleTimeSzen_Click(System.Object, System.EventArgs)->Void OnClick(System.EventArgs)
29-8-2013 14:33:9.758	I : All telegrams in szenario removed;  FILE: .\CSzenarium.cpp; FUNCTION: CSzenarium::clearSzenarium; LINE: 562; .NET Output: ->Void clearSzenarium()->Void updateSzenFile()->Void updateSzenFile()
29-8-2013 14:33:14.867	I : Load:  D:\JSW-SMS-3\SMC\source\Tools\Simulator\Simulator\Executable\HMDS.szn;  FILE: .\CSenderForm.cpp; FUNCTION: simulator::CSenderForm::loadSzenarium; LINE: 507; .NET Output: ->Void loadSzenarium(System.String)->Void OnMenuFileSzenOpenClick(System.Object, System.EventArgs)->Void OnClick(System.EventArgs)
29-8-2013 14:33:14.899	I : All telegrams in szenario removed;  FILE: .\CSzenarium.cpp; FUNCTION: CSzenarium::clearSzenarium; LINE: 562; .NET Output: ->Void clearSzenarium()->Void loadSzenarium(System.String, System.Collections.ArrayList)->Void loadSzenarium(System.String)
29-8-2013 14:33:24.446	I : HDL260 swapped;  FILE: .\CSzenarium.cpp; FUNCTION: CSzenarium::swapItems; LINE: 306; .NET Output: ->Void swapItems(Int32, Int32)->Void OnButtTlgUpClick(System.Object, System.EventArgs)->Void OnClick(System.EventArgs)
29-8-2013 14:33:24.633	I : HDL260 swapped;  FILE: .\CSzenarium.cpp; FUNCTION: CSzenarium::swapItems; LINE: 306; .NET Output: ->Void swapItems(Int32, Int32)->Void OnButtTlgUpClick(System.Object, System.EventArgs)->Void OnClick(System.EventArgs)
29-8-2013 14:33:24.821	I : HDL260 swapped;  FILE: .\CSzenarium.cpp; FUNCTION: CSzenarium::swapItems; LINE: 306; .NET Output: ->Void swapItems(Int32, Int32)->Void OnButtTlgUpClick(System.Object, System.EventArgs)->Void OnClick(System.EventArgs)
29-8-2013 14:33:25.8	I : HDL260 swapped;  FILE: .\CSzenarium.cpp; FUNCTION: CSzenarium::swapItems; LINE: 306; .NET Output: ->Void swapItems(Int32, Int32)->Void OnButtTlgUpClick(System.Object, System.EventArgs)->Void OnClick(System.EventArgs)
29-8-2013 14:33:25.211	I : HDL260 swapped;  FILE: .\CSzenarium.cpp; FUNCTION: CSzenarium::swapItems; LINE: 306; .NET Output: ->Void swapItems(Int32, Int32)->Void OnButtTlgUpClick(System.Object, System.EventArgs)->Void OnClick(System.EventArgs)
29-8-2013 14:33:25.399	I : HDL260 swapped;  FILE: .\CSzenarium.cpp; FUNCTION: CSzenarium::swapItems; LINE: 306; .NET Output: ->Void swapItems(Int32, Int32)->Void OnButtTlgUpClick(System.Object, System.EventArgs)->Void OnClick(System.EventArgs)
29-8-2013 14:33:25.586	I : HDL260 swapped;  FILE: .\CSzenarium.cpp; FUNCTION: CSzenarium::swapItems; LINE: 306; .NET Output: ->Void swapItems(Int32, Int32)->Void OnButtTlgUpClick(System.Object, System.EventArgs)->Void OnClick(System.EventArgs)
29-8-2013 14:33:26.602	I : HDL260 swapped;  FILE: .\CSzenarium.cpp; FUNCTION: CSzenarium::swapItems; LINE: 306; .NET Output: ->Void swapItems(Int32, Int32)->Void OnButtTlgUpClick(System.Object, System.EventArgs)->Void OnClick(System.EventArgs)
29-8-2013 14:33:31.930	I : Save to file;  D:\JSW-SMS-3\SMC\source\Tools\Simulator\Simulator\Executable\HMDS.szn;  FILE: .\CSenderForm.cpp; FUNCTION: simulator::CSenderForm::saveSimpleTimeSzenarium; LINE: 485; .NET Output: ->Void saveSimpleTimeSzenarium(System.String)->Void MenuSaveSimpleTimeSzen_Click(System.Object, System.EventArgs)->Void OnClick(System.EventArgs)
29-8-2013 14:33:55.56	I : Save to file;  D:\JSW-SMS-3\SMC\source\Tools\Simulator\Simulator\Executable\HMDS.szn;  FILE: .\CSenderForm.cpp; FUNCTION: simulator::CSenderForm::saveSimpleTimeSzenarium; LINE: 485; .NET Output: ->Void saveSimpleTimeSzenarium(System.String)->Void MenuSaveSimpleTimeSzen_Click(System.Object, System.EventArgs)->Void OnClick(System.EventArgs)
29-8-2013 14:34:8.103	I : Save to file;  D:\JSW-SMS-3\SMC\source\Tools\Simulator\Simulator\Executable\HMDS.szn;  FILE: .\CSenderForm.cpp; FUNCTION: simulator::CSenderForm::saveSimpleTimeSzenarium; LINE: 485; .NET Output: ->Void saveSimpleTimeSzenarium(System.String)->Void MenuSaveSimpleTimeSzen_Click(System.Object, System.EventArgs)->Void OnClick(System.EventArgs)
29-8-2013 14:35:13.166	I : All telegrams in szenario removed;  FILE: .\CSzenarium.cpp; FUNCTION: CSzenarium::clearSzenarium; LINE: 562; .NET Output: ->Void clearSzenarium()->Void updateSzenFile()->Void updateSzenFile()
29-8-2013 14:35:33.511	I : Load:  D:\JSW-SMS-3\SMC\source\Tools\Simulator\Simulator\Executable\HMDS.szn;  FILE: .\CSenderForm.cpp; FUNCTION: simulator::CSenderForm::loadSzenarium; LINE: 507; .NET Output: ->Void loadSzenarium(System.String)->Void OnMenuFileSzenOpenClick(System.Object, System.EventArgs)->Void OnClick(System.EventArgs)
29-8-2013 14:35:33.526	I : All telegrams in szenario removed;  FILE: .\CSzenarium.cpp; FUNCTION: CSzenarium::clearSzenarium; LINE: 562; .NET Output: ->Void clearSzenarium()->Void loadSzenarium(System.String, System.Collections.ArrayList)->Void loadSzenarium(System.String)
29-8-2013 14:35:54.355	I : HDL281 swapped;  FILE: .\CSzenarium.cpp; FUNCTION: CSzenarium::swapItems; LINE: 306; .NET Output: ->Void swapItems(Int32, Int32)->Void OnButtTlgUpClick(System.Object, System.EventArgs)->Void OnClick(System.EventArgs)
29-8-2013 14:35:54.542	I : HDL281 swapped;  FILE: .\CSzenarium.cpp; FUNCTION: CSzenarium::swapItems; LINE: 306; .NET Output: ->Void swapItems(Int32, Int32)->Void OnButtTlgUpClick(System.Object, System.EventArgs)->Void OnClick(System.EventArgs)
29-8-2013 14:35:54.745	I : HDL281 swapped;  FILE: .\CSzenarium.cpp; FUNCTION: CSzenarium::swapItems; LINE: 306; .NET Output: ->Void swapItems(Int32, Int32)->Void OnButtTlgUpClick(System.Object, System.EventArgs)->Void OnClick(System.EventArgs)
29-8-2013 14:35:54.933	I : HDL281 swapped;  FILE: .\CSzenarium.cpp; FUNCTION: CSzenarium::swapItems; LINE: 306; .NET Output: ->Void swapItems(Int32, Int32)->Void OnButtTlgUpClick(System.Object, System.EventArgs)->Void OnClick(System.EventArgs)
29-8-2013 14:35:55.120	I : HDL281 swapped;  FILE: .\CSzenarium.cpp; FUNCTION: CSzenarium::swapItems; LINE: 306; .NET Output: ->Void swapItems(Int32, Int32)->Void OnButtTlgUpClick(System.Object, System.EventArgs)->Void OnClick(System.EventArgs)
29-8-2013 14:35:55.292	I : HDL281 swapped;  FILE: .\CSzenarium.cpp; FUNCTION: CSzenarium::swapItems; LINE: 306; .NET Output: ->Void swapItems(Int32, Int32)->Void OnButtTlgUpClick(System.Object, System.EventArgs)->Void OnClick(System.EventArgs)
29-8-2013 14:35:55.464	I : HDL281 swapped;  FILE: .\CSzenarium.cpp; FUNCTION: CSzenarium::swapItems; LINE: 306; .NET Output: ->Void swapItems(Int32, Int32)->Void OnButtTlgUpClick(System.Object, System.EventArgs)->Void OnClick(System.EventArgs)
29-8-2013 14:35:55.824	I : HDL281 swapped;  FILE: .\CSzenarium.cpp; FUNCTION: CSzenarium::swapItems; LINE: 306; .NET Output: ->Void swapItems(Int32, Int32)->Void OnButtTlgUpClick(System.Object, System.EventArgs)->Void OnClick(System.EventArgs)
29-8-2013 14:36:1.152	I : Save to file;  D:\JSW-SMS-3\SMC\source\Tools\Simulator\Simulator\Executable\HMDS.szn;  FILE: .\CSenderForm.cpp; FUNCTION: simulator::CSenderForm::saveSimpleTimeSzenarium; LINE: 485; .NET Output: ->Void saveSimpleTimeSzenarium(System.String)->Void MenuSaveSimpleTimeSzen_Click(System.Object, System.EventArgs)->Void OnClick(System.EventArgs)
29-8-2013 14:37:18.450	I : HDL205 swapped;  FILE: .\CSzenarium.cpp; FUNCTION: CSzenarium::swapItems; LINE: 306; .NET Output: ->Void swapItems(Int32, Int32)->Void OnButtTlgUpClick(System.Object, System.EventArgs)->Void OnClick(System.EventArgs)
29-8-2013 14:37:44.29	I : Save to file;  D:\JSW-SMS-3\SMC\source\Tools\Simulator\Simulator\Executable\HMDS.szn;  FILE: .\CSenderForm.cpp; FUNCTION: simulator::CSenderForm::saveSimpleTimeSzenarium; LINE: 485; .NET Output: ->Void saveSimpleTimeSzenarium(System.String)->Void MenuSaveSimpleTimeSzen_Click(System.Object, System.EventArgs)->Void OnClick(System.EventArgs)
29-8-2013 14:37:52.763	I : All telegrams in szenario removed;  FILE: .\CSzenarium.cpp; FUNCTION: CSzenarium::clearSzenarium; LINE: 562; .NET Output: ->Void clearSzenarium()->Void updateSzenFile()->Void updateSzenFile()
29-8-2013 14:38:20.639	I : Load:  D:\JSW-SMS-3\SMC\source\Tools\Simulator\Simulator\Executable\HMDS.szn;  FILE: .\CSenderForm.cpp; FUNCTION: simulator::CSenderForm::loadSzenarium; LINE: 507; .NET Output: ->Void loadSzenarium(System.String)->Void OnMenuFileSzenOpenClick(System.Object, System.EventArgs)->Void OnClick(System.EventArgs)
29-8-2013 14:38:20.670	I : All telegrams in szenario removed;  FILE: .\CSzenarium.cpp; FUNCTION: CSzenarium::clearSzenarium; LINE: 562; .NET Output: ->Void clearSzenarium()->Void loadSzenarium(System.String, System.Collections.ArrayList)->Void loadSzenarium(System.String)
29-8-2013 14:38:35.358	I : HDL205 swapped;  FILE: .\CSzenarium.cpp; FUNCTION: CSzenarium::swapItems; LINE: 306; .NET Output: ->Void swapItems(Int32, Int32)->Void OnButtTlgUpClick(System.Object, System.EventArgs)->Void OnClick(System.EventArgs)
29-8-2013 14:38:35.561	I : HDL205 swapped;  FILE: .\CSzenarium.cpp; FUNCTION: CSzenarium::swapItems; LINE: 306; .NET Output: ->Void swapItems(Int32, Int32)->Void OnButtTlgUpClick(System.Object, System.EventArgs)->Void OnClick(System.EventArgs)
29-8-2013 14:38:35.733	I : HDL205 swapped;  FILE: .\CSzenarium.cpp; FUNCTION: CSzenarium::swapItems; LINE: 306; .NET Output: ->Void swapItems(Int32, Int32)->Void OnButtTlgUpClick(System.Object, System.EventArgs)->Void OnClick(System.EventArgs)
29-8-2013 14:38:35.920	I : HDL205 swapped;  FILE: .\CSzenarium.cpp; FUNCTION: CSzenarium::swapItems; LINE: 306; .NET Output: ->Void swapItems(Int32, Int32)->Void OnButtTlgUpClick(System.Object, System.EventArgs)->Void OnClick(System.EventArgs)
29-8-2013 14:38:36.108	I : HDL205 swapped;  FILE: .\CSzenarium.cpp; FUNCTION: CSzenarium::swapItems; LINE: 306; .NET Output: ->Void swapItems(Int32, Int32)->Void OnButtTlgUpClick(System.Object, System.EventArgs)->Void OnClick(System.EventArgs)
29-8-2013 14:38:36.389	I : HDL205 swapped;  FILE: .\CSzenarium.cpp; FUNCTION: CSzenarium::swapItems; LINE: 306; .NET Output: ->Void swapItems(Int32, Int32)->Void OnButtTlgUpClick(System.Object, System.EventArgs)->Void OnClick(System.EventArgs)
29-8-2013 14:38:36.905	I : HDL205 swapped;  FILE: .\CSzenarium.cpp; FUNCTION: CSzenarium::swapItems; LINE: 306; .NET Output: ->Void swapItems(Int32, Int32)->Void OnButtTlgUpClick(System.Object, System.EventArgs)->Void OnClick(System.EventArgs)
29-8-2013 14:38:43.30	I : Save to file;  D:\JSW-SMS-3\SMC\source\Tools\Simulator\Simulator\Executable\HMDS.szn;  FILE: .\CSenderForm.cpp; FUNCTION: simulator::CSenderForm::saveSimpleTimeSzenarium; LINE: 485; .NET Output: ->Void saveSimpleTimeSzenarium(System.String)->Void MenuSaveSimpleTimeSzen_Click(System.Object, System.EventArgs)->Void OnClick(System.EventArgs)
29-8-2013 14:39:26.640	I : Save to file;  D:\JSW-SMS-3\SMC\source\Tools\Simulator\Simulator\Executable\HMDS.szn;  FILE: .\CSenderForm.cpp; FUNCTION: simulator::CSenderForm::saveSimpleTimeSzenarium; LINE: 485; .NET Output: ->Void saveSimpleTimeSzenarium(System.String)->Void MenuSaveSimpleTimeSzen_Click(System.Object, System.EventArgs)->Void OnClick(System.EventArgs)
29-8-2013 14:39:56.453	I : Save to file;  D:\JSW-SMS-3\SMC\source\Tools\Simulator\Simulator\Executable\HMDS.szn;  FILE: .\CSenderForm.cpp; FUNCTION: simulator::CSenderForm::saveSimpleTimeSzenarium; LINE: 485; .NET Output: ->Void saveSimpleTimeSzenarium(System.String)->Void MenuSaveSimpleTimeSzen_Click(System.Object, System.EventArgs)->Void OnClick(System.EventArgs)
29-8-2013 14:40:29.704	I : Save to file;  D:\JSW-SMS-3\SMC\source\Tools\Simulator\Simulator\Executable\HMDS.szn;  FILE: .\CSenderForm.cpp; FUNCTION: simulator::CSenderForm::saveSimpleTimeSzenarium; LINE: 485; .NET Output: ->Void saveSimpleTimeSzenarium(System.String)->Void MenuSaveSimpleTimeSzen_Click(System.Object, System.EventArgs)->Void OnClick(System.EventArgs)
29-8-2013 14:40:44.642	I : HDL213 swapped;  FILE: .\CSzenarium.cpp; FUNCTION: CSzenarium::swapItems; LINE: 306; .NET Output: ->Void swapItems(Int32, Int32)->Void OnButtTlgDownClick(System.Object, System.EventArgs)->Void OnClick(System.EventArgs)
29-8-2013 14:40:45.548	I : HDL213 swapped;  FILE: .\CSzenarium.cpp; FUNCTION: CSzenarium::swapItems; LINE: 306; .NET Output: ->Void swapItems(Int32, Int32)->Void OnButtTlgDownClick(System.Object, System.EventArgs)->Void OnClick(System.EventArgs)
29-8-2013 14:40:57.626	I : Save to file;  D:\JSW-SMS-3\SMC\source\Tools\Simulator\Simulator\Executable\HMDS.szn;  FILE: .\CSenderForm.cpp; FUNCTION: simulator::CSenderForm::saveSimpleTimeSzenarium; LINE: 485; .NET Output: ->Void saveSimpleTimeSzenarium(System.String)->Void MenuSaveSimpleTimeSzen_Click(System.Object, System.EventArgs)->Void OnClick(System.EventArgs)
29-8-2013 14:41:21.642	I : Save to file;  D:\JSW-SMS-3\SMC\source\Tools\Simulator\Simulator\Executable\HMDS.szn;  FILE: .\CSenderForm.cpp; FUNCTION: simulator::CSenderForm::saveSimpleTimeSzenarium; LINE: 485; .NET Output: ->Void saveSimpleTimeSzenarium(System.String)->Void MenuSaveSimpleTimeSzen_Click(System.Object, System.EventArgs)->Void OnClick(System.EventArgs)
29-8-2013 14:43:30.957	I : HDL209 swapped;  FILE: .\CSzenarium.cpp; FUNCTION: CSzenarium::swapItems; LINE: 306; .NET Output: ->Void swapItems(Int32, Int32)->Void OnButtTlgDownClick(System.Object, System.EventArgs)->Void OnClick(System.EventArgs)
29-8-2013 14:43:36.926	I : Save to file;  D:\JSW-SMS-3\SMC\source\Tools\Simulator\Simulator\Executable\HMDS.szn;  FILE: .\CSenderForm.cpp; FUNCTION: simulator::CSenderForm::saveSimpleTimeSzenarium; LINE: 485; .NET Output: ->Void saveSimpleTimeSzenarium(System.String)->Void MenuSaveSimpleTimeSzen_Click(System.Object, System.EventArgs)->Void OnClick(System.EventArgs)
29-8-2013 14:44:50.599	I : Save to file;  D:\JSW-SMS-3\SMC\source\Tools\Simulator\Simulator\Executable\HMDS.szn;  FILE: .\CSenderForm.cpp; FUNCTION: simulator::CSenderForm::saveSimpleTimeSzenarium; LINE: 485; .NET Output: ->Void saveSimpleTimeSzenarium(System.String)->Void MenuSaveSimpleTimeSzen_Click(System.Object, System.EventArgs)->Void OnClick(System.EventArgs)
29-8-2013 15:26:31.550	I : All telegrams in szenario removed;  FILE: .\CSzenarium.cpp; FUNCTION: CSzenarium::clearSzenarium; LINE: 562; .NET Output: ->Void clearSzenarium()->Void updateSzenFile()->Void updateSzenFile()
29-8-2013 15:28:11.755	I : Load:  D:\JSW-SMS-3\SMC\source\Tools\Simulator\Simulator\Executable\HMDS.szn;  FILE: .\CSenderForm.cpp; FUNCTION: simulator::CSenderForm::loadSzenarium; LINE: 507; .NET Output: ->Void loadSzenarium(System.String)->Void OnMenuFileSzenOpenClick(System.Object, System.EventArgs)->Void OnClick(System.EventArgs)
29-8-2013 15:28:11.771	I : All telegrams in szenario removed;  FILE: .\CSzenarium.cpp; FUNCTION: CSzenarium::clearSzenarium; LINE: 562; .NET Output: ->Void clearSzenarium()->Void loadSzenarium(System.String, System.Collections.ArrayList)->Void loadSzenarium(System.String)
29-8-2013 15:28:24.630	I : Client IPEndPoint created;  FILE: .\CSocketClient.cpp; FUNCTION: CSocketClient::buildConnection; LINE: 35; .NET Output: ->Int32 buildConnection(System.String, Int32)->Int32 buildConnAsClient()->Int32 buildConnection(Int32)
29-8-2013 15:28:24.646	I : Receive thread (checks server connection) started;  FILE: .\CInterSenderManager.cpp; FUNCTION: CInterSenderManager::InvokeReceiveThread; LINE: 93; .NET Output: ->Void InvokeReceiveThread(Boolean)->Int32 buildConnAsClient()->Int32 buildConnection(Int32)
29-8-2013 15:28:24.708	I : Connecting to: IP-Addres: 10.182.50.108 Port: 18510;  FILE: .\CSocketConnectionForm.cpp; FUNCTION: simulator::CSocketConnectionForm::OnClickButtConnection; LINE: 131; .NET Output: ->Void OnClickButtConnection(System.Object, System.EventArgs)->Void OnClick(System.EventArgs)->Void OnClick(System.EventArgs)
29-8-2013 15:28:24.724	I : Start thread for waiting connection;  FILE: .\CSocketClient.cpp; FUNCTION: CSocketClient::waitingForConnection; LINE: 66; .NET Output: ->Void waitingForConnection(Int32)->Void waitingForConnection()->Void OnClickButtConnection(System.Object, System.EventArgs)
29-8-2013 15:28:24.802	I : Client connected;  FILE: .\CSocketClient.cpp; FUNCTION: CSocketClient::waiting; LINE: 102; .NET Output: ->Void waiting()->Void ThreadStart_Context(System.Object)->Void Run(System.Threading.ExecutionContext, System.Threading.ContextCallback, System.Object)
29-8-2013 15:30:11.601	I : Send Tel: 504|1061|1|1|2013|8|20|10|30|21|0|0|0|1010000000|1020000000|1030000000| | | | | | | | | | | | | | | | | |900|800|800|-1|-1|-1|-1|-1|-1|-1|-1|-1|-1|-1|-1|-1|-1|-1|-1|-1|1|1|1|-1|-1|-1|-1|-1|-1|-1|-1|-1|-1|-1|-1|-1|-1|-1|-1|-1|-1|-1|-1|-1|-1|-1|-1|-1|-1|-1|-1|-1|-1|-1|-1|-1|-1|-1|-1|-1|-1|-1|-1|-1|-1|;  FILE: .\CSendItemsServer.cpp; FUNCTION: CSendItemsServer::sendSzenItem; LINE: 171; .NET Output: ->Void sendSzenItem(CInterSenderManager, CSzenItem)->Void sendOneTelegram()->Void ThreadStart_Context(System.Object)
29-8-2013 15:30:19.789	I : Send Tel: 74|1004|1|1|2013|8|20|10|30|34|0|0|148|01|1|-1|-1|-1|-1|-1|;  FILE: .\CSendItemsServer.cpp; FUNCTION: CSendItemsServer::sendSzenItem; LINE: 171; .NET Output: ->Void sendSzenItem(CInterSenderManager, CSzenItem)->Void sendOneTelegram()->Void ThreadStart_Context(System.Object)
29-8-2013 15:30:31.554	I : Send Tel: 148|1060|1|1|2013|8|20|10|12|12|0|0|148|01|1|3|2|0|1010000000|1020000000|1030000000| | |0|-1|-1|-1|-1|0|-1|-1|;  FILE: .\CSendItemsServer.cpp; FUNCTION: CSendItemsServer::sendSzenItem; LINE: 171; .NET Output: ->Void sendSzenItem(CInterSenderManager, CSzenItem)->Void sendOneTelegram()->Void ThreadStart_Context(System.Object)
29-8-2013 15:30:43.961	I : Send Tel: 78|1081|1|1|2013|8|20|10|30|31|0|0|148|1|01|3|-1|-1|-1|-1|-1|;  FILE: .\CSendItemsServer.cpp; FUNCTION: CSendItemsServer::sendSzenItem; LINE: 171; .NET Output: ->Void sendSzenItem(CInterSenderManager, CSzenItem)->Void sendOneTelegram()->Void ThreadStart_Context(System.Object)
29-8-2013 15:30:55.149	I : Send Tel: 104|1023|2013|1|2013|8|20|10|30|21|0|0|0|2|5|20|20|0|0|300|0|25|7|0|0|100|-1|-1|;  FILE: .\CSendItemsServer.cpp; FUNCTION: CSendItemsServer::sendSzenItem; LINE: 171; .NET Output: ->Void sendSzenItem(CInterSenderManager, CSzenItem)->Void sendOneTelegram()->Void ThreadStart_Context(System.Object)
29-8-2013 15:39:32.455	I : Send Tel: 148|1060|1|1|2013|8|20|10|12|12|0|0|148|01|1|3|2|0|1010000000|1020000000|1030000000| | |280|-1|-1|-1|-1|50|-1|-1|;  FILE: .\CSendItemsServer.cpp; FUNCTION: CSendItemsServer::sendSzenItem; LINE: 171; .NET Output: ->Void sendSzenItem(CInterSenderManager, CSzenItem)->Void sendOneTelegram()->Void ThreadStart_Context(System.Object)
29-8-2013 15:39:47.690	I : Send Tel: 78|1081|1|1|2013|8|20|10|30|31|0|0|148|1|01|4|-1|-1|-1|-1|-1|;  FILE: .\CSendItemsServer.cpp; FUNCTION: CSendItemsServer::sendSzenItem; LINE: 171; .NET Output: ->Void sendSzenItem(CInterSenderManager, CSzenItem)->Void sendOneTelegram()->Void ThreadStart_Context(System.Object)
29-8-2013 15:39:57.206	I : Send Tel: 104|1023|2013|1|2013|8|20|10|30|21|0|0|0|2|5|20|20|0|0|325|0|25|7|0|0|100|-1|-1|;  FILE: .\CSendItemsServer.cpp; FUNCTION: CSendItemsServer::sendSzenItem; LINE: 171; .NET Output: ->Void sendSzenItem(CInterSenderManager, CSzenItem)->Void sendOneTelegram()->Void ThreadStart_Context(System.Object)
29-8-2013 15:40:7.941	I : Send Tel: 148|1060|1|1|2013|8|20|10|12|12|0|0|148|01|1|3|3|0|1010000000|1020000000|1030000000| | |320|-1|-1|-1|-1|50|-1|-1|;  FILE: .\CSendItemsServer.cpp; FUNCTION: CSendItemsServer::sendSzenItem; LINE: 171; .NET Output: ->Void sendSzenItem(CInterSenderManager, CSzenItem)->Void sendOneTelegram()->Void ThreadStart_Context(System.Object)
29-8-2013 15:40:23.535	I : Send Tel: 78|1081|1|1|2013|8|20|10|30|31|0|0|148|1|01|5|-1|-1|-1|-1|-1|;  FILE: .\CSendItemsServer.cpp; FUNCTION: CSendItemsServer::sendSzenItem; LINE: 171; .NET Output: ->Void sendSzenItem(CInterSenderManager, CSzenItem)->Void sendOneTelegram()->Void ThreadStart_Context(System.Object)
29-8-2013 15:40:38.769	I : Send Tel: 74|1005|1|1|2013|8|20|10|30|45|0|0|148|1|1|1|-1|-1|-1|-1|;  FILE: .\CSendItemsServer.cpp; FUNCTION: CSendItemsServer::sendSzenItem; LINE: 171; .NET Output: ->Void sendSzenItem(CInterSenderManager, CSzenItem)->Void sendOneTelegram()->Void ThreadStart_Context(System.Object)
29-8-2013 15:40:56.145	I : Send Tel: 74|1005|1|1|2013|8|20|10|30|45|0|0|148|1|1|2|-1|-1|-1|-1|;  FILE: .\CSendItemsServer.cpp; FUNCTION: CSendItemsServer::sendSzenItem; LINE: 171; .NET Output: ->Void sendSzenItem(CInterSenderManager, CSzenItem)->Void sendOneTelegram()->Void ThreadStart_Context(System.Object)
29-8-2013 17:52:20.430	I : Connection disconnected;  FILE: .\CSocketConnection.cpp; FUNCTION: CSocketConnection::disConnection; LINE: 168; .NET Output: ->Boolean disConnection()->Boolean disConnection()->Boolean disConnect()
29-8-2013 17:52:20.446	I : Receive thread (checks server connection) aborted;  FILE: .\CInterSenderManager.cpp; FUNCTION: CInterSenderManager::InvokeReceiveThread; LINE: 101; .NET Output: ->Void InvokeReceiveThread(Boolean)->Boolean disConnect()->Void disConnectAll()
29-8-2013 17:52:20.446	I : DisConnect was called!;  FILE: .\CInterConnection.cpp; FUNCTION: CInterConnection::disConnect; LINE: 199; .NET Output: ->Boolean disConnect()->Void disConnectAll()->Void disSocketConnection()
29-8-2013 17:52:20.493	I : All telegrams in szenario removed;  FILE: .\CSzenarium.cpp; FUNCTION: CSzenarium::clearSzenarium; LINE: 562; .NET Output: ->Void clearSzenarium()->Void updateSzenFile()->Void updateSzenFile()
