4-9-2013 13:48:42.686	I : Log file <D:\JSW-SMS-3\SMC\source\Tools\Simulator\Simulator\Executable\SimLog\> deleted.;  FILE: .\CLogWriterWrapper.cpp; FUNCTION: CLogWriterWrapper::removeNeedlessLogFiles; LINE: 77; .NET Output: ->Void removeNeedlessLogFiles()->Void initViewComponent()->Void initComponent()
4-9-2013 13:48:42.811	I : Interface: D:\JSW-SMS-3\SMC\source\TELCOM\TELCOM_IN\TELCOM_IN_Frame\Telcom_In.xml;  FILE: .\Form1.cpp; FUNCTION: simulator::Form1::loadInterface; LINE: 1157; .NET Output: ->Int32 loadInterface(System.String)->Void loadInterfaces()->Void initViewComponent()
4-9-2013 13:48:43.436	I : All telegram objects removed.; FILE: ctlgcontainer.h; FUNCTION: freeTlg; LINE: 161
4-9-2013 13:48:43.467	I : Verctor - list of telegram (re)buildet.; FILE: ctlgcontainer.h; FUNCTION: BuildIndex; LINE: 175
4-9-2013 13:48:43.483	I : Telcom_In->Head For TelCom use only; FILE: cxmltlgprototypereader.cpp; FUNCTION: readOneTelegram; LINE: 219
4-9-2013 13:48:43.483	I : Verctor - list of telegram (re)buildet.; FILE: ctlgcontainer.h; FUNCTION: BuildIndex; LINE: 175
4-9-2013 13:48:43.483	I : Telcom_In->CCSSMC01 Required ladle arrival time from CCS; FILE: cxmltlgprototypereader.cpp; FUNCTION: readOneTelegram; LINE: 219
4-9-2013 13:48:43.483	I : Verctor - list of telegram (re)buildet.; FILE: ctlgcontainer.h; FUNCTION: BuildIndex; LINE: 175
4-9-2013 13:48:43.483	I : Telcom_In->CCSSMC02 Caster and Heat status to SMC; FILE: cxmltlgprototypereader.cpp; FUNCTION: readOneTelegram; LINE: 219
4-9-2013 13:48:43.483	I : Verctor - list of telegram (re)buildet.; FILE: ctlgcontainer.h; FUNCTION: BuildIndex; LINE: 175
4-9-2013 13:48:43.483	I : Telcom_In->EAL200 Acknowledge to Level 2; FILE: cxmltlgprototypereader.cpp; FUNCTION: readOneTelegram; LINE: 219
4-9-2013 13:48:43.483	I : Verctor - list of telegram (re)buildet.; FILE: ctlgcontainer.h; FUNCTION: BuildIndex; LINE: 175
4-9-2013 13:48:43.483	I : Telcom_In->EAL201 Watchdog to Level 2; FILE: cxmltlgprototypereader.cpp; FUNCTION: readOneTelegram; LINE: 219
4-9-2013 13:48:43.499	I : Verctor - list of telegram (re)buildet.; FILE: ctlgcontainer.h; FUNCTION: BuildIndex; LINE: 175
4-9-2013 13:48:43.499	I : Telcom_In->EAL203 Announcement of Heat; FILE: cxmltlgprototypereader.cpp; FUNCTION: readOneTelegram; LINE: 219
4-9-2013 13:48:43.499	I : Verctor - list of telegram (re)buildet.; FILE: ctlgcontainer.h; FUNCTION: BuildIndex; LINE: 175
4-9-2013 13:48:43.499	I : Telcom_In->EAL204 Start of Heat; FILE: cxmltlgprototypereader.cpp; FUNCTION: readOneTelegram; LINE: 219
4-9-2013 13:48:43.499	I : Verctor - list of telegram (re)buildet.; FILE: ctlgcontainer.h; FUNCTION: BuildIndex; LINE: 175
4-9-2013 13:48:43.499	I : Telcom_In->EAL205 End of Heat/Ladle Departure; FILE: cxmltlgprototypereader.cpp; FUNCTION: readOneTelegram; LINE: 219
4-9-2013 13:48:43.499	I : Verctor - list of telegram (re)buildet.; FILE: ctlgcontainer.h; FUNCTION: BuildIndex; LINE: 175
4-9-2013 13:48:43.499	I : Telcom_In->EAL206 Heat Cancellation; FILE: cxmltlgprototypereader.cpp; FUNCTION: readOneTelegram; LINE: 219
4-9-2013 13:48:43.499	I : Verctor - list of telegram (re)buildet.; FILE: ctlgcontainer.h; FUNCTION: BuildIndex; LINE: 175
4-9-2013 13:48:43.499	I : Telcom_In->EAL207 Tapping Start/End; FILE: cxmltlgprototypereader.cpp; FUNCTION: readOneTelegram; LINE: 219
4-9-2013 13:48:43.514	I : Verctor - list of telegram (re)buildet.; FILE: ctlgcontainer.h; FUNCTION: BuildIndex; LINE: 175
4-9-2013 13:48:43.514	I : Telcom_In->EAL209 Sample Taken; FILE: cxmltlgprototypereader.cpp; FUNCTION: readOneTelegram; LINE: 219
4-9-2013 13:48:43.514	I : Verctor - list of telegram (re)buildet.; FILE: ctlgcontainer.h; FUNCTION: BuildIndex; LINE: 175
4-9-2013 13:48:43.514	I : Telcom_In->EAL211 Temperature/CELOX Taken; FILE: cxmltlgprototypereader.cpp; FUNCTION: readOneTelegram; LINE: 219
4-9-2013 13:48:43.514	I : Verctor - list of telegram (re)buildet.; FILE: ctlgcontainer.h; FUNCTION: BuildIndex; LINE: 175
4-9-2013 13:48:43.514	I : Telcom_In->EAL214 Update Tap Ladle Data; FILE: cxmltlgprototypereader.cpp; FUNCTION: readOneTelegram; LINE: 219
4-9-2013 13:48:43.514	I : Verctor - list of telegram (re)buildet.; FILE: ctlgcontainer.h; FUNCTION: BuildIndex; LINE: 175
4-9-2013 13:48:43.514	I : Telcom_In->EAL215 Basket/Hotmetal Charging; FILE: cxmltlgprototypereader.cpp; FUNCTION: readOneTelegram; LINE: 219
4-9-2013 13:48:43.514	I : Verctor - list of telegram (re)buildet.; FILE: ctlgcontainer.h; FUNCTION: BuildIndex; LINE: 175
4-9-2013 13:48:43.514	I : Telcom_In->EAL216 Deslagging Status; FILE: cxmltlgprototypereader.cpp; FUNCTION: readOneTelegram; LINE: 219
4-9-2013 13:48:43.530	I : Verctor - list of telegram (re)buildet.; FILE: ctlgcontainer.h; FUNCTION: BuildIndex; LINE: 175
4-9-2013 13:48:43.530	I : Telcom_In->EAL217 Delay Status; FILE: cxmltlgprototypereader.cpp; FUNCTION: readOneTelegram; LINE: 219
4-9-2013 13:48:43.530	I : Verctor - list of telegram (re)buildet.; FILE: ctlgcontainer.h; FUNCTION: BuildIndex; LINE: 175
4-9-2013 13:48:43.530	I : Telcom_In->EAL220 Computer Modes; FILE: cxmltlgprototypereader.cpp; FUNCTION: readOneTelegram; LINE: 219
4-9-2013 13:48:43.530	I : Verctor - list of telegram (re)buildet.; FILE: ctlgcontainer.h; FUNCTION: BuildIndex; LINE: 175
4-9-2013 13:48:43.530	I : Telcom_In->EAL221 Furnace Status Roof/Gantry; FILE: cxmltlgprototypereader.cpp; FUNCTION: readOneTelegram; LINE: 219
4-9-2013 13:48:43.530	I : Verctor - list of telegram (re)buildet.; FILE: ctlgcontainer.h; FUNCTION: BuildIndex; LINE: 175
4-9-2013 13:48:43.530	I : Telcom_In->EAL222 Furnace Electrical Status; FILE: cxmltlgprototypereader.cpp; FUNCTION: readOneTelegram; LINE: 219
4-9-2013 13:48:43.545	I : Verctor - list of telegram (re)buildet.; FILE: ctlgcontainer.h; FUNCTION: BuildIndex; LINE: 175
4-9-2013 13:48:43.545	I : Telcom_In->EAL223 Electrical Values; FILE: cxmltlgprototypereader.cpp; FUNCTION: readOneTelegram; LINE: 219
4-9-2013 13:48:43.545	I : Verctor - list of telegram (re)buildet.; FILE: ctlgcontainer.h; FUNCTION: BuildIndex; LINE: 175
4-9-2013 13:48:43.545	I : Telcom_In->EAL224 Material Injection Availabilities; FILE: cxmltlgprototypereader.cpp; FUNCTION: readOneTelegram; LINE: 219
4-9-2013 13:48:43.545	I : Verctor - list of telegram (re)buildet.; FILE: ctlgcontainer.h; FUNCTION: BuildIndex; LINE: 175
4-9-2013 13:48:43.545	I : Telcom_In->EAL225 Material Injection Status; FILE: cxmltlgprototypereader.cpp; FUNCTION: readOneTelegram; LINE: 219
4-9-2013 13:48:43.545	I : Verctor - list of telegram (re)buildet.; FILE: ctlgcontainer.h; FUNCTION: BuildIndex; LINE: 175
4-9-2013 13:48:43.545	I : Telcom_In->EAL226 Material Injection Actual Values; FILE: cxmltlgprototypereader.cpp; FUNCTION: readOneTelegram; LINE: 219
4-9-2013 13:48:43.561	I : Verctor - list of telegram (re)buildet.; FILE: ctlgcontainer.h; FUNCTION: BuildIndex; LINE: 175
4-9-2013 13:48:43.561	I : Telcom_In->EAL227 Burner Gas Availabilities; FILE: cxmltlgprototypereader.cpp; FUNCTION: readOneTelegram; LINE: 219
4-9-2013 13:48:43.561	I : Verctor - list of telegram (re)buildet.; FILE: ctlgcontainer.h; FUNCTION: BuildIndex; LINE: 175
4-9-2013 13:48:43.561	I : Telcom_In->EAL228 Burner Status; FILE: cxmltlgprototypereader.cpp; FUNCTION: readOneTelegram; LINE: 219
4-9-2013 13:48:43.561	I : Verctor - list of telegram (re)buildet.; FILE: ctlgcontainer.h; FUNCTION: BuildIndex; LINE: 175
4-9-2013 13:48:43.561	I : Telcom_In->EAL229 Burner Actual Values; FILE: cxmltlgprototypereader.cpp; FUNCTION: readOneTelegram; LINE: 219
4-9-2013 13:48:43.577	I : Verctor - list of telegram (re)buildet.; FILE: ctlgcontainer.h; FUNCTION: BuildIndex; LINE: 175
4-9-2013 13:48:43.577	I : Telcom_In->EAL230 Oxygen Injection Availability; FILE: cxmltlgprototypereader.cpp; FUNCTION: readOneTelegram; LINE: 219
4-9-2013 13:48:43.577	I : Verctor - list of telegram (re)buildet.; FILE: ctlgcontainer.h; FUNCTION: BuildIndex; LINE: 175
4-9-2013 13:48:43.577	I : Telcom_In->EAL231 Oxygen Injector Status; FILE: cxmltlgprototypereader.cpp; FUNCTION: readOneTelegram; LINE: 219
4-9-2013 13:48:43.577	I : Verctor - list of telegram (re)buildet.; FILE: ctlgcontainer.h; FUNCTION: BuildIndex; LINE: 175
4-9-2013 13:48:43.577	I : Telcom_In->EAL232 Oxygen Injection Actual Values; FILE: cxmltlgprototypereader.cpp; FUNCTION: readOneTelegram; LINE: 219
4-9-2013 13:48:43.592	I : Verctor - list of telegram (re)buildet.; FILE: ctlgcontainer.h; FUNCTION: BuildIndex; LINE: 175
4-9-2013 13:48:43.592	I : Telcom_In->EAL233 Cooling Water Values; FILE: cxmltlgprototypereader.cpp; FUNCTION: readOneTelegram; LINE: 219
4-9-2013 13:48:43.592	I : Verctor - list of telegram (re)buildet.; FILE: ctlgcontainer.h; FUNCTION: BuildIndex; LINE: 175
4-9-2013 13:48:43.592	I : Telcom_In->EAL234 Status of Vessel Bottom Stirring; FILE: cxmltlgprototypereader.cpp; FUNCTION: readOneTelegram; LINE: 219
4-9-2013 13:48:43.608	I : Verctor - list of telegram (re)buildet.; FILE: ctlgcontainer.h; FUNCTION: BuildIndex; LINE: 175
4-9-2013 13:48:43.608	I : Telcom_In->EAL235 Actual Values of Vessel Stirring; FILE: cxmltlgprototypereader.cpp; FUNCTION: readOneTelegram; LINE: 219
4-9-2013 13:48:43.608	I : Verctor - list of telegram (re)buildet.; FILE: ctlgcontainer.h; FUNCTION: BuildIndex; LINE: 175
4-9-2013 13:48:43.608	I : Telcom_In->EAL236 Status of Ladle Bottom Stirring; FILE: cxmltlgprototypereader.cpp; FUNCTION: readOneTelegram; LINE: 219
4-9-2013 13:48:43.608	I : Verctor - list of telegram (re)buildet.; FILE: ctlgcontainer.h; FUNCTION: BuildIndex; LINE: 175
4-9-2013 13:48:43.608	I : Telcom_In->EAL237 Actual Values of Ladle Bottom Stirring; FILE: cxmltlgprototypereader.cpp; FUNCTION: readOneTelegram; LINE: 219
4-9-2013 13:48:43.624	I : Verctor - list of telegram (re)buildet.; FILE: ctlgcontainer.h; FUNCTION: BuildIndex; LINE: 175
4-9-2013 13:48:43.624	I : Telcom_In->EAL240 Flame Profiles; FILE: cxmltlgprototypereader.cpp; FUNCTION: readOneTelegram; LINE: 219
4-9-2013 13:48:43.624	I : Verctor - list of telegram (re)buildet.; FILE: ctlgcontainer.h; FUNCTION: BuildIndex; LINE: 175
4-9-2013 13:48:43.624	I : Telcom_In->EAL241 EAF Level 1 Parameter; FILE: cxmltlgprototypereader.cpp; FUNCTION: readOneTelegram; LINE: 219
4-9-2013 13:48:43.624	I : Verctor - list of telegram (re)buildet.; FILE: ctlgcontainer.h; FUNCTION: BuildIndex; LINE: 175
4-9-2013 13:48:43.624	I : Telcom_In->EAL250 Waste Gas Flows; FILE: cxmltlgprototypereader.cpp; FUNCTION: readOneTelegram; LINE: 219
4-9-2013 13:48:43.639	I : Verctor - list of telegram (re)buildet.; FILE: ctlgcontainer.h; FUNCTION: BuildIndex; LINE: 175
4-9-2013 13:48:43.639	I : Telcom_In->EAL260 Material Handling Report; FILE: cxmltlgprototypereader.cpp; FUNCTION: readOneTelegram; LINE: 219
4-9-2013 13:48:43.655	I : Verctor - list of telegram (re)buildet.; FILE: ctlgcontainer.h; FUNCTION: BuildIndex; LINE: 175
4-9-2013 13:48:43.655	I : Telcom_In->EAL261 Material Availabilities; FILE: cxmltlgprototypereader.cpp; FUNCTION: readOneTelegram; LINE: 219
4-9-2013 13:48:43.655	I : Verctor - list of telegram (re)buildet.; FILE: ctlgcontainer.h; FUNCTION: BuildIndex; LINE: 175
4-9-2013 13:48:43.655	I : Telcom_In->EAL262 Material Feeding System; FILE: cxmltlgprototypereader.cpp; FUNCTION: readOneTelegram; LINE: 219
4-9-2013 13:48:43.655	I : Verctor - list of telegram (re)buildet.; FILE: ctlgcontainer.h; FUNCTION: BuildIndex; LINE: 175
4-9-2013 13:48:43.655	I : Telcom_In->EAL263 Material Feeding Status; FILE: cxmltlgprototypereader.cpp; FUNCTION: readOneTelegram; LINE: 219
4-9-2013 13:48:43.670	I : Verctor - list of telegram (re)buildet.; FILE: ctlgcontainer.h; FUNCTION: BuildIndex; LINE: 175
4-9-2013 13:48:43.670	I : Telcom_In->EAL270 Liquid Material Handling Report; FILE: cxmltlgprototypereader.cpp; FUNCTION: readOneTelegram; LINE: 219
4-9-2013 13:48:43.670	I : Verctor - list of telegram (re)buildet.; FILE: ctlgcontainer.h; FUNCTION: BuildIndex; LINE: 175
4-9-2013 13:48:43.670	I : Telcom_In->EAL280 Phase Report; FILE: cxmltlgprototypereader.cpp; FUNCTION: readOneTelegram; LINE: 219
4-9-2013 13:48:43.670	I : Verctor - list of telegram (re)buildet.; FILE: ctlgcontainer.h; FUNCTION: BuildIndex; LINE: 175
4-9-2013 13:48:43.670	I : Telcom_In->EAL281 Basket Request; FILE: cxmltlgprototypereader.cpp; FUNCTION: readOneTelegram; LINE: 219
4-9-2013 13:48:43.670	I : Verctor - list of telegram (re)buildet.; FILE: ctlgcontainer.h; FUNCTION: BuildIndex; LINE: 175
4-9-2013 13:48:43.670	I : Telcom_In->L2HD00 Acknowledge to Level 2; FILE: cxmltlgprototypereader.cpp; FUNCTION: readOneTelegram; LINE: 219
4-9-2013 13:48:43.670	I : Verctor - list of telegram (re)buildet.; FILE: ctlgcontainer.h; FUNCTION: BuildIndex; LINE: 175
4-9-2013 13:48:43.670	I : Telcom_In->HDL201 Watchdog primary; FILE: cxmltlgprototypereader.cpp; FUNCTION: readOneTelegram; LINE: 219
4-9-2013 13:48:43.686	I : Verctor - list of telegram (re)buildet.; FILE: ctlgcontainer.h; FUNCTION: BuildIndex; LINE: 175
4-9-2013 13:48:43.686	I : Telcom_In->HDL203 Announcement of Heat; FILE: cxmltlgprototypereader.cpp; FUNCTION: readOneTelegram; LINE: 219
4-9-2013 13:48:43.686	I : Verctor - list of telegram (re)buildet.; FILE: ctlgcontainer.h; FUNCTION: BuildIndex; LINE: 175
4-9-2013 13:48:43.686	I : Telcom_In->HDL204 Start of Heat; FILE: cxmltlgprototypereader.cpp; FUNCTION: readOneTelegram; LINE: 219
4-9-2013 13:48:43.686	I : Verctor - list of telegram (re)buildet.; FILE: ctlgcontainer.h; FUNCTION: BuildIndex; LINE: 175
4-9-2013 13:48:43.686	I : Telcom_In->HDL205 End of Heat/LDL Departure; FILE: cxmltlgprototypereader.cpp; FUNCTION: readOneTelegram; LINE: 219
4-9-2013 13:48:43.686	I : Verctor - list of telegram (re)buildet.; FILE: ctlgcontainer.h; FUNCTION: BuildIndex; LINE: 175
4-9-2013 13:48:43.686	I : Telcom_In->HDL206 Heat Cancelled; FILE: cxmltlgprototypereader.cpp; FUNCTION: readOneTelegram; LINE: 219
4-9-2013 13:48:43.702	I : Verctor - list of telegram (re)buildet.; FILE: ctlgcontainer.h; FUNCTION: BuildIndex; LINE: 175
4-9-2013 13:48:43.702	I : Telcom_In->HDL209 Sample Taken; FILE: cxmltlgprototypereader.cpp; FUNCTION: readOneTelegram; LINE: 219
4-9-2013 13:48:43.702	I : Verctor - list of telegram (re)buildet.; FILE: ctlgcontainer.h; FUNCTION: BuildIndex; LINE: 175
4-9-2013 13:48:43.702	I : Telcom_In->HDL211 Temp is taken; FILE: cxmltlgprototypereader.cpp; FUNCTION: readOneTelegram; LINE: 219
4-9-2013 13:48:43.702	I : Verctor - list of telegram (re)buildet.; FILE: ctlgcontainer.h; FUNCTION: BuildIndex; LINE: 175
4-9-2013 13:48:43.702	I : Telcom_In->HDL213 Update Aim Departure Time; FILE: cxmltlgprototypereader.cpp; FUNCTION: readOneTelegram; LINE: 219
4-9-2013 13:48:43.702	I : Verctor - list of telegram (re)buildet.; FILE: ctlgcontainer.h; FUNCTION: BuildIndex; LINE: 175
4-9-2013 13:48:43.702	I : Telcom_In->HDL220 HMD Operation Modes; FILE: cxmltlgprototypereader.cpp; FUNCTION: readOneTelegram; LINE: 219
4-9-2013 13:48:43.702	I : Verctor - list of telegram (re)buildet.; FILE: ctlgcontainer.h; FUNCTION: BuildIndex; LINE: 175
4-9-2013 13:48:43.702	I : Telcom_In->HDL221 Plant Status; FILE: cxmltlgprototypereader.cpp; FUNCTION: readOneTelegram; LINE: 219
4-9-2013 13:48:43.717	I : Verctor - list of telegram (re)buildet.; FILE: ctlgcontainer.h; FUNCTION: BuildIndex; LINE: 175
4-9-2013 13:48:43.717	I : Telcom_In->HDL223 HMD Actual Values; FILE: cxmltlgprototypereader.cpp; FUNCTION: readOneTelegram; LINE: 219
4-9-2013 13:48:43.717	I : Verctor - list of telegram (re)buildet.; FILE: ctlgcontainer.h; FUNCTION: BuildIndex; LINE: 175
4-9-2013 13:48:43.717	I : Telcom_In->HDL260 Blowing Report; FILE: cxmltlgprototypereader.cpp; FUNCTION: readOneTelegram; LINE: 219
4-9-2013 13:48:43.733	I : Verctor - list of telegram (re)buildet.; FILE: ctlgcontainer.h; FUNCTION: BuildIndex; LINE: 175
4-9-2013 13:48:43.733	I : Telcom_In->HDL261 Material Availbilities for Powder; FILE: cxmltlgprototypereader.cpp; FUNCTION: readOneTelegram; LINE: 219
4-9-2013 13:48:43.733	I : Verctor - list of telegram (re)buildet.; FILE: ctlgcontainer.h; FUNCTION: BuildIndex; LINE: 175
4-9-2013 13:48:43.733	I : Telcom_In->HDL270 Liquid Material Handling Report; FILE: cxmltlgprototypereader.cpp; FUNCTION: readOneTelegram; LINE: 219
4-9-2013 13:48:43.733	I : Verctor - list of telegram (re)buildet.; FILE: ctlgcontainer.h; FUNCTION: BuildIndex; LINE: 175
4-9-2013 13:48:43.733	I : Telcom_In->HDL281 Treatment Steps; FILE: cxmltlgprototypereader.cpp; FUNCTION: readOneTelegram; LINE: 219
4-9-2013 13:48:43.733	I : Verctor - list of telegram (re)buildet.; FILE: ctlgcontainer.h; FUNCTION: BuildIndex; LINE: 175
4-9-2013 13:48:43.733	I : Telcom_In->L3SMC01 Cyclic alive telegram from L3; FILE: cxmltlgprototypereader.cpp; FUNCTION: readOneTelegram; LINE: 219
4-9-2013 13:48:43.764	I : Verctor - list of telegram (re)buildet.; FILE: ctlgcontainer.h; FUNCTION: BuildIndex; LINE: 175
4-9-2013 13:48:43.764	I : Telcom_In->L3SMC02 Heat Schedule From L3; FILE: cxmltlgprototypereader.cpp; FUNCTION: readOneTelegram; LINE: 219
4-9-2013 13:48:43.764	I : Verctor - list of telegram (re)buildet.; FILE: ctlgcontainer.h; FUNCTION: BuildIndex; LINE: 175
4-9-2013 13:48:43.764	I : Telcom_In->L3SMC03 Production Order Data; FILE: cxmltlgprototypereader.cpp; FUNCTION: readOneTelegram; LINE: 219
4-9-2013 13:48:43.827	I : Verctor - list of telegram (re)buildet.; FILE: ctlgcontainer.h; FUNCTION: BuildIndex; LINE: 175
4-9-2013 13:48:43.827	I : Telcom_In->L3SMC06 Steel Grade Code Definition; FILE: cxmltlgprototypereader.cpp; FUNCTION: readOneTelegram; LINE: 219
4-9-2013 13:48:43.842	I : Verctor - list of telegram (re)buildet.; FILE: ctlgcontainer.h; FUNCTION: BuildIndex; LINE: 175
4-9-2013 13:48:43.842	I : Telcom_In->L3SMC07 Delay Code Definition; FILE: cxmltlgprototypereader.cpp; FUNCTION: readOneTelegram; LINE: 219
4-9-2013 13:48:43.842	I : Verctor - list of telegram (re)buildet.; FILE: ctlgcontainer.h; FUNCTION: BuildIndex; LINE: 175
4-9-2013 13:48:43.842	I : Telcom_In->L3SMC08 Material Code Definition; FILE: cxmltlgprototypereader.cpp; FUNCTION: readOneTelegram; LINE: 219
4-9-2013 13:48:43.858	I : Verctor - list of telegram (re)buildet.; FILE: ctlgcontainer.h; FUNCTION: BuildIndex; LINE: 175
4-9-2013 13:48:43.858	I : Telcom_In->L3SMC09 Status Request; FILE: cxmltlgprototypereader.cpp; FUNCTION: readOneTelegram; LINE: 219
4-9-2013 13:48:43.858	I : Verctor - list of telegram (re)buildet.; FILE: ctlgcontainer.h; FUNCTION: BuildIndex; LINE: 175
4-9-2013 13:48:43.858	I : Telcom_In->LABSMC01 Cyclic alive telegram from LAB; FILE: cxmltlgprototypereader.cpp; FUNCTION: readOneTelegram; LINE: 219
4-9-2013 13:48:43.858	I : Verctor - list of telegram (re)buildet.; FILE: ctlgcontainer.h; FUNCTION: BuildIndex; LINE: 175
4-9-2013 13:48:43.858	I : Telcom_In->LABSMC02 Steel analysis data; FILE: cxmltlgprototypereader.cpp; FUNCTION: readOneTelegram; LINE: 219
4-9-2013 13:48:43.874	I : Verctor - list of telegram (re)buildet.; FILE: ctlgcontainer.h; FUNCTION: BuildIndex; LINE: 175
4-9-2013 13:48:43.874	I : Telcom_In->LABSMC03 Slag analysis data; FILE: cxmltlgprototypereader.cpp; FUNCTION: readOneTelegram; LINE: 219
4-9-2013 13:48:43.874	I : Verctor - list of telegram (re)buildet.; FILE: ctlgcontainer.h; FUNCTION: BuildIndex; LINE: 175
4-9-2013 13:48:43.874	I : Telcom_In->LFL200 Acknowledge to Level 2; FILE: cxmltlgprototypereader.cpp; FUNCTION: readOneTelegram; LINE: 219
4-9-2013 13:48:43.874	I : Verctor - list of telegram (re)buildet.; FILE: ctlgcontainer.h; FUNCTION: BuildIndex; LINE: 175
4-9-2013 13:48:43.874	I : Telcom_In->LFL201 Watchdog to Level 2; FILE: cxmltlgprototypereader.cpp; FUNCTION: readOneTelegram; LINE: 219
4-9-2013 13:48:43.874	I : Verctor - list of telegram (re)buildet.; FILE: ctlgcontainer.h; FUNCTION: BuildIndex; LINE: 175
4-9-2013 13:48:43.874	I : Telcom_In->LFL203 Announcement of Heat; FILE: cxmltlgprototypereader.cpp; FUNCTION: readOneTelegram; LINE: 219
4-9-2013 13:48:43.889	I : Verctor - list of telegram (re)buildet.; FILE: ctlgcontainer.h; FUNCTION: BuildIndex; LINE: 175
4-9-2013 13:48:43.889	I : Telcom_In->LFL204 Start of Heat; FILE: cxmltlgprototypereader.cpp; FUNCTION: readOneTelegram; LINE: 219
4-9-2013 13:48:43.889	I : Verctor - list of telegram (re)buildet.; FILE: ctlgcontainer.h; FUNCTION: BuildIndex; LINE: 175
4-9-2013 13:48:43.889	I : Telcom_In->LFL205 End of Heat/Ladle Departure; FILE: cxmltlgprototypereader.cpp; FUNCTION: readOneTelegram; LINE: 219
4-9-2013 13:48:43.889	I : Verctor - list of telegram (re)buildet.; FILE: ctlgcontainer.h; FUNCTION: BuildIndex; LINE: 175
4-9-2013 13:48:43.889	I : Telcom_In->LFL206 Heat Cancellation; FILE: cxmltlgprototypereader.cpp; FUNCTION: readOneTelegram; LINE: 219
4-9-2013 13:48:43.889	I : Verctor - list of telegram (re)buildet.; FILE: ctlgcontainer.h; FUNCTION: BuildIndex; LINE: 175
4-9-2013 13:48:43.889	I : Telcom_In->LFL209 Sample Taken; FILE: cxmltlgprototypereader.cpp; FUNCTION: readOneTelegram; LINE: 219
4-9-2013 13:48:43.905	I : Verctor - list of telegram (re)buildet.; FILE: ctlgcontainer.h; FUNCTION: BuildIndex; LINE: 175
4-9-2013 13:48:43.905	I : Telcom_In->LFL211 Temperature/CELOX Taken; FILE: cxmltlgprototypereader.cpp; FUNCTION: readOneTelegram; LINE: 219
4-9-2013 13:48:43.905	I : Verctor - list of telegram (re)buildet.; FILE: ctlgcontainer.h; FUNCTION: BuildIndex; LINE: 175
4-9-2013 13:48:43.905	I : Telcom_In->LFL212 Aim Temperature; FILE: cxmltlgprototypereader.cpp; FUNCTION: readOneTelegram; LINE: 219
4-9-2013 13:48:43.905	I : Verctor - list of telegram (re)buildet.; FILE: ctlgcontainer.h; FUNCTION: BuildIndex; LINE: 175
4-9-2013 13:48:43.905	I : Telcom_In->LFL213 Aim Departure Time; FILE: cxmltlgprototypereader.cpp; FUNCTION: readOneTelegram; LINE: 219
4-9-2013 13:48:43.920	I : Verctor - list of telegram (re)buildet.; FILE: ctlgcontainer.h; FUNCTION: BuildIndex; LINE: 175
4-9-2013 13:48:43.920	I : Telcom_In->LFL217 Delay Status; FILE: cxmltlgprototypereader.cpp; FUNCTION: readOneTelegram; LINE: 219
4-9-2013 13:48:43.920	I : Verctor - list of telegram (re)buildet.; FILE: ctlgcontainer.h; FUNCTION: BuildIndex; LINE: 175
4-9-2013 13:48:43.920	I : Telcom_In->LFL220 Computer Modes; FILE: cxmltlgprototypereader.cpp; FUNCTION: readOneTelegram; LINE: 219
4-9-2013 13:48:43.920	I : Verctor - list of telegram (re)buildet.; FILE: ctlgcontainer.h; FUNCTION: BuildIndex; LINE: 175
4-9-2013 13:48:43.920	I : Telcom_In->LFL221 Furnace Status; FILE: cxmltlgprototypereader.cpp; FUNCTION: readOneTelegram; LINE: 219
4-9-2013 13:48:43.920	I : Verctor - list of telegram (re)buildet.; FILE: ctlgcontainer.h; FUNCTION: BuildIndex; LINE: 175
4-9-2013 13:48:43.920	I : Telcom_In->LFL222 Electrical Status; FILE: cxmltlgprototypereader.cpp; FUNCTION: readOneTelegram; LINE: 219
4-9-2013 13:48:43.936	I : Verctor - list of telegram (re)buildet.; FILE: ctlgcontainer.h; FUNCTION: BuildIndex; LINE: 175
4-9-2013 13:48:43.936	I : Telcom_In->LFL223 Electrical Values; FILE: cxmltlgprototypereader.cpp; FUNCTION: readOneTelegram; LINE: 219
4-9-2013 13:48:43.936	I : Verctor - list of telegram (re)buildet.; FILE: ctlgcontainer.h; FUNCTION: BuildIndex; LINE: 175
4-9-2013 13:48:43.936	I : Telcom_In->LFL224 Bottom Stirring Status; FILE: cxmltlgprototypereader.cpp; FUNCTION: readOneTelegram; LINE: 219
4-9-2013 13:48:43.952	I : Verctor - list of telegram (re)buildet.; FILE: ctlgcontainer.h; FUNCTION: BuildIndex; LINE: 175
4-9-2013 13:48:43.952	I : Telcom_In->LFL225 Emergency Lance Stirring Status; FILE: cxmltlgprototypereader.cpp; FUNCTION: readOneTelegram; LINE: 219
4-9-2013 13:48:43.952	I : Verctor - list of telegram (re)buildet.; FILE: ctlgcontainer.h; FUNCTION: BuildIndex; LINE: 175
4-9-2013 13:48:43.952	I : Telcom_In->LFL226 Bottom Stirring Values; FILE: cxmltlgprototypereader.cpp; FUNCTION: readOneTelegram; LINE: 219
4-9-2013 13:48:43.952	I : Verctor - list of telegram (re)buildet.; FILE: ctlgcontainer.h; FUNCTION: BuildIndex; LINE: 175
4-9-2013 13:48:43.952	I : Telcom_In->LFL230 Cooling Water; FILE: cxmltlgprototypereader.cpp; FUNCTION: readOneTelegram; LINE: 219
4-9-2013 13:48:43.967	I : Verctor - list of telegram (re)buildet.; FILE: ctlgcontainer.h; FUNCTION: BuildIndex; LINE: 175
4-9-2013 13:48:43.967	I : Telcom_In->LFL240 LF Level 1Parameter; FILE: cxmltlgprototypereader.cpp; FUNCTION: readOneTelegram; LINE: 219
4-9-2013 13:48:43.967	I : Verctor - list of telegram (re)buildet.; FILE: ctlgcontainer.h; FUNCTION: BuildIndex; LINE: 175
4-9-2013 13:48:43.967	I : Telcom_In->LFL260 Material Handling Report; FILE: cxmltlgprototypereader.cpp; FUNCTION: readOneTelegram; LINE: 219
4-9-2013 13:48:43.983	I : Verctor - list of telegram (re)buildet.; FILE: ctlgcontainer.h; FUNCTION: BuildIndex; LINE: 175
4-9-2013 13:48:43.983	I : Telcom_In->LFL261 Material Availability; FILE: cxmltlgprototypereader.cpp; FUNCTION: readOneTelegram; LINE: 219
4-9-2013 13:48:43.983	I : Verctor - list of telegram (re)buildet.; FILE: ctlgcontainer.h; FUNCTION: BuildIndex; LINE: 175
4-9-2013 13:48:43.983	I : Telcom_In->LFL270 Liquid Material Handling Report; FILE: cxmltlgprototypereader.cpp; FUNCTION: readOneTelegram; LINE: 219
4-9-2013 13:48:43.999	I : Verctor - list of telegram (re)buildet.; FILE: ctlgcontainer.h; FUNCTION: BuildIndex; LINE: 175
4-9-2013 13:48:43.999	I : Telcom_In->LFL281 Treatment Steps; FILE: cxmltlgprototypereader.cpp; FUNCTION: readOneTelegram; LINE: 219
4-9-2013 13:48:43.999	I : Verctor - list of telegram (re)buildet.; FILE: ctlgcontainer.h; FUNCTION: BuildIndex; LINE: 175
4-9-2013 13:48:43.999	I : Telcom_In->L2SY00 For acknowledge, send to SCY; FILE: cxmltlgprototypereader.cpp; FUNCTION: readOneTelegram; LINE: 219
4-9-2013 13:48:43.999	I : Verctor - list of telegram (re)buildet.; FILE: ctlgcontainer.h; FUNCTION: BuildIndex; LINE: 175
4-9-2013 13:48:43.999	I : Telcom_In->SYL291 Watchdog to Level 2; FILE: cxmltlgprototypereader.cpp; FUNCTION: readOneTelegram; LINE: 219
4-9-2013 13:48:43.999	I : Verctor - list of telegram (re)buildet.; FILE: ctlgcontainer.h; FUNCTION: BuildIndex; LINE: 175
4-9-2013 13:48:43.999	I : Telcom_In->SYL292 Scrap Container Loading Results; FILE: cxmltlgprototypereader.cpp; FUNCTION: readOneTelegram; LINE: 219
4-9-2013 13:48:44.14	I : Verctor - list of telegram (re)buildet.; FILE: ctlgcontainer.h; FUNCTION: BuildIndex; LINE: 175
4-9-2013 13:48:44.14	I : Telcom_In->SYL293 Request for Download of Scrap Loading Instructions; FILE: cxmltlgprototypereader.cpp; FUNCTION: readOneTelegram; LINE: 219
4-9-2013 13:48:44.14	I : Verctor - list of telegram (re)buildet.; FILE: ctlgcontainer.h; FUNCTION: BuildIndex; LINE: 175
4-9-2013 13:48:44.14	I : Telcom_In->SYL295 Request for Download of Available Scrap Materials; FILE: cxmltlgprototypereader.cpp; FUNCTION: readOneTelegram; LINE: 219
4-9-2013 13:48:44.61	I :      99  Telegrams found;  FILE: .\Form1.cpp; FUNCTION: simulator::Form1::loadInterface; LINE: 1173; .NET Output: ->Int32 loadInterface(System.String)->Void loadInterfaces()->Void initViewComponent()
4-9-2013 13:48:44.61	I : All telegram objects removed.; FILE: ctlgcontainer.h; FUNCTION: freeTlg; LINE: 161
4-9-2013 13:49:37.859	I : Client IPEndPoint created;  FILE: .\CSocketClient.cpp; FUNCTION: CSocketClient::buildConnection; LINE: 35; .NET Output: ->Int32 buildConnection(System.String, Int32)->Int32 buildConnAsClient()->Int32 buildConnection(Int32)
4-9-2013 13:49:37.875	I : Receive thread (checks server connection) started;  FILE: .\CInterSenderManager.cpp; FUNCTION: CInterSenderManager::InvokeReceiveThread; LINE: 93; .NET Output: ->Void InvokeReceiveThread(Boolean)->Int32 buildConnAsClient()->Int32 buildConnection(Int32)
4-9-2013 13:49:37.891	I : Connecting to: IP-Addres: 10.182.50.108 Port: 18510;  FILE: .\CSocketConnectionForm.cpp; FUNCTION: simulator::CSocketConnectionForm::OnClickButtConnection; LINE: 131; .NET Output: ->Void OnClickButtConnection(System.Object, System.EventArgs)->Void OnClick(System.EventArgs)->Void OnClick(System.EventArgs)
4-9-2013 13:49:37.922	I : Start thread for waiting connection;  FILE: .\CSocketClient.cpp; FUNCTION: CSocketClient::waitingForConnection; LINE: 66; .NET Output: ->Void waitingForConnection(Int32)->Void waitingForConnection()->Void OnClickButtConnection(System.Object, System.EventArgs)
4-9-2013 13:49:37.953	I : Client connected;  FILE: .\CSocketClient.cpp; FUNCTION: CSocketClient::waiting; LINE: 102; .NET Output: ->Void waiting()->Void ThreadStart_Context(System.Object)->Void Run(System.Threading.ExecutionContext, System.Threading.ContextCallback, System.Object)
4-9-2013 13:49:44.578	I : Load:  D:\JSW-SMS-3\SMC\source\Tools\Simulator\Simulator\Executable\HMDS.szn;  FILE: .\CSenderForm.cpp; FUNCTION: simulator::CSenderForm::loadSzenarium; LINE: 507; .NET Output: ->Void loadSzenarium(System.String)->Void OnMenuFileSzenOpenClick(System.Object, System.EventArgs)->Void OnClick(System.EventArgs)
4-9-2013 13:49:44.750	I : All telegrams in szenario removed;  FILE: .\CSzenarium.cpp; FUNCTION: CSzenarium::clearSzenarium; LINE: 562; .NET Output: ->Void clearSzenarium()->Void loadSzenarium(System.String, System.Collections.ArrayList)->Void loadSzenarium(System.String)
4-9-2013 13:56:18.666	I : Send Tel: 70|1006|1|1|2013|8|20|10|30|45|0|0|186|01|-1|-1|-1|-1|-1|;  FILE: .\CSendItemsServer.cpp; FUNCTION: CSendItemsServer::sendSzenItem; LINE: 171; .NET Output: ->Void sendSzenItem(CInterSenderManager, CSzenItem)->Void sendOneTelegram()->Void ThreadStart_Context(System.Object)
4-9-2013 14:4:47.696	I : Send Tel: 70|1006|1|1|2013|8|20|10|30|45|0|0|186|01|-1|-1|-1|-1|-1|;  FILE: .\CSendItemsServer.cpp; FUNCTION: CSendItemsServer::sendSzenItem; LINE: 171; .NET Output: ->Void sendSzenItem(CInterSenderManager, CSzenItem)->Void sendOneTelegram()->Void ThreadStart_Context(System.Object)
4-9-2013 14:7:8.719	I : Send Tel: 70|1006|1|1|2013|8|20|10|30|45|0|0|186|01|-1|-1|-1|-1|-1|;  FILE: .\CSendItemsServer.cpp; FUNCTION: CSendItemsServer::sendSzenItem; LINE: 171; .NET Output: ->Void sendSzenItem(CInterSenderManager, CSzenItem)->Void sendOneTelegram()->Void ThreadStart_Context(System.Object)
4-9-2013 14:20:2.46	I : Send Tel: 70|1006|1|1|2013|8|20|10|30|45|0|0|186|01|-1|-1|-1|-1|-1|;  FILE: .\CSendItemsServer.cpp; FUNCTION: CSendItemsServer::sendSzenItem; LINE: 171; .NET Output: ->Void sendSzenItem(CInterSenderManager, CSzenItem)->Void sendOneTelegram()->Void ThreadStart_Context(System.Object)
4-9-2013 14:36:16.502	I : Send Tel: 70|1006|1|1|2013|8|20|10|30|45|0|0|186|01|-1|-1|-1|-1|-1|;  FILE: .\CSendItemsServer.cpp; FUNCTION: CSendItemsServer::sendSzenItem; LINE: 171; .NET Output: ->Void sendSzenItem(CInterSenderManager, CSzenItem)->Void sendOneTelegram()->Void ThreadStart_Context(System.Object)
4-9-2013 15:4:18.582	I : Send Tel: 70|1006|1|1|2013|8|20|10|30|45|0|0|186|01|-1|-1|-1|-1|-1|;  FILE: .\CSendItemsServer.cpp; FUNCTION: CSendItemsServer::sendSzenItem; LINE: 171; .NET Output: ->Void sendSzenItem(CInterSenderManager, CSzenItem)->Void sendOneTelegram()->Void ThreadStart_Context(System.Object)
4-9-2013 15:6:58.897	I : Save to file;  D:\JSW-SMS-3\SMC\source\Tools\Simulator\Simulator\Executable\HMDS.szn;  FILE: .\CSenderForm.cpp; FUNCTION: simulator::CSenderForm::saveSimpleTimeSzenarium; LINE: 485; .NET Output: ->Void saveSimpleTimeSzenarium(System.String)->Void MenuSaveSimpleTimeSzen_Click(System.Object, System.EventArgs)->Void OnClick(System.EventArgs)
4-9-2013 15:7:7.897	I : Send Tel: 74|1004|1|1|2013|8|20|10|30|34|0|0|186|01|2|-1|-1|-1|-1|-1|;  FILE: .\CSendItemsServer.cpp; FUNCTION: CSendItemsServer::sendSzenItem; LINE: 171; .NET Output: ->Void sendSzenItem(CInterSenderManager, CSzenItem)->Void sendOneTelegram()->Void ThreadStart_Context(System.Object)
4-9-2013 15:10:31.296	I : Send Tel: 78|1081|1|1|2013|8|20|10|30|31|0|0|186|2|01|3|-1|-1|-1|-1|-1|;  FILE: .\CSendItemsServer.cpp; FUNCTION: CSendItemsServer::sendSzenItem; LINE: 171; .NET Output: ->Void sendSzenItem(CInterSenderManager, CSzenItem)->Void sendOneTelegram()->Void ThreadStart_Context(System.Object)
4-9-2013 15:11:22.379	I : Send Tel: 104|1023|2013|1|2013|8|20|10|30|21|0|0|0|2|5|20|20|0|0|300|0|25|7|0|0|100|-1|-1|;  FILE: .\CSendItemsServer.cpp; FUNCTION: CSendItemsServer::sendSzenItem; LINE: 171; .NET Output: ->Void sendSzenItem(CInterSenderManager, CSzenItem)->Void sendOneTelegram()->Void ThreadStart_Context(System.Object)
4-9-2013 15:12:46.291	I : Send Tel: 74|1011|1|1|2013|8|20|10|30|21|0|0|186|01|2|1277|-1|-1|-1|-1|;  FILE: .\CSendItemsServer.cpp; FUNCTION: CSendItemsServer::sendSzenItem; LINE: 171; .NET Output: ->Void sendSzenItem(CInterSenderManager, CSzenItem)->Void sendOneTelegram()->Void ThreadStart_Context(System.Object)
4-9-2013 15:12:56.542	I : Send Tel: 78|1081|1|1|2013|8|20|10|30|31|0|0|186|2|01|6|-1|-1|-1|-1|-1|;  FILE: .\CSendItemsServer.cpp; FUNCTION: CSendItemsServer::sendSzenItem; LINE: 171; .NET Output: ->Void sendSzenItem(CInterSenderManager, CSzenItem)->Void sendOneTelegram()->Void ThreadStart_Context(System.Object)
4-9-2013 15:13:31.451	I : Send Tel: 74|1005|1|1|2013|8|20|10|30|45|0|0|186|1|2|1|-1|-1|-1|-1|;  FILE: .\CSendItemsServer.cpp; FUNCTION: CSendItemsServer::sendSzenItem; LINE: 171; .NET Output: ->Void sendSzenItem(CInterSenderManager, CSzenItem)->Void sendOneTelegram()->Void ThreadStart_Context(System.Object)
4-9-2013 15:23:39.707	I : Send Tel: 74|1005|1|1|2013|8|20|10|30|45|0|0|186|1|2|2|-1|-1|-1|-1|;  FILE: .\CSendItemsServer.cpp; FUNCTION: CSendItemsServer::sendSzenItem; LINE: 171; .NET Output: ->Void sendSzenItem(CInterSenderManager, CSzenItem)->Void sendOneTelegram()->Void ThreadStart_Context(System.Object)
4-9-2013 15:34:37.266	I : Send Tel: 74|1004|1|1|2013|8|20|10|30|34|0|0|187|01|2|-1|-1|-1|-1|-1|;  FILE: .\CSendItemsServer.cpp; FUNCTION: CSendItemsServer::sendSzenItem; LINE: 171; .NET Output: ->Void sendSzenItem(CInterSenderManager, CSzenItem)->Void sendOneTelegram()->Void ThreadStart_Context(System.Object)
4-9-2013 16:37:51.863	I : Send Tel: 78|1081|1|1|2013|8|20|10|30|31|0|0|187|2|01|3|-1|-1|-1|-1|-1|;  FILE: .\CSendItemsServer.cpp; FUNCTION: CSendItemsServer::sendSzenItem; LINE: 171; .NET Output: ->Void sendSzenItem(CInterSenderManager, CSzenItem)->Void sendOneTelegram()->Void ThreadStart_Context(System.Object)
4-9-2013 16:38:35.942	I : Send Tel: 104|1023|2013|1|2013|8|20|10|30|21|0|0|0|2|5|20|20|0|0|300|1|25|7|0|0|100|-1|-1|;  FILE: .\CSendItemsServer.cpp; FUNCTION: CSendItemsServer::sendSzenItem; LINE: 171; .NET Output: ->Void sendSzenItem(CInterSenderManager, CSzenItem)->Void sendOneTelegram()->Void ThreadStart_Context(System.Object)
4-9-2013 16:39:26.881	I : Send Tel: 74|1011|1|1|2013|8|20|10|30|21|0|0|187|01|2|1277|-1|-1|-1|-1|;  FILE: .\CSendItemsServer.cpp; FUNCTION: CSendItemsServer::sendSzenItem; LINE: 171; .NET Output: ->Void sendSzenItem(CInterSenderManager, CSzenItem)->Void sendOneTelegram()->Void ThreadStart_Context(System.Object)
4-9-2013 16:39:38.209	I : Send Tel: 104|1023|2013|1|2013|8|20|10|30|21|0|0|0|2|5|20|20|0|0|300|0|25|7|0|0|100|-1|-1|;  FILE: .\CSendItemsServer.cpp; FUNCTION: CSendItemsServer::sendSzenItem; LINE: 171; .NET Output: ->Void sendSzenItem(CInterSenderManager, CSzenItem)->Void sendOneTelegram()->Void ThreadStart_Context(System.Object)
4-9-2013 16:39:48.615	I : Send Tel: 78|1081|1|1|2013|8|20|10|30|31|0|0|186|2|01|6|-1|-1|-1|-1|-1|;  FILE: .\CSendItemsServer.cpp; FUNCTION: CSendItemsServer::sendSzenItem; LINE: 171; .NET Output: ->Void sendSzenItem(CInterSenderManager, CSzenItem)->Void sendOneTelegram()->Void ThreadStart_Context(System.Object)
4-9-2013 16:40:21.569	I : Send Tel: 74|1005|1|1|2013|8|20|10|30|45|0|0|186|1|2|1|-1|-1|-1|-1|;  FILE: .\CSendItemsServer.cpp; FUNCTION: CSendItemsServer::sendSzenItem; LINE: 171; .NET Output: ->Void sendSzenItem(CInterSenderManager, CSzenItem)->Void sendOneTelegram()->Void ThreadStart_Context(System.Object)
4-9-2013 16:40:24.397	I : Send Tel: 74|1005|1|1|2013|8|20|10|30|45|0|0|186|1|2|2|-1|-1|-1|-1|;  FILE: .\CSendItemsServer.cpp; FUNCTION: CSendItemsServer::sendSzenItem; LINE: 171; .NET Output: ->Void sendSzenItem(CInterSenderManager, CSzenItem)->Void sendOneTelegram()->Void ThreadStart_Context(System.Object)
4-9-2013 17:27:42.633	I : Send Tel: 74|1004|1|1|2013|8|20|10|30|34|0|0|188|01|2|-1|-1|-1|-1|-1|;  FILE: .\CSendItemsServer.cpp; FUNCTION: CSendItemsServer::sendSzenItem; LINE: 171; .NET Output: ->Void sendSzenItem(CInterSenderManager, CSzenItem)->Void sendOneTelegram()->Void ThreadStart_Context(System.Object)
4-9-2013 17:27:56.398	I : Send Tel: 78|1081|1|1|2013|8|20|10|30|31|0|0|188|2|01|3|-1|-1|-1|-1|-1|;  FILE: .\CSendItemsServer.cpp; FUNCTION: CSendItemsServer::sendSzenItem; LINE: 171; .NET Output: ->Void sendSzenItem(CInterSenderManager, CSzenItem)->Void sendOneTelegram()->Void ThreadStart_Context(System.Object)
4-9-2013 17:28:18.273	I : Send Tel: 104|1023|2013|1|2013|8|20|10|30|21|0|0|0|2|5|20|20|0|0|300|1|25|7|0|0|100|-1|-1|;  FILE: .\CSendItemsServer.cpp; FUNCTION: CSendItemsServer::sendSzenItem; LINE: 171; .NET Output: ->Void sendSzenItem(CInterSenderManager, CSzenItem)->Void sendOneTelegram()->Void ThreadStart_Context(System.Object)
4-9-2013 17:28:44.287	I : Send Tel: 104|1023|2013|1|2013|8|20|10|30|21|0|0|0|2|5|20|20|0|0|300|0|25|7|0|0|100|-1|-1|;  FILE: .\CSendItemsServer.cpp; FUNCTION: CSendItemsServer::sendSzenItem; LINE: 171; .NET Output: ->Void sendSzenItem(CInterSenderManager, CSzenItem)->Void sendOneTelegram()->Void ThreadStart_Context(System.Object)
4-9-2013 17:29:53.551	I : Send Tel: 78|1081|1|1|2013|8|20|10|30|31|0|0|188|2|01|6|-1|-1|-1|-1|-1|;  FILE: .\CSendItemsServer.cpp; FUNCTION: CSendItemsServer::sendSzenItem; LINE: 171; .NET Output: ->Void sendSzenItem(CInterSenderManager, CSzenItem)->Void sendOneTelegram()->Void ThreadStart_Context(System.Object)
4-9-2013 17:29:56.957	I : Send Tel: 74|1005|1|1|2013|8|20|10|30|45|0|0|186|1|2|1|-1|-1|-1|-1|;  FILE: .\CSendItemsServer.cpp; FUNCTION: CSendItemsServer::sendSzenItem; LINE: 171; .NET Output: ->Void sendSzenItem(CInterSenderManager, CSzenItem)->Void sendOneTelegram()->Void ThreadStart_Context(System.Object)
4-9-2013 17:29:59.816	I : Send Tel: 74|1005|1|1|2013|8|20|10|30|45|0|0|186|1|2|2|-1|-1|-1|-1|;  FILE: .\CSendItemsServer.cpp; FUNCTION: CSendItemsServer::sendSzenItem; LINE: 171; .NET Output: ->Void sendSzenItem(CInterSenderManager, CSzenItem)->Void sendOneTelegram()->Void ThreadStart_Context(System.Object)
4-9-2013 17:47:8.342	I : Send Tel: 74|1004|1|1|2013|8|20|10|30|34|0|0|189|01|2|-1|-1|-1|-1|-1|;  FILE: .\CSendItemsServer.cpp; FUNCTION: CSendItemsServer::sendSzenItem; LINE: 171; .NET Output: ->Void sendSzenItem(CInterSenderManager, CSzenItem)->Void sendOneTelegram()->Void ThreadStart_Context(System.Object)
4-9-2013 17:47:21.530	I : Send Tel: 78|1081|1|1|2013|8|20|10|30|31|0|0|189|2|01|3|-1|-1|-1|-1|-1|;  FILE: .\CSendItemsServer.cpp; FUNCTION: CSendItemsServer::sendSzenItem; LINE: 171; .NET Output: ->Void sendSzenItem(CInterSenderManager, CSzenItem)->Void sendOneTelegram()->Void ThreadStart_Context(System.Object)
4-9-2013 17:47:38.405	I : Send Tel: 104|1023|2013|1|2013|8|20|10|30|21|0|0|0|2|5|20|20|0|0|300|1|25|7|0|0|100|-1|-1|;  FILE: .\CSendItemsServer.cpp; FUNCTION: CSendItemsServer::sendSzenItem; LINE: 171; .NET Output: ->Void sendSzenItem(CInterSenderManager, CSzenItem)->Void sendOneTelegram()->Void ThreadStart_Context(System.Object)
4-9-2013 17:48:31.93	I : Send Tel: 104|1023|2013|1|2013|8|20|10|30|21|0|0|0|2|5|20|20|0|0|300|0|25|7|0|0|100|-1|-1|;  FILE: .\CSendItemsServer.cpp; FUNCTION: CSendItemsServer::sendSzenItem; LINE: 171; .NET Output: ->Void sendSzenItem(CInterSenderManager, CSzenItem)->Void sendOneTelegram()->Void ThreadStart_Context(System.Object)
4-9-2013 17:49:6.516	I : Send Tel: 78|1081|1|1|2013|8|20|10|30|31|0|0|189|2|01|6|-1|-1|-1|-1|-1|;  FILE: .\CSendItemsServer.cpp; FUNCTION: CSendItemsServer::sendSzenItem; LINE: 171; .NET Output: ->Void sendSzenItem(CInterSenderManager, CSzenItem)->Void sendOneTelegram()->Void ThreadStart_Context(System.Object)
4-9-2013 17:49:27.188	I : Send Tel: 74|1005|1|1|2013|8|20|10|30|45|0|0|189|1|2|1|-1|-1|-1|-1|;  FILE: .\CSendItemsServer.cpp; FUNCTION: CSendItemsServer::sendSzenItem; LINE: 171; .NET Output: ->Void sendSzenItem(CInterSenderManager, CSzenItem)->Void sendOneTelegram()->Void ThreadStart_Context(System.Object)
4-9-2013 17:49:29.344	I : Send Tel: 74|1005|1|1|2013|8|20|10|30|45|0|0|189|1|2|2|-1|-1|-1|-1|;  FILE: .\CSendItemsServer.cpp; FUNCTION: CSendItemsServer::sendSzenItem; LINE: 171; .NET Output: ->Void sendSzenItem(CInterSenderManager, CSzenItem)->Void sendOneTelegram()->Void ThreadStart_Context(System.Object)
4-9-2013 17:57:50.307	I : Closed Connection: IP - Address: 10.182.50.108Port: 18510;  FILE: .\CSocketConnectionForm.cpp; FUNCTION: simulator::CSocketConnectionForm::OnClickButtDisconnect; LINE: 230; .NET Output: ->Void OnClickButtDisconnect(System.Object, System.EventArgs)->Void OnClick(System.EventArgs)->Void OnClick(System.EventArgs)
4-9-2013 17:57:50.682	I : Connection disconnected;  FILE: .\CSocketConnection.cpp; FUNCTION: CSocketConnection::disConnection; LINE: 168; .NET Output: ->Boolean disConnection()->Boolean disConnection()->Boolean disConnect()
4-9-2013 17:57:50.776	I : Receive thread (checks server connection) aborted;  FILE: .\CInterSenderManager.cpp; FUNCTION: CInterSenderManager::InvokeReceiveThread; LINE: 101; .NET Output: ->Void InvokeReceiveThread(Boolean)->Boolean disConnect()->Boolean disConnect(Int32)
4-9-2013 17:57:50.776	I : DisConnect was called!;  FILE: .\CInterConnection.cpp; FUNCTION: CInterConnection::disConnect; LINE: 199; .NET Output: ->Boolean disConnect()->Boolean disConnect(Int32)->Void OnClickButtDisconnect(System.Object, System.EventArgs)
4-9-2013 17:57:54.495	I : DisConnect was called!;  FILE: .\CInterConnection.cpp; FUNCTION: CInterConnection::disConnect; LINE: 199; .NET Output: ->Boolean disConnect()->Void disConnectAll()->Void disSocketConnection()
4-9-2013 17:57:57.510	I : All telegrams in szenario removed;  FILE: .\CSzenarium.cpp; FUNCTION: CSzenarium::clearSzenarium; LINE: 562; .NET Output: ->Void clearSzenarium()->Void updateSzenFile()->Void updateSzenFile()
